{"level":"info","message":"BEGIN: GET /api/app:getLang?locale=en-US","reqId":"da4f91c5-2ef8-4d96-9200-5b17d0d000d9","timestamp":"2024-02-27T11:27:07.261Z"}
{"can":null,"level":"info","message":"ctx permission","reqId":"da4f91c5-2ef8-4d96-9200-5b17d0d000d9","skip":true,"timestamp":"2024-02-27T11:27:07.351Z"}
{"level":"info","message":"acl params","reqId":"da4f91c5-2ef8-4d96-9200-5b17d0d000d9","timestamp":"2024-02-27T11:27:07.352Z"}
{"level":"info","message":"acl parsedParams","reqId":"da4f91c5-2ef8-4d96-9200-5b17d0d000d9","timestamp":"2024-02-27T11:27:07.352Z"}
{"level":"info","message":"END: GET /api/app:getLang?locale=en-US","req":{"action":{"actionName":"getLang","params":{"actionName":"getLang","locale":"en-US","resourceName":"app"},"resourceName":"app"},"header":{"x-hostname":"cmreport.dsti.gov.sl","x-locale":"en-US","x-role":"root","x-timezone":"-00:00"}},"reqId":"da4f91c5-2ef8-4d96-9200-5b17d0d000d9","res":{"status":200},"responseTime":110,"timestamp":"2024-02-27T11:27:07.372Z"}
{"level":"info","message":"BEGIN: GET /api/app:getPlugins","reqId":"cad55503-4c69-4a5b-ae4c-3575e4411776","timestamp":"2024-02-27T11:27:07.729Z"}
{"can":null,"level":"info","message":"ctx permission","reqId":"cad55503-4c69-4a5b-ae4c-3575e4411776","skip":true,"timestamp":"2024-02-27T11:27:07.764Z"}
{"level":"info","message":"acl params","reqId":"cad55503-4c69-4a5b-ae4c-3575e4411776","timestamp":"2024-02-27T11:27:07.765Z"}
{"level":"info","message":"acl parsedParams","reqId":"cad55503-4c69-4a5b-ae4c-3575e4411776","timestamp":"2024-02-27T11:27:07.765Z"}
{"level":"info","message":"END: GET /api/app:getPlugins","req":{"action":{"actionName":"getPlugins","params":{"actionName":"getPlugins","resourceName":"app"},"resourceName":"app"},"header":{"x-hostname":"cmreport.dsti.gov.sl","x-locale":"en-US","x-role":"root","x-timezone":"-00:00"}},"reqId":"cad55503-4c69-4a5b-ae4c-3575e4411776","res":{"status":200},"responseTime":56,"timestamp":"2024-02-27T11:27:07.785Z"}
{"level":"info","message":"BEGIN: GET /api/plugins/client/@nocobase/plugin-ui-schema-storage/index.js","reqId":"c3eb7736-b6ec-4eb7-84d8-63256240abea","timestamp":"2024-02-27T11:27:08.009Z"}
{"level":"info","message":"BEGIN: GET /api/plugins/client/@nocobase/plugin-error-handler/index.js","reqId":"a45a237e-c067-48f3-a335-f08c547a55fb","timestamp":"2024-02-27T11:27:08.010Z"}
{"level":"info","message":"BEGIN: GET /api/plugins/client/@nocobase/plugin-collection-manager/index.js","reqId":"e14f6832-ce5c-447a-93a9-015d499ddc2b","timestamp":"2024-02-27T11:27:08.011Z"}
{"level":"info","message":"END: GET /api/plugins/client/@nocobase/plugin-ui-schema-storage/index.js","req":{},"reqId":"c3eb7736-b6ec-4eb7-84d8-63256240abea","res":{"status":304},"responseTime":3,"timestamp":"2024-02-27T11:27:08.012Z"}
{"level":"info","message":"END: GET /api/plugins/client/@nocobase/plugin-collection-manager/index.js","req":{},"reqId":"e14f6832-ce5c-447a-93a9-015d499ddc2b","res":{"status":304},"responseTime":1,"timestamp":"2024-02-27T11:27:08.012Z"}
{"level":"info","message":"END: GET /api/plugins/client/@nocobase/plugin-error-handler/index.js","req":{},"reqId":"a45a237e-c067-48f3-a335-f08c547a55fb","res":{"status":304},"responseTime":3,"timestamp":"2024-02-27T11:27:08.013Z"}
{"level":"info","message":"BEGIN: GET /api/plugins/client/@nocobase/plugin-file-manager/index.js","reqId":"71f04f4b-7559-4b11-b44c-cda907f7e8e2","timestamp":"2024-02-27T11:27:08.191Z"}
{"level":"info","message":"END: GET /api/plugins/client/@nocobase/plugin-file-manager/index.js","req":{},"reqId":"71f04f4b-7559-4b11-b44c-cda907f7e8e2","res":{"status":304},"responseTime":2,"timestamp":"2024-02-27T11:27:08.193Z"}
{"level":"info","message":"BEGIN: GET /api/plugins/client/@nocobase/plugin-ui-routes-storage/index.js","reqId":"8aafff18-690a-4cc5-b70b-6ef5de6fd4d3","timestamp":"2024-02-27T11:27:08.199Z"}
{"level":"info","message":"END: GET /api/plugins/client/@nocobase/plugin-ui-routes-storage/index.js","req":{},"reqId":"8aafff18-690a-4cc5-b70b-6ef5de6fd4d3","res":{"status":304},"responseTime":1,"timestamp":"2024-02-27T11:27:08.200Z"}
{"level":"info","message":"BEGIN: GET /api/plugins/client/@nocobase/plugin-system-settings/index.js","reqId":"c83f9e85-2f9a-41e3-ac0a-d64f3a76dfd1","timestamp":"2024-02-27T11:27:08.226Z"}
{"level":"info","message":"END: GET /api/plugins/client/@nocobase/plugin-system-settings/index.js","req":{},"reqId":"c83f9e85-2f9a-41e3-ac0a-d64f3a76dfd1","res":{"status":304},"responseTime":3,"timestamp":"2024-02-27T11:27:08.229Z"}
{"level":"info","message":"BEGIN: GET /api/plugins/client/@nocobase/plugin-sequence-field/index.js","reqId":"5f18f2ab-9209-4fd3-973c-e1e092e1ac05","timestamp":"2024-02-27T11:27:08.385Z"}
{"level":"info","message":"BEGIN: GET /api/plugins/client/@nocobase/plugin-verification/index.js","reqId":"b42a57d2-8499-4b58-905f-508c4062a3b5","timestamp":"2024-02-27T11:27:08.385Z"}
{"level":"info","message":"END: GET /api/plugins/client/@nocobase/plugin-sequence-field/index.js","req":{},"reqId":"5f18f2ab-9209-4fd3-973c-e1e092e1ac05","res":{"status":304},"responseTime":4,"timestamp":"2024-02-27T11:27:08.389Z"}
{"level":"info","message":"END: GET /api/plugins/client/@nocobase/plugin-verification/index.js","req":{},"reqId":"b42a57d2-8499-4b58-905f-508c4062a3b5","res":{"status":304},"responseTime":4,"timestamp":"2024-02-27T11:27:08.389Z"}
{"level":"info","message":"BEGIN: GET /api/plugins/client/@nocobase/plugin-acl/index.js","reqId":"26bc8fd8-e473-4cbd-a8e2-ffd86b0e7a1f","timestamp":"2024-02-27T11:27:08.418Z"}
{"level":"info","message":"END: GET /api/plugins/client/@nocobase/plugin-acl/index.js","req":{},"reqId":"26bc8fd8-e473-4cbd-a8e2-ffd86b0e7a1f","res":{"status":304},"responseTime":4,"timestamp":"2024-02-27T11:27:08.422Z"}
{"level":"info","message":"BEGIN: GET /api/plugins/client/@nocobase/plugin-workflow/index.js","reqId":"a3103936-6c53-48cf-b263-5fe2bcb1f9e5","timestamp":"2024-02-27T11:27:08.576Z"}
{"level":"info","message":"END: GET /api/plugins/client/@nocobase/plugin-workflow/index.js","req":{},"reqId":"a3103936-6c53-48cf-b263-5fe2bcb1f9e5","res":{"status":200},"responseTime":4,"timestamp":"2024-02-27T11:27:08.580Z"}
{"level":"info","message":"BEGIN: GET /api/plugins/client/@nocobase/plugin-china-region/index.js","reqId":"4e2fd9fa-05ee-49c5-ae01-0ecff99929b7","timestamp":"2024-02-27T11:27:08.587Z"}
{"level":"info","message":"END: GET /api/plugins/client/@nocobase/plugin-china-region/index.js","req":{},"reqId":"4e2fd9fa-05ee-49c5-ae01-0ecff99929b7","res":{"status":304},"responseTime":5,"timestamp":"2024-02-27T11:27:08.592Z"}
{"level":"info","message":"BEGIN: GET /api/plugins/client/@nocobase/plugin-client/index.js","reqId":"6e42f3de-013e-4b3b-8828-f10508fb7409","timestamp":"2024-02-27T11:27:08.621Z"}
{"level":"info","message":"END: GET /api/plugins/client/@nocobase/plugin-client/index.js","req":{},"reqId":"6e42f3de-013e-4b3b-8828-f10508fb7409","res":{"status":304},"responseTime":3,"timestamp":"2024-02-27T11:27:08.624Z"}
{"level":"info","message":"BEGIN: GET /api/plugins/client/@nocobase/plugin-import/index.js","reqId":"d661c8a1-0a96-46c1-a71c-0845ff87864b","timestamp":"2024-02-27T11:27:08.849Z"}
{"level":"info","message":"BEGIN: GET /api/plugins/client/@nocobase/plugin-export/index.js","reqId":"6eb9774b-f6e3-45b1-ac96-099c332b7a34","timestamp":"2024-02-27T11:27:08.850Z"}
{"level":"info","message":"END: GET /api/plugins/client/@nocobase/plugin-export/index.js","req":{},"reqId":"6eb9774b-f6e3-45b1-ac96-099c332b7a34","res":{"status":304},"responseTime":1,"timestamp":"2024-02-27T11:27:08.851Z"}
{"level":"info","message":"END: GET /api/plugins/client/@nocobase/plugin-import/index.js","req":{},"reqId":"d661c8a1-0a96-46c1-a71c-0845ff87864b","res":{"status":304},"responseTime":2,"timestamp":"2024-02-27T11:27:08.851Z"}
{"level":"info","message":"BEGIN: GET /api/plugins/client/@nocobase/plugin-audit-logs/index.js","reqId":"cf566514-cb73-479a-8f15-bd63fe8fa6ea","timestamp":"2024-02-27T11:27:09.053Z"}
{"level":"info","message":"END: GET /api/plugins/client/@nocobase/plugin-audit-logs/index.js","req":{},"reqId":"cf566514-cb73-479a-8f15-bd63fe8fa6ea","res":{"status":304},"responseTime":8,"timestamp":"2024-02-27T11:27:09.061Z"}
{"level":"info","message":"BEGIN: GET /api/plugins/client/@nocobase/plugin-iframe-block/index.js","reqId":"9639c1c3-a5cb-4191-af7b-06d9f5989aff","timestamp":"2024-02-27T11:27:09.069Z"}
{"level":"info","message":"END: GET /api/plugins/client/@nocobase/plugin-iframe-block/index.js","req":{},"reqId":"9639c1c3-a5cb-4191-af7b-06d9f5989aff","res":{"status":304},"responseTime":6,"timestamp":"2024-02-27T11:27:09.076Z"}
{"level":"info","message":"BEGIN: GET /api/plugins/client/@nocobase/plugin-duplicator/index.js","reqId":"8fade865-f305-498f-89a6-f5f5cfc035cf","timestamp":"2024-02-27T11:27:09.081Z"}
{"level":"info","message":"END: GET /api/plugins/client/@nocobase/plugin-duplicator/index.js","req":{},"reqId":"8fade865-f305-498f-89a6-f5f5cfc035cf","res":{"status":304},"responseTime":11,"timestamp":"2024-02-27T11:27:09.093Z"}
{"level":"info","message":"BEGIN: GET /api/plugins/client/@nocobase/plugin-formula-field/index.js","reqId":"1a2a7948-c32e-499f-bc28-11ccd283aaa1","timestamp":"2024-02-27T11:27:09.245Z"}
{"level":"info","message":"END: GET /api/plugins/client/@nocobase/plugin-formula-field/index.js","req":{},"reqId":"1a2a7948-c32e-499f-bc28-11ccd283aaa1","res":{"status":304},"responseTime":4,"timestamp":"2024-02-27T11:27:09.249Z"}
{"level":"info","message":"BEGIN: GET /api/plugins/client/@nocobase/plugin-charts/index.js","reqId":"f18bc98a-ace1-49ab-9812-7395e17bb2b4","timestamp":"2024-02-27T11:27:09.265Z"}
{"level":"info","message":"END: GET /api/plugins/client/@nocobase/plugin-charts/index.js","req":{},"reqId":"f18bc98a-ace1-49ab-9812-7395e17bb2b4","res":{"status":200},"responseTime":5,"timestamp":"2024-02-27T11:27:09.270Z"}
{"level":"info","message":"BEGIN: GET /api/plugins/client/@nocobase/plugin-data-visualization/index.js","reqId":"fbaccb34-ca3c-489c-8eac-df472de78819","timestamp":"2024-02-27T11:27:09.310Z"}
{"level":"info","message":"END: GET /api/plugins/client/@nocobase/plugin-data-visualization/index.js","req":{},"reqId":"fbaccb34-ca3c-489c-8eac-df472de78819","res":{"status":200},"responseTime":8,"timestamp":"2024-02-27T11:27:09.318Z"}
{"level":"info","message":"BEGIN: GET /api/plugins/client/@nocobase/plugin-auth/index.js","reqId":"204409f4-6250-439c-9f0d-ce710b35364c","timestamp":"2024-02-27T11:27:09.441Z"}
{"level":"info","message":"END: GET /api/plugins/client/@nocobase/plugin-auth/index.js","req":{},"reqId":"204409f4-6250-439c-9f0d-ce710b35364c","res":{"status":304},"responseTime":13,"timestamp":"2024-02-27T11:27:09.454Z"}
{"level":"info","message":"BEGIN: GET /api/plugins/client/@nocobase/plugin-sms-auth/index.js","reqId":"db842340-98ff-463a-9cb6-5c591de8aa6b","timestamp":"2024-02-27T11:27:09.553Z"}
{"level":"info","message":"END: GET /api/plugins/client/@nocobase/plugin-sms-auth/index.js","req":{},"reqId":"db842340-98ff-463a-9cb6-5c591de8aa6b","res":{"status":304},"responseTime":2,"timestamp":"2024-02-27T11:27:09.555Z"}
{"level":"info","message":"BEGIN: GET /api/plugins/client/@nocobase/plugin-multi-app-manager/index.js","reqId":"12226a42-c637-49c7-b942-fd4a0a9497ff","timestamp":"2024-02-27T11:27:09.645Z"}
{"level":"info","message":"END: GET /api/plugins/client/@nocobase/plugin-multi-app-manager/index.js","req":{},"reqId":"12226a42-c637-49c7-b942-fd4a0a9497ff","res":{"status":304},"responseTime":2,"timestamp":"2024-02-27T11:27:09.647Z"}
{"level":"info","message":"BEGIN: GET /api/plugins/client/@nocobase/plugin-map/index.js","reqId":"04b76bd3-e399-41ac-b853-af22f969e632","timestamp":"2024-02-27T11:27:09.738Z"}
{"level":"info","message":"END: GET /api/plugins/client/@nocobase/plugin-map/index.js","req":{},"reqId":"04b76bd3-e399-41ac-b853-af22f969e632","res":{"status":200},"responseTime":8,"timestamp":"2024-02-27T11:27:09.746Z"}
{"level":"info","message":"BEGIN: GET /api/plugins/client/@nocobase/plugin-snapshot-field/index.js","reqId":"e952ff42-02e2-42a5-a45c-b429a697430c","timestamp":"2024-02-27T11:27:09.856Z"}
{"level":"info","message":"END: GET /api/plugins/client/@nocobase/plugin-snapshot-field/index.js","req":{},"reqId":"e952ff42-02e2-42a5-a45c-b429a697430c","res":{"status":304},"responseTime":2,"timestamp":"2024-02-27T11:27:09.858Z"}
{"level":"info","message":"BEGIN: GET /api/plugins/client/@nocobase/plugin-graph-collection-manager/index.js","reqId":"ca54aaff-84a0-4e59-9646-6f94e153b00a","timestamp":"2024-02-27T11:27:10.006Z"}
{"level":"info","message":"END: GET /api/plugins/client/@nocobase/plugin-graph-collection-manager/index.js","req":{},"reqId":"ca54aaff-84a0-4e59-9646-6f94e153b00a","res":{"status":200},"responseTime":95,"timestamp":"2024-02-27T11:27:10.101Z"}
{"level":"info","message":"BEGIN: GET /api/plugins/client/@nocobase/plugin-mobile-client/index.js","reqId":"e1beffb5-7544-40f3-b6d8-c590740a26f0","timestamp":"2024-02-27T11:27:10.496Z"}
{"level":"info","message":"END: GET /api/plugins/client/@nocobase/plugin-mobile-client/index.js","req":{},"reqId":"e1beffb5-7544-40f3-b6d8-c590740a26f0","res":{"status":200},"responseTime":6,"timestamp":"2024-02-27T11:27:10.502Z"}
{"level":"info","message":"BEGIN: GET /api/plugins/client/@nocobase/plugin-api-keys/index.js","reqId":"bab03a19-94f6-46ab-9fe1-a2bd3931f639","timestamp":"2024-02-27T11:27:11.298Z"}
{"level":"info","message":"END: GET /api/plugins/client/@nocobase/plugin-api-keys/index.js","req":{},"reqId":"bab03a19-94f6-46ab-9fe1-a2bd3931f639","res":{"status":304},"responseTime":1,"timestamp":"2024-02-27T11:27:11.299Z"}
{"level":"info","message":"BEGIN: GET /api/plugins/client/@nocobase/plugin-theme-editor/index.js","reqId":"7f106268-375c-483c-a65f-62dbb3ae7bb9","timestamp":"2024-02-27T11:27:12.853Z"}
{"level":"info","message":"END: GET /api/plugins/client/@nocobase/plugin-theme-editor/index.js","req":{},"reqId":"7f106268-375c-483c-a65f-62dbb3ae7bb9","res":{"status":200},"responseTime":3,"timestamp":"2024-02-27T11:27:12.856Z"}
{"level":"info","message":"BEGIN: GET /api/app:getLang?locale=en-US","reqId":"506fa3eb-46ed-46f8-984e-c921b7636607","timestamp":"2024-02-27T11:27:18.180Z"}
{"can":null,"level":"info","message":"ctx permission","reqId":"506fa3eb-46ed-46f8-984e-c921b7636607","skip":true,"timestamp":"2024-02-27T11:27:18.208Z"}
{"level":"info","message":"acl params","reqId":"506fa3eb-46ed-46f8-984e-c921b7636607","timestamp":"2024-02-27T11:27:18.212Z"}
{"level":"info","message":"acl parsedParams","reqId":"506fa3eb-46ed-46f8-984e-c921b7636607","timestamp":"2024-02-27T11:27:18.213Z"}
{"level":"info","message":"END: GET /api/app:getLang?locale=en-US","req":{"action":{"actionName":"getLang","params":{"actionName":"getLang","locale":"en-US","resourceName":"app"},"resourceName":"app"},"header":{"x-hostname":"cmreport.dsti.gov.sl","x-locale":"en-US","x-role":"root","x-timezone":"-00:00"}},"reqId":"506fa3eb-46ed-46f8-984e-c921b7636607","res":{"status":200},"responseTime":37,"timestamp":"2024-02-27T11:27:18.217Z"}
{"level":"info","message":"BEGIN: GET /api/app:getPlugins","reqId":"6f16077e-4c4b-4bed-9205-d5f80ba50db6","timestamp":"2024-02-27T11:27:19.253Z"}
{"can":null,"level":"info","message":"ctx permission","reqId":"6f16077e-4c4b-4bed-9205-d5f80ba50db6","skip":true,"timestamp":"2024-02-27T11:27:19.297Z"}
{"level":"info","message":"acl params","reqId":"6f16077e-4c4b-4bed-9205-d5f80ba50db6","timestamp":"2024-02-27T11:27:19.298Z"}
{"level":"info","message":"acl parsedParams","reqId":"6f16077e-4c4b-4bed-9205-d5f80ba50db6","timestamp":"2024-02-27T11:27:19.305Z"}
{"level":"info","message":"END: GET /api/app:getPlugins","req":{"action":{"actionName":"getPlugins","params":{"actionName":"getPlugins","resourceName":"app"},"resourceName":"app"},"header":{"x-hostname":"cmreport.dsti.gov.sl","x-locale":"en-US","x-role":"root","x-timezone":"-00:00"}},"reqId":"6f16077e-4c4b-4bed-9205-d5f80ba50db6","res":{"status":200},"responseTime":73,"timestamp":"2024-02-27T11:27:19.326Z"}
{"level":"info","message":"BEGIN: GET /api/plugins/client/@nocobase/plugin-error-handler/index.js","reqId":"302fcd90-8108-411e-8c18-d4b71055cdb0","timestamp":"2024-02-27T11:27:19.550Z"}
{"level":"info","message":"END: GET /api/plugins/client/@nocobase/plugin-error-handler/index.js","req":{},"reqId":"302fcd90-8108-411e-8c18-d4b71055cdb0","res":{"status":304},"responseTime":1,"timestamp":"2024-02-27T11:27:19.551Z"}
{"level":"info","message":"BEGIN: GET /api/plugins/client/@nocobase/plugin-ui-schema-storage/index.js","reqId":"be8f135d-32c2-4a7a-a1d0-672e1c5317e6","timestamp":"2024-02-27T11:27:19.565Z"}
{"level":"info","message":"BEGIN: GET /api/plugins/client/@nocobase/plugin-collection-manager/index.js","reqId":"595f1137-259d-403d-ac5d-09866cd9b42f","timestamp":"2024-02-27T11:27:19.566Z"}
{"level":"info","message":"END: GET /api/plugins/client/@nocobase/plugin-ui-schema-storage/index.js","req":{},"reqId":"be8f135d-32c2-4a7a-a1d0-672e1c5317e6","res":{"status":304},"responseTime":1,"timestamp":"2024-02-27T11:27:19.566Z"}
{"level":"info","message":"END: GET /api/plugins/client/@nocobase/plugin-collection-manager/index.js","req":{},"reqId":"595f1137-259d-403d-ac5d-09866cd9b42f","res":{"status":304},"responseTime":1,"timestamp":"2024-02-27T11:27:19.567Z"}
{"level":"info","message":"BEGIN: GET /api/plugins/client/@nocobase/plugin-file-manager/index.js","reqId":"d95f45be-f8e5-443d-b334-133a92c59623","timestamp":"2024-02-27T11:27:19.607Z"}
{"level":"info","message":"END: GET /api/plugins/client/@nocobase/plugin-file-manager/index.js","req":{},"reqId":"d95f45be-f8e5-443d-b334-133a92c59623","res":{"status":304},"responseTime":1,"timestamp":"2024-02-27T11:27:19.608Z"}
{"level":"info","message":"BEGIN: GET /api/plugins/client/@nocobase/plugin-ui-routes-storage/index.js","reqId":"82ff1413-0066-436d-ab7b-8a56e716b35f","timestamp":"2024-02-27T11:27:19.613Z"}
{"level":"info","message":"END: GET /api/plugins/client/@nocobase/plugin-ui-routes-storage/index.js","req":{},"reqId":"82ff1413-0066-436d-ab7b-8a56e716b35f","res":{"status":304},"responseTime":0,"timestamp":"2024-02-27T11:27:19.613Z"}
{"level":"info","message":"BEGIN: GET /api/plugins/client/@nocobase/plugin-system-settings/index.js","reqId":"71a8517b-a2cb-4ec7-8101-29bb6ba1fc36","timestamp":"2024-02-27T11:27:19.617Z"}
{"level":"info","message":"END: GET /api/plugins/client/@nocobase/plugin-system-settings/index.js","req":{},"reqId":"71a8517b-a2cb-4ec7-8101-29bb6ba1fc36","res":{"status":304},"responseTime":1,"timestamp":"2024-02-27T11:27:19.618Z"}
{"level":"info","message":"BEGIN: GET /api/plugins/client/@nocobase/plugin-sequence-field/index.js","reqId":"98b188c4-8f36-4eed-87aa-6c8e935209b8","timestamp":"2024-02-27T11:27:19.743Z"}
{"level":"info","message":"END: GET /api/plugins/client/@nocobase/plugin-sequence-field/index.js","req":{},"reqId":"98b188c4-8f36-4eed-87aa-6c8e935209b8","res":{"status":304},"responseTime":1,"timestamp":"2024-02-27T11:27:19.744Z"}
{"level":"info","message":"BEGIN: GET /api/plugins/client/@nocobase/plugin-verification/index.js","reqId":"1f8bf155-dc8f-4ba2-97f6-15d1e4b200dc","timestamp":"2024-02-27T11:27:19.787Z"}
{"level":"info","message":"END: GET /api/plugins/client/@nocobase/plugin-verification/index.js","req":{},"reqId":"1f8bf155-dc8f-4ba2-97f6-15d1e4b200dc","res":{"status":304},"responseTime":14,"timestamp":"2024-02-27T11:27:19.801Z"}
{"level":"info","message":"BEGIN: GET /api/plugins/client/@nocobase/plugin-acl/index.js","reqId":"5165d396-e0ae-4a6b-b839-49296d5d43cd","timestamp":"2024-02-27T11:27:19.802Z"}
{"level":"info","message":"END: GET /api/plugins/client/@nocobase/plugin-acl/index.js","req":{},"reqId":"5165d396-e0ae-4a6b-b839-49296d5d43cd","res":{"status":304},"responseTime":6,"timestamp":"2024-02-27T11:27:19.808Z"}
{"level":"info","message":"BEGIN: GET /api/plugins/client/@nocobase/plugin-client/index.js","reqId":"396050e2-1e93-453f-a94e-5fd98e1eabbd","timestamp":"2024-02-27T11:27:19.825Z"}
{"level":"info","message":"BEGIN: GET /api/plugins/client/@nocobase/plugin-china-region/index.js","reqId":"20ef2cdd-781e-4354-97d5-567fdaf0df5c","timestamp":"2024-02-27T11:27:19.826Z"}
{"level":"info","message":"END: GET /api/plugins/client/@nocobase/plugin-client/index.js","req":{},"reqId":"396050e2-1e93-453f-a94e-5fd98e1eabbd","res":{"status":304},"responseTime":2,"timestamp":"2024-02-27T11:27:19.827Z"}
{"level":"info","message":"END: GET /api/plugins/client/@nocobase/plugin-china-region/index.js","req":{},"reqId":"20ef2cdd-781e-4354-97d5-567fdaf0df5c","res":{"status":304},"responseTime":2,"timestamp":"2024-02-27T11:27:19.828Z"}
{"level":"info","message":"BEGIN: GET /api/plugins/client/@nocobase/plugin-workflow/index.js","reqId":"612a76c2-9497-4fee-aeb9-0e7d6e84d996","timestamp":"2024-02-27T11:27:19.837Z"}
{"level":"info","message":"END: GET /api/plugins/client/@nocobase/plugin-workflow/index.js","req":{},"reqId":"612a76c2-9497-4fee-aeb9-0e7d6e84d996","res":{"status":304},"responseTime":1,"timestamp":"2024-02-27T11:27:19.838Z"}
{"level":"info","message":"BEGIN: GET /api/plugins/client/@nocobase/plugin-export/index.js","reqId":"0b9a333c-2192-4e4c-834c-2f65cbabee65","timestamp":"2024-02-27T11:27:19.951Z"}
{"level":"info","message":"END: GET /api/plugins/client/@nocobase/plugin-export/index.js","req":{},"reqId":"0b9a333c-2192-4e4c-834c-2f65cbabee65","res":{"status":304},"responseTime":1,"timestamp":"2024-02-27T11:27:19.952Z"}
{"level":"info","message":"BEGIN: GET /api/plugins/client/@nocobase/plugin-import/index.js","reqId":"6f85e5b7-febe-4072-92c9-2766a823cf8d","timestamp":"2024-02-27T11:27:20.002Z"}
{"level":"info","message":"END: GET /api/plugins/client/@nocobase/plugin-import/index.js","req":{},"reqId":"6f85e5b7-febe-4072-92c9-2766a823cf8d","res":{"status":304},"responseTime":1,"timestamp":"2024-02-27T11:27:20.003Z"}
{"level":"info","message":"BEGIN: GET /api/plugins/client/@nocobase/plugin-audit-logs/index.js","reqId":"0c129671-2d74-4765-974f-336ce53ef3e0","timestamp":"2024-02-27T11:27:20.036Z"}
{"level":"info","message":"END: GET /api/plugins/client/@nocobase/plugin-audit-logs/index.js","req":{},"reqId":"0c129671-2d74-4765-974f-336ce53ef3e0","res":{"status":304},"responseTime":1,"timestamp":"2024-02-27T11:27:20.037Z"}
{"level":"info","message":"BEGIN: GET /api/plugins/client/@nocobase/plugin-formula-field/index.js","reqId":"67d058ab-2807-40d5-b57a-4e3b3c042761","timestamp":"2024-02-27T11:27:20.041Z"}
{"level":"info","message":"BEGIN: GET /api/plugins/client/@nocobase/plugin-duplicator/index.js","reqId":"0d99d2a0-2b69-4bc1-acd0-2ab7f23d9672","timestamp":"2024-02-27T11:27:20.042Z"}
{"level":"info","message":"BEGIN: GET /api/plugins/client/@nocobase/plugin-iframe-block/index.js","reqId":"e2fc0e22-7e0e-42ae-bf05-352a15a2fa69","timestamp":"2024-02-27T11:27:20.043Z"}
{"level":"info","message":"END: GET /api/plugins/client/@nocobase/plugin-formula-field/index.js","req":{},"reqId":"67d058ab-2807-40d5-b57a-4e3b3c042761","res":{"status":304},"responseTime":2,"timestamp":"2024-02-27T11:27:20.043Z"}
{"level":"info","message":"END: GET /api/plugins/client/@nocobase/plugin-duplicator/index.js","req":{},"reqId":"0d99d2a0-2b69-4bc1-acd0-2ab7f23d9672","res":{"status":304},"responseTime":2,"timestamp":"2024-02-27T11:27:20.044Z"}
{"level":"info","message":"END: GET /api/plugins/client/@nocobase/plugin-iframe-block/index.js","req":{},"reqId":"e2fc0e22-7e0e-42ae-bf05-352a15a2fa69","res":{"status":304},"responseTime":6,"timestamp":"2024-02-27T11:27:20.049Z"}
{"level":"info","message":"BEGIN: GET /api/plugins/client/@nocobase/plugin-data-visualization/index.js","reqId":"09571422-c549-4fa0-9181-06aa67dc57f6","timestamp":"2024-02-27T11:27:20.197Z"}
{"level":"info","message":"END: GET /api/plugins/client/@nocobase/plugin-data-visualization/index.js","req":{},"reqId":"09571422-c549-4fa0-9181-06aa67dc57f6","res":{"status":304},"responseTime":1,"timestamp":"2024-02-27T11:27:20.198Z"}
{"level":"info","message":"BEGIN: GET /api/plugins/client/@nocobase/plugin-charts/index.js","reqId":"a104ef4e-2c17-491c-8452-c30afcc18710","timestamp":"2024-02-27T11:27:20.200Z"}
{"level":"info","message":"END: GET /api/plugins/client/@nocobase/plugin-charts/index.js","req":{},"reqId":"a104ef4e-2c17-491c-8452-c30afcc18710","res":{"status":304},"responseTime":1,"timestamp":"2024-02-27T11:27:20.202Z"}
{"level":"info","message":"BEGIN: GET /api/plugins/client/@nocobase/plugin-auth/index.js","reqId":"3a7692a6-7f6b-47db-804c-589fd3fa04dc","timestamp":"2024-02-27T11:27:20.247Z"}
{"level":"info","message":"END: GET /api/plugins/client/@nocobase/plugin-auth/index.js","req":{},"reqId":"3a7692a6-7f6b-47db-804c-589fd3fa04dc","res":{"status":304},"responseTime":1,"timestamp":"2024-02-27T11:27:20.248Z"}
{"level":"info","message":"BEGIN: GET /api/plugins/client/@nocobase/plugin-multi-app-manager/index.js","reqId":"eda4f308-791d-4b25-9ebc-8825dfde7046","timestamp":"2024-02-27T11:27:20.253Z"}
{"level":"info","message":"END: GET /api/plugins/client/@nocobase/plugin-multi-app-manager/index.js","req":{},"reqId":"eda4f308-791d-4b25-9ebc-8825dfde7046","res":{"status":304},"responseTime":1,"timestamp":"2024-02-27T11:27:20.254Z"}
{"level":"info","message":"BEGIN: GET /api/plugins/client/@nocobase/plugin-sms-auth/index.js","reqId":"aa5d03e6-4dcf-4e41-865b-617c18d4cce5","timestamp":"2024-02-27T11:27:20.257Z"}
{"level":"info","message":"END: GET /api/plugins/client/@nocobase/plugin-sms-auth/index.js","req":{},"reqId":"aa5d03e6-4dcf-4e41-865b-617c18d4cce5","res":{"status":304},"responseTime":1,"timestamp":"2024-02-27T11:27:20.258Z"}
{"level":"info","message":"BEGIN: GET /api/plugins/client/@nocobase/plugin-map/index.js","reqId":"ae7bbe3f-03fe-4414-8afc-a92774b209b3","timestamp":"2024-02-27T11:27:20.263Z"}
{"level":"info","message":"END: GET /api/plugins/client/@nocobase/plugin-map/index.js","req":{},"reqId":"ae7bbe3f-03fe-4414-8afc-a92774b209b3","res":{"status":304},"responseTime":1,"timestamp":"2024-02-27T11:27:20.263Z"}
{"level":"info","message":"BEGIN: GET /api/plugins/client/@nocobase/plugin-graph-collection-manager/index.js","reqId":"c82c01f4-b7ee-4142-b4c5-d4ccb609452b","timestamp":"2024-02-27T11:27:20.621Z"}
{"level":"info","message":"END: GET /api/plugins/client/@nocobase/plugin-graph-collection-manager/index.js","req":{},"reqId":"c82c01f4-b7ee-4142-b4c5-d4ccb609452b","res":{"status":304},"responseTime":3,"timestamp":"2024-02-27T11:27:20.624Z"}
{"level":"info","message":"BEGIN: GET /api/plugins/client/@nocobase/plugin-snapshot-field/index.js","reqId":"ccb27452-2083-42fa-a967-42f2406031c4","timestamp":"2024-02-27T11:27:20.629Z"}
{"level":"info","message":"BEGIN: GET /api/plugins/client/@nocobase/plugin-api-keys/index.js","reqId":"c40cd328-3b3e-4685-b953-31e3ad4aef3f","timestamp":"2024-02-27T11:27:20.630Z"}
{"level":"info","message":"BEGIN: GET /api/plugins/client/@nocobase/plugin-theme-editor/index.js","reqId":"7167eb73-1c68-4466-8d70-3e589c72bf81","timestamp":"2024-02-27T11:27:20.637Z"}
{"level":"info","message":"END: GET /api/plugins/client/@nocobase/plugin-snapshot-field/index.js","req":{},"reqId":"ccb27452-2083-42fa-a967-42f2406031c4","res":{"status":304},"responseTime":9,"timestamp":"2024-02-27T11:27:20.638Z"}
{"level":"info","message":"END: GET /api/plugins/client/@nocobase/plugin-api-keys/index.js","req":{},"reqId":"c40cd328-3b3e-4685-b953-31e3ad4aef3f","res":{"status":304},"responseTime":9,"timestamp":"2024-02-27T11:27:20.639Z"}
{"level":"info","message":"END: GET /api/plugins/client/@nocobase/plugin-theme-editor/index.js","req":{},"reqId":"7167eb73-1c68-4466-8d70-3e589c72bf81","res":{"status":304},"responseTime":2,"timestamp":"2024-02-27T11:27:20.639Z"}
{"level":"info","message":"BEGIN: GET /api/plugins/client/@nocobase/plugin-mobile-client/index.js","reqId":"c34b38b5-07d7-4691-9454-c1d5a0d41f63","timestamp":"2024-02-27T11:27:20.640Z"}
{"level":"info","message":"END: GET /api/plugins/client/@nocobase/plugin-mobile-client/index.js","req":{},"reqId":"c34b38b5-07d7-4691-9454-c1d5a0d41f63","res":{"status":304},"responseTime":0,"timestamp":"2024-02-27T11:27:20.640Z"}
{"level":"info","message":"BEGIN: GET /api/auth:check","reqId":"90a4d7f7-834e-4661-8aa0-00529cd2af4e","timestamp":"2024-02-27T11:27:21.220Z"}
{"can":null,"level":"info","message":"ctx permission","reqId":"90a4d7f7-834e-4661-8aa0-00529cd2af4e","skip":true,"timestamp":"2024-02-27T11:27:21.238Z"}
{"level":"info","message":"acl params","reqId":"90a4d7f7-834e-4661-8aa0-00529cd2af4e","timestamp":"2024-02-27T11:27:21.245Z"}
{"level":"info","message":"acl parsedParams","reqId":"90a4d7f7-834e-4661-8aa0-00529cd2af4e","timestamp":"2024-02-27T11:27:21.246Z"}
{"level":"info","message":"END: GET /api/auth:check","req":{"action":{"actionName":"check","params":{"actionName":"check","resourceName":"auth"},"resourceName":"auth"},"header":{"x-hostname":"cmreport.dsti.gov.sl","x-locale":"en-US","x-role":"root","x-timezone":"-00:00"}},"reqId":"90a4d7f7-834e-4661-8aa0-00529cd2af4e","res":{"status":200},"responseTime":26,"timestamp":"2024-02-27T11:27:21.246Z"}
{"level":"info","message":"BEGIN: GET /api/uiSchemaTemplates:list?appends%5B%5D=collection&paginate=false","reqId":"3e1b6a77-359f-4928-82bc-1a768fbf2e33","timestamp":"2024-02-27T11:27:21.492Z"}
{"can":{"action":"list","resource":"uiSchemaTemplates","role":"root"},"level":"info","message":"ctx permission","reqId":"3e1b6a77-359f-4928-82bc-1a768fbf2e33","skip":true,"timestamp":"2024-02-27T11:27:21.530Z"}
{"level":"info","message":"acl params","reqId":"3e1b6a77-359f-4928-82bc-1a768fbf2e33","timestamp":"2024-02-27T11:27:21.543Z"}
{"level":"info","message":"acl parsedParams","reqId":"3e1b6a77-359f-4928-82bc-1a768fbf2e33","timestamp":"2024-02-27T11:27:21.544Z"}
{"level":"info","message":"END: GET /api/uiSchemaTemplates:list?appends%5B%5D=collection&paginate=false","req":{"action":{"actionName":"list","params":{"actionName":"list","appends":["collection"],"paginate":"false","resourceName":"uiSchemaTemplates"},"resourceName":"uiSchemaTemplates"},"header":{"x-hostname":"cmreport.dsti.gov.sl","x-locale":"en-US","x-role":"root","x-timezone":"-00:00"}},"reqId":"3e1b6a77-359f-4928-82bc-1a768fbf2e33","res":{"status":200},"responseTime":78,"timestamp":"2024-02-27T11:27:21.571Z"}
{"level":"info","message":"BEGIN: GET /api/systemSettings:get/1?appends=logo","reqId":"91b4a5e8-abd3-4f49-a75b-df4bc0c31374","timestamp":"2024-02-27T11:27:21.831Z"}
{"can":null,"level":"info","message":"ctx permission","reqId":"91b4a5e8-abd3-4f49-a75b-df4bc0c31374","skip":true,"timestamp":"2024-02-27T11:27:21.853Z"}
{"level":"info","message":"acl params","reqId":"91b4a5e8-abd3-4f49-a75b-df4bc0c31374","timestamp":"2024-02-27T11:27:21.856Z"}
{"level":"info","message":"acl parsedParams","reqId":"91b4a5e8-abd3-4f49-a75b-df4bc0c31374","timestamp":"2024-02-27T11:27:21.856Z"}
{"level":"info","message":"END: GET /api/systemSettings:get/1?appends=logo","req":{"action":{"actionName":"get","params":{"actionName":"get","appends":["logo"],"filterByTk":"1","resourceIndex":"1","resourceName":"systemSettings"},"resourceName":"systemSettings"},"header":{"x-hostname":"cmreport.dsti.gov.sl","x-locale":"en-US","x-role":"root","x-timezone":"-00:00"}},"reqId":"91b4a5e8-abd3-4f49-a75b-df4bc0c31374","res":{"status":200},"responseTime":55,"timestamp":"2024-02-27T11:27:21.886Z"}
{"level":"info","message":"BEGIN: GET /api/app:getInfo","reqId":"d687cb88-1205-47bc-8bfd-6b7cbe6ec13b","timestamp":"2024-02-27T11:27:22.294Z"}
{"can":null,"level":"info","message":"ctx permission","reqId":"d687cb88-1205-47bc-8bfd-6b7cbe6ec13b","skip":true,"timestamp":"2024-02-27T11:27:22.325Z"}
{"level":"info","message":"acl params","reqId":"d687cb88-1205-47bc-8bfd-6b7cbe6ec13b","timestamp":"2024-02-27T11:27:22.326Z"}
{"level":"info","message":"acl parsedParams","reqId":"d687cb88-1205-47bc-8bfd-6b7cbe6ec13b","timestamp":"2024-02-27T11:27:22.326Z"}
{"level":"info","message":"END: GET /api/app:getInfo","req":{"action":{"actionName":"getInfo","params":{"actionName":"getInfo","resourceName":"app"},"resourceName":"app"},"header":{"x-hostname":"cmreport.dsti.gov.sl","x-locale":"en-US","x-role":"root","x-timezone":"-00:00"}},"reqId":"d687cb88-1205-47bc-8bfd-6b7cbe6ec13b","res":{"status":200},"responseTime":44,"timestamp":"2024-02-27T11:27:22.338Z"}
{"level":"info","message":"BEGIN: GET /api/themeConfig:list?sort=id&paginate=false","reqId":"56e6109e-df58-4811-98c9-5349cec94c6b","timestamp":"2024-02-27T11:27:22.618Z"}
{"can":null,"level":"info","message":"ctx permission","reqId":"56e6109e-df58-4811-98c9-5349cec94c6b","skip":true,"timestamp":"2024-02-27T11:27:22.645Z"}
{"level":"info","message":"acl params","reqId":"56e6109e-df58-4811-98c9-5349cec94c6b","timestamp":"2024-02-27T11:27:22.646Z"}
{"level":"info","message":"acl parsedParams","reqId":"56e6109e-df58-4811-98c9-5349cec94c6b","timestamp":"2024-02-27T11:27:22.646Z"}
{"level":"info","message":"END: GET /api/themeConfig:list?sort=id&paginate=false","req":{"action":{"actionName":"list","params":{"actionName":"list","paginate":"false","resourceName":"themeConfig","sort":["id"]},"resourceName":"themeConfig"},"header":{"x-hostname":"cmreport.dsti.gov.sl","x-locale":"en-US","x-role":"root","x-timezone":"-00:00"}},"reqId":"56e6109e-df58-4811-98c9-5349cec94c6b","res":{"status":200},"responseTime":51,"timestamp":"2024-02-27T11:27:22.669Z"}
{"level":"info","message":"BEGIN: GET /api/collectionsHistory:list?paginate=false&appends%5B%5D=fields&sort%5B%5D=sort&filter=%7B%7D","reqId":"343e0bea-2245-4348-a954-adc7ac2d03c6","timestamp":"2024-02-27T11:27:22.686Z"}
{"can":null,"level":"info","message":"ctx permission","reqId":"343e0bea-2245-4348-a954-adc7ac2d03c6","skip":true,"timestamp":"2024-02-27T11:27:22.703Z"}
{"level":"info","message":"acl params","reqId":"343e0bea-2245-4348-a954-adc7ac2d03c6","timestamp":"2024-02-27T11:27:22.709Z"}
{"level":"info","message":"acl parsedParams","reqId":"343e0bea-2245-4348-a954-adc7ac2d03c6","timestamp":"2024-02-27T11:27:22.709Z"}
{"level":"info","message":"END: GET /api/collectionsHistory:list?paginate=false&appends%5B%5D=fields&sort%5B%5D=sort&filter=%7B%7D","req":{"action":{"actionName":"list","params":{"actionName":"list","appends":["fields"],"filter":{},"paginate":"false","resourceName":"collectionsHistory","sort":["sort"]},"resourceName":"collectionsHistory"},"header":{"x-hostname":"cmreport.dsti.gov.sl","x-locale":"en-US","x-role":"root","x-timezone":"-00:00"}},"reqId":"343e0bea-2245-4348-a954-adc7ac2d03c6","res":{"status":200},"responseTime":176,"timestamp":"2024-02-27T11:27:22.862Z"}
{"level":"info","message":"BEGIN: POST /api/chartsQueries:listMetadata?paginate=false&sort%5B%5D=-id","reqId":"07de38c2-655b-4aba-b21b-8264aa802d44","timestamp":"2024-02-27T11:27:23.026Z"}
{"can":{"action":"listMetadata","resource":"chartsQueries","role":"root"},"level":"info","message":"ctx permission","reqId":"07de38c2-655b-4aba-b21b-8264aa802d44","skip":true,"timestamp":"2024-02-27T11:27:23.044Z"}
{"level":"info","message":"acl params","reqId":"07de38c2-655b-4aba-b21b-8264aa802d44","timestamp":"2024-02-27T11:27:23.045Z"}
{"level":"info","message":"acl parsedParams","reqId":"07de38c2-655b-4aba-b21b-8264aa802d44","timestamp":"2024-02-27T11:27:23.046Z"}
{"level":"info","message":"END: POST /api/chartsQueries:listMetadata?paginate=false&sort%5B%5D=-id","req":{"action":{"actionName":"listMetadata","params":{"actionName":"listMetadata","paginate":"false","resourceName":"chartsQueries","sort":["-id"]},"resourceName":"chartsQueries"},"header":{"x-hostname":"cmreport.dsti.gov.sl","x-locale":"en-US","x-role":"root","x-timezone":"-00:00"}},"reqId":"07de38c2-655b-4aba-b21b-8264aa802d44","res":{"status":200},"responseTime":26,"timestamp":"2024-02-27T11:27:23.052Z"}
{"level":"info","message":"BEGIN: GET /api/app:getInfo","reqId":"77f933a8-1ccd-49ce-8f46-f1f1bb4f62c8","timestamp":"2024-02-27T11:27:23.302Z"}
{"can":null,"level":"info","message":"ctx permission","reqId":"77f933a8-1ccd-49ce-8f46-f1f1bb4f62c8","skip":true,"timestamp":"2024-02-27T11:27:23.331Z"}
{"level":"info","message":"acl params","reqId":"77f933a8-1ccd-49ce-8f46-f1f1bb4f62c8","timestamp":"2024-02-27T11:27:23.332Z"}
{"level":"info","message":"acl parsedParams","reqId":"77f933a8-1ccd-49ce-8f46-f1f1bb4f62c8","timestamp":"2024-02-27T11:27:23.332Z"}
{"level":"info","message":"END: GET /api/app:getInfo","req":{"action":{"actionName":"getInfo","params":{"actionName":"getInfo","resourceName":"app"},"resourceName":"app"},"header":{"x-hostname":"cmreport.dsti.gov.sl","x-locale":"en-US","x-role":"root","x-timezone":"-00:00"}},"reqId":"77f933a8-1ccd-49ce-8f46-f1f1bb4f62c8","res":{"status":200},"responseTime":44,"timestamp":"2024-02-27T11:27:23.346Z"}
{"level":"info","message":"BEGIN: GET /api/app:getInfo","reqId":"6740546c-2008-4e29-b828-bf4bb1c2c1a5","timestamp":"2024-02-27T11:27:23.598Z"}
{"level":"info","message":"BEGIN: GET /api/collectionsHistory:list?paginate=false&appends%5B%5D=fields&sort%5B%5D=sort&filter=%7B%7D","reqId":"73210352-92cb-4743-8112-c61aa009d4aa","timestamp":"2024-02-27T11:27:23.637Z"}
{"level":"info","message":"BEGIN: GET /api/themeConfig:list?sort=id&paginate=false","reqId":"8c53772d-8ac0-40c6-b5b2-18fe7443c37a","timestamp":"2024-02-27T11:27:23.645Z"}
{"can":null,"level":"info","message":"ctx permission","reqId":"6740546c-2008-4e29-b828-bf4bb1c2c1a5","skip":true,"timestamp":"2024-02-27T11:27:23.658Z"}
{"level":"info","message":"acl params","reqId":"6740546c-2008-4e29-b828-bf4bb1c2c1a5","timestamp":"2024-02-27T11:27:23.659Z"}
{"level":"info","message":"acl parsedParams","reqId":"6740546c-2008-4e29-b828-bf4bb1c2c1a5","timestamp":"2024-02-27T11:27:23.659Z"}
{"level":"info","message":"END: GET /api/app:getInfo","req":{"action":{"actionName":"getInfo","params":{"actionName":"getInfo","resourceName":"app"},"resourceName":"app"},"header":{"x-hostname":"cmreport.dsti.gov.sl","x-locale":"en-US","x-role":"root","x-timezone":"-00:00"}},"reqId":"6740546c-2008-4e29-b828-bf4bb1c2c1a5","res":{"status":200},"responseTime":78,"timestamp":"2024-02-27T11:27:23.676Z"}
{"can":null,"level":"info","message":"ctx permission","reqId":"73210352-92cb-4743-8112-c61aa009d4aa","skip":true,"timestamp":"2024-02-27T11:27:23.688Z"}
{"level":"info","message":"acl params","reqId":"73210352-92cb-4743-8112-c61aa009d4aa","timestamp":"2024-02-27T11:27:23.689Z"}
{"level":"info","message":"acl parsedParams","reqId":"73210352-92cb-4743-8112-c61aa009d4aa","timestamp":"2024-02-27T11:27:23.690Z"}
{"can":null,"level":"info","message":"ctx permission","reqId":"8c53772d-8ac0-40c6-b5b2-18fe7443c37a","skip":true,"timestamp":"2024-02-27T11:27:23.693Z"}
{"level":"info","message":"acl params","reqId":"8c53772d-8ac0-40c6-b5b2-18fe7443c37a","timestamp":"2024-02-27T11:27:23.693Z"}
{"level":"info","message":"acl parsedParams","reqId":"8c53772d-8ac0-40c6-b5b2-18fe7443c37a","timestamp":"2024-02-27T11:27:23.694Z"}
{"level":"info","message":"END: GET /api/themeConfig:list?sort=id&paginate=false","req":{"action":{"actionName":"list","params":{"actionName":"list","paginate":"false","resourceName":"themeConfig","sort":["id"]},"resourceName":"themeConfig"},"header":{"x-hostname":"cmreport.dsti.gov.sl","x-locale":"en-US","x-role":"root","x-timezone":"-00:00"}},"reqId":"8c53772d-8ac0-40c6-b5b2-18fe7443c37a","res":{"status":200},"responseTime":75,"timestamp":"2024-02-27T11:27:23.720Z"}
{"level":"info","message":"END: GET /api/collectionsHistory:list?paginate=false&appends%5B%5D=fields&sort%5B%5D=sort&filter=%7B%7D","req":{"action":{"actionName":"list","params":{"actionName":"list","appends":["fields"],"filter":{},"paginate":"false","resourceName":"collectionsHistory","sort":["sort"]},"resourceName":"collectionsHistory"},"header":{"x-hostname":"cmreport.dsti.gov.sl","x-locale":"en-US","x-role":"root","x-timezone":"-00:00"}},"reqId":"73210352-92cb-4743-8112-c61aa009d4aa","res":{"status":200},"responseTime":238,"timestamp":"2024-02-27T11:27:23.876Z"}
{"level":"info","message":"BEGIN: GET /api/themeConfig:list?sort=id&paginate=false","reqId":"e0eda45b-5f29-4ef0-be3c-c9f1c8a93223","timestamp":"2024-02-27T11:27:25.320Z"}
{"level":"info","message":"BEGIN: GET /api/app:getInfo","reqId":"7220d637-e84a-41fa-adcc-ddbb84572ad4","timestamp":"2024-02-27T11:27:25.323Z"}
{"can":null,"level":"info","message":"ctx permission","reqId":"e0eda45b-5f29-4ef0-be3c-c9f1c8a93223","skip":true,"timestamp":"2024-02-27T11:27:25.349Z"}
{"level":"info","message":"acl params","reqId":"e0eda45b-5f29-4ef0-be3c-c9f1c8a93223","timestamp":"2024-02-27T11:27:25.349Z"}
{"level":"info","message":"acl parsedParams","reqId":"e0eda45b-5f29-4ef0-be3c-c9f1c8a93223","timestamp":"2024-02-27T11:27:25.350Z"}
{"can":null,"level":"info","message":"ctx permission","reqId":"7220d637-e84a-41fa-adcc-ddbb84572ad4","skip":true,"timestamp":"2024-02-27T11:27:25.357Z"}
{"level":"info","message":"acl params","reqId":"7220d637-e84a-41fa-adcc-ddbb84572ad4","timestamp":"2024-02-27T11:27:25.358Z"}
{"level":"info","message":"acl parsedParams","reqId":"7220d637-e84a-41fa-adcc-ddbb84572ad4","timestamp":"2024-02-27T11:27:25.358Z"}
{"level":"info","message":"END: GET /api/themeConfig:list?sort=id&paginate=false","req":{"action":{"actionName":"list","params":{"actionName":"list","paginate":"false","resourceName":"themeConfig","sort":["id"]},"resourceName":"themeConfig"},"header":{"x-hostname":"cmreport.dsti.gov.sl","x-locale":"en-US","x-role":"root","x-timezone":"-00:00"}},"reqId":"e0eda45b-5f29-4ef0-be3c-c9f1c8a93223","res":{"status":200},"responseTime":59,"timestamp":"2024-02-27T11:27:25.379Z"}
{"level":"info","message":"END: GET /api/app:getInfo","req":{"action":{"actionName":"getInfo","params":{"actionName":"getInfo","resourceName":"app"},"resourceName":"app"},"header":{"x-hostname":"cmreport.dsti.gov.sl","x-locale":"en-US","x-role":"root","x-timezone":"-00:00"}},"reqId":"7220d637-e84a-41fa-adcc-ddbb84572ad4","res":{"status":200},"responseTime":57,"timestamp":"2024-02-27T11:27:25.380Z"}
{"level":"info","message":"BEGIN: GET /api/app:getInfo","reqId":"078072de-4d88-465a-bc55-cddd929c3bc9","timestamp":"2024-02-27T11:27:25.905Z"}
{"can":null,"level":"info","message":"ctx permission","reqId":"078072de-4d88-465a-bc55-cddd929c3bc9","skip":true,"timestamp":"2024-02-27T11:27:25.922Z"}
{"level":"info","message":"acl params","reqId":"078072de-4d88-465a-bc55-cddd929c3bc9","timestamp":"2024-02-27T11:27:25.922Z"}
{"level":"info","message":"acl parsedParams","reqId":"078072de-4d88-465a-bc55-cddd929c3bc9","timestamp":"2024-02-27T11:27:25.922Z"}
{"level":"info","message":"END: GET /api/app:getInfo","req":{"action":{"actionName":"getInfo","params":{"actionName":"getInfo","resourceName":"app"},"resourceName":"app"},"header":{"x-hostname":"cmreport.dsti.gov.sl","x-locale":"en-US","x-role":"root","x-timezone":"-00:00"}},"reqId":"078072de-4d88-465a-bc55-cddd929c3bc9","res":{"status":200},"responseTime":26,"timestamp":"2024-02-27T11:27:25.931Z"}
{"level":"info","message":"BEGIN: GET /api/uiSchemaTemplates:list?appends%5B%5D=collection&paginate=false","reqId":"af1f68ce-4c1d-476e-8c29-bc02cd641672","timestamp":"2024-02-27T11:27:26.191Z"}
{"can":{"action":"list","resource":"uiSchemaTemplates","role":"root"},"level":"info","message":"ctx permission","reqId":"af1f68ce-4c1d-476e-8c29-bc02cd641672","skip":true,"timestamp":"2024-02-27T11:27:26.218Z"}
{"level":"info","message":"acl params","reqId":"af1f68ce-4c1d-476e-8c29-bc02cd641672","timestamp":"2024-02-27T11:27:26.219Z"}
{"level":"info","message":"acl parsedParams","reqId":"af1f68ce-4c1d-476e-8c29-bc02cd641672","timestamp":"2024-02-27T11:27:26.219Z"}
{"level":"info","message":"END: GET /api/uiSchemaTemplates:list?appends%5B%5D=collection&paginate=false","req":{"action":{"actionName":"list","params":{"actionName":"list","appends":["collection"],"paginate":"false","resourceName":"uiSchemaTemplates"},"resourceName":"uiSchemaTemplates"},"header":{"x-hostname":"cmreport.dsti.gov.sl","x-locale":"en-US","x-role":"root","x-timezone":"-00:00"}},"reqId":"af1f68ce-4c1d-476e-8c29-bc02cd641672","res":{"status":200},"responseTime":40,"timestamp":"2024-02-27T11:27:26.231Z"}
{"level":"info","message":"BEGIN: GET /api/collectionCategories:list?paginate=false&sort%5B%5D=sort","reqId":"ea5d81f0-3002-4816-9604-d63a449b5277","timestamp":"2024-02-27T11:27:26.482Z"}
{"level":"info","message":"BEGIN: GET /api/collections:list?paginate=false&appends%5B%5D=fields&appends%5B%5D=category&sort%5B%5D=sort&filter=%7B%7D","reqId":"7c9d5618-df6b-433e-9ff6-d53b45e16d03","timestamp":"2024-02-27T11:27:26.512Z"}
{"can":null,"level":"info","message":"ctx permission","reqId":"ea5d81f0-3002-4816-9604-d63a449b5277","skip":true,"timestamp":"2024-02-27T11:27:26.539Z"}
{"level":"info","message":"acl params","reqId":"ea5d81f0-3002-4816-9604-d63a449b5277","timestamp":"2024-02-27T11:27:26.539Z"}
{"level":"info","message":"acl parsedParams","reqId":"ea5d81f0-3002-4816-9604-d63a449b5277","timestamp":"2024-02-27T11:27:26.540Z"}
{"can":{"action":"list","resource":"collections","role":"root"},"level":"info","message":"ctx permission","reqId":"7c9d5618-df6b-433e-9ff6-d53b45e16d03","skip":true,"timestamp":"2024-02-27T11:27:26.554Z"}
{"level":"info","message":"acl params","reqId":"7c9d5618-df6b-433e-9ff6-d53b45e16d03","timestamp":"2024-02-27T11:27:26.554Z"}
{"level":"info","message":"acl parsedParams","reqId":"7c9d5618-df6b-433e-9ff6-d53b45e16d03","timestamp":"2024-02-27T11:27:26.554Z"}
{"level":"info","message":"END: GET /api/collectionCategories:list?paginate=false&sort%5B%5D=sort","req":{"action":{"actionName":"list","params":{"actionName":"list","paginate":"false","resourceName":"collectionCategories","sort":["sort"]},"resourceName":"collectionCategories"},"header":{"x-hostname":"cmreport.dsti.gov.sl","x-locale":"en-US","x-role":"root","x-timezone":"-00:00"}},"reqId":"ea5d81f0-3002-4816-9604-d63a449b5277","res":{"status":200},"responseTime":73,"timestamp":"2024-02-27T11:27:26.555Z"}
{"level":"info","message":"END: GET /api/collections:list?paginate=false&appends%5B%5D=fields&appends%5B%5D=category&sort%5B%5D=sort&filter=%7B%7D","req":{"action":{"actionName":"list","params":{"actionName":"list","appends":["fields","category"],"filter":{},"paginate":"false","resourceName":"collections","sort":["sort"]},"resourceName":"collections"},"header":{"x-hostname":"cmreport.dsti.gov.sl","x-locale":"en-US","x-role":"root","x-timezone":"-00:00"}},"reqId":"7c9d5618-df6b-433e-9ff6-d53b45e16d03","res":{"status":200},"responseTime":181,"timestamp":"2024-02-27T11:27:26.693Z"}
{"level":"info","message":"BEGIN: GET /api/roles:check","reqId":"21594449-f520-4a35-a3b7-9e355a9e3cc1","timestamp":"2024-02-27T11:27:27.963Z"}
{"can":{"action":"check","resource":"roles","role":"root"},"level":"info","message":"ctx permission","reqId":"21594449-f520-4a35-a3b7-9e355a9e3cc1","skip":true,"timestamp":"2024-02-27T11:27:27.980Z"}
{"level":"info","message":"acl params","reqId":"21594449-f520-4a35-a3b7-9e355a9e3cc1","timestamp":"2024-02-27T11:27:27.985Z"}
{"level":"info","message":"acl parsedParams","reqId":"21594449-f520-4a35-a3b7-9e355a9e3cc1","timestamp":"2024-02-27T11:27:27.985Z"}
{"level":"info","message":"END: GET /api/roles:check","req":{"action":{"actionName":"check","params":{"actionName":"check","resourceName":"roles"},"resourceName":"roles"},"header":{"x-hostname":"cmreport.dsti.gov.sl","x-locale":"en-US","x-role":"root","x-timezone":"-00:00"}},"reqId":"21594449-f520-4a35-a3b7-9e355a9e3cc1","res":{"status":200},"responseTime":34,"timestamp":"2024-02-27T11:27:27.997Z"}
{"level":"info","message":"BEGIN: GET /api/uiSchemas:getJsonSchema/kajnqv7hagl","reqId":"be0b4f34-9dac-472d-b14e-6e4df00674c8","timestamp":"2024-02-27T11:27:28.294Z"}
{"can":null,"level":"info","message":"ctx permission","reqId":"be0b4f34-9dac-472d-b14e-6e4df00674c8","skip":true,"timestamp":"2024-02-27T11:27:28.309Z"}
{"level":"info","message":"acl params","reqId":"be0b4f34-9dac-472d-b14e-6e4df00674c8","timestamp":"2024-02-27T11:27:28.310Z"}
{"level":"info","message":"acl parsedParams","reqId":"be0b4f34-9dac-472d-b14e-6e4df00674c8","timestamp":"2024-02-27T11:27:28.310Z"}
{"level":"info","message":"END: GET /api/uiSchemas:getJsonSchema/kajnqv7hagl","req":{"action":{"actionName":"getJsonSchema","params":{"actionName":"getJsonSchema","filterByTk":"kajnqv7hagl","resourceIndex":"kajnqv7hagl","resourceName":"uiSchemas"},"resourceName":"uiSchemas"},"header":{"x-hostname":"cmreport.dsti.gov.sl","x-locale":"en-US","x-role":"root","x-timezone":"-00:00"}},"reqId":"be0b4f34-9dac-472d-b14e-6e4df00674c8","res":{"status":200},"responseTime":16,"timestamp":"2024-02-27T11:27:28.310Z"}
{"level":"info","message":"BEGIN: GET /api/uiSchemas:getProperties/v5wyj9uj0h0","reqId":"597082f8-40e9-4149-b69d-ded1897bceaf","timestamp":"2024-02-27T11:27:28.838Z"}
{"can":{"action":"getProperties","resource":"uiSchemas","role":"root"},"level":"info","message":"ctx permission","reqId":"597082f8-40e9-4149-b69d-ded1897bceaf","skip":true,"timestamp":"2024-02-27T11:27:28.861Z"}
{"level":"info","message":"acl params","reqId":"597082f8-40e9-4149-b69d-ded1897bceaf","timestamp":"2024-02-27T11:27:28.862Z"}
{"level":"info","message":"acl parsedParams","reqId":"597082f8-40e9-4149-b69d-ded1897bceaf","timestamp":"2024-02-27T11:27:28.862Z"}
{"level":"info","message":"END: GET /api/uiSchemas:getProperties/v5wyj9uj0h0","req":{"action":{"actionName":"getProperties","params":{"actionName":"getProperties","filterByTk":"v5wyj9uj0h0","resourceIndex":"v5wyj9uj0h0","resourceName":"uiSchemas"},"resourceName":"uiSchemas"},"header":{"x-hostname":"cmreport.dsti.gov.sl","x-locale":"en-US","x-role":"root","x-timezone":"-00:00"}},"reqId":"597082f8-40e9-4149-b69d-ded1897bceaf","res":{"status":200},"responseTime":53,"timestamp":"2024-02-27T11:27:28.891Z"}
