{"level":"info","message":"BEGIN: GET /api/uiSchemas:getProperties/7bqzoo78ee6","reqId":"80a11548-3c9c-4318-b2d4-d8dd21d5a99e","timestamp":"2024-02-29T16:00:49.731Z"}
{"can":{"action":"getProperties","resource":"uiSchemas","role":"root"},"level":"info","message":"ctx permission","reqId":"80a11548-3c9c-4318-b2d4-d8dd21d5a99e","skip":true,"timestamp":"2024-02-29T16:00:49.755Z"}
{"level":"info","message":"acl params","reqId":"80a11548-3c9c-4318-b2d4-d8dd21d5a99e","timestamp":"2024-02-29T16:00:49.755Z"}
{"level":"info","message":"acl parsedParams","reqId":"80a11548-3c9c-4318-b2d4-d8dd21d5a99e","timestamp":"2024-02-29T16:00:49.756Z"}
{"level":"info","message":"END: GET /api/uiSchemas:getProperties/7bqzoo78ee6","req":{"action":{"actionName":"getProperties","params":{"actionName":"getProperties","filterByTk":"7bqzoo78ee6","resourceIndex":"7bqzoo78ee6","resourceName":"uiSchemas"},"resourceName":"uiSchemas"},"header":{"x-hostname":"cmreport.dsti.gov.sl","x-locale":"en-US","x-role":"root","x-timezone":"-00:00"}},"reqId":"80a11548-3c9c-4318-b2d4-d8dd21d5a99e","res":{"status":200},"responseTime":82,"timestamp":"2024-02-29T16:00:49.814Z"}
{"level":"info","message":"BEGIN: GET /api/hundredDaysPlan:list?pageSize=20&appends%5B%5D=mda","reqId":"a3f64223-17db-4b3c-9b23-fb350c102517","timestamp":"2024-02-29T16:00:50.173Z"}
{"can":null,"level":"info","message":"ctx permission","reqId":"a3f64223-17db-4b3c-9b23-fb350c102517","skip":true,"timestamp":"2024-02-29T16:00:50.218Z"}
{"level":"info","message":"acl params","reqId":"a3f64223-17db-4b3c-9b23-fb350c102517","timestamp":"2024-02-29T16:00:50.225Z"}
{"level":"info","message":"acl parsedParams","reqId":"a3f64223-17db-4b3c-9b23-fb350c102517","timestamp":"2024-02-29T16:00:50.226Z"}
{"level":"info","message":"END: GET /api/hundredDaysPlan:list?pageSize=20&appends%5B%5D=mda","req":{"action":{"actionName":"list","params":{"actionName":"list","appends":["mda"],"pageSize":"20","resourceName":"hundredDaysPlan"},"resourceName":"hundredDaysPlan"},"header":{"x-hostname":"cmreport.dsti.gov.sl","x-locale":"en-US","x-role":"root","x-timezone":"-00:00"}},"reqId":"a3f64223-17db-4b3c-9b23-fb350c102517","res":{"status":200},"responseTime":98,"timestamp":"2024-02-29T16:00:50.271Z"}
{"level":"info","message":"BEGIN: GET /api/hundredDaysPlan:get?appends%5B%5D=subactivities&appends%5B%5D=implementingPartners&appends%5B%5D=fundingSources&appends%5B%5D=location&appends%5B%5D=location.region&appends%5B%5D=location.district&appends%5B%5D=location.chiefdom&appends%5B%5D=mda&filterByTk=2","reqId":"890c8581-5d11-4ece-bb10-251a31233b6a","timestamp":"2024-02-29T16:00:55.667Z"}
{"can":null,"level":"info","message":"ctx permission","reqId":"890c8581-5d11-4ece-bb10-251a31233b6a","skip":true,"timestamp":"2024-02-29T16:00:55.695Z"}
{"level":"info","message":"acl params","reqId":"890c8581-5d11-4ece-bb10-251a31233b6a","timestamp":"2024-02-29T16:00:55.709Z"}
{"level":"info","message":"acl parsedParams","reqId":"890c8581-5d11-4ece-bb10-251a31233b6a","timestamp":"2024-02-29T16:00:55.710Z"}
{"level":"info","message":"END: GET /api/hundredDaysPlan:get?appends%5B%5D=subactivities&appends%5B%5D=implementingPartners&appends%5B%5D=fundingSources&appends%5B%5D=location&appends%5B%5D=location.region&appends%5B%5D=location.district&appends%5B%5D=location.chiefdom&appends%5B%5D=mda&filterByTk=2","req":{"action":{"actionName":"get","params":{"actionName":"get","appends":["subactivities","implementingPartners","fundingSources","location","location.region","location.district","location.chiefdom","mda"],"filterByTk":"2","resourceName":"hundredDaysPlan"},"resourceName":"hundredDaysPlan"},"header":{"x-hostname":"cmreport.dsti.gov.sl","x-locale":"en-US","x-role":"root","x-timezone":"-00:00"}},"reqId":"890c8581-5d11-4ece-bb10-251a31233b6a","res":{"status":200},"responseTime":98,"timestamp":"2024-02-29T16:00:55.765Z"}
{"level":"info","message":"BEGIN: GET /api/hundredDaysPlan:get?appends%5B%5D=subactivities&appends%5B%5D=implementingPartners&appends%5B%5D=fundingSources&appends%5B%5D=location&appends%5B%5D=location.region&appends%5B%5D=location.district&appends%5B%5D=location.chiefdom&appends%5B%5D=mda&filterByTk=1","reqId":"d8c76420-27ab-49ba-8de7-71fc93543202","timestamp":"2024-02-29T16:02:36.056Z"}
{"can":null,"level":"info","message":"ctx permission","reqId":"d8c76420-27ab-49ba-8de7-71fc93543202","skip":true,"timestamp":"2024-02-29T16:02:36.090Z"}
{"level":"info","message":"acl params","reqId":"d8c76420-27ab-49ba-8de7-71fc93543202","timestamp":"2024-02-29T16:02:36.091Z"}
{"level":"info","message":"acl parsedParams","reqId":"d8c76420-27ab-49ba-8de7-71fc93543202","timestamp":"2024-02-29T16:02:36.091Z"}
{"level":"info","message":"END: GET /api/hundredDaysPlan:get?appends%5B%5D=subactivities&appends%5B%5D=implementingPartners&appends%5B%5D=fundingSources&appends%5B%5D=location&appends%5B%5D=location.region&appends%5B%5D=location.district&appends%5B%5D=location.chiefdom&appends%5B%5D=mda&filterByTk=1","req":{"action":{"actionName":"get","params":{"actionName":"get","appends":["subactivities","implementingPartners","fundingSources","location","location.region","location.district","location.chiefdom","mda"],"filterByTk":"1","resourceName":"hundredDaysPlan"},"resourceName":"hundredDaysPlan"},"header":{"x-hostname":"cmreport.dsti.gov.sl","x-locale":"en-US","x-role":"root","x-timezone":"-00:00"}},"reqId":"d8c76420-27ab-49ba-8de7-71fc93543202","res":{"status":200},"responseTime":68,"timestamp":"2024-02-29T16:02:36.123Z"}
{"level":"info","message":"BEGIN: GET /api/ministry:list?pageSize=200&filter=%7B%7D","reqId":"0fa27232-438d-41d2-a95d-95e8ef6536ef","timestamp":"2024-02-29T16:02:53.939Z"}
{"can":null,"level":"info","message":"ctx permission","reqId":"0fa27232-438d-41d2-a95d-95e8ef6536ef","skip":true,"timestamp":"2024-02-29T16:02:53.954Z"}
{"level":"info","message":"acl params","reqId":"0fa27232-438d-41d2-a95d-95e8ef6536ef","timestamp":"2024-02-29T16:02:53.955Z"}
{"level":"info","message":"acl parsedParams","reqId":"0fa27232-438d-41d2-a95d-95e8ef6536ef","timestamp":"2024-02-29T16:02:53.955Z"}
{"level":"info","message":"END: GET /api/ministry:list?pageSize=200&filter=%7B%7D","req":{"action":{"actionName":"list","params":{"actionName":"list","filter":{},"pageSize":"200","resourceName":"ministry"},"resourceName":"ministry"},"header":{"x-hostname":"cmreport.dsti.gov.sl","x-locale":"en-US","x-role":"root","x-timezone":"-00:00"}},"reqId":"0fa27232-438d-41d2-a95d-95e8ef6536ef","res":{"status":200},"responseTime":72,"timestamp":"2024-02-29T16:02:54.011Z"}
{"level":"info","message":"BEGIN: GET /api/hundredDaysPlan:get?appends%5B%5D=subactivities&appends%5B%5D=implementingPartners&appends%5B%5D=fundingSources&appends%5B%5D=location&appends%5B%5D=location.region&appends%5B%5D=location.district&appends%5B%5D=location.chiefdom&appends%5B%5D=mda&filterByTk=2","reqId":"830c3744-6dac-4df4-9211-4cd47a67af88","timestamp":"2024-02-29T16:03:02.138Z"}
{"can":null,"level":"info","message":"ctx permission","reqId":"830c3744-6dac-4df4-9211-4cd47a67af88","skip":true,"timestamp":"2024-02-29T16:03:02.187Z"}
{"level":"info","message":"acl params","reqId":"830c3744-6dac-4df4-9211-4cd47a67af88","timestamp":"2024-02-29T16:03:02.193Z"}
{"level":"info","message":"acl parsedParams","reqId":"830c3744-6dac-4df4-9211-4cd47a67af88","timestamp":"2024-02-29T16:03:02.194Z"}
{"level":"info","message":"END: GET /api/hundredDaysPlan:get?appends%5B%5D=subactivities&appends%5B%5D=implementingPartners&appends%5B%5D=fundingSources&appends%5B%5D=location&appends%5B%5D=location.region&appends%5B%5D=location.district&appends%5B%5D=location.chiefdom&appends%5B%5D=mda&filterByTk=2","req":{"action":{"actionName":"get","params":{"actionName":"get","appends":["subactivities","implementingPartners","fundingSources","location","location.region","location.district","location.chiefdom","mda"],"filterByTk":"2","resourceName":"hundredDaysPlan"},"resourceName":"hundredDaysPlan"},"header":{"x-hostname":"cmreport.dsti.gov.sl","x-locale":"en-US","x-role":"root","x-timezone":"-00:00"}},"reqId":"830c3744-6dac-4df4-9211-4cd47a67af88","res":{"status":200},"responseTime":92,"timestamp":"2024-02-29T16:03:02.231Z"}
{"level":"info","message":"BEGIN: GET /api/uiSchemas:getProperties/e3scz0024np","reqId":"74d5e094-7fbc-45cb-b77a-4e67e8e4bdd0","timestamp":"2024-02-29T16:03:09.468Z"}
{"can":{"action":"getProperties","resource":"uiSchemas","role":"root"},"level":"info","message":"ctx permission","reqId":"74d5e094-7fbc-45cb-b77a-4e67e8e4bdd0","skip":true,"timestamp":"2024-02-29T16:03:09.495Z"}
{"level":"info","message":"acl params","reqId":"74d5e094-7fbc-45cb-b77a-4e67e8e4bdd0","timestamp":"2024-02-29T16:03:09.495Z"}
{"level":"info","message":"acl parsedParams","reqId":"74d5e094-7fbc-45cb-b77a-4e67e8e4bdd0","timestamp":"2024-02-29T16:03:09.496Z"}
{"level":"info","message":"END: GET /api/uiSchemas:getProperties/e3scz0024np","req":{"action":{"actionName":"getProperties","params":{"actionName":"getProperties","filterByTk":"e3scz0024np","resourceIndex":"e3scz0024np","resourceName":"uiSchemas"},"resourceName":"uiSchemas"},"header":{"x-hostname":"cmreport.dsti.gov.sl","x-locale":"en-US","x-role":"root","x-timezone":"-00:00"}},"reqId":"74d5e094-7fbc-45cb-b77a-4e67e8e4bdd0","res":{"status":200},"responseTime":55,"timestamp":"2024-02-29T16:03:09.523Z"}
{"level":"info","message":"BEGIN: GET /api/activity:list?pageSize=20","reqId":"6e5f3fad-e7ac-4a43-8617-8d25d52bfcdc","timestamp":"2024-02-29T16:03:09.876Z"}
{"can":null,"level":"info","message":"ctx permission","reqId":"6e5f3fad-e7ac-4a43-8617-8d25d52bfcdc","skip":true,"timestamp":"2024-02-29T16:03:09.908Z"}
{"level":"info","message":"acl params","reqId":"6e5f3fad-e7ac-4a43-8617-8d25d52bfcdc","timestamp":"2024-02-29T16:03:09.908Z"}
{"level":"info","message":"acl parsedParams","reqId":"6e5f3fad-e7ac-4a43-8617-8d25d52bfcdc","timestamp":"2024-02-29T16:03:09.908Z"}
{"level":"info","message":"END: GET /api/activity:list?pageSize=20","req":{"action":{"actionName":"list","params":{"actionName":"list","pageSize":"20","resourceName":"activity"},"resourceName":"activity"},"header":{"x-hostname":"cmreport.dsti.gov.sl","x-locale":"en-US","x-role":"root","x-timezone":"-00:00"}},"reqId":"6e5f3fad-e7ac-4a43-8617-8d25d52bfcdc","res":{"status":200},"responseTime":67,"timestamp":"2024-02-29T16:03:09.943Z"}
{"level":"info","message":"BEGIN: GET /api/activity:list?tree=true&paginate=false&sort=startDate","reqId":"b5acbdf6-8d66-45ff-974a-fe5f3420055f","timestamp":"2024-02-29T16:03:09.949Z"}
{"can":null,"level":"info","message":"ctx permission","reqId":"b5acbdf6-8d66-45ff-974a-fe5f3420055f","skip":true,"timestamp":"2024-02-29T16:03:09.966Z"}
{"level":"info","message":"acl params","reqId":"b5acbdf6-8d66-45ff-974a-fe5f3420055f","timestamp":"2024-02-29T16:03:09.966Z"}
{"level":"info","message":"acl parsedParams","reqId":"b5acbdf6-8d66-45ff-974a-fe5f3420055f","timestamp":"2024-02-29T16:03:09.966Z"}
{"level":"info","message":"END: GET /api/activity:list?tree=true&paginate=false&sort=startDate","req":{"action":{"actionName":"list","params":{"actionName":"list","paginate":"false","resourceName":"activity","sort":["startDate"],"tree":"true"},"resourceName":"activity"},"header":{"x-hostname":"cmreport.dsti.gov.sl","x-locale":"en-US","x-role":"root","x-timezone":"-00:00"}},"reqId":"b5acbdf6-8d66-45ff-974a-fe5f3420055f","res":{"status":200},"responseTime":30,"timestamp":"2024-02-29T16:03:09.979Z"}
{"level":"info","message":"BEGIN: GET /api/activity:list?tree=true&paginate=false&sort=startDate","reqId":"ad16e702-e1c6-4c3e-89be-69b8e9aca267","timestamp":"2024-02-29T16:03:10.121Z"}
{"can":null,"level":"info","message":"ctx permission","reqId":"ad16e702-e1c6-4c3e-89be-69b8e9aca267","skip":true,"timestamp":"2024-02-29T16:03:10.152Z"}
{"level":"info","message":"acl params","reqId":"ad16e702-e1c6-4c3e-89be-69b8e9aca267","timestamp":"2024-02-29T16:03:10.161Z"}
{"level":"info","message":"acl parsedParams","reqId":"ad16e702-e1c6-4c3e-89be-69b8e9aca267","timestamp":"2024-02-29T16:03:10.161Z"}
{"level":"info","message":"END: GET /api/activity:list?tree=true&paginate=false&sort=startDate","req":{"action":{"actionName":"list","params":{"actionName":"list","paginate":"false","resourceName":"activity","sort":["startDate"],"tree":"true"},"resourceName":"activity"},"header":{"x-hostname":"cmreport.dsti.gov.sl","x-locale":"en-US","x-role":"root","x-timezone":"-00:00"}},"reqId":"ad16e702-e1c6-4c3e-89be-69b8e9aca267","res":{"status":200},"responseTime":85,"timestamp":"2024-02-29T16:03:10.206Z"}
{"level":"info","message":"BEGIN: GET /api/uiSchemas:getProperties/az2o29vm9xq","reqId":"6b9cc0ca-81a5-4971-aab2-47332684633f","timestamp":"2024-02-29T16:05:22.775Z"}
{"can":{"action":"getProperties","resource":"uiSchemas","role":"root"},"level":"info","message":"ctx permission","reqId":"6b9cc0ca-81a5-4971-aab2-47332684633f","skip":true,"timestamp":"2024-02-29T16:05:22.799Z"}
{"level":"info","message":"acl params","reqId":"6b9cc0ca-81a5-4971-aab2-47332684633f","timestamp":"2024-02-29T16:05:22.800Z"}
{"level":"info","message":"acl parsedParams","reqId":"6b9cc0ca-81a5-4971-aab2-47332684633f","timestamp":"2024-02-29T16:05:22.800Z"}
{"level":"info","message":"END: GET /api/uiSchemas:getProperties/az2o29vm9xq","req":{"action":{"actionName":"getProperties","params":{"actionName":"getProperties","filterByTk":"az2o29vm9xq","resourceIndex":"az2o29vm9xq","resourceName":"uiSchemas"},"resourceName":"uiSchemas"},"header":{"x-hostname":"cmreport.dsti.gov.sl","x-locale":"en-US","x-role":"root","x-timezone":"-00:00"}},"reqId":"6b9cc0ca-81a5-4971-aab2-47332684633f","res":{"status":200},"responseTime":38,"timestamp":"2024-02-29T16:05:22.813Z"}
{"level":"info","message":"BEGIN: GET /api/donor:list?pageSize=20","reqId":"8ae8e47b-204f-4e60-8773-2036aed7de01","timestamp":"2024-02-29T16:05:23.112Z"}
{"can":null,"level":"info","message":"ctx permission","reqId":"8ae8e47b-204f-4e60-8773-2036aed7de01","skip":true,"timestamp":"2024-02-29T16:05:23.145Z"}
{"level":"info","message":"acl params","reqId":"8ae8e47b-204f-4e60-8773-2036aed7de01","timestamp":"2024-02-29T16:05:23.145Z"}
{"level":"info","message":"acl parsedParams","reqId":"8ae8e47b-204f-4e60-8773-2036aed7de01","timestamp":"2024-02-29T16:05:23.145Z"}
{"level":"info","message":"END: GET /api/donor:list?pageSize=20","req":{"action":{"actionName":"list","params":{"actionName":"list","pageSize":"20","resourceName":"donor"},"resourceName":"donor"},"header":{"x-hostname":"cmreport.dsti.gov.sl","x-locale":"en-US","x-role":"root","x-timezone":"-00:00"}},"reqId":"8ae8e47b-204f-4e60-8773-2036aed7de01","res":{"status":200},"responseTime":54,"timestamp":"2024-02-29T16:05:23.166Z"}
{"level":"info","message":"BEGIN: GET /api/uiSchemas:getProperties/ox75xnuk00s","reqId":"8c156500-fbf4-4cbe-8413-9b379b9da63d","timestamp":"2024-02-29T16:05:30.666Z"}
{"can":{"action":"getProperties","resource":"uiSchemas","role":"root"},"level":"info","message":"ctx permission","reqId":"8c156500-fbf4-4cbe-8413-9b379b9da63d","skip":true,"timestamp":"2024-02-29T16:05:30.728Z"}
{"level":"info","message":"acl params","reqId":"8c156500-fbf4-4cbe-8413-9b379b9da63d","timestamp":"2024-02-29T16:05:30.729Z"}
{"level":"info","message":"acl parsedParams","reqId":"8c156500-fbf4-4cbe-8413-9b379b9da63d","timestamp":"2024-02-29T16:05:30.730Z"}
{"level":"info","message":"END: GET /api/uiSchemas:getProperties/ox75xnuk00s","req":{"action":{"actionName":"getProperties","params":{"actionName":"getProperties","filterByTk":"ox75xnuk00s","resourceIndex":"ox75xnuk00s","resourceName":"uiSchemas"},"resourceName":"uiSchemas"},"header":{"x-hostname":"cmreport.dsti.gov.sl","x-locale":"en-US","x-role":"root","x-timezone":"-00:00"}},"reqId":"8c156500-fbf4-4cbe-8413-9b379b9da63d","res":{"status":200},"responseTime":137,"timestamp":"2024-02-29T16:05:30.803Z"}
{"level":"info","message":"BEGIN: GET /api/users:list?pageSize=20&appends%5B%5D=ministry&appends%5B%5D=roles","reqId":"9243c415-0cae-4cc3-b36d-2f75289bf285","timestamp":"2024-02-29T16:05:31.059Z"}
{"can":null,"level":"info","message":"ctx permission","reqId":"9243c415-0cae-4cc3-b36d-2f75289bf285","skip":true,"timestamp":"2024-02-29T16:05:31.091Z"}
{"level":"info","message":"acl params","reqId":"9243c415-0cae-4cc3-b36d-2f75289bf285","timestamp":"2024-02-29T16:05:31.109Z"}
{"level":"info","message":"acl parsedParams","reqId":"9243c415-0cae-4cc3-b36d-2f75289bf285","timestamp":"2024-02-29T16:05:31.110Z"}
{"level":"info","message":"END: GET /api/users:list?pageSize=20&appends%5B%5D=ministry&appends%5B%5D=roles","req":{"action":{"actionName":"list","params":{"actionName":"list","appends":["ministry","roles"],"pageSize":"20","resourceName":"users"},"resourceName":"users"},"header":{"x-hostname":"cmreport.dsti.gov.sl","x-locale":"en-US","x-role":"root","x-timezone":"-00:00"}},"reqId":"9243c415-0cae-4cc3-b36d-2f75289bf285","res":{"status":200},"responseTime":123,"timestamp":"2024-02-29T16:05:31.182Z"}
{"level":"info","message":"BEGIN: GET /api/uiSchemas:getJsonSchema/k7xvwwpbjco","reqId":"bf4c3d47-a8fc-40d7-bec1-2c3d0c3e3c58","timestamp":"2024-02-29T16:13:03.833Z"}
{"can":null,"level":"info","message":"ctx permission","reqId":"bf4c3d47-a8fc-40d7-bec1-2c3d0c3e3c58","skip":true,"timestamp":"2024-02-29T16:13:03.863Z"}
{"level":"info","message":"acl params","reqId":"bf4c3d47-a8fc-40d7-bec1-2c3d0c3e3c58","timestamp":"2024-02-29T16:13:03.864Z"}
{"level":"info","message":"acl parsedParams","reqId":"bf4c3d47-a8fc-40d7-bec1-2c3d0c3e3c58","timestamp":"2024-02-29T16:13:03.864Z"}
{"level":"info","message":"END: GET /api/uiSchemas:getJsonSchema/k7xvwwpbjco","req":{"action":{"actionName":"getJsonSchema","params":{"actionName":"getJsonSchema","filterByTk":"k7xvwwpbjco","resourceIndex":"k7xvwwpbjco","resourceName":"uiSchemas"},"resourceName":"uiSchemas"},"header":{"x-hostname":"cmreport.dsti.gov.sl","x-locale":"en-US","x-role":"root","x-timezone":"-00:00"}},"reqId":"bf4c3d47-a8fc-40d7-bec1-2c3d0c3e3c58","res":{"status":200},"responseTime":34,"timestamp":"2024-02-29T16:13:03.867Z"}
{"level":"info","message":"BEGIN: GET /api/roles:list?pageSize=200&filter=%7B%7D","reqId":"83580384-bd8e-4316-a042-5c72ff2062ec","timestamp":"2024-02-29T16:14:59.323Z"}
{"can":{"action":"list","resource":"roles","role":"root"},"level":"info","message":"ctx permission","reqId":"83580384-bd8e-4316-a042-5c72ff2062ec","skip":true,"timestamp":"2024-02-29T16:14:59.351Z"}
{"level":"info","message":"acl params","reqId":"83580384-bd8e-4316-a042-5c72ff2062ec","timestamp":"2024-02-29T16:14:59.352Z"}
{"level":"info","message":"acl parsedParams","reqId":"83580384-bd8e-4316-a042-5c72ff2062ec","timestamp":"2024-02-29T16:14:59.352Z"}
{"level":"info","message":"END: GET /api/roles:list?pageSize=200&filter=%7B%7D","req":{"action":{"actionName":"list","params":{"actionName":"list","filter":{"$and":[{},{"name.$ne":"anonymous"}]},"pageSize":"200","resourceName":"roles"},"resourceName":"roles"},"header":{"x-hostname":"cmreport.dsti.gov.sl","x-locale":"en-US","x-role":"root","x-timezone":"-00:00"}},"reqId":"83580384-bd8e-4316-a042-5c72ff2062ec","res":{"status":200},"responseTime":58,"timestamp":"2024-02-29T16:14:59.381Z"}
{"level":"info","message":"BEGIN: POST /api/users:create","reqId":"dae91c77-5cff-4718-96bb-d480ba5579c0","timestamp":"2024-02-29T16:15:18.298Z"}
{"can":null,"level":"info","message":"ctx permission","reqId":"dae91c77-5cff-4718-96bb-d480ba5579c0","skip":true,"timestamp":"2024-02-29T16:15:18.336Z"}
{"level":"info","message":"acl params","reqId":"dae91c77-5cff-4718-96bb-d480ba5579c0","timestamp":"2024-02-29T16:15:18.345Z"}
{"level":"info","message":"acl parsedParams","reqId":"dae91c77-5cff-4718-96bb-d480ba5579c0","timestamp":"2024-02-29T16:15:18.345Z"}
{"errors":[{"instance":{"createdAt":"2024-02-29T16:15:18.354Z","createdById":1,"email":"snr.compliance.specialist@mocti.gov.sl","id":null,"nickname":"Edward Sannoh","phone":"23278426001","systemSettings":{},"updatedAt":"2024-02-29T16:15:18.354Z","updatedById":1},"message":"phone must be unique","origin":"DB","path":"phone","type":"unique violation","validatorArgs":[],"validatorKey":"not_unique","validatorName":null,"value":"23278426001"}],"fields":["phone"],"headers":{"Access-Control-Allow-Origin":"https://cmreport.dsti.gov.sl","Access-Control-Expose-Headers":"content-disposition","vary":"Origin"},"level":"error","message":"Validation error","name":"SequelizeUniqueConstraintError","original":{"code":"SQLITE_CONSTRAINT","errno":19,"sql":"INSERT INTO `users` (`createdAt`,`updatedAt`,`createdById`,`email`,`id`,`nickname`,`password`,`phone`,`sort`,`systemSettings`,`updatedById`) VALUES ($1,$2,$3,$4,NULL,$5,$6,$7,$8,$9,$10);"},"parent":{"code":"SQLITE_CONSTRAINT","errno":19,"sql":"INSERT INTO `users` (`createdAt`,`updatedAt`,`createdById`,`email`,`id`,`nickname`,`password`,`phone`,`sort`,`systemSettings`,`updatedById`) VALUES ($1,$2,$3,$4,NULL,$5,$6,$7,$8,$9,$10);"},"reqId":"dae91c77-5cff-4718-96bb-d480ba5579c0","sql":"INSERT INTO `users` (`createdAt`,`updatedAt`,`createdById`,`email`,`id`,`nickname`,`password`,`phone`,`sort`,`systemSettings`,`updatedById`) VALUES ($1,$2,$3,$4,NULL,$5,$6,$7,$8,$9,$10);","stack":"Error\n    at Database.<anonymous> (/root/my-nocobase-app/node_modules/sequelize/lib/dialects/sqlite/query.js:185:27)\n    at /root/my-nocobase-app/node_modules/sequelize/lib/dialects/sqlite/query.js:183:50\n    at new Promise (<anonymous>)\n    at Query.run (/root/my-nocobase-app/node_modules/sequelize/lib/dialects/sqlite/query.js:183:12)\n    at /root/my-nocobase-app/node_modules/sequelize/lib/sequelize.js:315:28\n    at async SQLiteQueryInterface.insert (/root/my-nocobase-app/node_modules/sequelize/lib/dialects/abstract/query-interface.js:308:21)\n    at async model.save (/root/my-nocobase-app/node_modules/sequelize/lib/model.js:2490:35)\n    at async Function.create (/root/my-nocobase-app/node_modules/sequelize/lib/model.js:1362:12)","timestamp":"2024-02-29T16:15:18.565Z"}
{"errors":[{"message":"Phone must be unique"}],"level":"warn","message":"END: POST /api/users:create","req":{"action":{"actionName":"create","params":{"actionName":"create","resourceName":"users","values":{"email":"snr.compliance.specialist@mocti.gov.sl","nickname":"Edward Sannoh","password":"es@2024","phone":"23278426001","roles":[{"allowConfigure":null,"allowNewMenu":null,"createdAt":"2023-08-23T08:58:09.121Z","default":false,"description":null,"hidden":false,"name":"ictAdmin","snippets":["!app","!pm","!pm.*","ui.*"],"strategy":{"actions":["create","view","update","export","importXlsx","destroy"]},"title":"ICT Admin","updatedAt":"2023-08-29T09:07:07.918Z"}]}},"resourceName":"users"},"header":{"x-hostname":"cmreport.dsti.gov.sl","x-locale":"en-US","x-role":"root","x-timezone":"-00:00"}},"reqId":"dae91c77-5cff-4718-96bb-d480ba5579c0","res":{"status":400},"responseTime":277,"timestamp":"2024-02-29T16:15:18.575Z"}
{"level":"info","message":"BEGIN: GET /api/users:list?pageSize=20&appends%5B%5D=ministry&appends%5B%5D=roles&page=2","reqId":"0736e476-3906-42c8-94f9-750ff85048db","timestamp":"2024-02-29T16:15:42.085Z"}
{"can":null,"level":"info","message":"ctx permission","reqId":"0736e476-3906-42c8-94f9-750ff85048db","skip":true,"timestamp":"2024-02-29T16:15:42.114Z"}
{"level":"info","message":"acl params","reqId":"0736e476-3906-42c8-94f9-750ff85048db","timestamp":"2024-02-29T16:15:42.115Z"}
{"level":"info","message":"acl parsedParams","reqId":"0736e476-3906-42c8-94f9-750ff85048db","timestamp":"2024-02-29T16:15:42.115Z"}
{"level":"info","message":"END: GET /api/users:list?pageSize=20&appends%5B%5D=ministry&appends%5B%5D=roles&page=2","req":{"action":{"actionName":"list","params":{"actionName":"list","appends":["ministry","roles"],"page":"2","pageSize":"20","resourceName":"users"},"resourceName":"users"},"header":{"x-hostname":"cmreport.dsti.gov.sl","x-locale":"en-US","x-role":"root","x-timezone":"-00:00"}},"reqId":"0736e476-3906-42c8-94f9-750ff85048db","res":{"status":200},"responseTime":97,"timestamp":"2024-02-29T16:15:42.182Z"}
{"level":"info","message":"BEGIN: GET /api/users:list?pageSize=20&appends%5B%5D=ministry&appends%5B%5D=roles&page=3","reqId":"4251c100-37e2-4e6f-8021-77d5fb5764a5","timestamp":"2024-02-29T16:16:05.088Z"}
{"can":null,"level":"info","message":"ctx permission","reqId":"4251c100-37e2-4e6f-8021-77d5fb5764a5","skip":true,"timestamp":"2024-02-29T16:16:05.118Z"}
{"level":"info","message":"acl params","reqId":"4251c100-37e2-4e6f-8021-77d5fb5764a5","timestamp":"2024-02-29T16:16:05.119Z"}
{"level":"info","message":"acl parsedParams","reqId":"4251c100-37e2-4e6f-8021-77d5fb5764a5","timestamp":"2024-02-29T16:16:05.119Z"}
{"level":"info","message":"END: GET /api/users:list?pageSize=20&appends%5B%5D=ministry&appends%5B%5D=roles&page=3","req":{"action":{"actionName":"list","params":{"actionName":"list","appends":["ministry","roles"],"page":"3","pageSize":"20","resourceName":"users"},"resourceName":"users"},"header":{"x-hostname":"cmreport.dsti.gov.sl","x-locale":"en-US","x-role":"root","x-timezone":"-00:00"}},"reqId":"4251c100-37e2-4e6f-8021-77d5fb5764a5","res":{"status":200},"responseTime":73,"timestamp":"2024-02-29T16:16:05.161Z"}
{"level":"info","message":"BEGIN: GET /api/users:list?pageSize=20&appends%5B%5D=ministry&appends%5B%5D=roles&page=4","reqId":"17dd0983-a8f6-4778-b2c7-ea44eb86e696","timestamp":"2024-02-29T16:16:14.811Z"}
{"can":null,"level":"info","message":"ctx permission","reqId":"17dd0983-a8f6-4778-b2c7-ea44eb86e696","skip":true,"timestamp":"2024-02-29T16:16:14.862Z"}
{"level":"info","message":"acl params","reqId":"17dd0983-a8f6-4778-b2c7-ea44eb86e696","timestamp":"2024-02-29T16:16:14.863Z"}
{"level":"info","message":"acl parsedParams","reqId":"17dd0983-a8f6-4778-b2c7-ea44eb86e696","timestamp":"2024-02-29T16:16:14.864Z"}
{"level":"info","message":"END: GET /api/users:list?pageSize=20&appends%5B%5D=ministry&appends%5B%5D=roles&page=4","req":{"action":{"actionName":"list","params":{"actionName":"list","appends":["ministry","roles"],"page":"4","pageSize":"20","resourceName":"users"},"resourceName":"users"},"header":{"x-hostname":"cmreport.dsti.gov.sl","x-locale":"en-US","x-role":"root","x-timezone":"-00:00"}},"reqId":"17dd0983-a8f6-4778-b2c7-ea44eb86e696","res":{"status":200},"responseTime":131,"timestamp":"2024-02-29T16:16:14.942Z"}
{"level":"info","message":"BEGIN: GET /api/users:get?filterByTk=70","reqId":"05041f29-2083-4138-974f-b1876c7284f9","timestamp":"2024-02-29T16:16:24.404Z"}
{"can":null,"level":"info","message":"ctx permission","reqId":"05041f29-2083-4138-974f-b1876c7284f9","skip":true,"timestamp":"2024-02-29T16:16:24.438Z"}
{"level":"info","message":"acl params","reqId":"05041f29-2083-4138-974f-b1876c7284f9","timestamp":"2024-02-29T16:16:24.449Z"}
{"level":"info","message":"acl parsedParams","reqId":"05041f29-2083-4138-974f-b1876c7284f9","timestamp":"2024-02-29T16:16:24.449Z"}
{"level":"info","message":"END: GET /api/users:get?filterByTk=70","req":{"action":{"actionName":"get","params":{"actionName":"get","filterByTk":"70","resourceName":"users"},"resourceName":"users"},"header":{"x-hostname":"cmreport.dsti.gov.sl","x-locale":"en-US","x-role":"root","x-timezone":"-00:00"}},"reqId":"05041f29-2083-4138-974f-b1876c7284f9","res":{"status":200},"responseTime":58,"timestamp":"2024-02-29T16:16:24.462Z"}
{"level":"info","message":"BEGIN: GET /api/uiSchemas:getJsonSchema/k7xvwwpbjco","reqId":"0d03a296-95ea-464a-b7ed-3ba22f856ba8","timestamp":"2024-02-29T16:16:24.738Z"}
{"can":null,"level":"info","message":"ctx permission","reqId":"0d03a296-95ea-464a-b7ed-3ba22f856ba8","skip":true,"timestamp":"2024-02-29T16:16:24.783Z"}
{"level":"info","message":"acl params","reqId":"0d03a296-95ea-464a-b7ed-3ba22f856ba8","timestamp":"2024-02-29T16:16:24.784Z"}
{"level":"info","message":"acl parsedParams","reqId":"0d03a296-95ea-464a-b7ed-3ba22f856ba8","timestamp":"2024-02-29T16:16:24.785Z"}
{"level":"info","message":"END: GET /api/uiSchemas:getJsonSchema/k7xvwwpbjco","req":{"action":{"actionName":"getJsonSchema","params":{"actionName":"getJsonSchema","filterByTk":"k7xvwwpbjco","resourceIndex":"k7xvwwpbjco","resourceName":"uiSchemas"},"resourceName":"uiSchemas"},"header":{"x-hostname":"cmreport.dsti.gov.sl","x-locale":"en-US","x-role":"root","x-timezone":"-00:00"}},"reqId":"0d03a296-95ea-464a-b7ed-3ba22f856ba8","res":{"status":200},"responseTime":47,"timestamp":"2024-02-29T16:16:24.785Z"}
{"level":"info","message":"BEGIN: GET /api/users:get?appends%5B%5D=roles&appends%5B%5D=ministry&filterByTk=70","reqId":"513b371a-4d6f-4acb-8991-3934bbc0f02e","timestamp":"2024-02-29T16:16:25.178Z"}
{"can":null,"level":"info","message":"ctx permission","reqId":"513b371a-4d6f-4acb-8991-3934bbc0f02e","skip":true,"timestamp":"2024-02-29T16:16:25.208Z"}
{"level":"info","message":"acl params","reqId":"513b371a-4d6f-4acb-8991-3934bbc0f02e","timestamp":"2024-02-29T16:16:25.209Z"}
{"level":"info","message":"acl parsedParams","reqId":"513b371a-4d6f-4acb-8991-3934bbc0f02e","timestamp":"2024-02-29T16:16:25.209Z"}
{"level":"info","message":"END: GET /api/users:get?appends%5B%5D=roles&appends%5B%5D=ministry&filterByTk=70","req":{"action":{"actionName":"get","params":{"actionName":"get","appends":["roles","ministry"],"filterByTk":"70","resourceName":"users"},"resourceName":"users"},"header":{"x-hostname":"cmreport.dsti.gov.sl","x-locale":"en-US","x-role":"root","x-timezone":"-00:00"}},"reqId":"513b371a-4d6f-4acb-8991-3934bbc0f02e","res":{"status":200},"responseTime":63,"timestamp":"2024-02-29T16:16:25.241Z"}
{"level":"info","message":"BEGIN: GET /api/roles:list?pageSize=200&filter=%7B%7D","reqId":"cb2874f0-0327-485b-b89e-84390bbff5e6","timestamp":"2024-02-29T16:16:29.055Z"}
{"can":{"action":"list","resource":"roles","role":"root"},"level":"info","message":"ctx permission","reqId":"cb2874f0-0327-485b-b89e-84390bbff5e6","skip":true,"timestamp":"2024-02-29T16:16:29.078Z"}
{"level":"info","message":"acl params","reqId":"cb2874f0-0327-485b-b89e-84390bbff5e6","timestamp":"2024-02-29T16:16:29.078Z"}
{"level":"info","message":"acl parsedParams","reqId":"cb2874f0-0327-485b-b89e-84390bbff5e6","timestamp":"2024-02-29T16:16:29.078Z"}
{"level":"info","message":"END: GET /api/roles:list?pageSize=200&filter=%7B%7D","req":{"action":{"actionName":"list","params":{"actionName":"list","filter":{"$and":[{},{"name.$ne":"anonymous"}]},"pageSize":"200","resourceName":"roles"},"resourceName":"roles"},"header":{"x-hostname":"cmreport.dsti.gov.sl","x-locale":"en-US","x-role":"root","x-timezone":"-00:00"}},"reqId":"cb2874f0-0327-485b-b89e-84390bbff5e6","res":{"status":200},"responseTime":51,"timestamp":"2024-02-29T16:16:29.107Z"}
{"level":"info","message":"BEGIN: GET /api/roles:list?pageSize=200&filter=%7B%7D","reqId":"b34088bd-4dcc-485b-8ce8-23bcc80d36c9","timestamp":"2024-02-29T16:16:33.111Z"}
{"can":{"action":"list","resource":"roles","role":"root"},"level":"info","message":"ctx permission","reqId":"b34088bd-4dcc-485b-8ce8-23bcc80d36c9","skip":true,"timestamp":"2024-02-29T16:16:33.138Z"}
{"level":"info","message":"acl params","reqId":"b34088bd-4dcc-485b-8ce8-23bcc80d36c9","timestamp":"2024-02-29T16:16:33.138Z"}
{"level":"info","message":"acl parsedParams","reqId":"b34088bd-4dcc-485b-8ce8-23bcc80d36c9","timestamp":"2024-02-29T16:16:33.139Z"}
{"level":"info","message":"END: GET /api/roles:list?pageSize=200&filter=%7B%7D","req":{"action":{"actionName":"list","params":{"actionName":"list","filter":{"$and":[{},{"name.$ne":"anonymous"}]},"pageSize":"200","resourceName":"roles"},"resourceName":"roles"},"header":{"x-hostname":"cmreport.dsti.gov.sl","x-locale":"en-US","x-role":"root","x-timezone":"-00:00"}},"reqId":"b34088bd-4dcc-485b-8ce8-23bcc80d36c9","res":{"status":200},"responseTime":73,"timestamp":"2024-02-29T16:16:33.185Z"}
{"level":"info","message":"BEGIN: GET /api/ministry:list?pageSize=200&filter=%7B%7D","reqId":"fec71479-44b3-444a-b55e-35af9fe395e6","timestamp":"2024-02-29T16:16:36.291Z"}
{"can":null,"level":"info","message":"ctx permission","reqId":"fec71479-44b3-444a-b55e-35af9fe395e6","skip":true,"timestamp":"2024-02-29T16:16:36.332Z"}
{"level":"info","message":"acl params","reqId":"fec71479-44b3-444a-b55e-35af9fe395e6","timestamp":"2024-02-29T16:16:36.332Z"}
{"level":"info","message":"acl parsedParams","reqId":"fec71479-44b3-444a-b55e-35af9fe395e6","timestamp":"2024-02-29T16:16:36.332Z"}
{"level":"info","message":"END: GET /api/ministry:list?pageSize=200&filter=%7B%7D","req":{"action":{"actionName":"list","params":{"actionName":"list","filter":{},"pageSize":"200","resourceName":"ministry"},"resourceName":"ministry"},"header":{"x-hostname":"cmreport.dsti.gov.sl","x-locale":"en-US","x-role":"root","x-timezone":"-00:00"}},"reqId":"fec71479-44b3-444a-b55e-35af9fe395e6","res":{"status":200},"responseTime":144,"timestamp":"2024-02-29T16:16:36.436Z"}
{"level":"info","message":"BEGIN: POST /api/users:update?filterByTk=70","reqId":"5de8f08f-0942-497b-b6ad-100535e5d1da","timestamp":"2024-02-29T16:16:47.313Z"}
{"can":null,"level":"info","message":"ctx permission","reqId":"5de8f08f-0942-497b-b6ad-100535e5d1da","skip":true,"timestamp":"2024-02-29T16:16:47.344Z"}
{"level":"info","message":"acl params","reqId":"5de8f08f-0942-497b-b6ad-100535e5d1da","timestamp":"2024-02-29T16:16:47.353Z"}
{"level":"info","message":"acl parsedParams","reqId":"5de8f08f-0942-497b-b6ad-100535e5d1da","timestamp":"2024-02-29T16:16:47.354Z"}
{"level":"info","message":"END: POST /api/users:update?filterByTk=70","req":{"action":{"actionName":"update","params":{"actionName":"update","filterByTk":"70","resourceName":"users","values":{"appLang":null,"createdAt":"2023-10-19T06:38:02.326Z","createdById":62,"email":"esannoh@statehouse.gov.sl","f_j3tmwm1emv0":null,"id":70,"ministry":null,"ministry_id":68,"nickname":"Edward Lansana Sannoh","phone":"23278426001","position":"ICT Manager","roles":[{"allowConfigure":null,"allowNewMenu":null,"createdAt":"2023-08-23T08:58:09.121Z","default":false,"description":null,"hidden":false,"name":"ictAdmin","snippets":["!app","!pm","!pm.*","ui.*"],"strategy":{"actions":["create","view","update","export","importXlsx","destroy"]},"title":"ICT Admin","updatedAt":"2023-08-29T09:07:07.918Z"}],"systemSettings":{},"updatedAt":"2023-10-24T11:01:25.978Z","updatedById":23}},"resourceName":"users"},"header":{"x-hostname":"cmreport.dsti.gov.sl","x-locale":"en-US","x-role":"root","x-timezone":"-00:00"}},"reqId":"5de8f08f-0942-497b-b6ad-100535e5d1da","res":{"status":200},"responseTime":118,"timestamp":"2024-02-29T16:16:47.431Z"}
{"level":"info","message":"BEGIN: GET /api/users:list?pageSize=20&appends%5B%5D=ministry&appends%5B%5D=roles&page=4","reqId":"e4ec419a-b37e-4d78-a918-4ac288c3eab0","timestamp":"2024-02-29T16:16:47.648Z"}
{"can":null,"level":"info","message":"ctx permission","reqId":"e4ec419a-b37e-4d78-a918-4ac288c3eab0","skip":true,"timestamp":"2024-02-29T16:16:47.687Z"}
{"level":"info","message":"acl params","reqId":"e4ec419a-b37e-4d78-a918-4ac288c3eab0","timestamp":"2024-02-29T16:16:47.687Z"}
{"level":"info","message":"acl parsedParams","reqId":"e4ec419a-b37e-4d78-a918-4ac288c3eab0","timestamp":"2024-02-29T16:16:47.688Z"}
{"level":"info","message":"END: GET /api/users:list?pageSize=20&appends%5B%5D=ministry&appends%5B%5D=roles&page=4","req":{"action":{"actionName":"list","params":{"actionName":"list","appends":["ministry","roles"],"page":"4","pageSize":"20","resourceName":"users"},"resourceName":"users"},"header":{"x-hostname":"cmreport.dsti.gov.sl","x-locale":"en-US","x-role":"root","x-timezone":"-00:00"}},"reqId":"e4ec419a-b37e-4d78-a918-4ac288c3eab0","res":{"status":200},"responseTime":103,"timestamp":"2024-02-29T16:16:47.751Z"}
{"level":"info","message":"BEGIN: GET /api/app:getLang?locale","reqId":"e539e436-722c-492d-9941-cf7102f47851","timestamp":"2024-02-29T16:17:44.173Z"}
{"can":null,"level":"info","message":"ctx permission","reqId":"e539e436-722c-492d-9941-cf7102f47851","skip":true,"timestamp":"2024-02-29T16:17:44.176Z"}
{"level":"info","message":"acl params","reqId":"e539e436-722c-492d-9941-cf7102f47851","timestamp":"2024-02-29T16:17:44.181Z"}
{"level":"info","message":"acl parsedParams","reqId":"e539e436-722c-492d-9941-cf7102f47851","timestamp":"2024-02-29T16:17:44.182Z"}
{"level":"info","message":"END: GET /api/app:getLang?locale","req":{"action":{"actionName":"getLang","params":{"actionName":"getLang","locale":null,"resourceName":"app"},"resourceName":"app"},"header":{"x-hostname":"cmreport.dsti.gov.sl","x-timezone":"-00:00"}},"reqId":"e539e436-722c-492d-9941-cf7102f47851","res":{"status":200},"responseTime":18,"timestamp":"2024-02-29T16:17:44.191Z"}
{"level":"info","message":"BEGIN: GET /api/app:getPlugins","reqId":"97164b1e-30cf-470a-8a8c-071fd5e1dc98","timestamp":"2024-02-29T16:17:44.519Z"}
{"can":null,"level":"info","message":"ctx permission","reqId":"97164b1e-30cf-470a-8a8c-071fd5e1dc98","skip":true,"timestamp":"2024-02-29T16:17:44.529Z"}
{"level":"info","message":"acl params","reqId":"97164b1e-30cf-470a-8a8c-071fd5e1dc98","timestamp":"2024-02-29T16:17:44.530Z"}
{"level":"info","message":"acl parsedParams","reqId":"97164b1e-30cf-470a-8a8c-071fd5e1dc98","timestamp":"2024-02-29T16:17:44.530Z"}
{"level":"info","message":"END: GET /api/app:getPlugins","req":{"action":{"actionName":"getPlugins","params":{"actionName":"getPlugins","resourceName":"app"},"resourceName":"app"},"header":{"x-hostname":"cmreport.dsti.gov.sl","x-locale":"en-US","x-timezone":"-00:00"}},"reqId":"97164b1e-30cf-470a-8a8c-071fd5e1dc98","res":{"status":200},"responseTime":26,"timestamp":"2024-02-29T16:17:44.546Z"}
{"level":"info","message":"BEGIN: GET /api/plugins/client/@nocobase/plugin-ui-schema-storage/index.js","reqId":"09a47e03-ac1a-497e-a7ea-dbed0e43e232","timestamp":"2024-02-29T16:17:44.713Z"}
{"level":"info","message":"BEGIN: GET /api/plugins/client/@nocobase/plugin-collection-manager/index.js","reqId":"12938369-7f4c-477c-80b7-562eba24c318","timestamp":"2024-02-29T16:17:44.714Z"}
{"level":"info","message":"END: GET /api/plugins/client/@nocobase/plugin-ui-schema-storage/index.js","req":{},"reqId":"09a47e03-ac1a-497e-a7ea-dbed0e43e232","res":{"status":200},"responseTime":7,"timestamp":"2024-02-29T16:17:44.720Z"}
{"level":"info","message":"END: GET /api/plugins/client/@nocobase/plugin-collection-manager/index.js","req":{},"reqId":"12938369-7f4c-477c-80b7-562eba24c318","res":{"status":200},"responseTime":12,"timestamp":"2024-02-29T16:17:44.726Z"}
{"level":"info","message":"BEGIN: GET /api/plugins/client/@nocobase/plugin-error-handler/index.js","reqId":"91b64f28-fa4b-44d8-87af-85fed119e217","timestamp":"2024-02-29T16:17:44.732Z"}
{"level":"info","message":"END: GET /api/plugins/client/@nocobase/plugin-error-handler/index.js","req":{},"reqId":"91b64f28-fa4b-44d8-87af-85fed119e217","res":{"status":200},"responseTime":4,"timestamp":"2024-02-29T16:17:44.736Z"}
{"level":"info","message":"BEGIN: GET /api/plugins/client/@nocobase/plugin-ui-routes-storage/index.js","reqId":"b61ad870-7235-4836-bf16-e8d98a10109e","timestamp":"2024-02-29T16:17:44.867Z"}
{"level":"info","message":"END: GET /api/plugins/client/@nocobase/plugin-ui-routes-storage/index.js","req":{},"reqId":"b61ad870-7235-4836-bf16-e8d98a10109e","res":{"status":200},"responseTime":3,"timestamp":"2024-02-29T16:17:44.869Z"}
{"level":"info","message":"BEGIN: GET /api/plugins/client/@nocobase/plugin-file-manager/index.js","reqId":"8af02b39-8343-46f7-90af-092322994f03","timestamp":"2024-02-29T16:17:44.885Z"}
{"level":"info","message":"END: GET /api/plugins/client/@nocobase/plugin-file-manager/index.js","req":{},"reqId":"8af02b39-8343-46f7-90af-092322994f03","res":{"status":200},"responseTime":3,"timestamp":"2024-02-29T16:17:44.919Z"}
{"level":"info","message":"BEGIN: GET /api/plugins/client/@nocobase/plugin-system-settings/index.js","reqId":"1c150b5c-49e9-441c-955f-ba9444ae71a6","timestamp":"2024-02-29T16:17:44.921Z"}
{"level":"info","message":"END: GET /api/plugins/client/@nocobase/plugin-system-settings/index.js","req":{},"reqId":"1c150b5c-49e9-441c-955f-ba9444ae71a6","res":{"status":200},"responseTime":45,"timestamp":"2024-02-29T16:17:44.966Z"}
{"level":"info","message":"BEGIN: GET /api/plugins/client/@nocobase/plugin-sequence-field/index.js","reqId":"8885a78e-1511-4552-8ba1-37b8863a42cf","timestamp":"2024-02-29T16:17:44.985Z"}
{"level":"info","message":"END: GET /api/plugins/client/@nocobase/plugin-sequence-field/index.js","req":{},"reqId":"8885a78e-1511-4552-8ba1-37b8863a42cf","res":{"status":200},"responseTime":2,"timestamp":"2024-02-29T16:17:44.987Z"}
{"level":"info","message":"BEGIN: GET /api/plugins/client/@nocobase/plugin-verification/index.js","reqId":"5cbb8981-c0e0-48e7-9fd8-a2b17728100c","timestamp":"2024-02-29T16:17:45.004Z"}
{"level":"info","message":"END: GET /api/plugins/client/@nocobase/plugin-verification/index.js","req":{},"reqId":"5cbb8981-c0e0-48e7-9fd8-a2b17728100c","res":{"status":200},"responseTime":2,"timestamp":"2024-02-29T16:17:45.006Z"}
{"level":"info","message":"BEGIN: GET /api/plugins/client/@nocobase/plugin-acl/index.js","reqId":"442e545a-9e45-41f7-a291-f1d4af1e0e9e","timestamp":"2024-02-29T16:17:45.013Z"}
{"level":"info","message":"END: GET /api/plugins/client/@nocobase/plugin-acl/index.js","req":{},"reqId":"442e545a-9e45-41f7-a291-f1d4af1e0e9e","res":{"status":200},"responseTime":3,"timestamp":"2024-02-29T16:17:45.016Z"}
{"level":"info","message":"BEGIN: GET /api/plugins/client/@nocobase/plugin-china-region/index.js","reqId":"059e1b91-557b-4af3-9f85-976d70f2efda","timestamp":"2024-02-29T16:17:45.019Z"}
{"level":"info","message":"END: GET /api/plugins/client/@nocobase/plugin-china-region/index.js","req":{},"reqId":"059e1b91-557b-4af3-9f85-976d70f2efda","res":{"status":200},"responseTime":7,"timestamp":"2024-02-29T16:17:45.026Z"}
{"level":"info","message":"BEGIN: GET /api/plugins/client/@nocobase/plugin-workflow/index.js","reqId":"fef13444-3bf0-429a-8e2c-ccf542932244","timestamp":"2024-02-29T16:17:45.085Z"}
{"level":"info","message":"END: GET /api/plugins/client/@nocobase/plugin-workflow/index.js","req":{},"reqId":"fef13444-3bf0-429a-8e2c-ccf542932244","res":{"status":200},"responseTime":15,"timestamp":"2024-02-29T16:17:45.100Z"}
{"level":"info","message":"BEGIN: GET /api/plugins/client/@nocobase/plugin-client/index.js","reqId":"2ca75b22-2ac2-454a-b119-5bd1cb05b704","timestamp":"2024-02-29T16:17:45.116Z"}
{"level":"info","message":"END: GET /api/plugins/client/@nocobase/plugin-client/index.js","req":{},"reqId":"2ca75b22-2ac2-454a-b119-5bd1cb05b704","res":{"status":200},"responseTime":3,"timestamp":"2024-02-29T16:17:45.119Z"}
{"level":"info","message":"BEGIN: GET /api/plugins/client/@nocobase/plugin-export/index.js","reqId":"78a9769d-d67f-442d-9fdf-0d8b28ca34b9","timestamp":"2024-02-29T16:17:45.126Z"}
{"level":"info","message":"END: GET /api/plugins/client/@nocobase/plugin-export/index.js","req":{},"reqId":"78a9769d-d67f-442d-9fdf-0d8b28ca34b9","res":{"status":200},"responseTime":9,"timestamp":"2024-02-29T16:17:45.135Z"}
{"level":"info","message":"BEGIN: GET /api/plugins/client/@nocobase/plugin-audit-logs/index.js","reqId":"15c6b8ca-52d3-46ec-9d5b-a46aa505a9ba","timestamp":"2024-02-29T16:17:45.159Z"}
{"level":"info","message":"BEGIN: GET /api/plugins/client/@nocobase/plugin-duplicator/index.js","reqId":"f4d0dd5e-e51a-4d9b-9928-8aa4438a410b","timestamp":"2024-02-29T16:17:45.160Z"}
{"level":"info","message":"END: GET /api/plugins/client/@nocobase/plugin-audit-logs/index.js","req":{},"reqId":"15c6b8ca-52d3-46ec-9d5b-a46aa505a9ba","res":{"status":200},"responseTime":15,"timestamp":"2024-02-29T16:17:45.174Z"}
{"level":"info","message":"END: GET /api/plugins/client/@nocobase/plugin-duplicator/index.js","req":{},"reqId":"f4d0dd5e-e51a-4d9b-9928-8aa4438a410b","res":{"status":200},"responseTime":15,"timestamp":"2024-02-29T16:17:45.175Z"}
{"level":"info","message":"BEGIN: GET /api/plugins/client/@nocobase/plugin-import/index.js","reqId":"cffd242b-db62-4217-aaa6-46a060013a82","timestamp":"2024-02-29T16:17:45.177Z"}
{"level":"info","message":"END: GET /api/plugins/client/@nocobase/plugin-import/index.js","req":{},"reqId":"cffd242b-db62-4217-aaa6-46a060013a82","res":{"status":200},"responseTime":9,"timestamp":"2024-02-29T16:17:45.186Z"}
{"level":"info","message":"BEGIN: GET /api/plugins/client/@nocobase/plugin-iframe-block/index.js","reqId":"8d647c13-916b-4e93-9d9d-f5ac5f345d1a","timestamp":"2024-02-29T16:17:45.285Z"}
{"level":"info","message":"BEGIN: GET /api/plugins/client/@nocobase/plugin-formula-field/index.js","reqId":"47933a77-e102-44b8-b337-0273d9d50c67","timestamp":"2024-02-29T16:17:45.286Z"}
{"level":"info","message":"END: GET /api/plugins/client/@nocobase/plugin-iframe-block/index.js","req":{},"reqId":"8d647c13-916b-4e93-9d9d-f5ac5f345d1a","res":{"status":200},"responseTime":3,"timestamp":"2024-02-29T16:17:45.288Z"}
{"level":"info","message":"END: GET /api/plugins/client/@nocobase/plugin-formula-field/index.js","req":{},"reqId":"47933a77-e102-44b8-b337-0273d9d50c67","res":{"status":200},"responseTime":4,"timestamp":"2024-02-29T16:17:45.291Z"}
{"level":"info","message":"BEGIN: GET /api/plugins/client/@nocobase/plugin-charts/index.js","reqId":"fc567752-fa21-44e8-92c6-c572225c57b1","timestamp":"2024-02-29T16:17:45.310Z"}
{"level":"info","message":"END: GET /api/plugins/client/@nocobase/plugin-charts/index.js","req":{},"reqId":"fc567752-fa21-44e8-92c6-c572225c57b1","res":{"status":200},"responseTime":2,"timestamp":"2024-02-29T16:17:45.312Z"}
{"level":"info","message":"BEGIN: GET /api/plugins/client/@nocobase/plugin-data-visualization/index.js","reqId":"eca0f22e-e172-4e18-874e-ba0d55e55944","timestamp":"2024-02-29T16:17:45.324Z"}
{"level":"info","message":"END: GET /api/plugins/client/@nocobase/plugin-data-visualization/index.js","req":{},"reqId":"eca0f22e-e172-4e18-874e-ba0d55e55944","res":{"status":200},"responseTime":2,"timestamp":"2024-02-29T16:17:45.326Z"}
{"level":"info","message":"BEGIN: GET /api/plugins/client/@nocobase/plugin-auth/index.js","reqId":"9b4d7665-5a67-452b-8fec-f355d1edd14f","timestamp":"2024-02-29T16:17:45.341Z"}
{"level":"info","message":"END: GET /api/plugins/client/@nocobase/plugin-auth/index.js","req":{},"reqId":"9b4d7665-5a67-452b-8fec-f355d1edd14f","res":{"status":200},"responseTime":3,"timestamp":"2024-02-29T16:17:45.344Z"}
{"level":"info","message":"BEGIN: GET /api/plugins/client/@nocobase/plugin-multi-app-manager/index.js","reqId":"ad802674-db20-4191-a957-75abf419351e","timestamp":"2024-02-29T16:17:45.445Z"}
{"level":"info","message":"END: GET /api/plugins/client/@nocobase/plugin-multi-app-manager/index.js","req":{},"reqId":"ad802674-db20-4191-a957-75abf419351e","res":{"status":200},"responseTime":2,"timestamp":"2024-02-29T16:17:45.447Z"}
{"level":"info","message":"BEGIN: GET /api/plugins/client/@nocobase/plugin-sms-auth/index.js","reqId":"544af326-5351-43e5-8954-7de00df41f1b","timestamp":"2024-02-29T16:17:45.453Z"}
{"level":"info","message":"END: GET /api/plugins/client/@nocobase/plugin-sms-auth/index.js","req":{},"reqId":"544af326-5351-43e5-8954-7de00df41f1b","res":{"status":200},"responseTime":2,"timestamp":"2024-02-29T16:17:45.455Z"}
{"level":"info","message":"BEGIN: GET /api/plugins/client/@nocobase/plugin-map/index.js","reqId":"0903d3fc-2e58-4b03-bb42-55cb50362d13","timestamp":"2024-02-29T16:17:45.517Z"}
{"level":"info","message":"END: GET /api/plugins/client/@nocobase/plugin-map/index.js","req":{},"reqId":"0903d3fc-2e58-4b03-bb42-55cb50362d13","res":{"status":200},"responseTime":2,"timestamp":"2024-02-29T16:17:45.519Z"}
{"level":"info","message":"BEGIN: GET /api/plugins/client/@nocobase/plugin-snapshot-field/index.js","reqId":"fd4f7881-7882-410e-acaa-032c20ebefa8","timestamp":"2024-02-29T16:17:45.552Z"}
{"level":"info","message":"END: GET /api/plugins/client/@nocobase/plugin-snapshot-field/index.js","req":{},"reqId":"fd4f7881-7882-410e-acaa-032c20ebefa8","res":{"status":200},"responseTime":2,"timestamp":"2024-02-29T16:17:45.554Z"}
{"level":"info","message":"BEGIN: GET /api/plugins/client/@nocobase/plugin-graph-collection-manager/index.js","reqId":"10090296-f999-4a1d-9659-db89e41839bc","timestamp":"2024-02-29T16:17:45.581Z"}
{"level":"info","message":"END: GET /api/plugins/client/@nocobase/plugin-graph-collection-manager/index.js","req":{},"reqId":"10090296-f999-4a1d-9659-db89e41839bc","res":{"status":200},"responseTime":2,"timestamp":"2024-02-29T16:17:45.583Z"}
{"level":"info","message":"BEGIN: GET /api/plugins/client/@nocobase/plugin-mobile-client/index.js","reqId":"f830310d-9983-4fc3-8900-dceaa8e88504","timestamp":"2024-02-29T16:17:45.667Z"}
{"level":"info","message":"BEGIN: GET /api/plugins/client/@nocobase/plugin-api-keys/index.js","reqId":"efc994c9-995c-406b-918d-855b8c6596b2","timestamp":"2024-02-29T16:17:45.677Z"}
{"level":"info","message":"END: GET /api/plugins/client/@nocobase/plugin-mobile-client/index.js","req":{},"reqId":"f830310d-9983-4fc3-8900-dceaa8e88504","res":{"status":200},"responseTime":42,"timestamp":"2024-02-29T16:17:45.709Z"}
{"level":"info","message":"END: GET /api/plugins/client/@nocobase/plugin-api-keys/index.js","req":{},"reqId":"efc994c9-995c-406b-918d-855b8c6596b2","res":{"status":200},"responseTime":45,"timestamp":"2024-02-29T16:17:45.723Z"}
{"level":"info","message":"BEGIN: GET /api/plugins/client/@nocobase/plugin-theme-editor/index.js","reqId":"2e8ea856-5068-4bb2-8557-90c10126f002","timestamp":"2024-02-29T16:17:45.748Z"}
{"level":"info","message":"END: GET /api/plugins/client/@nocobase/plugin-theme-editor/index.js","req":{},"reqId":"2e8ea856-5068-4bb2-8557-90c10126f002","res":{"status":200},"responseTime":37,"timestamp":"2024-02-29T16:17:45.785Z"}
{"level":"info","message":"BEGIN: GET /api/auth:check","reqId":"0bb33d46-81ad-44a1-98a3-26d89e9235c8","timestamp":"2024-02-29T16:17:46.565Z"}
{"can":null,"level":"info","message":"ctx permission","reqId":"0bb33d46-81ad-44a1-98a3-26d89e9235c8","skip":true,"timestamp":"2024-02-29T16:17:46.568Z"}
{"level":"info","message":"acl params","reqId":"0bb33d46-81ad-44a1-98a3-26d89e9235c8","timestamp":"2024-02-29T16:17:46.568Z"}
{"level":"info","message":"acl parsedParams","reqId":"0bb33d46-81ad-44a1-98a3-26d89e9235c8","timestamp":"2024-02-29T16:17:46.569Z"}
{"level":"info","message":"END: GET /api/auth:check","req":{"action":{"actionName":"check","params":{"actionName":"check","resourceName":"auth"},"resourceName":"auth"},"header":{"x-hostname":"cmreport.dsti.gov.sl","x-locale":"en-US","x-timezone":"-00:00"}},"reqId":"0bb33d46-81ad-44a1-98a3-26d89e9235c8","res":{"status":200},"responseTime":4,"timestamp":"2024-02-29T16:17:46.569Z"}
{"level":"info","message":"BEGIN: GET /api/uiSchemaTemplates:list?appends%5B%5D=collection&paginate=false","reqId":"bd6f835b-5daf-4eef-a83c-36ea6f4fdd7b","timestamp":"2024-02-29T16:17:46.749Z"}
{"can":null,"level":"info","message":"ctx permission","reqId":"bd6f835b-5daf-4eef-a83c-36ea6f4fdd7b","timestamp":"2024-02-29T16:17:46.761Z"}
{"level":"error","message":"No permissions","reqId":"bd6f835b-5daf-4eef-a83c-36ea6f4fdd7b","stack":"ForbiddenError: No permissions\n    at Object.throw (/root/my-nocobase-app/node_modules/koa/lib/context.js:97:11)\n    at /root/my-nocobase-app/node_modules/@nocobase/acl/lib/acl.js:358:20\n    at Generator.next (<anonymous>)\n    at asyncGeneratorStep (/root/my-nocobase-app/node_modules/@nocobase/acl/lib/acl.js:42:103)\n    at _next (/root/my-nocobase-app/node_modules/@nocobase/acl/lib/acl.js:43:194)\n    at /root/my-nocobase-app/node_modules/@nocobase/acl/lib/acl.js:43:364\n    at new Promise (<anonymous>)\n    at /root/my-nocobase-app/node_modules/@nocobase/acl/lib/acl.js:43:97\n    at /root/my-nocobase-app/node_modules/@nocobase/acl/lib/acl.js:386:22\n    at dispatch (/root/my-nocobase-app/node_modules/koa-compose/index.js:42:32)","timestamp":"2024-02-29T16:17:46.762Z"}
{"errors":[{"message":"No permissions"}],"level":"warn","message":"END: GET /api/uiSchemaTemplates:list?appends%5B%5D=collection&paginate=false","req":{"action":{"actionName":"list","params":{"actionName":"list","appends":["collection"],"paginate":"false","resourceName":"uiSchemaTemplates"},"resourceName":"uiSchemaTemplates"},"header":{"x-hostname":"cmreport.dsti.gov.sl","x-locale":"en-US","x-timezone":"-00:00"}},"reqId":"bd6f835b-5daf-4eef-a83c-36ea6f4fdd7b","res":{"status":403},"responseTime":14,"timestamp":"2024-02-29T16:17:46.763Z"}
{"level":"info","message":"BEGIN: GET /api/systemSettings:get/1?appends=logo","reqId":"cbedc12e-7025-42d7-9b61-161aae9b084c","timestamp":"2024-02-29T16:17:46.923Z"}
{"can":null,"level":"info","message":"ctx permission","reqId":"cbedc12e-7025-42d7-9b61-161aae9b084c","skip":true,"timestamp":"2024-02-29T16:17:46.926Z"}
{"level":"info","message":"acl params","reqId":"cbedc12e-7025-42d7-9b61-161aae9b084c","timestamp":"2024-02-29T16:17:46.927Z"}
{"level":"info","message":"acl parsedParams","reqId":"cbedc12e-7025-42d7-9b61-161aae9b084c","timestamp":"2024-02-29T16:17:46.927Z"}
{"level":"info","message":"END: GET /api/systemSettings:get/1?appends=logo","req":{"action":{"actionName":"get","params":{"actionName":"get","appends":["logo"],"filterByTk":"1","resourceIndex":"1","resourceName":"systemSettings"},"resourceName":"systemSettings"},"header":{"x-hostname":"cmreport.dsti.gov.sl","x-locale":"en-US","x-timezone":"-00:00"}},"reqId":"cbedc12e-7025-42d7-9b61-161aae9b084c","res":{"status":200},"responseTime":46,"timestamp":"2024-02-29T16:17:46.969Z"}
{"level":"info","message":"BEGIN: GET /api/app:getInfo","reqId":"796c9b61-cd50-48e9-befc-b0078cd28c57","timestamp":"2024-02-29T16:17:47.161Z"}
{"can":null,"level":"info","message":"ctx permission","reqId":"796c9b61-cd50-48e9-befc-b0078cd28c57","skip":true,"timestamp":"2024-02-29T16:17:47.168Z"}
{"level":"info","message":"acl params","reqId":"796c9b61-cd50-48e9-befc-b0078cd28c57","timestamp":"2024-02-29T16:17:47.169Z"}
{"level":"info","message":"acl parsedParams","reqId":"796c9b61-cd50-48e9-befc-b0078cd28c57","timestamp":"2024-02-29T16:17:47.169Z"}
{"level":"info","message":"END: GET /api/app:getInfo","req":{"action":{"actionName":"getInfo","params":{"actionName":"getInfo","resourceName":"app"},"resourceName":"app"},"header":{"x-hostname":"cmreport.dsti.gov.sl","x-locale":"en-US","x-timezone":"-00:00"}},"reqId":"796c9b61-cd50-48e9-befc-b0078cd28c57","res":{"status":200},"responseTime":23,"timestamp":"2024-02-29T16:17:47.184Z"}
{"level":"info","message":"BEGIN: GET /api/themeConfig:list?sort=id&paginate=false","reqId":"b16d1441-846a-4881-8d3b-13c35e505e9e","timestamp":"2024-02-29T16:17:47.359Z"}
{"can":null,"level":"info","message":"ctx permission","reqId":"b16d1441-846a-4881-8d3b-13c35e505e9e","timestamp":"2024-02-29T16:17:47.370Z"}
{"level":"error","message":"No permissions","reqId":"b16d1441-846a-4881-8d3b-13c35e505e9e","stack":"ForbiddenError: No permissions\n    at Object.throw (/root/my-nocobase-app/node_modules/koa/lib/context.js:97:11)\n    at /root/my-nocobase-app/node_modules/@nocobase/acl/lib/acl.js:358:20\n    at Generator.next (<anonymous>)\n    at asyncGeneratorStep (/root/my-nocobase-app/node_modules/@nocobase/acl/lib/acl.js:42:103)\n    at _next (/root/my-nocobase-app/node_modules/@nocobase/acl/lib/acl.js:43:194)\n    at /root/my-nocobase-app/node_modules/@nocobase/acl/lib/acl.js:43:364\n    at new Promise (<anonymous>)\n    at /root/my-nocobase-app/node_modules/@nocobase/acl/lib/acl.js:43:97\n    at /root/my-nocobase-app/node_modules/@nocobase/acl/lib/acl.js:386:22\n    at dispatch (/root/my-nocobase-app/node_modules/koa-compose/index.js:42:32)","timestamp":"2024-02-29T16:17:47.370Z"}
{"errors":[{"message":"No permissions"}],"level":"warn","message":"END: GET /api/themeConfig:list?sort=id&paginate=false","req":{"action":{"actionName":"list","params":{"actionName":"list","paginate":"false","resourceName":"themeConfig","sort":["id"]},"resourceName":"themeConfig"},"header":{"x-hostname":"cmreport.dsti.gov.sl","x-locale":"en-US","x-timezone":"-00:00"}},"reqId":"b16d1441-846a-4881-8d3b-13c35e505e9e","res":{"status":403},"responseTime":11,"timestamp":"2024-02-29T16:17:47.370Z"}
{"level":"info","message":"BEGIN: GET /api/app:getInfo","reqId":"dbe2e8d7-e83d-43cc-b42d-50e19ce9ebb2","timestamp":"2024-02-29T16:17:47.534Z"}
{"can":null,"level":"info","message":"ctx permission","reqId":"dbe2e8d7-e83d-43cc-b42d-50e19ce9ebb2","skip":true,"timestamp":"2024-02-29T16:17:47.542Z"}
{"level":"info","message":"acl params","reqId":"dbe2e8d7-e83d-43cc-b42d-50e19ce9ebb2","timestamp":"2024-02-29T16:17:47.543Z"}
{"level":"info","message":"acl parsedParams","reqId":"dbe2e8d7-e83d-43cc-b42d-50e19ce9ebb2","timestamp":"2024-02-29T16:17:47.543Z"}
{"level":"info","message":"END: GET /api/app:getInfo","req":{"action":{"actionName":"getInfo","params":{"actionName":"getInfo","resourceName":"app"},"resourceName":"app"},"header":{"x-hostname":"cmreport.dsti.gov.sl","x-locale":"en-US","x-timezone":"-00:00"}},"reqId":"dbe2e8d7-e83d-43cc-b42d-50e19ce9ebb2","res":{"status":200},"responseTime":17,"timestamp":"2024-02-29T16:17:47.551Z"}
{"level":"info","message":"BEGIN: POST /api/authenticators:publicList","reqId":"c6ea56e8-9400-4f55-ad61-7c9985f6253d","timestamp":"2024-02-29T16:17:47.710Z"}
{"can":null,"level":"info","message":"ctx permission","reqId":"c6ea56e8-9400-4f55-ad61-7c9985f6253d","skip":true,"timestamp":"2024-02-29T16:17:47.713Z"}
{"level":"info","message":"acl params","reqId":"c6ea56e8-9400-4f55-ad61-7c9985f6253d","timestamp":"2024-02-29T16:17:47.713Z"}
{"level":"info","message":"acl parsedParams","reqId":"c6ea56e8-9400-4f55-ad61-7c9985f6253d","timestamp":"2024-02-29T16:17:47.713Z"}
{"level":"info","message":"END: POST /api/authenticators:publicList","req":{"action":{"actionName":"publicList","params":{"actionName":"publicList","resourceName":"authenticators"},"resourceName":"authenticators"},"header":{"x-hostname":"cmreport.dsti.gov.sl","x-locale":"en-US","x-timezone":"-00:00"}},"reqId":"c6ea56e8-9400-4f55-ad61-7c9985f6253d","res":{"status":200},"responseTime":12,"timestamp":"2024-02-29T16:17:47.722Z"}
