{"level":"info","message":"BEGIN: GET /","reqId":"48312c35-d105-4176-b268-eaf3fb41e501","timestamp":"2024-02-26T13:02:28.497Z"}
{"level":"warn","message":"END: GET /","req":{},"reqId":"48312c35-d105-4176-b268-eaf3fb41e501","res":{"status":404},"responseTime":7,"timestamp":"2024-02-26T13:02:28.504Z"}
{"level":"info","message":"BEGIN: GET /api/app:getLang?locale=en-US","reqId":"5827b07a-d2d6-447e-b47f-4a609cbcc5d0","timestamp":"2024-02-26T13:12:10.184Z"}
{"expiredAt":"2024-01-20T10:09:53.000Z","level":"error","message":"jwt expired","name":"TokenExpiredError","reqId":"5827b07a-d2d6-447e-b47f-4a609cbcc5d0","stack":"TokenExpiredError: jwt expired\n    at /root/my-nocobase-app/node_modules/jsonwebtoken/verify.js:152:21\n    at getSecret (/root/my-nocobase-app/node_modules/jsonwebtoken/verify.js:90:14)\n    at Object.module.exports [as verify] (/root/my-nocobase-app/node_modules/jsonwebtoken/verify.js:94:10)\n    at /root/my-nocobase-app/node_modules/@nocobase/auth/lib/base/jwt-service.js:53:31\n    at new Promise (<anonymous>)\n    at JwtService.decode (/root/my-nocobase-app/node_modules/@nocobase/auth/lib/base/jwt-service.js:52:12)\n    at /root/my-nocobase-app/node_modules/@nocobase/auth/lib/base/auth.js:41:55\n    at Generator.next (<anonymous>)\n    at asyncGeneratorStep (/root/my-nocobase-app/node_modules/@nocobase/auth/lib/base/auth.js:8:103)\n    at _next (/root/my-nocobase-app/node_modules/@nocobase/auth/lib/base/auth.js:9:194)","timestamp":"2024-02-26T13:12:10.192Z"}
{"can":null,"level":"info","message":"ctx permission","reqId":"5827b07a-d2d6-447e-b47f-4a609cbcc5d0","skip":true,"timestamp":"2024-02-26T13:12:10.193Z"}
{"level":"info","message":"acl params","reqId":"5827b07a-d2d6-447e-b47f-4a609cbcc5d0","timestamp":"2024-02-26T13:12:10.193Z"}
{"level":"info","message":"acl parsedParams","reqId":"5827b07a-d2d6-447e-b47f-4a609cbcc5d0","timestamp":"2024-02-26T13:12:10.193Z"}
{"level":"info","message":"END: GET /api/app:getLang?locale=en-US","req":{"action":{"actionName":"getLang","params":{"actionName":"getLang","locale":"en-US","resourceName":"app"},"resourceName":"app"},"header":{"x-hostname":"www.cmreport.dsti.gov.sl","x-locale":"en-US","x-role":"ictHeads","x-timezone":"-00:00"}},"reqId":"5827b07a-d2d6-447e-b47f-4a609cbcc5d0","res":{"status":200},"responseTime":43,"timestamp":"2024-02-26T13:12:10.227Z"}
{"level":"info","message":"BEGIN: GET /api/app:getPlugins","reqId":"7aafb959-f79b-44ab-9bf0-379e6f1b6410","timestamp":"2024-02-26T13:12:10.697Z"}
{"expiredAt":"2024-01-20T10:09:53.000Z","level":"error","message":"jwt expired","name":"TokenExpiredError","reqId":"7aafb959-f79b-44ab-9bf0-379e6f1b6410","stack":"TokenExpiredError: jwt expired\n    at /root/my-nocobase-app/node_modules/jsonwebtoken/verify.js:152:21\n    at getSecret (/root/my-nocobase-app/node_modules/jsonwebtoken/verify.js:90:14)\n    at Object.module.exports [as verify] (/root/my-nocobase-app/node_modules/jsonwebtoken/verify.js:94:10)\n    at /root/my-nocobase-app/node_modules/@nocobase/auth/lib/base/jwt-service.js:53:31\n    at new Promise (<anonymous>)\n    at JwtService.decode (/root/my-nocobase-app/node_modules/@nocobase/auth/lib/base/jwt-service.js:52:12)\n    at /root/my-nocobase-app/node_modules/@nocobase/auth/lib/base/auth.js:41:55\n    at Generator.next (<anonymous>)\n    at asyncGeneratorStep (/root/my-nocobase-app/node_modules/@nocobase/auth/lib/base/auth.js:8:103)\n    at _next (/root/my-nocobase-app/node_modules/@nocobase/auth/lib/base/auth.js:9:194)","timestamp":"2024-02-26T13:12:10.702Z"}
{"can":null,"level":"info","message":"ctx permission","reqId":"7aafb959-f79b-44ab-9bf0-379e6f1b6410","skip":true,"timestamp":"2024-02-26T13:12:10.703Z"}
{"level":"info","message":"acl params","reqId":"7aafb959-f79b-44ab-9bf0-379e6f1b6410","timestamp":"2024-02-26T13:12:10.703Z"}
{"level":"info","message":"acl parsedParams","reqId":"7aafb959-f79b-44ab-9bf0-379e6f1b6410","timestamp":"2024-02-26T13:12:10.704Z"}
{"level":"info","message":"END: GET /api/app:getPlugins","req":{"action":{"actionName":"getPlugins","params":{"actionName":"getPlugins","resourceName":"app"},"resourceName":"app"},"header":{"x-hostname":"www.cmreport.dsti.gov.sl","x-locale":"en-US","x-role":"ictHeads","x-timezone":"-00:00"}},"reqId":"7aafb959-f79b-44ab-9bf0-379e6f1b6410","res":{"status":200},"responseTime":15,"timestamp":"2024-02-26T13:12:10.712Z"}
{"level":"info","message":"BEGIN: GET /api/plugins/client/@nocobase/plugin-ui-schema-storage/index.js","reqId":"2ec0b789-c9a2-4668-a220-3228b4437da7","timestamp":"2024-02-26T13:12:10.867Z"}
{"level":"info","message":"BEGIN: GET /api/plugins/client/@nocobase/plugin-ui-routes-storage/index.js","reqId":"6b6b648d-ce1d-465d-9de0-f201746c47d7","timestamp":"2024-02-26T13:12:10.869Z"}
{"level":"info","message":"END: GET /api/plugins/client/@nocobase/plugin-ui-schema-storage/index.js","req":{},"reqId":"2ec0b789-c9a2-4668-a220-3228b4437da7","res":{"status":200},"responseTime":5,"timestamp":"2024-02-26T13:12:10.876Z"}
{"level":"info","message":"END: GET /api/plugins/client/@nocobase/plugin-ui-routes-storage/index.js","req":{},"reqId":"6b6b648d-ce1d-465d-9de0-f201746c47d7","res":{"status":200},"responseTime":9,"timestamp":"2024-02-26T13:12:10.878Z"}
{"level":"info","message":"BEGIN: GET /api/plugins/client/@nocobase/plugin-error-handler/index.js","reqId":"60a6104e-e889-4bf1-98ba-85ad57ca74c0","timestamp":"2024-02-26T13:12:10.879Z"}
{"level":"info","message":"END: GET /api/plugins/client/@nocobase/plugin-error-handler/index.js","req":{},"reqId":"60a6104e-e889-4bf1-98ba-85ad57ca74c0","res":{"status":200},"responseTime":3,"timestamp":"2024-02-26T13:12:10.882Z"}
{"level":"info","message":"BEGIN: GET /api/plugins/client/@nocobase/plugin-collection-manager/index.js","reqId":"9027de1a-4d0d-4247-b9ae-4a8bcaf9286d","timestamp":"2024-02-26T13:12:11.066Z"}
{"level":"info","message":"BEGIN: GET /api/plugins/client/@nocobase/plugin-workflow/index.js","reqId":"b403e7f1-b147-4acb-bc79-e74c15bf32d2","timestamp":"2024-02-26T13:12:11.067Z"}
{"level":"info","message":"END: GET /api/plugins/client/@nocobase/plugin-collection-manager/index.js","req":{},"reqId":"9027de1a-4d0d-4247-b9ae-4a8bcaf9286d","res":{"status":304},"responseTime":2,"timestamp":"2024-02-26T13:12:11.068Z"}
{"level":"info","message":"END: GET /api/plugins/client/@nocobase/plugin-workflow/index.js","req":{},"reqId":"b403e7f1-b147-4acb-bc79-e74c15bf32d2","res":{"status":200},"responseTime":5,"timestamp":"2024-02-26T13:12:11.072Z"}
{"level":"info","message":"BEGIN: GET /api/plugins/client/@nocobase/plugin-china-region/index.js","reqId":"86e3f3b2-dd2a-42ba-bb0d-a21affa9da4f","timestamp":"2024-02-26T13:12:11.076Z"}
{"level":"info","message":"END: GET /api/plugins/client/@nocobase/plugin-china-region/index.js","req":{},"reqId":"86e3f3b2-dd2a-42ba-bb0d-a21affa9da4f","res":{"status":200},"responseTime":10,"timestamp":"2024-02-26T13:12:11.087Z"}
{"level":"info","message":"BEGIN: GET /api/plugins/client/@nocobase/plugin-client/index.js","reqId":"ffa87c77-11ff-41c7-be23-3ed45e767885","timestamp":"2024-02-26T13:12:11.214Z"}
{"level":"info","message":"END: GET /api/plugins/client/@nocobase/plugin-client/index.js","req":{},"reqId":"ffa87c77-11ff-41c7-be23-3ed45e767885","res":{"status":200},"responseTime":2,"timestamp":"2024-02-26T13:12:11.216Z"}
{"level":"info","message":"BEGIN: GET /api/plugins/client/@nocobase/plugin-file-manager/index.js","reqId":"e687a5fc-38e5-4a40-b8c1-15ce85962408","timestamp":"2024-02-26T13:12:11.228Z"}
{"level":"info","message":"END: GET /api/plugins/client/@nocobase/plugin-file-manager/index.js","req":{},"reqId":"e687a5fc-38e5-4a40-b8c1-15ce85962408","res":{"status":200},"responseTime":4,"timestamp":"2024-02-26T13:12:11.231Z"}
{"level":"info","message":"BEGIN: GET /api/plugins/client/@nocobase/plugin-acl/index.js","reqId":"edd8f335-2cd7-4f17-96a1-9b2aa427b6f8","timestamp":"2024-02-26T13:12:11.241Z"}
{"level":"info","message":"END: GET /api/plugins/client/@nocobase/plugin-acl/index.js","req":{},"reqId":"edd8f335-2cd7-4f17-96a1-9b2aa427b6f8","res":{"status":200},"responseTime":3,"timestamp":"2024-02-26T13:12:11.245Z"}
{"level":"info","message":"BEGIN: GET /api/plugins/client/@nocobase/plugin-export/index.js","reqId":"6407746c-3e4d-4fea-942c-caa0fe4a73ea","timestamp":"2024-02-26T13:12:11.246Z"}
{"level":"info","message":"END: GET /api/plugins/client/@nocobase/plugin-export/index.js","req":{},"reqId":"6407746c-3e4d-4fea-942c-caa0fe4a73ea","res":{"status":200},"responseTime":5,"timestamp":"2024-02-26T13:12:11.251Z"}
{"level":"info","message":"BEGIN: GET /api/plugins/client/@nocobase/plugin-verification/index.js","reqId":"6daaed38-2cdf-44e9-9dda-230e01012a63","timestamp":"2024-02-26T13:12:11.253Z"}
{"level":"info","message":"END: GET /api/plugins/client/@nocobase/plugin-verification/index.js","req":{},"reqId":"6daaed38-2cdf-44e9-9dda-230e01012a63","res":{"status":200},"responseTime":4,"timestamp":"2024-02-26T13:12:11.257Z"}
{"level":"info","message":"BEGIN: GET /api/plugins/client/@nocobase/plugin-import/index.js","reqId":"57d33239-e541-41a8-a0d1-86e3e279067a","timestamp":"2024-02-26T13:12:11.370Z"}
{"level":"info","message":"END: GET /api/plugins/client/@nocobase/plugin-import/index.js","req":{},"reqId":"57d33239-e541-41a8-a0d1-86e3e279067a","res":{"status":200},"responseTime":6,"timestamp":"2024-02-26T13:12:11.376Z"}
{"level":"info","message":"BEGIN: GET /api/plugins/client/@nocobase/plugin-audit-logs/index.js","reqId":"273aab3b-a8d1-4b08-82c9-e69034e967ca","timestamp":"2024-02-26T13:12:11.378Z"}
{"level":"info","message":"END: GET /api/plugins/client/@nocobase/plugin-audit-logs/index.js","req":{},"reqId":"273aab3b-a8d1-4b08-82c9-e69034e967ca","res":{"status":200},"responseTime":4,"timestamp":"2024-02-26T13:12:11.382Z"}
{"level":"info","message":"BEGIN: GET /api/plugins/client/@nocobase/plugin-duplicator/index.js","reqId":"b744d570-8d99-4063-92e3-a0f29473cbf9","timestamp":"2024-02-26T13:12:11.411Z"}
{"level":"info","message":"BEGIN: GET /api/plugins/client/@nocobase/plugin-system-settings/index.js","reqId":"f3f612c1-fc23-4502-851f-edb112095b9f","timestamp":"2024-02-26T13:12:11.413Z"}
{"level":"info","message":"END: GET /api/plugins/client/@nocobase/plugin-duplicator/index.js","req":{},"reqId":"b744d570-8d99-4063-92e3-a0f29473cbf9","res":{"status":200},"responseTime":4,"timestamp":"2024-02-26T13:12:11.415Z"}
{"level":"info","message":"END: GET /api/plugins/client/@nocobase/plugin-system-settings/index.js","req":{},"reqId":"f3f612c1-fc23-4502-851f-edb112095b9f","res":{"status":304},"responseTime":3,"timestamp":"2024-02-26T13:12:11.416Z"}
{"level":"info","message":"BEGIN: GET /api/plugins/client/@nocobase/plugin-sequence-field/index.js","reqId":"6842ae64-3b10-4ddb-9825-e948df6d58d3","timestamp":"2024-02-26T13:12:11.433Z"}
{"level":"info","message":"END: GET /api/plugins/client/@nocobase/plugin-sequence-field/index.js","req":{},"reqId":"6842ae64-3b10-4ddb-9825-e948df6d58d3","res":{"status":304},"responseTime":3,"timestamp":"2024-02-26T13:12:11.436Z"}
{"level":"info","message":"BEGIN: GET /api/plugins/client/@nocobase/plugin-charts/index.js","reqId":"c2f78d27-4b99-481c-9db4-e5a3ba2c91b7","timestamp":"2024-02-26T13:12:11.522Z"}
{"level":"info","message":"BEGIN: GET /api/plugins/client/@nocobase/plugin-multi-app-manager/index.js","reqId":"4cc81e05-07a0-4bd1-8f8e-9e2e6450281d","timestamp":"2024-02-26T13:12:11.524Z"}
{"level":"info","message":"END: GET /api/plugins/client/@nocobase/plugin-multi-app-manager/index.js","req":{},"reqId":"4cc81e05-07a0-4bd1-8f8e-9e2e6450281d","res":{"status":200},"responseTime":2,"timestamp":"2024-02-26T13:12:11.526Z"}
{"level":"info","message":"END: GET /api/plugins/client/@nocobase/plugin-charts/index.js","req":{},"reqId":"c2f78d27-4b99-481c-9db4-e5a3ba2c91b7","res":{"status":200},"responseTime":6,"timestamp":"2024-02-26T13:12:11.528Z"}
{"level":"info","message":"BEGIN: GET /api/plugins/client/@nocobase/plugin-snapshot-field/index.js","reqId":"b5f5f95a-6adb-40a5-b35e-d8e60ef1382d","timestamp":"2024-02-26T13:12:11.541Z"}
{"level":"info","message":"END: GET /api/plugins/client/@nocobase/plugin-snapshot-field/index.js","req":{},"reqId":"b5f5f95a-6adb-40a5-b35e-d8e60ef1382d","res":{"status":200},"responseTime":3,"timestamp":"2024-02-26T13:12:11.545Z"}
{"level":"info","message":"BEGIN: GET /api/plugins/client/@nocobase/plugin-api-keys/index.js","reqId":"8d33d077-686d-4e63-bd3f-233c423db104","timestamp":"2024-02-26T13:12:11.581Z"}
{"level":"info","message":"BEGIN: GET /api/plugins/client/@nocobase/plugin-graph-collection-manager/index.js","reqId":"ae350a2b-0562-4ed6-9407-7873b706eae4","timestamp":"2024-02-26T13:12:11.582Z"}
{"level":"info","message":"END: GET /api/plugins/client/@nocobase/plugin-api-keys/index.js","req":{},"reqId":"8d33d077-686d-4e63-bd3f-233c423db104","res":{"status":200},"responseTime":3,"timestamp":"2024-02-26T13:12:11.584Z"}
{"level":"info","message":"END: GET /api/plugins/client/@nocobase/plugin-graph-collection-manager/index.js","req":{},"reqId":"ae350a2b-0562-4ed6-9407-7873b706eae4","res":{"status":200},"responseTime":3,"timestamp":"2024-02-26T13:12:11.585Z"}
{"level":"info","message":"BEGIN: GET /api/plugins/client/@nocobase/plugin-iframe-block/index.js","reqId":"04051601-3673-4774-8eb8-3c31d16a69ea","timestamp":"2024-02-26T13:12:11.610Z"}
{"level":"info","message":"END: GET /api/plugins/client/@nocobase/plugin-iframe-block/index.js","req":{},"reqId":"04051601-3673-4774-8eb8-3c31d16a69ea","res":{"status":304},"responseTime":1,"timestamp":"2024-02-26T13:12:11.611Z"}
{"level":"info","message":"BEGIN: GET /api/plugins/client/@nocobase/plugin-formula-field/index.js","reqId":"74b3d53c-5c8b-49d3-b37f-f4d04e6af335","timestamp":"2024-02-26T13:12:11.678Z"}
{"level":"info","message":"END: GET /api/plugins/client/@nocobase/plugin-formula-field/index.js","req":{},"reqId":"74b3d53c-5c8b-49d3-b37f-f4d04e6af335","res":{"status":304},"responseTime":1,"timestamp":"2024-02-26T13:12:11.679Z"}
{"level":"info","message":"BEGIN: GET /api/plugins/client/@nocobase/plugin-sms-auth/index.js","reqId":"4c10c73f-31df-4e25-9324-c54e3f723447","timestamp":"2024-02-26T13:12:11.700Z"}
{"level":"info","message":"BEGIN: GET /api/plugins/client/@nocobase/plugin-auth/index.js","reqId":"49720ef4-7529-4ce1-8fbc-24937465d476","timestamp":"2024-02-26T13:12:11.701Z"}
{"level":"info","message":"END: GET /api/plugins/client/@nocobase/plugin-sms-auth/index.js","req":{},"reqId":"4c10c73f-31df-4e25-9324-c54e3f723447","res":{"status":304},"responseTime":2,"timestamp":"2024-02-26T13:12:11.703Z"}
{"level":"info","message":"END: GET /api/plugins/client/@nocobase/plugin-auth/index.js","req":{},"reqId":"49720ef4-7529-4ce1-8fbc-24937465d476","res":{"status":304},"responseTime":3,"timestamp":"2024-02-26T13:12:11.704Z"}
{"level":"info","message":"BEGIN: GET /api/plugins/client/@nocobase/plugin-map/index.js","reqId":"9a6f78cc-67c1-4a25-8b54-0b939ce3592e","timestamp":"2024-02-26T13:12:11.755Z"}
{"level":"info","message":"END: GET /api/plugins/client/@nocobase/plugin-map/index.js","req":{},"reqId":"9a6f78cc-67c1-4a25-8b54-0b939ce3592e","res":{"status":304},"responseTime":2,"timestamp":"2024-02-26T13:12:11.756Z"}
{"level":"info","message":"BEGIN: GET /api/plugins/client/@nocobase/plugin-mobile-client/index.js","reqId":"ed0c9e14-1e64-4b4b-9fed-55c70dcf1d1d","timestamp":"2024-02-26T13:12:11.783Z"}
{"level":"info","message":"END: GET /api/plugins/client/@nocobase/plugin-mobile-client/index.js","req":{},"reqId":"ed0c9e14-1e64-4b4b-9fed-55c70dcf1d1d","res":{"status":304},"responseTime":5,"timestamp":"2024-02-26T13:12:11.788Z"}
{"level":"info","message":"BEGIN: GET /api/plugins/client/@nocobase/plugin-data-visualization/index.js","reqId":"b8a59e51-c638-4f55-b9ff-7db392b7e43a","timestamp":"2024-02-26T13:12:11.851Z"}
{"level":"info","message":"BEGIN: GET /api/plugins/client/@nocobase/plugin-theme-editor/index.js","reqId":"2eb1226c-68ce-453e-a714-2d4d98844196","timestamp":"2024-02-26T13:12:11.851Z"}
{"level":"info","message":"END: GET /api/plugins/client/@nocobase/plugin-theme-editor/index.js","req":{},"reqId":"2eb1226c-68ce-453e-a714-2d4d98844196","res":{"status":304},"responseTime":1,"timestamp":"2024-02-26T13:12:11.853Z"}
{"level":"info","message":"END: GET /api/plugins/client/@nocobase/plugin-data-visualization/index.js","req":{},"reqId":"b8a59e51-c638-4f55-b9ff-7db392b7e43a","res":{"status":304},"responseTime":2,"timestamp":"2024-02-26T13:12:11.853Z"}
{"level":"info","message":"BEGIN: GET /api/auth:check","reqId":"38339d51-5d5b-4e35-bb58-3e9876b060c9","timestamp":"2024-02-26T13:12:12.676Z"}
{"expiredAt":"2024-01-20T10:09:53.000Z","level":"error","message":"jwt expired","name":"TokenExpiredError","reqId":"38339d51-5d5b-4e35-bb58-3e9876b060c9","stack":"TokenExpiredError: jwt expired\n    at /root/my-nocobase-app/node_modules/jsonwebtoken/verify.js:152:21\n    at getSecret (/root/my-nocobase-app/node_modules/jsonwebtoken/verify.js:90:14)\n    at Object.module.exports [as verify] (/root/my-nocobase-app/node_modules/jsonwebtoken/verify.js:94:10)\n    at /root/my-nocobase-app/node_modules/@nocobase/auth/lib/base/jwt-service.js:53:31\n    at new Promise (<anonymous>)\n    at JwtService.decode (/root/my-nocobase-app/node_modules/@nocobase/auth/lib/base/jwt-service.js:52:12)\n    at /root/my-nocobase-app/node_modules/@nocobase/auth/lib/base/auth.js:41:55\n    at Generator.next (<anonymous>)\n    at asyncGeneratorStep (/root/my-nocobase-app/node_modules/@nocobase/auth/lib/base/auth.js:8:103)\n    at _next (/root/my-nocobase-app/node_modules/@nocobase/auth/lib/base/auth.js:9:194)","timestamp":"2024-02-26T13:12:12.681Z"}
{"can":null,"level":"info","message":"ctx permission","reqId":"38339d51-5d5b-4e35-bb58-3e9876b060c9","skip":true,"timestamp":"2024-02-26T13:12:12.681Z"}
{"level":"info","message":"acl params","reqId":"38339d51-5d5b-4e35-bb58-3e9876b060c9","timestamp":"2024-02-26T13:12:12.682Z"}
{"level":"info","message":"acl parsedParams","reqId":"38339d51-5d5b-4e35-bb58-3e9876b060c9","timestamp":"2024-02-26T13:12:12.682Z"}
{"level":"info","message":"END: GET /api/auth:check","req":{"action":{"actionName":"check","params":{"actionName":"check","resourceName":"auth"},"resourceName":"auth"},"header":{"x-hostname":"www.cmreport.dsti.gov.sl","x-locale":"en-US","x-role":"ictHeads","x-timezone":"-00:00"}},"reqId":"38339d51-5d5b-4e35-bb58-3e9876b060c9","res":{"status":200},"responseTime":6,"timestamp":"2024-02-26T13:12:12.682Z"}
{"level":"info","message":"BEGIN: GET /api/uiSchemaTemplates:list?appends%5B%5D=collection&paginate=false","reqId":"79c683da-7a22-4f41-989f-785d89a4a9e1","timestamp":"2024-02-26T13:12:12.884Z"}
{"expiredAt":"2024-01-20T10:09:53.000Z","level":"error","message":"jwt expired","name":"TokenExpiredError","reqId":"79c683da-7a22-4f41-989f-785d89a4a9e1","stack":"TokenExpiredError: jwt expired\n    at /root/my-nocobase-app/node_modules/jsonwebtoken/verify.js:152:21\n    at getSecret (/root/my-nocobase-app/node_modules/jsonwebtoken/verify.js:90:14)\n    at Object.module.exports [as verify] (/root/my-nocobase-app/node_modules/jsonwebtoken/verify.js:94:10)\n    at /root/my-nocobase-app/node_modules/@nocobase/auth/lib/base/jwt-service.js:53:31\n    at new Promise (<anonymous>)\n    at JwtService.decode (/root/my-nocobase-app/node_modules/@nocobase/auth/lib/base/jwt-service.js:52:12)\n    at /root/my-nocobase-app/node_modules/@nocobase/auth/lib/base/auth.js:41:55\n    at Generator.next (<anonymous>)\n    at asyncGeneratorStep (/root/my-nocobase-app/node_modules/@nocobase/auth/lib/base/auth.js:8:103)\n    at _next (/root/my-nocobase-app/node_modules/@nocobase/auth/lib/base/auth.js:9:194)","timestamp":"2024-02-26T13:12:12.887Z"}
{"can":null,"level":"info","message":"ctx permission","reqId":"79c683da-7a22-4f41-989f-785d89a4a9e1","timestamp":"2024-02-26T13:12:12.888Z"}
{"level":"error","message":"No permissions","reqId":"79c683da-7a22-4f41-989f-785d89a4a9e1","stack":"ForbiddenError: No permissions\n    at Object.throw (/root/my-nocobase-app/node_modules/koa/lib/context.js:97:11)\n    at /root/my-nocobase-app/node_modules/@nocobase/acl/lib/acl.js:358:20\n    at Generator.next (<anonymous>)\n    at asyncGeneratorStep (/root/my-nocobase-app/node_modules/@nocobase/acl/lib/acl.js:42:103)\n    at _next (/root/my-nocobase-app/node_modules/@nocobase/acl/lib/acl.js:43:194)\n    at /root/my-nocobase-app/node_modules/@nocobase/acl/lib/acl.js:43:364\n    at new Promise (<anonymous>)\n    at /root/my-nocobase-app/node_modules/@nocobase/acl/lib/acl.js:43:97\n    at /root/my-nocobase-app/node_modules/@nocobase/acl/lib/acl.js:386:22\n    at dispatch (/root/my-nocobase-app/node_modules/koa-compose/index.js:42:32)","timestamp":"2024-02-26T13:12:12.889Z"}
{"errors":[{"message":"No permissions"}],"level":"warn","message":"END: GET /api/uiSchemaTemplates:list?appends%5B%5D=collection&paginate=false","req":{"action":{"actionName":"list","params":{"actionName":"list","appends":["collection"],"paginate":"false","resourceName":"uiSchemaTemplates"},"resourceName":"uiSchemaTemplates"},"header":{"x-hostname":"www.cmreport.dsti.gov.sl","x-locale":"en-US","x-role":"ictHeads","x-timezone":"-00:00"}},"reqId":"79c683da-7a22-4f41-989f-785d89a4a9e1","res":{"status":403},"responseTime":5,"timestamp":"2024-02-26T13:12:12.889Z"}
{"level":"info","message":"BEGIN: GET /api/systemSettings:get/1?appends=logo","reqId":"176972ff-6985-4747-bf55-2da892894496","timestamp":"2024-02-26T13:12:13.073Z"}
{"expiredAt":"2024-01-20T10:09:53.000Z","level":"error","message":"jwt expired","name":"TokenExpiredError","reqId":"176972ff-6985-4747-bf55-2da892894496","stack":"TokenExpiredError: jwt expired\n    at /root/my-nocobase-app/node_modules/jsonwebtoken/verify.js:152:21\n    at getSecret (/root/my-nocobase-app/node_modules/jsonwebtoken/verify.js:90:14)\n    at Object.module.exports [as verify] (/root/my-nocobase-app/node_modules/jsonwebtoken/verify.js:94:10)\n    at /root/my-nocobase-app/node_modules/@nocobase/auth/lib/base/jwt-service.js:53:31\n    at new Promise (<anonymous>)\n    at JwtService.decode (/root/my-nocobase-app/node_modules/@nocobase/auth/lib/base/jwt-service.js:52:12)\n    at /root/my-nocobase-app/node_modules/@nocobase/auth/lib/base/auth.js:41:55\n    at Generator.next (<anonymous>)\n    at asyncGeneratorStep (/root/my-nocobase-app/node_modules/@nocobase/auth/lib/base/auth.js:8:103)\n    at _next (/root/my-nocobase-app/node_modules/@nocobase/auth/lib/base/auth.js:9:194)","timestamp":"2024-02-26T13:12:13.077Z"}
{"can":null,"level":"info","message":"ctx permission","reqId":"176972ff-6985-4747-bf55-2da892894496","skip":true,"timestamp":"2024-02-26T13:12:13.078Z"}
{"level":"info","message":"acl params","reqId":"176972ff-6985-4747-bf55-2da892894496","timestamp":"2024-02-26T13:12:13.079Z"}
{"level":"info","message":"acl parsedParams","reqId":"176972ff-6985-4747-bf55-2da892894496","timestamp":"2024-02-26T13:12:13.079Z"}
{"level":"info","message":"END: GET /api/systemSettings:get/1?appends=logo","req":{"action":{"actionName":"get","params":{"actionName":"get","appends":["logo"],"filterByTk":"1","resourceIndex":"1","resourceName":"systemSettings"},"resourceName":"systemSettings"},"header":{"x-hostname":"www.cmreport.dsti.gov.sl","x-locale":"en-US","x-role":"ictHeads","x-timezone":"-00:00"}},"reqId":"176972ff-6985-4747-bf55-2da892894496","res":{"status":200},"responseTime":15,"timestamp":"2024-02-26T13:12:13.087Z"}
{"level":"info","message":"BEGIN: GET /api/app:getInfo","reqId":"cbc1f005-967f-43c1-a7f1-76b277421c2a","timestamp":"2024-02-26T13:12:13.302Z"}
{"expiredAt":"2024-01-20T10:09:53.000Z","level":"error","message":"jwt expired","name":"TokenExpiredError","reqId":"cbc1f005-967f-43c1-a7f1-76b277421c2a","stack":"TokenExpiredError: jwt expired\n    at /root/my-nocobase-app/node_modules/jsonwebtoken/verify.js:152:21\n    at getSecret (/root/my-nocobase-app/node_modules/jsonwebtoken/verify.js:90:14)\n    at Object.module.exports [as verify] (/root/my-nocobase-app/node_modules/jsonwebtoken/verify.js:94:10)\n    at /root/my-nocobase-app/node_modules/@nocobase/auth/lib/base/jwt-service.js:53:31\n    at new Promise (<anonymous>)\n    at JwtService.decode (/root/my-nocobase-app/node_modules/@nocobase/auth/lib/base/jwt-service.js:52:12)\n    at /root/my-nocobase-app/node_modules/@nocobase/auth/lib/base/auth.js:41:55\n    at Generator.next (<anonymous>)\n    at asyncGeneratorStep (/root/my-nocobase-app/node_modules/@nocobase/auth/lib/base/auth.js:8:103)\n    at _next (/root/my-nocobase-app/node_modules/@nocobase/auth/lib/base/auth.js:9:194)","timestamp":"2024-02-26T13:12:13.314Z"}
{"can":null,"level":"info","message":"ctx permission","reqId":"cbc1f005-967f-43c1-a7f1-76b277421c2a","skip":true,"timestamp":"2024-02-26T13:12:13.315Z"}
{"level":"info","message":"acl params","reqId":"cbc1f005-967f-43c1-a7f1-76b277421c2a","timestamp":"2024-02-26T13:12:13.315Z"}
{"level":"info","message":"acl parsedParams","reqId":"cbc1f005-967f-43c1-a7f1-76b277421c2a","timestamp":"2024-02-26T13:12:13.315Z"}
{"level":"info","message":"END: GET /api/app:getInfo","req":{"action":{"actionName":"getInfo","params":{"actionName":"getInfo","resourceName":"app"},"resourceName":"app"},"header":{"x-hostname":"www.cmreport.dsti.gov.sl","x-locale":"en-US","x-role":"ictHeads","x-timezone":"-00:00"}},"reqId":"cbc1f005-967f-43c1-a7f1-76b277421c2a","res":{"status":200},"responseTime":27,"timestamp":"2024-02-26T13:12:13.329Z"}
{"level":"info","message":"BEGIN: GET /api/themeConfig:list?sort=id&paginate=false","reqId":"82e76d81-cfed-42a1-af13-8f44fcf45ece","timestamp":"2024-02-26T13:12:13.542Z"}
{"expiredAt":"2024-01-20T10:09:53.000Z","level":"error","message":"jwt expired","name":"TokenExpiredError","reqId":"82e76d81-cfed-42a1-af13-8f44fcf45ece","stack":"TokenExpiredError: jwt expired\n    at /root/my-nocobase-app/node_modules/jsonwebtoken/verify.js:152:21\n    at getSecret (/root/my-nocobase-app/node_modules/jsonwebtoken/verify.js:90:14)\n    at Object.module.exports [as verify] (/root/my-nocobase-app/node_modules/jsonwebtoken/verify.js:94:10)\n    at /root/my-nocobase-app/node_modules/@nocobase/auth/lib/base/jwt-service.js:53:31\n    at new Promise (<anonymous>)\n    at JwtService.decode (/root/my-nocobase-app/node_modules/@nocobase/auth/lib/base/jwt-service.js:52:12)\n    at /root/my-nocobase-app/node_modules/@nocobase/auth/lib/base/auth.js:41:55\n    at Generator.next (<anonymous>)\n    at asyncGeneratorStep (/root/my-nocobase-app/node_modules/@nocobase/auth/lib/base/auth.js:8:103)\n    at _next (/root/my-nocobase-app/node_modules/@nocobase/auth/lib/base/auth.js:9:194)","timestamp":"2024-02-26T13:12:13.547Z"}
{"can":null,"level":"info","message":"ctx permission","reqId":"82e76d81-cfed-42a1-af13-8f44fcf45ece","timestamp":"2024-02-26T13:12:13.547Z"}
{"level":"error","message":"No permissions","reqId":"82e76d81-cfed-42a1-af13-8f44fcf45ece","stack":"ForbiddenError: No permissions\n    at Object.throw (/root/my-nocobase-app/node_modules/koa/lib/context.js:97:11)\n    at /root/my-nocobase-app/node_modules/@nocobase/acl/lib/acl.js:358:20\n    at Generator.next (<anonymous>)\n    at asyncGeneratorStep (/root/my-nocobase-app/node_modules/@nocobase/acl/lib/acl.js:42:103)\n    at _next (/root/my-nocobase-app/node_modules/@nocobase/acl/lib/acl.js:43:194)\n    at /root/my-nocobase-app/node_modules/@nocobase/acl/lib/acl.js:43:364\n    at new Promise (<anonymous>)\n    at /root/my-nocobase-app/node_modules/@nocobase/acl/lib/acl.js:43:97\n    at /root/my-nocobase-app/node_modules/@nocobase/acl/lib/acl.js:386:22\n    at dispatch (/root/my-nocobase-app/node_modules/koa-compose/index.js:42:32)","timestamp":"2024-02-26T13:12:13.547Z"}
{"errors":[{"message":"No permissions"}],"level":"warn","message":"END: GET /api/themeConfig:list?sort=id&paginate=false","req":{"action":{"actionName":"list","params":{"actionName":"list","paginate":"false","resourceName":"themeConfig","sort":["id"]},"resourceName":"themeConfig"},"header":{"x-hostname":"www.cmreport.dsti.gov.sl","x-locale":"en-US","x-role":"ictHeads","x-timezone":"-00:00"}},"reqId":"82e76d81-cfed-42a1-af13-8f44fcf45ece","res":{"status":403},"responseTime":6,"timestamp":"2024-02-26T13:12:13.548Z"}
{"level":"info","message":"BEGIN: POST /api/authenticators:publicList","reqId":"10be0b05-0c6d-4cd5-bfb3-d4839a015285","timestamp":"2024-02-26T13:12:13.554Z"}
{"expiredAt":"2024-01-20T10:09:53.000Z","level":"error","message":"jwt expired","name":"TokenExpiredError","reqId":"10be0b05-0c6d-4cd5-bfb3-d4839a015285","stack":"TokenExpiredError: jwt expired\n    at /root/my-nocobase-app/node_modules/jsonwebtoken/verify.js:152:21\n    at getSecret (/root/my-nocobase-app/node_modules/jsonwebtoken/verify.js:90:14)\n    at Object.module.exports [as verify] (/root/my-nocobase-app/node_modules/jsonwebtoken/verify.js:94:10)\n    at /root/my-nocobase-app/node_modules/@nocobase/auth/lib/base/jwt-service.js:53:31\n    at new Promise (<anonymous>)\n    at JwtService.decode (/root/my-nocobase-app/node_modules/@nocobase/auth/lib/base/jwt-service.js:52:12)\n    at /root/my-nocobase-app/node_modules/@nocobase/auth/lib/base/auth.js:41:55\n    at Generator.next (<anonymous>)\n    at asyncGeneratorStep (/root/my-nocobase-app/node_modules/@nocobase/auth/lib/base/auth.js:8:103)\n    at _next (/root/my-nocobase-app/node_modules/@nocobase/auth/lib/base/auth.js:9:194)","timestamp":"2024-02-26T13:12:13.558Z"}
{"can":null,"level":"info","message":"ctx permission","reqId":"10be0b05-0c6d-4cd5-bfb3-d4839a015285","skip":true,"timestamp":"2024-02-26T13:12:13.558Z"}
{"level":"info","message":"acl params","reqId":"10be0b05-0c6d-4cd5-bfb3-d4839a015285","timestamp":"2024-02-26T13:12:13.558Z"}
{"level":"info","message":"acl parsedParams","reqId":"10be0b05-0c6d-4cd5-bfb3-d4839a015285","timestamp":"2024-02-26T13:12:13.558Z"}
{"level":"info","message":"END: POST /api/authenticators:publicList","req":{"action":{"actionName":"publicList","params":{"actionName":"publicList","resourceName":"authenticators"},"resourceName":"authenticators"},"header":{"x-hostname":"www.cmreport.dsti.gov.sl","x-locale":"en-US","x-role":"ictHeads","x-timezone":"-00:00"}},"reqId":"10be0b05-0c6d-4cd5-bfb3-d4839a015285","res":{"status":200},"responseTime":7,"timestamp":"2024-02-26T13:12:13.561Z"}
{"level":"info","message":"BEGIN: POST /api/authenticators:publicList","reqId":"466b00a2-75bc-474d-b39f-2043ba03db7a","timestamp":"2024-02-26T13:12:13.733Z"}
{"expiredAt":"2024-01-20T10:09:53.000Z","level":"error","message":"jwt expired","name":"TokenExpiredError","reqId":"466b00a2-75bc-474d-b39f-2043ba03db7a","stack":"TokenExpiredError: jwt expired\n    at /root/my-nocobase-app/node_modules/jsonwebtoken/verify.js:152:21\n    at getSecret (/root/my-nocobase-app/node_modules/jsonwebtoken/verify.js:90:14)\n    at Object.module.exports [as verify] (/root/my-nocobase-app/node_modules/jsonwebtoken/verify.js:94:10)\n    at /root/my-nocobase-app/node_modules/@nocobase/auth/lib/base/jwt-service.js:53:31\n    at new Promise (<anonymous>)\n    at JwtService.decode (/root/my-nocobase-app/node_modules/@nocobase/auth/lib/base/jwt-service.js:52:12)\n    at /root/my-nocobase-app/node_modules/@nocobase/auth/lib/base/auth.js:41:55\n    at Generator.next (<anonymous>)\n    at asyncGeneratorStep (/root/my-nocobase-app/node_modules/@nocobase/auth/lib/base/auth.js:8:103)\n    at _next (/root/my-nocobase-app/node_modules/@nocobase/auth/lib/base/auth.js:9:194)","timestamp":"2024-02-26T13:12:13.738Z"}
{"can":null,"level":"info","message":"ctx permission","reqId":"466b00a2-75bc-474d-b39f-2043ba03db7a","skip":true,"timestamp":"2024-02-26T13:12:13.738Z"}
{"level":"info","message":"acl params","reqId":"466b00a2-75bc-474d-b39f-2043ba03db7a","timestamp":"2024-02-26T13:12:13.739Z"}
{"level":"info","message":"acl parsedParams","reqId":"466b00a2-75bc-474d-b39f-2043ba03db7a","timestamp":"2024-02-26T13:12:13.741Z"}
{"level":"info","message":"END: POST /api/authenticators:publicList","req":{"action":{"actionName":"publicList","params":{"actionName":"publicList","resourceName":"authenticators"},"resourceName":"authenticators"},"header":{"x-hostname":"www.cmreport.dsti.gov.sl","x-locale":"en-US","x-role":"ictHeads","x-timezone":"-00:00"}},"reqId":"466b00a2-75bc-474d-b39f-2043ba03db7a","res":{"status":200},"responseTime":11,"timestamp":"2024-02-26T13:12:13.744Z"}
{"level":"info","message":"BEGIN: POST /api/auth:signIn","reqId":"71e3c3d9-721b-434c-a534-3c157d6f61dd","timestamp":"2024-02-26T13:12:17.682Z"}
{"expiredAt":"2024-01-20T10:09:53.000Z","level":"error","message":"jwt expired","name":"TokenExpiredError","reqId":"71e3c3d9-721b-434c-a534-3c157d6f61dd","stack":"TokenExpiredError: jwt expired\n    at /root/my-nocobase-app/node_modules/jsonwebtoken/verify.js:152:21\n    at getSecret (/root/my-nocobase-app/node_modules/jsonwebtoken/verify.js:90:14)\n    at Object.module.exports [as verify] (/root/my-nocobase-app/node_modules/jsonwebtoken/verify.js:94:10)\n    at /root/my-nocobase-app/node_modules/@nocobase/auth/lib/base/jwt-service.js:53:31\n    at new Promise (<anonymous>)\n    at JwtService.decode (/root/my-nocobase-app/node_modules/@nocobase/auth/lib/base/jwt-service.js:52:12)\n    at /root/my-nocobase-app/node_modules/@nocobase/auth/lib/base/auth.js:41:55\n    at Generator.next (<anonymous>)\n    at asyncGeneratorStep (/root/my-nocobase-app/node_modules/@nocobase/auth/lib/base/auth.js:8:103)\n    at _next (/root/my-nocobase-app/node_modules/@nocobase/auth/lib/base/auth.js:9:194)","timestamp":"2024-02-26T13:12:17.686Z"}
{"can":null,"level":"info","message":"ctx permission","reqId":"71e3c3d9-721b-434c-a534-3c157d6f61dd","skip":true,"timestamp":"2024-02-26T13:12:17.687Z"}
{"level":"info","message":"acl params","reqId":"71e3c3d9-721b-434c-a534-3c157d6f61dd","timestamp":"2024-02-26T13:12:17.687Z"}
{"level":"info","message":"acl parsedParams","reqId":"71e3c3d9-721b-434c-a534-3c157d6f61dd","timestamp":"2024-02-26T13:12:17.687Z"}
{"level":"info","message":"END: POST /api/auth:signIn","req":{"action":{"actionName":"signIn","params":{"actionName":"signIn","resourceName":"auth","values":{"email":"ict@moh.gov.sl","password":"moh@2023"}},"resourceName":"auth"},"header":{"x-hostname":"www.cmreport.dsti.gov.sl","x-locale":"en-US","x-role":"ictHeads","x-timezone":"-00:00"}},"reqId":"71e3c3d9-721b-434c-a534-3c157d6f61dd","res":{"status":200},"responseTime":77,"timestamp":"2024-02-26T13:12:17.758Z"}
{"level":"info","message":"BEGIN: GET /api/auth:check","reqId":"44d763eb-bef0-40a5-b51f-0b23ede8dd16","timestamp":"2024-02-26T13:12:17.945Z"}
{"can":null,"level":"info","message":"ctx permission","reqId":"44d763eb-bef0-40a5-b51f-0b23ede8dd16","skip":true,"timestamp":"2024-02-26T13:12:17.956Z"}
{"level":"info","message":"acl params","reqId":"44d763eb-bef0-40a5-b51f-0b23ede8dd16","timestamp":"2024-02-26T13:12:17.956Z"}
{"level":"info","message":"acl parsedParams","reqId":"44d763eb-bef0-40a5-b51f-0b23ede8dd16","timestamp":"2024-02-26T13:12:17.956Z"}
{"level":"info","message":"END: GET /api/auth:check","req":{"action":{"actionName":"check","params":{"actionName":"check","resourceName":"auth"},"resourceName":"auth"},"header":{"x-hostname":"www.cmreport.dsti.gov.sl","x-locale":"en-US","x-role":"ictHeads","x-timezone":"-00:00"}},"reqId":"44d763eb-bef0-40a5-b51f-0b23ede8dd16","res":{"status":200},"responseTime":11,"timestamp":"2024-02-26T13:12:17.957Z"}
{"level":"info","message":"BEGIN: GET /api/uiSchemaTemplates:list?appends%5B%5D=collection&paginate=false","reqId":"3c8b354e-6a52-4bdf-a461-7c3a5ab2cd78","timestamp":"2024-02-26T13:12:18.175Z"}
{"can":null,"level":"info","message":"ctx permission","reqId":"3c8b354e-6a52-4bdf-a461-7c3a5ab2cd78","skip":true,"timestamp":"2024-02-26T13:12:18.188Z"}
{"level":"info","message":"acl params","reqId":"3c8b354e-6a52-4bdf-a461-7c3a5ab2cd78","timestamp":"2024-02-26T13:12:18.188Z"}
{"level":"info","message":"acl parsedParams","reqId":"3c8b354e-6a52-4bdf-a461-7c3a5ab2cd78","timestamp":"2024-02-26T13:12:18.188Z"}
{"level":"info","message":"END: GET /api/uiSchemaTemplates:list?appends%5B%5D=collection&paginate=false","req":{"action":{"actionName":"list","params":{"actionName":"list","appends":["collection"],"paginate":"false","resourceName":"uiSchemaTemplates"},"resourceName":"uiSchemaTemplates"},"header":{"x-hostname":"www.cmreport.dsti.gov.sl","x-locale":"en-US","x-role":"ictHeads","x-timezone":"-00:00"}},"reqId":"3c8b354e-6a52-4bdf-a461-7c3a5ab2cd78","res":{"status":200},"responseTime":23,"timestamp":"2024-02-26T13:12:18.198Z"}
{"level":"info","message":"BEGIN: GET /api/systemSettings:get/1?appends=logo","reqId":"b9fbf565-06f7-4d50-a021-0c3757d94e7c","timestamp":"2024-02-26T13:12:18.394Z"}
{"can":{"action":"get","resource":"systemSettings","role":"ictHeads"},"level":"info","message":"ctx permission","reqId":"b9fbf565-06f7-4d50-a021-0c3757d94e7c","skip":true,"timestamp":"2024-02-26T13:12:18.405Z"}
{"level":"info","message":"acl params","reqId":"b9fbf565-06f7-4d50-a021-0c3757d94e7c","timestamp":"2024-02-26T13:12:18.405Z"}
{"level":"info","message":"acl parsedParams","reqId":"b9fbf565-06f7-4d50-a021-0c3757d94e7c","timestamp":"2024-02-26T13:12:18.405Z"}
{"level":"info","message":"END: GET /api/systemSettings:get/1?appends=logo","req":{"action":{"actionName":"get","params":{"actionName":"get","appends":["logo"],"filterByTk":"1","resourceIndex":"1","resourceName":"systemSettings"},"resourceName":"systemSettings"},"header":{"x-hostname":"www.cmreport.dsti.gov.sl","x-locale":"en-US","x-role":"ictHeads","x-timezone":"-00:00"}},"reqId":"b9fbf565-06f7-4d50-a021-0c3757d94e7c","res":{"status":200},"responseTime":30,"timestamp":"2024-02-26T13:12:18.424Z"}
{"level":"info","message":"BEGIN: POST /api/chartsQueries:listMetadata?paginate=false&sort%5B%5D=-id","reqId":"fef141bf-0cea-4418-9afc-6037d61c6aca","timestamp":"2024-02-26T13:12:18.726Z"}
{"level":"info","message":"BEGIN: GET /api/app:getInfo","reqId":"268906ff-6187-476c-a88a-e1124d95af2a","timestamp":"2024-02-26T13:12:18.738Z"}
{"can":null,"level":"info","message":"ctx permission","reqId":"fef141bf-0cea-4418-9afc-6037d61c6aca","skip":true,"timestamp":"2024-02-26T13:12:18.745Z"}
{"level":"info","message":"acl params","reqId":"fef141bf-0cea-4418-9afc-6037d61c6aca","timestamp":"2024-02-26T13:12:18.746Z"}
{"level":"info","message":"acl parsedParams","reqId":"fef141bf-0cea-4418-9afc-6037d61c6aca","timestamp":"2024-02-26T13:12:18.747Z"}
{"level":"info","message":"END: POST /api/chartsQueries:listMetadata?paginate=false&sort%5B%5D=-id","req":{"action":{"actionName":"listMetadata","params":{"actionName":"listMetadata","paginate":"false","resourceName":"chartsQueries","sort":["-id"]},"resourceName":"chartsQueries"},"header":{"x-hostname":"www.cmreport.dsti.gov.sl","x-locale":"en-US","x-role":"ictHeads","x-timezone":"-00:00"}},"reqId":"fef141bf-0cea-4418-9afc-6037d61c6aca","res":{"status":200},"responseTime":35,"timestamp":"2024-02-26T13:12:18.761Z"}
{"can":null,"level":"info","message":"ctx permission","reqId":"268906ff-6187-476c-a88a-e1124d95af2a","skip":true,"timestamp":"2024-02-26T13:12:18.803Z"}
{"level":"info","message":"acl params","reqId":"268906ff-6187-476c-a88a-e1124d95af2a","timestamp":"2024-02-26T13:12:18.803Z"}
{"level":"info","message":"acl parsedParams","reqId":"268906ff-6187-476c-a88a-e1124d95af2a","timestamp":"2024-02-26T13:12:18.804Z"}
{"level":"info","message":"END: GET /api/app:getInfo","req":{"action":{"actionName":"getInfo","params":{"actionName":"getInfo","resourceName":"app"},"resourceName":"app"},"header":{"x-hostname":"www.cmreport.dsti.gov.sl","x-locale":"en-US","x-role":"ictHeads","x-timezone":"-00:00"}},"reqId":"268906ff-6187-476c-a88a-e1124d95af2a","res":{"status":200},"responseTime":86,"timestamp":"2024-02-26T13:12:18.824Z"}
{"level":"info","message":"BEGIN: GET /api/themeConfig:list?sort=id&paginate=false","reqId":"da33b685-79a6-4088-86d6-0ecd1805e9cf","timestamp":"2024-02-26T13:12:19.025Z"}
{"level":"info","message":"BEGIN: GET /api/collectionsHistory:list?paginate=false&appends%5B%5D=fields&sort%5B%5D=sort&filter=%7B%7D","reqId":"e8ddbfdd-81b8-4715-87f8-ed083a21e835","timestamp":"2024-02-26T13:12:19.027Z"}
{"level":"info","message":"BEGIN: GET /api/app:getInfo","reqId":"47c6ef20-751d-4b99-b510-2014cff8919d","timestamp":"2024-02-26T13:12:19.037Z"}
{"can":{"action":"list","resource":"collectionsHistory","role":"ictHeads"},"level":"info","message":"ctx permission","reqId":"e8ddbfdd-81b8-4715-87f8-ed083a21e835","skip":true,"timestamp":"2024-02-26T13:12:19.044Z"}
{"level":"info","message":"acl params","reqId":"e8ddbfdd-81b8-4715-87f8-ed083a21e835","timestamp":"2024-02-26T13:12:19.044Z"}
{"level":"info","message":"acl parsedParams","reqId":"e8ddbfdd-81b8-4715-87f8-ed083a21e835","timestamp":"2024-02-26T13:12:19.044Z"}
{"can":{"action":"list","resource":"themeConfig","role":"ictHeads"},"level":"info","message":"ctx permission","reqId":"da33b685-79a6-4088-86d6-0ecd1805e9cf","timestamp":"2024-02-26T13:12:19.046Z"}
{"level":"info","message":"acl params","reqId":"da33b685-79a6-4088-86d6-0ecd1805e9cf","timestamp":"2024-02-26T13:12:19.046Z"}
{"level":"info","message":"acl parsedParams","reqId":"da33b685-79a6-4088-86d6-0ecd1805e9cf","timestamp":"2024-02-26T13:12:19.046Z"}
{"level":"info","message":"END: GET /api/themeConfig:list?sort=id&paginate=false","req":{"action":{"actionName":"list","params":{"actionName":"list","paginate":"false","resourceName":"themeConfig","sort":["id"]},"resourceName":"themeConfig"},"header":{"x-hostname":"www.cmreport.dsti.gov.sl","x-locale":"en-US","x-role":"ictHeads","x-timezone":"-00:00"}},"reqId":"da33b685-79a6-4088-86d6-0ecd1805e9cf","res":{"status":200},"responseTime":34,"timestamp":"2024-02-26T13:12:19.060Z"}
{"can":null,"level":"info","message":"ctx permission","reqId":"47c6ef20-751d-4b99-b510-2014cff8919d","skip":true,"timestamp":"2024-02-26T13:12:19.117Z"}
{"level":"info","message":"acl params","reqId":"47c6ef20-751d-4b99-b510-2014cff8919d","timestamp":"2024-02-26T13:12:19.117Z"}
{"level":"info","message":"acl parsedParams","reqId":"47c6ef20-751d-4b99-b510-2014cff8919d","timestamp":"2024-02-26T13:12:19.117Z"}
{"level":"info","message":"END: GET /api/collectionsHistory:list?paginate=false&appends%5B%5D=fields&sort%5B%5D=sort&filter=%7B%7D","req":{"action":{"actionName":"list","params":{"actionName":"list","appends":["fields"],"filter":{},"paginate":"false","resourceName":"collectionsHistory","sort":["sort"]},"resourceName":"collectionsHistory"},"header":{"x-hostname":"www.cmreport.dsti.gov.sl","x-locale":"en-US","x-role":"ictHeads","x-timezone":"-00:00"}},"reqId":"e8ddbfdd-81b8-4715-87f8-ed083a21e835","res":{"status":200},"responseTime":93,"timestamp":"2024-02-26T13:12:19.119Z"}
{"level":"info","message":"END: GET /api/app:getInfo","req":{"action":{"actionName":"getInfo","params":{"actionName":"getInfo","resourceName":"app"},"resourceName":"app"},"header":{"x-hostname":"www.cmreport.dsti.gov.sl","x-locale":"en-US","x-role":"ictHeads","x-timezone":"-00:00"}},"reqId":"47c6ef20-751d-4b99-b510-2014cff8919d","res":{"status":200},"responseTime":145,"timestamp":"2024-02-26T13:12:19.182Z"}
{"level":"info","message":"BEGIN: GET /api/themeConfig:list?sort=id&paginate=false","reqId":"4a85209f-90ab-4ca6-90d3-9a6be3412746","timestamp":"2024-02-26T13:12:19.544Z"}
{"can":{"action":"list","resource":"themeConfig","role":"ictHeads"},"level":"info","message":"ctx permission","reqId":"4a85209f-90ab-4ca6-90d3-9a6be3412746","timestamp":"2024-02-26T13:12:19.565Z"}
{"level":"info","message":"acl params","reqId":"4a85209f-90ab-4ca6-90d3-9a6be3412746","timestamp":"2024-02-26T13:12:19.568Z"}
{"level":"info","message":"acl parsedParams","reqId":"4a85209f-90ab-4ca6-90d3-9a6be3412746","timestamp":"2024-02-26T13:12:19.569Z"}
{"level":"info","message":"BEGIN: GET /api/app:getInfo","reqId":"105d5081-4dae-4b65-b427-3a955ef1261e","timestamp":"2024-02-26T13:12:19.570Z"}
{"level":"info","message":"END: GET /api/themeConfig:list?sort=id&paginate=false","req":{"action":{"actionName":"list","params":{"actionName":"list","paginate":"false","resourceName":"themeConfig","sort":["id"]},"resourceName":"themeConfig"},"header":{"x-hostname":"www.cmreport.dsti.gov.sl","x-locale":"en-US","x-role":"ictHeads","x-timezone":"-00:00"}},"reqId":"4a85209f-90ab-4ca6-90d3-9a6be3412746","res":{"status":200},"responseTime":37,"timestamp":"2024-02-26T13:12:19.581Z"}
{"can":null,"level":"info","message":"ctx permission","reqId":"105d5081-4dae-4b65-b427-3a955ef1261e","skip":true,"timestamp":"2024-02-26T13:12:19.588Z"}
{"level":"info","message":"acl params","reqId":"105d5081-4dae-4b65-b427-3a955ef1261e","timestamp":"2024-02-26T13:12:19.588Z"}
{"level":"info","message":"acl parsedParams","reqId":"105d5081-4dae-4b65-b427-3a955ef1261e","timestamp":"2024-02-26T13:12:19.589Z"}
{"level":"info","message":"END: GET /api/app:getInfo","req":{"action":{"actionName":"getInfo","params":{"actionName":"getInfo","resourceName":"app"},"resourceName":"app"},"header":{"x-hostname":"www.cmreport.dsti.gov.sl","x-locale":"en-US","x-role":"ictHeads","x-timezone":"-00:00"}},"reqId":"105d5081-4dae-4b65-b427-3a955ef1261e","res":{"status":200},"responseTime":21,"timestamp":"2024-02-26T13:12:19.591Z"}
{"level":"info","message":"BEGIN: GET /api/app:getInfo","reqId":"b0ea4f05-517d-44a7-a037-0db3ea506511","timestamp":"2024-02-26T13:12:19.789Z"}
{"can":null,"level":"info","message":"ctx permission","reqId":"b0ea4f05-517d-44a7-a037-0db3ea506511","skip":true,"timestamp":"2024-02-26T13:12:19.803Z"}
{"level":"info","message":"acl params","reqId":"b0ea4f05-517d-44a7-a037-0db3ea506511","timestamp":"2024-02-26T13:12:19.804Z"}
{"level":"info","message":"acl parsedParams","reqId":"b0ea4f05-517d-44a7-a037-0db3ea506511","timestamp":"2024-02-26T13:12:19.804Z"}
{"level":"info","message":"END: GET /api/app:getInfo","req":{"action":{"actionName":"getInfo","params":{"actionName":"getInfo","resourceName":"app"},"resourceName":"app"},"header":{"x-hostname":"www.cmreport.dsti.gov.sl","x-locale":"en-US","x-role":"ictHeads","x-timezone":"-00:00"}},"reqId":"b0ea4f05-517d-44a7-a037-0db3ea506511","res":{"status":200},"responseTime":18,"timestamp":"2024-02-26T13:12:19.807Z"}
{"level":"info","message":"BEGIN: GET /api/uiSchemaTemplates:list?appends%5B%5D=collection&paginate=false","reqId":"3a22f860-3b76-40da-ab47-2f575170fd1f","timestamp":"2024-02-26T13:12:19.986Z"}
{"can":null,"level":"info","message":"ctx permission","reqId":"3a22f860-3b76-40da-ab47-2f575170fd1f","skip":true,"timestamp":"2024-02-26T13:12:20.047Z"}
{"level":"info","message":"acl params","reqId":"3a22f860-3b76-40da-ab47-2f575170fd1f","timestamp":"2024-02-26T13:12:20.053Z"}
{"level":"info","message":"acl parsedParams","reqId":"3a22f860-3b76-40da-ab47-2f575170fd1f","timestamp":"2024-02-26T13:12:20.053Z"}
{"level":"info","message":"END: GET /api/uiSchemaTemplates:list?appends%5B%5D=collection&paginate=false","req":{"action":{"actionName":"list","params":{"actionName":"list","appends":["collection"],"paginate":"false","resourceName":"uiSchemaTemplates"},"resourceName":"uiSchemaTemplates"},"header":{"x-hostname":"www.cmreport.dsti.gov.sl","x-locale":"en-US","x-role":"ictHeads","x-timezone":"-00:00"}},"reqId":"3a22f860-3b76-40da-ab47-2f575170fd1f","res":{"status":200},"responseTime":133,"timestamp":"2024-02-26T13:12:20.119Z"}
{"level":"info","message":"BEGIN: GET /api/collectionCategories:list?paginate=false&sort%5B%5D=sort","reqId":"0cf2d3e8-11cd-44f2-ab10-44a9b142dac2","timestamp":"2024-02-26T13:12:20.299Z"}
{"can":{"action":"list","resource":"collectionCategories","role":"ictHeads"},"level":"info","message":"ctx permission","reqId":"0cf2d3e8-11cd-44f2-ab10-44a9b142dac2","skip":true,"timestamp":"2024-02-26T13:12:20.307Z"}
{"level":"info","message":"acl params","reqId":"0cf2d3e8-11cd-44f2-ab10-44a9b142dac2","timestamp":"2024-02-26T13:12:20.307Z"}
{"level":"info","message":"acl parsedParams","reqId":"0cf2d3e8-11cd-44f2-ab10-44a9b142dac2","timestamp":"2024-02-26T13:12:20.308Z"}
{"level":"info","message":"BEGIN: GET /api/collections:list?paginate=false&appends%5B%5D=fields&appends%5B%5D=category&sort%5B%5D=sort&filter=%7B%7D","reqId":"9c1286b5-c232-4798-97c4-c999e0bf35b7","timestamp":"2024-02-26T13:12:20.314Z"}
{"level":"info","message":"END: GET /api/collectionCategories:list?paginate=false&sort%5B%5D=sort","req":{"action":{"actionName":"list","params":{"actionName":"list","paginate":"false","resourceName":"collectionCategories","sort":["sort"]},"resourceName":"collectionCategories"},"header":{"x-hostname":"www.cmreport.dsti.gov.sl","x-locale":"en-US","x-role":"ictHeads","x-timezone":"-00:00"}},"reqId":"0cf2d3e8-11cd-44f2-ab10-44a9b142dac2","res":{"status":200},"responseTime":17,"timestamp":"2024-02-26T13:12:20.316Z"}
{"can":null,"level":"info","message":"ctx permission","reqId":"9c1286b5-c232-4798-97c4-c999e0bf35b7","skip":true,"timestamp":"2024-02-26T13:12:20.324Z"}
{"level":"info","message":"acl params","reqId":"9c1286b5-c232-4798-97c4-c999e0bf35b7","timestamp":"2024-02-26T13:12:20.325Z"}
{"level":"info","message":"acl parsedParams","reqId":"9c1286b5-c232-4798-97c4-c999e0bf35b7","timestamp":"2024-02-26T13:12:20.325Z"}
{"level":"info","message":"END: GET /api/collections:list?paginate=false&appends%5B%5D=fields&appends%5B%5D=category&sort%5B%5D=sort&filter=%7B%7D","req":{"action":{"actionName":"list","params":{"actionName":"list","appends":["fields","category"],"filter":{},"paginate":"false","resourceName":"collections","sort":["sort"]},"resourceName":"collections"},"header":{"x-hostname":"www.cmreport.dsti.gov.sl","x-locale":"en-US","x-role":"ictHeads","x-timezone":"-00:00"}},"reqId":"9c1286b5-c232-4798-97c4-c999e0bf35b7","res":{"status":200},"responseTime":99,"timestamp":"2024-02-26T13:12:20.413Z"}
{"level":"info","message":"BEGIN: GET /api/roles:check","reqId":"639f1a1e-ab89-434d-b7b3-b3d07dcf560c","timestamp":"2024-02-26T13:12:20.873Z"}
{"can":null,"level":"info","message":"ctx permission","reqId":"639f1a1e-ab89-434d-b7b3-b3d07dcf560c","skip":true,"timestamp":"2024-02-26T13:12:20.885Z"}
{"level":"info","message":"acl params","reqId":"639f1a1e-ab89-434d-b7b3-b3d07dcf560c","timestamp":"2024-02-26T13:12:20.886Z"}
{"level":"info","message":"acl parsedParams","reqId":"639f1a1e-ab89-434d-b7b3-b3d07dcf560c","timestamp":"2024-02-26T13:12:20.886Z"}
{"level":"info","message":"END: GET /api/roles:check","req":{"action":{"actionName":"check","params":{"actionName":"check","resourceName":"roles"},"resourceName":"roles"},"header":{"x-hostname":"www.cmreport.dsti.gov.sl","x-locale":"en-US","x-role":"ictHeads","x-timezone":"-00:00"}},"reqId":"639f1a1e-ab89-434d-b7b3-b3d07dcf560c","res":{"status":200},"responseTime":25,"timestamp":"2024-02-26T13:12:20.899Z"}
{"level":"info","message":"BEGIN: GET /api/uiSchemas:getJsonSchema/kajnqv7hagl","reqId":"6bce6be6-8c11-4f64-9c87-bb3bb8440338","timestamp":"2024-02-26T13:12:21.100Z"}
{"level":"info","message":"BEGIN: GET /api/uiSchemas:getProperties/ic05qq3jmex","reqId":"0d91e514-3015-4aaf-82be-bd9bbc4de9a4","timestamp":"2024-02-26T13:12:21.103Z"}
{"can":null,"level":"info","message":"ctx permission","reqId":"6bce6be6-8c11-4f64-9c87-bb3bb8440338","skip":true,"timestamp":"2024-02-26T13:12:21.127Z"}
{"level":"info","message":"acl params","reqId":"6bce6be6-8c11-4f64-9c87-bb3bb8440338","timestamp":"2024-02-26T13:12:21.128Z"}
{"level":"info","message":"acl parsedParams","reqId":"6bce6be6-8c11-4f64-9c87-bb3bb8440338","timestamp":"2024-02-26T13:12:21.128Z"}
{"level":"info","message":"END: GET /api/uiSchemas:getJsonSchema/kajnqv7hagl","req":{"action":{"actionName":"getJsonSchema","params":{"actionName":"getJsonSchema","filterByTk":"kajnqv7hagl","resourceIndex":"kajnqv7hagl","resourceName":"uiSchemas"},"resourceName":"uiSchemas"},"header":{"x-hostname":"www.cmreport.dsti.gov.sl","x-locale":"en-US","x-role":"ictHeads","x-timezone":"-00:00"}},"reqId":"6bce6be6-8c11-4f64-9c87-bb3bb8440338","res":{"status":200},"responseTime":397,"timestamp":"2024-02-26T13:12:21.497Z"}
{"can":null,"level":"info","message":"ctx permission","reqId":"0d91e514-3015-4aaf-82be-bd9bbc4de9a4","skip":true,"timestamp":"2024-02-26T13:12:21.501Z"}
{"level":"info","message":"acl params","reqId":"0d91e514-3015-4aaf-82be-bd9bbc4de9a4","timestamp":"2024-02-26T13:12:21.502Z"}
{"level":"info","message":"acl parsedParams","reqId":"0d91e514-3015-4aaf-82be-bd9bbc4de9a4","timestamp":"2024-02-26T13:12:21.502Z"}
{"level":"info","message":"END: GET /api/uiSchemas:getProperties/ic05qq3jmex","req":{"action":{"actionName":"getProperties","params":{"actionName":"getProperties","filterByTk":"ic05qq3jmex","resourceIndex":"ic05qq3jmex","resourceName":"uiSchemas"},"resourceName":"uiSchemas"},"header":{"x-hostname":"www.cmreport.dsti.gov.sl","x-locale":"en-US","x-role":"ictHeads","x-timezone":"-00:00"}},"reqId":"0d91e514-3015-4aaf-82be-bd9bbc4de9a4","res":{"status":200},"responseTime":412,"timestamp":"2024-02-26T13:12:21.515Z"}
