{"level":"info","message":"BEGIN: GET /api/app:getLang?locale=en-US","reqId":"1ea463a9-1c7b-4fcc-8c93-d6d01283bc82","timestamp":"2024-02-23T16:36:10.933Z"}
{"expiredAt":"2023-11-06T11:55:12.000Z","level":"error","message":"jwt expired","name":"TokenExpiredError","reqId":"1ea463a9-1c7b-4fcc-8c93-d6d01283bc82","stack":"TokenExpiredError: jwt expired\n    at /root/my-nocobase-app/node_modules/jsonwebtoken/verify.js:152:21\n    at getSecret (/root/my-nocobase-app/node_modules/jsonwebtoken/verify.js:90:14)\n    at Object.module.exports [as verify] (/root/my-nocobase-app/node_modules/jsonwebtoken/verify.js:94:10)\n    at /root/my-nocobase-app/node_modules/@nocobase/auth/lib/base/jwt-service.js:53:31\n    at new Promise (<anonymous>)\n    at JwtService.decode (/root/my-nocobase-app/node_modules/@nocobase/auth/lib/base/jwt-service.js:52:12)\n    at /root/my-nocobase-app/node_modules/@nocobase/auth/lib/base/auth.js:41:55\n    at Generator.next (<anonymous>)\n    at asyncGeneratorStep (/root/my-nocobase-app/node_modules/@nocobase/auth/lib/base/auth.js:8:103)\n    at _next (/root/my-nocobase-app/node_modules/@nocobase/auth/lib/base/auth.js:9:194)","timestamp":"2024-02-23T16:36:10.951Z"}
{"can":null,"level":"info","message":"ctx permission","reqId":"1ea463a9-1c7b-4fcc-8c93-d6d01283bc82","skip":true,"timestamp":"2024-02-23T16:36:10.958Z"}
{"level":"info","message":"acl params","reqId":"1ea463a9-1c7b-4fcc-8c93-d6d01283bc82","timestamp":"2024-02-23T16:36:10.958Z"}
{"level":"info","message":"acl parsedParams","reqId":"1ea463a9-1c7b-4fcc-8c93-d6d01283bc82","timestamp":"2024-02-23T16:36:10.959Z"}
{"level":"info","message":"END: GET /api/app:getLang?locale=en-US","req":{"action":{"actionName":"getLang","params":{"actionName":"getLang","locale":"en-US","resourceName":"app"},"resourceName":"app"},"header":{"x-hostname":"cmreport.dsti.gov.sl","x-locale":"en-US","x-role":"ictHeads","x-timezone":"-00:00"}},"reqId":"1ea463a9-1c7b-4fcc-8c93-d6d01283bc82","res":{"status":200},"responseTime":40,"timestamp":"2024-02-23T16:36:10.973Z"}
{"level":"info","message":"BEGIN: GET /api/app:getPlugins","reqId":"d826ff21-f23c-4f53-b0e0-243d38a1ab74","timestamp":"2024-02-23T16:36:11.631Z"}
{"expiredAt":"2023-11-06T11:55:12.000Z","level":"error","message":"jwt expired","name":"TokenExpiredError","reqId":"d826ff21-f23c-4f53-b0e0-243d38a1ab74","stack":"TokenExpiredError: jwt expired\n    at /root/my-nocobase-app/node_modules/jsonwebtoken/verify.js:152:21\n    at getSecret (/root/my-nocobase-app/node_modules/jsonwebtoken/verify.js:90:14)\n    at Object.module.exports [as verify] (/root/my-nocobase-app/node_modules/jsonwebtoken/verify.js:94:10)\n    at /root/my-nocobase-app/node_modules/@nocobase/auth/lib/base/jwt-service.js:53:31\n    at new Promise (<anonymous>)\n    at JwtService.decode (/root/my-nocobase-app/node_modules/@nocobase/auth/lib/base/jwt-service.js:52:12)\n    at /root/my-nocobase-app/node_modules/@nocobase/auth/lib/base/auth.js:41:55\n    at Generator.next (<anonymous>)\n    at asyncGeneratorStep (/root/my-nocobase-app/node_modules/@nocobase/auth/lib/base/auth.js:8:103)\n    at _next (/root/my-nocobase-app/node_modules/@nocobase/auth/lib/base/auth.js:9:194)","timestamp":"2024-02-23T16:36:11.641Z"}
{"can":null,"level":"info","message":"ctx permission","reqId":"d826ff21-f23c-4f53-b0e0-243d38a1ab74","skip":true,"timestamp":"2024-02-23T16:36:11.642Z"}
{"level":"info","message":"acl params","reqId":"d826ff21-f23c-4f53-b0e0-243d38a1ab74","timestamp":"2024-02-23T16:36:11.643Z"}
{"level":"info","message":"acl parsedParams","reqId":"d826ff21-f23c-4f53-b0e0-243d38a1ab74","timestamp":"2024-02-23T16:36:11.643Z"}
{"level":"info","message":"END: GET /api/app:getPlugins","req":{"action":{"actionName":"getPlugins","params":{"actionName":"getPlugins","resourceName":"app"},"resourceName":"app"},"header":{"x-hostname":"cmreport.dsti.gov.sl","x-locale":"en-US","x-role":"ictHeads","x-timezone":"-00:00"}},"reqId":"d826ff21-f23c-4f53-b0e0-243d38a1ab74","res":{"status":200},"responseTime":28,"timestamp":"2024-02-23T16:36:11.659Z"}
{"level":"info","message":"BEGIN: GET /api/plugins/client/@nocobase/plugin-error-handler/index.js","reqId":"ace71816-b7ed-472b-9aa6-ff8044ecd67f","timestamp":"2024-02-23T16:36:12.005Z"}
{"level":"info","message":"BEGIN: GET /api/plugins/client/@nocobase/plugin-collection-manager/index.js","reqId":"9a447abe-89dc-4db6-8d6e-cfc1cc364b51","timestamp":"2024-02-23T16:36:12.013Z"}
{"level":"info","message":"END: GET /api/plugins/client/@nocobase/plugin-collection-manager/index.js","req":{},"reqId":"9a447abe-89dc-4db6-8d6e-cfc1cc364b51","res":{"status":200},"responseTime":4,"timestamp":"2024-02-23T16:36:12.017Z"}
{"level":"info","message":"END: GET /api/plugins/client/@nocobase/plugin-error-handler/index.js","req":{},"reqId":"ace71816-b7ed-472b-9aa6-ff8044ecd67f","res":{"status":200},"responseTime":21,"timestamp":"2024-02-23T16:36:12.026Z"}
{"level":"info","message":"BEGIN: GET /api/plugins/client/@nocobase/plugin-ui-schema-storage/index.js","reqId":"029915fa-20bc-44c5-ab68-9c984193db6c","timestamp":"2024-02-23T16:36:12.278Z"}
{"level":"info","message":"END: GET /api/plugins/client/@nocobase/plugin-ui-schema-storage/index.js","req":{},"reqId":"029915fa-20bc-44c5-ab68-9c984193db6c","res":{"status":200},"responseTime":4,"timestamp":"2024-02-23T16:36:12.282Z"}
{"level":"info","message":"BEGIN: GET /api/plugins/client/@nocobase/plugin-ui-routes-storage/index.js","reqId":"fb72dd0f-147c-41a8-85d0-a3855e1614c1","timestamp":"2024-02-23T16:36:12.289Z"}
{"level":"info","message":"END: GET /api/plugins/client/@nocobase/plugin-ui-routes-storage/index.js","req":{},"reqId":"fb72dd0f-147c-41a8-85d0-a3855e1614c1","res":{"status":200},"responseTime":3,"timestamp":"2024-02-23T16:36:12.292Z"}
{"level":"info","message":"BEGIN: GET /api/plugins/client/@nocobase/plugin-file-manager/index.js","reqId":"d3b586f2-1062-4626-9306-2e2ba833367a","timestamp":"2024-02-23T16:36:12.473Z"}
{"level":"info","message":"END: GET /api/plugins/client/@nocobase/plugin-file-manager/index.js","req":{},"reqId":"d3b586f2-1062-4626-9306-2e2ba833367a","res":{"status":200},"responseTime":3,"timestamp":"2024-02-23T16:36:12.476Z"}
{"level":"info","message":"BEGIN: GET /api/plugins/client/@nocobase/plugin-system-settings/index.js","reqId":"5c0cd1c4-5364-440a-82bc-e52ac4d00aad","timestamp":"2024-02-23T16:36:12.482Z"}
{"level":"info","message":"END: GET /api/plugins/client/@nocobase/plugin-system-settings/index.js","req":{},"reqId":"5c0cd1c4-5364-440a-82bc-e52ac4d00aad","res":{"status":200},"responseTime":2,"timestamp":"2024-02-23T16:36:12.484Z"}
{"level":"info","message":"BEGIN: GET /api/plugins/client/@nocobase/plugin-sequence-field/index.js","reqId":"14b2802c-5da3-4710-b29e-5e828708f7ba","timestamp":"2024-02-23T16:36:12.506Z"}
{"level":"info","message":"END: GET /api/plugins/client/@nocobase/plugin-sequence-field/index.js","req":{},"reqId":"14b2802c-5da3-4710-b29e-5e828708f7ba","res":{"status":200},"responseTime":3,"timestamp":"2024-02-23T16:36:12.509Z"}
{"level":"info","message":"BEGIN: GET /api/plugins/client/@nocobase/plugin-verification/index.js","reqId":"9ddd63f0-d429-446e-9c20-895b7c9a25da","timestamp":"2024-02-23T16:36:12.735Z"}
{"level":"info","message":"END: GET /api/plugins/client/@nocobase/plugin-verification/index.js","req":{},"reqId":"9ddd63f0-d429-446e-9c20-895b7c9a25da","res":{"status":200},"responseTime":3,"timestamp":"2024-02-23T16:36:12.738Z"}
{"level":"info","message":"BEGIN: GET /api/plugins/client/@nocobase/plugin-acl/index.js","reqId":"77a914e6-1722-4336-9e2f-7d84858e86ee","timestamp":"2024-02-23T16:36:12.757Z"}
{"level":"info","message":"END: GET /api/plugins/client/@nocobase/plugin-acl/index.js","req":{},"reqId":"77a914e6-1722-4336-9e2f-7d84858e86ee","res":{"status":200},"responseTime":3,"timestamp":"2024-02-23T16:36:12.759Z"}
{"level":"info","message":"BEGIN: GET /api/plugins/client/@nocobase/plugin-china-region/index.js","reqId":"4487437d-8bae-42e7-bb32-dcbab77f34c5","timestamp":"2024-02-23T16:36:12.828Z"}
{"level":"info","message":"END: GET /api/plugins/client/@nocobase/plugin-china-region/index.js","req":{},"reqId":"4487437d-8bae-42e7-bb32-dcbab77f34c5","res":{"status":200},"responseTime":2,"timestamp":"2024-02-23T16:36:12.830Z"}
{"level":"info","message":"BEGIN: GET /api/plugins/client/@nocobase/plugin-workflow/index.js","reqId":"7f3032bc-2e0d-4a02-8cfd-208594210610","timestamp":"2024-02-23T16:36:13.021Z"}
{"level":"info","message":"END: GET /api/plugins/client/@nocobase/plugin-workflow/index.js","req":{},"reqId":"7f3032bc-2e0d-4a02-8cfd-208594210610","res":{"status":200},"responseTime":2,"timestamp":"2024-02-23T16:36:13.023Z"}
{"level":"info","message":"BEGIN: GET /api/plugins/client/@nocobase/plugin-client/index.js","reqId":"53f16549-fd72-4aee-bafb-8f6c0879a516","timestamp":"2024-02-23T16:36:13.073Z"}
{"level":"info","message":"END: GET /api/plugins/client/@nocobase/plugin-client/index.js","req":{},"reqId":"53f16549-fd72-4aee-bafb-8f6c0879a516","res":{"status":200},"responseTime":1,"timestamp":"2024-02-23T16:36:13.074Z"}
{"level":"info","message":"BEGIN: GET /api/plugins/client/@nocobase/plugin-export/index.js","reqId":"1033b54e-4f7e-41f1-9e97-76f5c2855e56","timestamp":"2024-02-23T16:36:13.081Z"}
{"level":"info","message":"END: GET /api/plugins/client/@nocobase/plugin-export/index.js","req":{},"reqId":"1033b54e-4f7e-41f1-9e97-76f5c2855e56","res":{"status":200},"responseTime":9,"timestamp":"2024-02-23T16:36:13.090Z"}
{"level":"info","message":"BEGIN: GET /api/plugins/client/@nocobase/plugin-import/index.js","reqId":"b213a41e-a91e-4a15-a017-778fca32cf03","timestamp":"2024-02-23T16:36:13.347Z"}
{"level":"info","message":"END: GET /api/plugins/client/@nocobase/plugin-import/index.js","req":{},"reqId":"b213a41e-a91e-4a15-a017-778fca32cf03","res":{"status":200},"responseTime":2,"timestamp":"2024-02-23T16:36:13.349Z"}
{"level":"info","message":"BEGIN: GET /api/plugins/client/@nocobase/plugin-audit-logs/index.js","reqId":"d12cd131-e93b-4f31-8efc-d97fd580962c","timestamp":"2024-02-23T16:36:13.357Z"}
{"level":"info","message":"END: GET /api/plugins/client/@nocobase/plugin-audit-logs/index.js","req":{},"reqId":"d12cd131-e93b-4f31-8efc-d97fd580962c","res":{"status":200},"responseTime":5,"timestamp":"2024-02-23T16:36:13.361Z"}
{"level":"info","message":"BEGIN: GET /api/plugins/client/@nocobase/plugin-duplicator/index.js","reqId":"22de46a6-9653-49ea-ac0d-ef34d0675c95","timestamp":"2024-02-23T16:36:13.737Z"}
{"level":"info","message":"END: GET /api/plugins/client/@nocobase/plugin-duplicator/index.js","req":{},"reqId":"22de46a6-9653-49ea-ac0d-ef34d0675c95","res":{"status":200},"responseTime":6,"timestamp":"2024-02-23T16:36:13.743Z"}
{"level":"info","message":"BEGIN: GET /api/plugins/client/@nocobase/plugin-iframe-block/index.js","reqId":"80b95306-5e8c-4a96-b076-09dc4d0d9f78","timestamp":"2024-02-23T16:36:13.767Z"}
{"level":"info","message":"END: GET /api/plugins/client/@nocobase/plugin-iframe-block/index.js","req":{},"reqId":"80b95306-5e8c-4a96-b076-09dc4d0d9f78","res":{"status":200},"responseTime":2,"timestamp":"2024-02-23T16:36:13.769Z"}
{"level":"info","message":"BEGIN: GET /api/plugins/client/@nocobase/plugin-formula-field/index.js","reqId":"737d4c43-84b6-4a51-97d9-fdb8b8d32943","timestamp":"2024-02-23T16:36:13.937Z"}
{"level":"info","message":"END: GET /api/plugins/client/@nocobase/plugin-formula-field/index.js","req":{},"reqId":"737d4c43-84b6-4a51-97d9-fdb8b8d32943","res":{"status":200},"responseTime":3,"timestamp":"2024-02-23T16:36:13.940Z"}
{"level":"info","message":"BEGIN: GET /api/plugins/client/@nocobase/plugin-charts/index.js","reqId":"8846989e-2a13-435a-869e-8bbf5a547282","timestamp":"2024-02-23T16:36:14.121Z"}
{"level":"info","message":"END: GET /api/plugins/client/@nocobase/plugin-charts/index.js","req":{},"reqId":"8846989e-2a13-435a-869e-8bbf5a547282","res":{"status":200},"responseTime":3,"timestamp":"2024-02-23T16:36:14.124Z"}
{"level":"info","message":"BEGIN: GET /api/plugins/client/@nocobase/plugin-data-visualization/index.js","reqId":"3cefe834-8ef2-4541-afe8-0bd98ac4633d","timestamp":"2024-02-23T16:36:14.181Z"}
{"level":"info","message":"END: GET /api/plugins/client/@nocobase/plugin-data-visualization/index.js","req":{},"reqId":"3cefe834-8ef2-4541-afe8-0bd98ac4633d","res":{"status":200},"responseTime":5,"timestamp":"2024-02-23T16:36:14.186Z"}
{"level":"info","message":"BEGIN: GET /api/plugins/client/@nocobase/plugin-auth/index.js","reqId":"d7baf330-354a-432d-8cd4-8c60e36e1325","timestamp":"2024-02-23T16:36:14.295Z"}
{"level":"info","message":"END: GET /api/plugins/client/@nocobase/plugin-auth/index.js","req":{},"reqId":"d7baf330-354a-432d-8cd4-8c60e36e1325","res":{"status":200},"responseTime":4,"timestamp":"2024-02-23T16:36:14.299Z"}
{"level":"info","message":"BEGIN: GET /api/plugins/client/@nocobase/plugin-sms-auth/index.js","reqId":"1011a3b9-f11d-4156-8ea1-ebfe6a95d719","timestamp":"2024-02-23T16:36:14.497Z"}
{"level":"info","message":"END: GET /api/plugins/client/@nocobase/plugin-sms-auth/index.js","req":{},"reqId":"1011a3b9-f11d-4156-8ea1-ebfe6a95d719","res":{"status":200},"responseTime":2,"timestamp":"2024-02-23T16:36:14.499Z"}
{"level":"info","message":"BEGIN: GET /api/plugins/client/@nocobase/plugin-multi-app-manager/index.js","reqId":"41137654-cd61-46c4-8c1e-bb2fa0a6511b","timestamp":"2024-02-23T16:36:15.033Z"}
{"level":"info","message":"END: GET /api/plugins/client/@nocobase/plugin-multi-app-manager/index.js","req":{},"reqId":"41137654-cd61-46c4-8c1e-bb2fa0a6511b","res":{"status":200},"responseTime":13,"timestamp":"2024-02-23T16:36:15.045Z"}
{"level":"info","message":"BEGIN: GET /api/plugins/client/@nocobase/plugin-map/index.js","reqId":"2da791d4-9450-4c60-a322-5b0d516b4ca6","timestamp":"2024-02-23T16:36:15.276Z"}
{"level":"info","message":"END: GET /api/plugins/client/@nocobase/plugin-map/index.js","req":{},"reqId":"2da791d4-9450-4c60-a322-5b0d516b4ca6","res":{"status":200},"responseTime":3,"timestamp":"2024-02-23T16:36:15.279Z"}
{"level":"info","message":"BEGIN: GET /api/plugins/client/@nocobase/plugin-snapshot-field/index.js","reqId":"7ac33cca-9a9e-48e0-b5bc-900f60c7eef4","timestamp":"2024-02-23T16:36:15.697Z"}
{"level":"info","message":"END: GET /api/plugins/client/@nocobase/plugin-snapshot-field/index.js","req":{},"reqId":"7ac33cca-9a9e-48e0-b5bc-900f60c7eef4","res":{"status":200},"responseTime":5,"timestamp":"2024-02-23T16:36:15.702Z"}
{"level":"info","message":"BEGIN: GET /api/plugins/client/@nocobase/plugin-graph-collection-manager/index.js","reqId":"14932d9b-2845-4994-a739-96946459df3c","timestamp":"2024-02-23T16:36:16.157Z"}
{"level":"info","message":"END: GET /api/plugins/client/@nocobase/plugin-graph-collection-manager/index.js","req":{},"reqId":"14932d9b-2845-4994-a739-96946459df3c","res":{"status":200},"responseTime":2,"timestamp":"2024-02-23T16:36:16.159Z"}
{"level":"info","message":"BEGIN: GET /api/plugins/client/@nocobase/plugin-mobile-client/index.js","reqId":"8ee1fe47-4075-41b2-b027-dc36f3725674","timestamp":"2024-02-23T16:36:17.113Z"}
{"level":"info","message":"END: GET /api/plugins/client/@nocobase/plugin-mobile-client/index.js","req":{},"reqId":"8ee1fe47-4075-41b2-b027-dc36f3725674","res":{"status":200},"responseTime":2,"timestamp":"2024-02-23T16:36:17.115Z"}
{"level":"info","message":"BEGIN: GET /api/plugins/client/@nocobase/plugin-api-keys/index.js","reqId":"fddddd0a-4932-4496-9d55-36cf5629cddc","timestamp":"2024-02-23T16:36:18.679Z"}
{"level":"info","message":"END: GET /api/plugins/client/@nocobase/plugin-api-keys/index.js","req":{},"reqId":"fddddd0a-4932-4496-9d55-36cf5629cddc","res":{"status":200},"responseTime":6,"timestamp":"2024-02-23T16:36:18.685Z"}
{"level":"info","message":"BEGIN: GET /api/plugins/client/@nocobase/plugin-theme-editor/index.js","reqId":"f9896de7-e6f1-484b-9ab0-7ac42a37c1af","timestamp":"2024-02-23T16:36:19.397Z"}
{"level":"info","message":"END: GET /api/plugins/client/@nocobase/plugin-theme-editor/index.js","req":{},"reqId":"f9896de7-e6f1-484b-9ab0-7ac42a37c1af","res":{"status":200},"responseTime":2,"timestamp":"2024-02-23T16:36:19.399Z"}
