{"level":"info","message":"BEGIN: POST /api/auth:signOut","reqId":"eb2c1036-25fd-4836-b772-e04ff5e173e4","timestamp":"2024-02-20T15:08:44.771Z"}
{"can":null,"level":"info","message":"ctx permission","reqId":"eb2c1036-25fd-4836-b772-e04ff5e173e4","skip":true,"timestamp":"2024-02-20T15:08:44.806Z"}
{"level":"info","message":"acl params","reqId":"eb2c1036-25fd-4836-b772-e04ff5e173e4","timestamp":"2024-02-20T15:08:44.807Z"}
{"level":"info","message":"acl parsedParams","reqId":"eb2c1036-25fd-4836-b772-e04ff5e173e4","timestamp":"2024-02-20T15:08:44.807Z"}
{"level":"info","message":"END: POST /api/auth:signOut","req":{"action":{"actionName":"signOut","params":{"actionName":"signOut","resourceName":"auth"},"resourceName":"auth"},"header":{"x-hostname":"cmreport.dsti.gov.sl","x-locale":"en-US","x-role":"ictAdmin","x-timezone":"-00:00"}},"reqId":"eb2c1036-25fd-4836-b772-e04ff5e173e4","res":{"status":200},"responseTime":74,"timestamp":"2024-02-20T15:08:44.846Z"}
{"level":"info","message":"BEGIN: POST /api/authenticators:publicList","reqId":"b5f22e74-036d-46aa-8fb0-319887c8f63a","timestamp":"2024-02-20T15:08:45.124Z"}
{"can":null,"level":"info","message":"ctx permission","reqId":"b5f22e74-036d-46aa-8fb0-319887c8f63a","skip":true,"timestamp":"2024-02-20T15:08:45.129Z"}
{"level":"info","message":"acl params","reqId":"b5f22e74-036d-46aa-8fb0-319887c8f63a","timestamp":"2024-02-20T15:08:45.129Z"}
{"level":"info","message":"acl parsedParams","reqId":"b5f22e74-036d-46aa-8fb0-319887c8f63a","timestamp":"2024-02-20T15:08:45.130Z"}
{"level":"info","message":"END: POST /api/authenticators:publicList","req":{"action":{"actionName":"publicList","params":{"actionName":"publicList","resourceName":"authenticators"},"resourceName":"authenticators"},"header":{"x-hostname":"cmreport.dsti.gov.sl","x-locale":"en-US","x-timezone":"-00:00"}},"reqId":"b5f22e74-036d-46aa-8fb0-319887c8f63a","res":{"status":200},"responseTime":15,"timestamp":"2024-02-20T15:08:45.138Z"}
{"level":"info","message":"BEGIN: POST /api/auth:signIn","reqId":"0c1acb70-efa6-4c12-b0fd-19c1e5d9da6e","timestamp":"2024-02-20T15:11:56.071Z"}
{"can":null,"level":"info","message":"ctx permission","reqId":"0c1acb70-efa6-4c12-b0fd-19c1e5d9da6e","skip":true,"timestamp":"2024-02-20T15:11:56.079Z"}
{"level":"info","message":"acl params","reqId":"0c1acb70-efa6-4c12-b0fd-19c1e5d9da6e","timestamp":"2024-02-20T15:11:56.085Z"}
{"level":"info","message":"acl parsedParams","reqId":"0c1acb70-efa6-4c12-b0fd-19c1e5d9da6e","timestamp":"2024-02-20T15:11:56.086Z"}
{"level":"info","message":"END: POST /api/auth:signIn","req":{"action":{"actionName":"signIn","params":{"actionName":"signIn","resourceName":"auth","values":{"email":"klmusa01@gmail.com","password":"Kumba@2023"}},"resourceName":"auth"},"header":{"x-hostname":"cmreport.dsti.gov.sl","x-locale":"en-US","x-timezone":"-00:00"}},"reqId":"0c1acb70-efa6-4c12-b0fd-19c1e5d9da6e","res":{"status":200},"responseTime":135,"timestamp":"2024-02-20T15:11:56.206Z"}
{"level":"info","message":"BEGIN: GET /api/auth:check","reqId":"5f0e3500-4df9-4480-8fa0-1348f085496b","timestamp":"2024-02-20T15:11:56.377Z"}
{"can":null,"level":"info","message":"ctx permission","reqId":"5f0e3500-4df9-4480-8fa0-1348f085496b","skip":true,"timestamp":"2024-02-20T15:11:56.411Z"}
{"level":"info","message":"acl params","reqId":"5f0e3500-4df9-4480-8fa0-1348f085496b","timestamp":"2024-02-20T15:11:56.425Z"}
{"level":"info","message":"acl parsedParams","reqId":"5f0e3500-4df9-4480-8fa0-1348f085496b","timestamp":"2024-02-20T15:11:56.426Z"}
{"level":"info","message":"END: GET /api/auth:check","req":{"action":{"actionName":"check","params":{"actionName":"check","resourceName":"auth"},"resourceName":"auth"},"header":{"x-hostname":"cmreport.dsti.gov.sl","x-locale":"en-US","x-timezone":"-00:00"}},"reqId":"5f0e3500-4df9-4480-8fa0-1348f085496b","res":{"status":200},"responseTime":49,"timestamp":"2024-02-20T15:11:56.426Z"}
{"level":"info","message":"BEGIN: GET /api/uiSchemaTemplates:list?appends%5B%5D=collection&paginate=false","reqId":"1c87f1e9-ba7b-4415-ae3a-c4af4e5b2373","timestamp":"2024-02-20T15:11:56.635Z"}
{"can":null,"level":"info","message":"ctx permission","reqId":"1c87f1e9-ba7b-4415-ae3a-c4af4e5b2373","skip":true,"timestamp":"2024-02-20T15:11:56.676Z"}
{"level":"info","message":"acl params","reqId":"1c87f1e9-ba7b-4415-ae3a-c4af4e5b2373","timestamp":"2024-02-20T15:11:56.676Z"}
{"level":"info","message":"acl parsedParams","reqId":"1c87f1e9-ba7b-4415-ae3a-c4af4e5b2373","timestamp":"2024-02-20T15:11:56.676Z"}
{"level":"info","message":"END: GET /api/uiSchemaTemplates:list?appends%5B%5D=collection&paginate=false","req":{"action":{"actionName":"list","params":{"actionName":"list","appends":["collection"],"paginate":"false","resourceName":"uiSchemaTemplates"},"resourceName":"uiSchemaTemplates"},"header":{"x-hostname":"cmreport.dsti.gov.sl","x-locale":"en-US","x-timezone":"-00:00"}},"reqId":"1c87f1e9-ba7b-4415-ae3a-c4af4e5b2373","res":{"status":200},"responseTime":91,"timestamp":"2024-02-20T15:11:56.727Z"}
{"level":"info","message":"BEGIN: GET /api/systemSettings:get/1?appends=logo","reqId":"0406ee5d-8254-4e7d-8027-d24b9040a078","timestamp":"2024-02-20T15:11:56.883Z"}
{"can":{"action":"get","resource":"systemSettings","role":"ictAdmin"},"level":"info","message":"ctx permission","reqId":"0406ee5d-8254-4e7d-8027-d24b9040a078","skip":true,"timestamp":"2024-02-20T15:11:56.918Z"}
{"level":"info","message":"acl params","reqId":"0406ee5d-8254-4e7d-8027-d24b9040a078","timestamp":"2024-02-20T15:11:56.918Z"}
{"level":"info","message":"acl parsedParams","reqId":"0406ee5d-8254-4e7d-8027-d24b9040a078","timestamp":"2024-02-20T15:11:56.918Z"}
{"level":"info","message":"END: GET /api/systemSettings:get/1?appends=logo","req":{"action":{"actionName":"get","params":{"actionName":"get","appends":["logo"],"filterByTk":"1","resourceIndex":"1","resourceName":"systemSettings"},"resourceName":"systemSettings"},"header":{"x-hostname":"cmreport.dsti.gov.sl","x-locale":"en-US","x-timezone":"-00:00"}},"reqId":"0406ee5d-8254-4e7d-8027-d24b9040a078","res":{"status":200},"responseTime":69,"timestamp":"2024-02-20T15:11:56.952Z"}
{"level":"info","message":"BEGIN: GET /api/app:getInfo","reqId":"bd180f8e-9f8e-4240-9591-e2041117da53","timestamp":"2024-02-20T15:11:57.209Z"}
{"can":null,"level":"info","message":"ctx permission","reqId":"bd180f8e-9f8e-4240-9591-e2041117da53","skip":true,"timestamp":"2024-02-20T15:11:57.226Z"}
{"level":"info","message":"acl params","reqId":"bd180f8e-9f8e-4240-9591-e2041117da53","timestamp":"2024-02-20T15:11:57.227Z"}
{"level":"info","message":"acl parsedParams","reqId":"bd180f8e-9f8e-4240-9591-e2041117da53","timestamp":"2024-02-20T15:11:57.227Z"}
{"level":"info","message":"END: GET /api/app:getInfo","req":{"action":{"actionName":"getInfo","params":{"actionName":"getInfo","resourceName":"app"},"resourceName":"app"},"header":{"x-hostname":"cmreport.dsti.gov.sl","x-locale":"en-US","x-timezone":"-00:00"}},"reqId":"bd180f8e-9f8e-4240-9591-e2041117da53","res":{"status":200},"responseTime":30,"timestamp":"2024-02-20T15:11:57.239Z"}
{"level":"info","message":"BEGIN: POST /api/chartsQueries:listMetadata?paginate=false&sort%5B%5D=-id","reqId":"d859a306-a26a-4926-8894-e9f179d7e329","timestamp":"2024-02-20T15:11:57.523Z"}
{"can":null,"level":"info","message":"ctx permission","reqId":"d859a306-a26a-4926-8894-e9f179d7e329","skip":true,"timestamp":"2024-02-20T15:11:57.541Z"}
{"level":"info","message":"acl params","reqId":"d859a306-a26a-4926-8894-e9f179d7e329","timestamp":"2024-02-20T15:11:57.546Z"}
{"level":"info","message":"acl parsedParams","reqId":"d859a306-a26a-4926-8894-e9f179d7e329","timestamp":"2024-02-20T15:11:57.547Z"}
{"level":"info","message":"END: POST /api/chartsQueries:listMetadata?paginate=false&sort%5B%5D=-id","req":{"action":{"actionName":"listMetadata","params":{"actionName":"listMetadata","paginate":"false","resourceName":"chartsQueries","sort":["-id"]},"resourceName":"chartsQueries"},"header":{"x-hostname":"cmreport.dsti.gov.sl","x-locale":"en-US","x-timezone":"-00:00"}},"reqId":"d859a306-a26a-4926-8894-e9f179d7e329","res":{"status":200},"responseTime":30,"timestamp":"2024-02-20T15:11:57.553Z"}
{"level":"info","message":"BEGIN: GET /api/app:getInfo","reqId":"7836a833-9ec9-4b4d-885b-f94ae7ed8c8b","timestamp":"2024-02-20T15:11:57.714Z"}
{"can":null,"level":"info","message":"ctx permission","reqId":"7836a833-9ec9-4b4d-885b-f94ae7ed8c8b","skip":true,"timestamp":"2024-02-20T15:11:57.736Z"}
{"level":"info","message":"acl params","reqId":"7836a833-9ec9-4b4d-885b-f94ae7ed8c8b","timestamp":"2024-02-20T15:11:57.737Z"}
{"level":"info","message":"acl parsedParams","reqId":"7836a833-9ec9-4b4d-885b-f94ae7ed8c8b","timestamp":"2024-02-20T15:11:57.737Z"}
{"level":"info","message":"END: GET /api/app:getInfo","req":{"action":{"actionName":"getInfo","params":{"actionName":"getInfo","resourceName":"app"},"resourceName":"app"},"header":{"x-hostname":"cmreport.dsti.gov.sl","x-locale":"en-US","x-timezone":"-00:00"}},"reqId":"7836a833-9ec9-4b4d-885b-f94ae7ed8c8b","res":{"status":200},"responseTime":33,"timestamp":"2024-02-20T15:11:57.747Z"}
{"level":"info","message":"BEGIN: GET /api/app:getInfo","reqId":"410f9975-31ac-4648-b29e-2cbeee4e5c83","timestamp":"2024-02-20T15:11:57.951Z"}
{"level":"info","message":"BEGIN: GET /api/themeConfig:list?sort=id&paginate=false","reqId":"aa8ab2d4-e1b4-489a-84f0-090c7fcebfff","timestamp":"2024-02-20T15:11:57.970Z"}
{"can":null,"level":"info","message":"ctx permission","reqId":"410f9975-31ac-4648-b29e-2cbeee4e5c83","skip":true,"timestamp":"2024-02-20T15:11:57.990Z"}
{"level":"info","message":"acl params","reqId":"410f9975-31ac-4648-b29e-2cbeee4e5c83","timestamp":"2024-02-20T15:11:57.991Z"}
{"level":"info","message":"acl parsedParams","reqId":"410f9975-31ac-4648-b29e-2cbeee4e5c83","timestamp":"2024-02-20T15:11:57.991Z"}
{"level":"info","message":"END: GET /api/app:getInfo","req":{"action":{"actionName":"getInfo","params":{"actionName":"getInfo","resourceName":"app"},"resourceName":"app"},"header":{"x-hostname":"cmreport.dsti.gov.sl","x-locale":"en-US","x-timezone":"-00:00"}},"reqId":"410f9975-31ac-4648-b29e-2cbeee4e5c83","res":{"status":200},"responseTime":54,"timestamp":"2024-02-20T15:11:58.005Z"}
{"can":{"action":"list","resource":"themeConfig","role":"ictAdmin"},"level":"info","message":"ctx permission","reqId":"aa8ab2d4-e1b4-489a-84f0-090c7fcebfff","timestamp":"2024-02-20T15:11:58.013Z"}
{"level":"info","message":"acl params","reqId":"aa8ab2d4-e1b4-489a-84f0-090c7fcebfff","timestamp":"2024-02-20T15:11:58.014Z"}
{"level":"info","message":"acl parsedParams","reqId":"aa8ab2d4-e1b4-489a-84f0-090c7fcebfff","timestamp":"2024-02-20T15:11:58.014Z"}
{"level":"info","message":"END: GET /api/themeConfig:list?sort=id&paginate=false","req":{"action":{"actionName":"list","params":{"actionName":"list","paginate":"false","resourceName":"themeConfig","sort":["id"]},"resourceName":"themeConfig"},"header":{"x-hostname":"cmreport.dsti.gov.sl","x-locale":"en-US","x-timezone":"-00:00"}},"reqId":"aa8ab2d4-e1b4-489a-84f0-090c7fcebfff","res":{"status":200},"responseTime":65,"timestamp":"2024-02-20T15:11:58.035Z"}
{"level":"info","message":"BEGIN: GET /api/collectionsHistory:list?paginate=false&appends%5B%5D=fields&sort%5B%5D=sort&filter=%7B%7D","reqId":"0f24d49f-a3e1-4626-9b5b-95ea1a6d3bac","timestamp":"2024-02-20T15:11:58.230Z"}
{"can":{"action":"list","resource":"collectionsHistory","role":"ictAdmin"},"level":"info","message":"ctx permission","reqId":"0f24d49f-a3e1-4626-9b5b-95ea1a6d3bac","skip":true,"timestamp":"2024-02-20T15:11:58.274Z"}
{"level":"info","message":"acl params","reqId":"0f24d49f-a3e1-4626-9b5b-95ea1a6d3bac","timestamp":"2024-02-20T15:11:58.275Z"}
{"level":"info","message":"acl parsedParams","reqId":"0f24d49f-a3e1-4626-9b5b-95ea1a6d3bac","timestamp":"2024-02-20T15:11:58.275Z"}
{"level":"info","message":"END: GET /api/collectionsHistory:list?paginate=false&appends%5B%5D=fields&sort%5B%5D=sort&filter=%7B%7D","req":{"action":{"actionName":"list","params":{"actionName":"list","appends":["fields"],"filter":{},"paginate":"false","resourceName":"collectionsHistory","sort":["sort"]},"resourceName":"collectionsHistory"},"header":{"x-hostname":"cmreport.dsti.gov.sl","x-locale":"en-US","x-timezone":"-00:00"}},"reqId":"0f24d49f-a3e1-4626-9b5b-95ea1a6d3bac","res":{"status":200},"responseTime":241,"timestamp":"2024-02-20T15:11:58.471Z"}
{"level":"info","message":"BEGIN: GET /api/app:getInfo","reqId":"befd80bf-3afb-486f-a7ad-896571a70445","timestamp":"2024-02-20T15:11:59.090Z"}
{"level":"info","message":"BEGIN: GET /api/themeConfig:list?sort=id&paginate=false","reqId":"6eb29713-023f-4ec3-8044-94896fd8ed8c","timestamp":"2024-02-20T15:11:59.097Z"}
{"can":null,"level":"info","message":"ctx permission","reqId":"befd80bf-3afb-486f-a7ad-896571a70445","skip":true,"timestamp":"2024-02-20T15:11:59.133Z"}
{"level":"info","message":"acl params","reqId":"befd80bf-3afb-486f-a7ad-896571a70445","timestamp":"2024-02-20T15:11:59.134Z"}
{"level":"info","message":"acl parsedParams","reqId":"befd80bf-3afb-486f-a7ad-896571a70445","timestamp":"2024-02-20T15:11:59.134Z"}
{"can":{"action":"list","resource":"themeConfig","role":"ictAdmin"},"level":"info","message":"ctx permission","reqId":"6eb29713-023f-4ec3-8044-94896fd8ed8c","timestamp":"2024-02-20T15:11:59.137Z"}
{"level":"info","message":"acl params","reqId":"6eb29713-023f-4ec3-8044-94896fd8ed8c","timestamp":"2024-02-20T15:11:59.138Z"}
{"level":"info","message":"acl parsedParams","reqId":"6eb29713-023f-4ec3-8044-94896fd8ed8c","timestamp":"2024-02-20T15:11:59.138Z"}
{"level":"info","message":"END: GET /api/app:getInfo","req":{"action":{"actionName":"getInfo","params":{"actionName":"getInfo","resourceName":"app"},"resourceName":"app"},"header":{"x-hostname":"cmreport.dsti.gov.sl","x-locale":"en-US","x-timezone":"-00:00"}},"reqId":"befd80bf-3afb-486f-a7ad-896571a70445","res":{"status":200},"responseTime":60,"timestamp":"2024-02-20T15:11:59.151Z"}
{"level":"info","message":"END: GET /api/themeConfig:list?sort=id&paginate=false","req":{"action":{"actionName":"list","params":{"actionName":"list","paginate":"false","resourceName":"themeConfig","sort":["id"]},"resourceName":"themeConfig"},"header":{"x-hostname":"cmreport.dsti.gov.sl","x-locale":"en-US","x-timezone":"-00:00"}},"reqId":"6eb29713-023f-4ec3-8044-94896fd8ed8c","res":{"status":200},"responseTime":64,"timestamp":"2024-02-20T15:11:59.160Z"}
{"level":"info","message":"BEGIN: GET /api/app:getInfo","reqId":"39847b3b-d30a-4d82-bba1-6575c6860a8d","timestamp":"2024-02-20T15:11:59.319Z"}
{"can":null,"level":"info","message":"ctx permission","reqId":"39847b3b-d30a-4d82-bba1-6575c6860a8d","skip":true,"timestamp":"2024-02-20T15:11:59.342Z"}
{"level":"info","message":"acl params","reqId":"39847b3b-d30a-4d82-bba1-6575c6860a8d","timestamp":"2024-02-20T15:11:59.343Z"}
{"level":"info","message":"acl parsedParams","reqId":"39847b3b-d30a-4d82-bba1-6575c6860a8d","timestamp":"2024-02-20T15:11:59.349Z"}
{"level":"info","message":"END: GET /api/app:getInfo","req":{"action":{"actionName":"getInfo","params":{"actionName":"getInfo","resourceName":"app"},"resourceName":"app"},"header":{"x-hostname":"cmreport.dsti.gov.sl","x-locale":"en-US","x-timezone":"-00:00"}},"reqId":"39847b3b-d30a-4d82-bba1-6575c6860a8d","res":{"status":200},"responseTime":50,"timestamp":"2024-02-20T15:11:59.369Z"}
{"level":"info","message":"BEGIN: GET /api/uiSchemaTemplates:list?appends%5B%5D=collection&paginate=false","reqId":"d6525723-7112-4aa6-987f-d79ffb3fc1bd","timestamp":"2024-02-20T15:11:59.523Z"}
{"can":null,"level":"info","message":"ctx permission","reqId":"d6525723-7112-4aa6-987f-d79ffb3fc1bd","skip":true,"timestamp":"2024-02-20T15:11:59.551Z"}
{"level":"info","message":"acl params","reqId":"d6525723-7112-4aa6-987f-d79ffb3fc1bd","timestamp":"2024-02-20T15:11:59.561Z"}
{"level":"info","message":"acl parsedParams","reqId":"d6525723-7112-4aa6-987f-d79ffb3fc1bd","timestamp":"2024-02-20T15:11:59.561Z"}
{"level":"info","message":"END: GET /api/uiSchemaTemplates:list?appends%5B%5D=collection&paginate=false","req":{"action":{"actionName":"list","params":{"actionName":"list","appends":["collection"],"paginate":"false","resourceName":"uiSchemaTemplates"},"resourceName":"uiSchemaTemplates"},"header":{"x-hostname":"cmreport.dsti.gov.sl","x-locale":"en-US","x-timezone":"-00:00"}},"reqId":"d6525723-7112-4aa6-987f-d79ffb3fc1bd","res":{"status":200},"responseTime":55,"timestamp":"2024-02-20T15:11:59.578Z"}
{"level":"info","message":"BEGIN: GET /api/collections:list?paginate=false&appends%5B%5D=fields&appends%5B%5D=category&sort%5B%5D=sort&filter=%7B%7D","reqId":"da76da57-9770-44d3-a3d6-163121aa49de","timestamp":"2024-02-20T15:11:59.757Z"}
{"level":"info","message":"BEGIN: GET /api/collectionCategories:list?paginate=false&sort%5B%5D=sort","reqId":"38a7db63-f83f-48d6-ab4b-564ea1dceb8d","timestamp":"2024-02-20T15:11:59.773Z"}
{"can":null,"level":"info","message":"ctx permission","reqId":"da76da57-9770-44d3-a3d6-163121aa49de","skip":true,"timestamp":"2024-02-20T15:11:59.796Z"}
{"level":"info","message":"acl params","reqId":"da76da57-9770-44d3-a3d6-163121aa49de","timestamp":"2024-02-20T15:11:59.818Z"}
{"level":"info","message":"acl parsedParams","reqId":"da76da57-9770-44d3-a3d6-163121aa49de","timestamp":"2024-02-20T15:11:59.818Z"}
{"can":{"action":"list","resource":"collectionCategories","role":"ictAdmin"},"level":"info","message":"ctx permission","reqId":"38a7db63-f83f-48d6-ab4b-564ea1dceb8d","skip":true,"timestamp":"2024-02-20T15:11:59.830Z"}
{"level":"info","message":"acl params","reqId":"38a7db63-f83f-48d6-ab4b-564ea1dceb8d","timestamp":"2024-02-20T15:11:59.830Z"}
{"level":"info","message":"acl parsedParams","reqId":"38a7db63-f83f-48d6-ab4b-564ea1dceb8d","timestamp":"2024-02-20T15:11:59.830Z"}
{"level":"info","message":"END: GET /api/collectionCategories:list?paginate=false&sort%5B%5D=sort","req":{"action":{"actionName":"list","params":{"actionName":"list","paginate":"false","resourceName":"collectionCategories","sort":["sort"]},"resourceName":"collectionCategories"},"header":{"x-hostname":"cmreport.dsti.gov.sl","x-locale":"en-US","x-timezone":"-00:00"}},"reqId":"38a7db63-f83f-48d6-ab4b-564ea1dceb8d","res":{"status":200},"responseTime":258,"timestamp":"2024-02-20T15:12:00.032Z"}
{"level":"info","message":"END: GET /api/collections:list?paginate=false&appends%5B%5D=fields&appends%5B%5D=category&sort%5B%5D=sort&filter=%7B%7D","req":{"action":{"actionName":"list","params":{"actionName":"list","appends":["fields","category"],"filter":{},"paginate":"false","resourceName":"collections","sort":["sort"]},"resourceName":"collections"},"header":{"x-hostname":"cmreport.dsti.gov.sl","x-locale":"en-US","x-timezone":"-00:00"}},"reqId":"da76da57-9770-44d3-a3d6-163121aa49de","res":{"status":200},"responseTime":285,"timestamp":"2024-02-20T15:12:00.042Z"}
{"level":"info","message":"BEGIN: GET /api/roles:check","reqId":"46e77b3b-d023-4be2-882d-f5175df54d1c","timestamp":"2024-02-20T15:12:00.548Z"}
{"can":null,"level":"info","message":"ctx permission","reqId":"46e77b3b-d023-4be2-882d-f5175df54d1c","skip":true,"timestamp":"2024-02-20T15:12:00.572Z"}
{"level":"info","message":"acl params","reqId":"46e77b3b-d023-4be2-882d-f5175df54d1c","timestamp":"2024-02-20T15:12:00.573Z"}
{"level":"info","message":"acl parsedParams","reqId":"46e77b3b-d023-4be2-882d-f5175df54d1c","timestamp":"2024-02-20T15:12:00.573Z"}
{"level":"info","message":"END: GET /api/roles:check","req":{"action":{"actionName":"check","params":{"actionName":"check","resourceName":"roles"},"resourceName":"roles"},"header":{"x-hostname":"cmreport.dsti.gov.sl","x-locale":"en-US","x-timezone":"-00:00"}},"reqId":"46e77b3b-d023-4be2-882d-f5175df54d1c","res":{"status":200},"responseTime":62,"timestamp":"2024-02-20T15:12:00.610Z"}
{"level":"info","message":"BEGIN: GET /api/uiSchemas:getJsonSchema/kajnqv7hagl","reqId":"ba2b9ea0-9e30-479d-99dc-a61e263ca3d6","timestamp":"2024-02-20T15:12:00.818Z"}
{"can":null,"level":"info","message":"ctx permission","reqId":"ba2b9ea0-9e30-479d-99dc-a61e263ca3d6","skip":true,"timestamp":"2024-02-20T15:12:00.873Z"}
{"level":"info","message":"acl params","reqId":"ba2b9ea0-9e30-479d-99dc-a61e263ca3d6","timestamp":"2024-02-20T15:12:00.874Z"}
{"level":"info","message":"acl parsedParams","reqId":"ba2b9ea0-9e30-479d-99dc-a61e263ca3d6","timestamp":"2024-02-20T15:12:00.874Z"}
{"level":"info","message":"END: GET /api/uiSchemas:getJsonSchema/kajnqv7hagl","req":{"action":{"actionName":"getJsonSchema","params":{"actionName":"getJsonSchema","filterByTk":"kajnqv7hagl","resourceIndex":"kajnqv7hagl","resourceName":"uiSchemas"},"resourceName":"uiSchemas"},"header":{"x-hostname":"cmreport.dsti.gov.sl","x-locale":"en-US","x-role":"ictAdmin","x-timezone":"-00:00"}},"reqId":"ba2b9ea0-9e30-479d-99dc-a61e263ca3d6","res":{"status":200},"responseTime":57,"timestamp":"2024-02-20T15:12:00.875Z"}
{"level":"info","message":"BEGIN: GET /api/uiSchemas:getProperties/ic05qq3jmex","reqId":"33021026-2c5f-48fd-92ec-36a38810b253","timestamp":"2024-02-20T15:12:01.179Z"}
{"can":null,"level":"info","message":"ctx permission","reqId":"33021026-2c5f-48fd-92ec-36a38810b253","skip":true,"timestamp":"2024-02-20T15:12:01.211Z"}
{"level":"info","message":"acl params","reqId":"33021026-2c5f-48fd-92ec-36a38810b253","timestamp":"2024-02-20T15:12:01.212Z"}
{"level":"info","message":"acl parsedParams","reqId":"33021026-2c5f-48fd-92ec-36a38810b253","timestamp":"2024-02-20T15:12:01.212Z"}
{"level":"info","message":"END: GET /api/uiSchemas:getProperties/ic05qq3jmex","req":{"action":{"actionName":"getProperties","params":{"actionName":"getProperties","filterByTk":"ic05qq3jmex","resourceIndex":"ic05qq3jmex","resourceName":"uiSchemas"},"resourceName":"uiSchemas"},"header":{"x-hostname":"cmreport.dsti.gov.sl","x-locale":"en-US","x-role":"ictAdmin","x-timezone":"-00:00"}},"reqId":"33021026-2c5f-48fd-92ec-36a38810b253","res":{"status":200},"responseTime":35,"timestamp":"2024-02-20T15:12:01.213Z"}
{"level":"info","message":"BEGIN: GET /api/uiSchemas:getProperties/wlos9836id4","reqId":"13c77aa3-4482-4f29-b20e-2b7ce35a1c7d","timestamp":"2024-02-20T15:12:06.830Z"}
{"can":null,"level":"info","message":"ctx permission","reqId":"13c77aa3-4482-4f29-b20e-2b7ce35a1c7d","skip":true,"timestamp":"2024-02-20T15:12:06.848Z"}
{"level":"info","message":"acl params","reqId":"13c77aa3-4482-4f29-b20e-2b7ce35a1c7d","timestamp":"2024-02-20T15:12:06.853Z"}
{"level":"info","message":"acl parsedParams","reqId":"13c77aa3-4482-4f29-b20e-2b7ce35a1c7d","timestamp":"2024-02-20T15:12:06.853Z"}
{"level":"info","message":"END: GET /api/uiSchemas:getProperties/wlos9836id4","req":{"action":{"actionName":"getProperties","params":{"actionName":"getProperties","filterByTk":"wlos9836id4","resourceIndex":"wlos9836id4","resourceName":"uiSchemas"},"resourceName":"uiSchemas"},"header":{"x-hostname":"cmreport.dsti.gov.sl","x-locale":"en-US","x-role":"ictAdmin","x-timezone":"-00:00"}},"reqId":"13c77aa3-4482-4f29-b20e-2b7ce35a1c7d","res":{"status":200},"responseTime":24,"timestamp":"2024-02-20T15:12:06.854Z"}
{"level":"info","message":"BEGIN: POST /api/charts:query","reqId":"aa032a97-cad2-45bd-bc61-24d76c1b4ca5","timestamp":"2024-02-20T15:12:07.235Z"}
{"level":"info","message":"BEGIN: POST /api/charts:query","reqId":"53fc0217-ef0d-4a89-9c26-9ae340666cb7","timestamp":"2024-02-20T15:12:07.245Z"}
{"level":"info","message":"BEGIN: POST /api/charts:query","reqId":"a3589084-214b-4fdb-b3ae-458f3b26d4bd","timestamp":"2024-02-20T15:12:07.264Z"}
{"can":null,"level":"info","message":"ctx permission","reqId":"aa032a97-cad2-45bd-bc61-24d76c1b4ca5","skip":true,"timestamp":"2024-02-20T15:12:07.294Z"}
{"level":"info","message":"acl params","reqId":"aa032a97-cad2-45bd-bc61-24d76c1b4ca5","timestamp":"2024-02-20T15:12:07.294Z"}
{"level":"info","message":"acl parsedParams","reqId":"aa032a97-cad2-45bd-bc61-24d76c1b4ca5","timestamp":"2024-02-20T15:12:07.295Z"}
{"level":"info","message":"END: POST /api/charts:query","req":{"action":{"actionName":"query","params":{"actionName":"query","resourceName":"charts","values":{"collection":"solutions","dimensions":[{"field":["ministry","name"]}],"filter":{"$and":[]},"measures":[{"aggregation":"count","alias":"id","field":["id"]}],"orders":[],"uid":"mzrhndl6fom"}},"resourceName":"charts"},"header":{"x-hostname":"cmreport.dsti.gov.sl","x-locale":"en-US","x-role":"ictAdmin","x-timezone":"-00:00"}},"reqId":"aa032a97-cad2-45bd-bc61-24d76c1b4ca5","res":{"status":200},"responseTime":85,"timestamp":"2024-02-20T15:12:07.320Z"}
{"can":null,"level":"info","message":"ctx permission","reqId":"53fc0217-ef0d-4a89-9c26-9ae340666cb7","skip":true,"timestamp":"2024-02-20T15:12:07.329Z"}
{"level":"info","message":"acl params","reqId":"53fc0217-ef0d-4a89-9c26-9ae340666cb7","timestamp":"2024-02-20T15:12:07.330Z"}
{"level":"info","message":"acl parsedParams","reqId":"53fc0217-ef0d-4a89-9c26-9ae340666cb7","timestamp":"2024-02-20T15:12:07.330Z"}
{"level":"info","message":"END: POST /api/charts:query","req":{"action":{"actionName":"query","params":{"actionName":"query","resourceName":"charts","values":{"collection":"devices","dimensions":[{"field":["ministry","name"]}],"filter":{"$and":[]},"measures":[{"aggregation":"count","alias":"type","field":["type"]}],"orders":[],"uid":"q34h7bp9vu7"}},"resourceName":"charts"},"header":{"x-hostname":"cmreport.dsti.gov.sl","x-locale":"en-US","x-role":"ictAdmin","x-timezone":"-00:00"}},"reqId":"53fc0217-ef0d-4a89-9c26-9ae340666cb7","res":{"status":200},"responseTime":116,"timestamp":"2024-02-20T15:12:07.362Z"}
{"can":null,"level":"info","message":"ctx permission","reqId":"a3589084-214b-4fdb-b3ae-458f3b26d4bd","skip":true,"timestamp":"2024-02-20T15:12:07.366Z"}
{"level":"info","message":"acl params","reqId":"a3589084-214b-4fdb-b3ae-458f3b26d4bd","timestamp":"2024-02-20T15:12:07.377Z"}
{"level":"info","message":"acl parsedParams","reqId":"a3589084-214b-4fdb-b3ae-458f3b26d4bd","timestamp":"2024-02-20T15:12:07.377Z"}
{"level":"info","message":"END: POST /api/charts:query","req":{"action":{"actionName":"query","params":{"actionName":"query","resourceName":"charts","values":{"collection":"devices","dimensions":[{"field":["ministry","name"]}],"filter":{"$and":[]},"measures":[{"aggregation":"count","alias":"Submissions","field":["type"]}],"orders":[],"uid":"98zetnq2jf9"}},"resourceName":"charts"},"header":{"x-hostname":"cmreport.dsti.gov.sl","x-locale":"en-US","x-role":"ictAdmin","x-timezone":"-00:00"}},"reqId":"a3589084-214b-4fdb-b3ae-458f3b26d4bd","res":{"status":200},"responseTime":155,"timestamp":"2024-02-20T15:12:07.419Z"}
{"level":"info","message":"BEGIN: POST /api/charts:query","reqId":"5f4dbc04-d29b-4575-a780-5f146dbc00ad","timestamp":"2024-02-20T15:12:07.457Z"}
{"can":null,"level":"info","message":"ctx permission","reqId":"5f4dbc04-d29b-4575-a780-5f146dbc00ad","skip":true,"timestamp":"2024-02-20T15:12:07.483Z"}
{"level":"info","message":"acl params","reqId":"5f4dbc04-d29b-4575-a780-5f146dbc00ad","timestamp":"2024-02-20T15:12:07.493Z"}
{"level":"info","message":"acl parsedParams","reqId":"5f4dbc04-d29b-4575-a780-5f146dbc00ad","timestamp":"2024-02-20T15:12:07.493Z"}
{"level":"info","message":"END: POST /api/charts:query","req":{"action":{"actionName":"query","params":{"actionName":"query","resourceName":"charts","values":{"collection":"weeklyUpdates","dimensions":[{"field":["createdBy","nickname"]}],"filter":{"$and":[]},"measures":[{"aggregation":"count","alias":"No. of Ongoing","field":["weeklyCompleted","id"]}],"orders":[],"uid":"bt1efy7b87w"}},"resourceName":"charts"},"header":{"x-hostname":"cmreport.dsti.gov.sl","x-locale":"en-US","x-role":"ictAdmin","x-timezone":"-00:00"}},"reqId":"5f4dbc04-d29b-4575-a780-5f146dbc00ad","res":{"status":200},"responseTime":40,"timestamp":"2024-02-20T15:12:07.497Z"}
{"level":"info","message":"BEGIN: POST /api/charts:query","reqId":"f7b3c2d8-aef9-437f-b1f5-dcb1c6e72fc0","timestamp":"2024-02-20T15:12:07.502Z"}
{"level":"info","message":"BEGIN: POST /api/charts:query","reqId":"cd299366-bf14-4025-9023-0ef3784f5a08","timestamp":"2024-02-20T15:12:07.516Z"}
{"can":null,"level":"info","message":"ctx permission","reqId":"f7b3c2d8-aef9-437f-b1f5-dcb1c6e72fc0","skip":true,"timestamp":"2024-02-20T15:12:07.537Z"}
{"level":"info","message":"acl params","reqId":"f7b3c2d8-aef9-437f-b1f5-dcb1c6e72fc0","timestamp":"2024-02-20T15:12:07.537Z"}
{"level":"info","message":"acl parsedParams","reqId":"f7b3c2d8-aef9-437f-b1f5-dcb1c6e72fc0","timestamp":"2024-02-20T15:12:07.538Z"}
{"level":"info","message":"BEGIN: POST /api/charts:query","reqId":"d626c232-2d39-4fb2-9116-cc74ec6e899a","timestamp":"2024-02-20T15:12:07.551Z"}
{"level":"info","message":"END: POST /api/charts:query","req":{"action":{"actionName":"query","params":{"actionName":"query","resourceName":"charts","values":{"collection":"ongoingThisWeek","dimensions":[{"field":["createdBy","nickname"]}],"filter":{"$and":[]},"measures":[{"aggregation":"count","alias":"id","field":["id"]}],"orders":[],"uid":"z5hztpjckv0"}},"resourceName":"charts"},"header":{"x-hostname":"cmreport.dsti.gov.sl","x-locale":"en-US","x-role":"ictAdmin","x-timezone":"-00:00"}},"reqId":"f7b3c2d8-aef9-437f-b1f5-dcb1c6e72fc0","res":{"status":200},"responseTime":59,"timestamp":"2024-02-20T15:12:07.561Z"}
{"level":"info","message":"BEGIN: POST /api/charts:query","reqId":"eecf1477-4e2c-4ad6-9d03-c955c66d5599","timestamp":"2024-02-20T15:12:07.563Z"}
{"level":"info","message":"BEGIN: POST /api/charts:query","reqId":"003f2ca2-cbc9-4cd4-96a0-dc5223e4b851","timestamp":"2024-02-20T15:12:07.582Z"}
{"can":null,"level":"info","message":"ctx permission","reqId":"cd299366-bf14-4025-9023-0ef3784f5a08","skip":true,"timestamp":"2024-02-20T15:12:07.587Z"}
{"level":"info","message":"acl params","reqId":"cd299366-bf14-4025-9023-0ef3784f5a08","timestamp":"2024-02-20T15:12:07.593Z"}
{"level":"info","message":"acl parsedParams","reqId":"cd299366-bf14-4025-9023-0ef3784f5a08","timestamp":"2024-02-20T15:12:07.593Z"}
{"level":"info","message":"END: POST /api/charts:query","req":{"action":{"actionName":"query","params":{"actionName":"query","resourceName":"charts","values":{"collection":"solutions","dimensions":[{"field":["ministry","name"]}],"filter":{"$and":[]},"measures":[{"aggregation":"count","alias":"No of Projects","field":["id"]}],"orders":[],"uid":"jv6r6zlt2oy"}},"resourceName":"charts"},"header":{"x-hostname":"cmreport.dsti.gov.sl","x-locale":"en-US","x-role":"ictAdmin","x-timezone":"-00:00"}},"reqId":"cd299366-bf14-4025-9023-0ef3784f5a08","res":{"status":200},"responseTime":96,"timestamp":"2024-02-20T15:12:07.612Z"}
{"can":null,"level":"info","message":"ctx permission","reqId":"d626c232-2d39-4fb2-9116-cc74ec6e899a","skip":true,"timestamp":"2024-02-20T15:12:07.637Z"}
{"level":"info","message":"acl params","reqId":"d626c232-2d39-4fb2-9116-cc74ec6e899a","timestamp":"2024-02-20T15:12:07.638Z"}
{"level":"info","message":"acl parsedParams","reqId":"d626c232-2d39-4fb2-9116-cc74ec6e899a","timestamp":"2024-02-20T15:12:07.638Z"}
{"can":null,"level":"info","message":"ctx permission","reqId":"eecf1477-4e2c-4ad6-9d03-c955c66d5599","skip":true,"timestamp":"2024-02-20T15:12:07.640Z"}
{"level":"info","message":"acl params","reqId":"eecf1477-4e2c-4ad6-9d03-c955c66d5599","timestamp":"2024-02-20T15:12:07.641Z"}
{"level":"info","message":"acl parsedParams","reqId":"eecf1477-4e2c-4ad6-9d03-c955c66d5599","timestamp":"2024-02-20T15:12:07.641Z"}
{"level":"info","message":"END: POST /api/charts:query","req":{"action":{"actionName":"query","params":{"actionName":"query","resourceName":"charts","values":{"collection":"priorityProject","dimensions":[{"field":["ministry","name"]}],"filter":{"$and":[]},"measures":[{"aggregation":"count","alias":"Requests","field":["id"]}],"orders":[],"uid":"dnafb76tyga"}},"resourceName":"charts"},"header":{"x-hostname":"cmreport.dsti.gov.sl","x-locale":"en-US","x-role":"ictAdmin","x-timezone":"-00:00"}},"reqId":"eecf1477-4e2c-4ad6-9d03-c955c66d5599","res":{"status":200},"responseTime":90,"timestamp":"2024-02-20T15:12:07.654Z"}
{"level":"info","message":"END: POST /api/charts:query","req":{"action":{"actionName":"query","params":{"actionName":"query","resourceName":"charts","values":{"collection":"priorityProject","dimensions":[{"field":["ministry","name"]}],"filter":{"$and":[]},"measures":[{"aggregation":"count","alias":"id","field":["id"]}],"orders":[],"uid":"jgqxgh2t0uz"}},"resourceName":"charts"},"header":{"x-hostname":"cmreport.dsti.gov.sl","x-locale":"en-US","x-role":"ictAdmin","x-timezone":"-00:00"}},"reqId":"d626c232-2d39-4fb2-9116-cc74ec6e899a","res":{"status":200},"responseTime":105,"timestamp":"2024-02-20T15:12:07.656Z"}
{"level":"info","message":"BEGIN: POST /api/charts:query","reqId":"6eefebed-2eda-48aa-ade6-0a3ae25ab697","timestamp":"2024-02-20T15:12:07.661Z"}
{"can":null,"level":"info","message":"ctx permission","reqId":"003f2ca2-cbc9-4cd4-96a0-dc5223e4b851","skip":true,"timestamp":"2024-02-20T15:12:07.664Z"}
{"level":"info","message":"acl params","reqId":"003f2ca2-cbc9-4cd4-96a0-dc5223e4b851","timestamp":"2024-02-20T15:12:07.665Z"}
{"level":"info","message":"acl parsedParams","reqId":"003f2ca2-cbc9-4cd4-96a0-dc5223e4b851","timestamp":"2024-02-20T15:12:07.665Z"}
{"level":"info","message":"END: POST /api/charts:query","req":{"action":{"actionName":"query","params":{"actionName":"query","resourceName":"charts","values":{"collection":"issuesForChiefMinister","dimensions":[{"field":["createdBy","nickname"]}],"filter":{"$and":[]},"measures":[{"aggregation":"count","alias":"id","field":["id"]}],"orders":[],"uid":"3s6dcvyqdbz"}},"resourceName":"charts"},"header":{"x-hostname":"cmreport.dsti.gov.sl","x-locale":"en-US","x-role":"ictAdmin","x-timezone":"-00:00"}},"reqId":"003f2ca2-cbc9-4cd4-96a0-dc5223e4b851","res":{"status":200},"responseTime":92,"timestamp":"2024-02-20T15:12:07.674Z"}
{"can":null,"level":"info","message":"ctx permission","reqId":"6eefebed-2eda-48aa-ade6-0a3ae25ab697","skip":true,"timestamp":"2024-02-20T15:12:07.680Z"}
{"level":"info","message":"acl params","reqId":"6eefebed-2eda-48aa-ade6-0a3ae25ab697","timestamp":"2024-02-20T15:12:07.685Z"}
{"level":"info","message":"acl parsedParams","reqId":"6eefebed-2eda-48aa-ade6-0a3ae25ab697","timestamp":"2024-02-20T15:12:07.685Z"}
{"level":"info","message":"END: POST /api/charts:query","req":{"action":{"actionName":"query","params":{"actionName":"query","resourceName":"charts","values":{"collection":"weeklyUpdates","dimensions":[{"alias":"weekStartDate","field":["weekStartDate"],"format":"YYYY-MM-DD"},{"field":["createdBy","nickname"]}],"filter":{"$and":[]},"measures":[{"aggregation":"count","alias":"id","field":["id"]}],"orders":[],"uid":"o7u3ylqggde"}},"resourceName":"charts"},"header":{"x-hostname":"cmreport.dsti.gov.sl","x-locale":"en-US","x-role":"ictAdmin","x-timezone":"-00:00"}},"reqId":"6eefebed-2eda-48aa-ade6-0a3ae25ab697","res":{"status":200},"responseTime":33,"timestamp":"2024-02-20T15:12:07.694Z"}
{"level":"info","message":"BEGIN: POST /api/charts:query","reqId":"5aed9049-36e4-4be1-a0f7-14564543ebc0","timestamp":"2024-02-20T15:12:07.703Z"}
{"can":null,"level":"info","message":"ctx permission","reqId":"5aed9049-36e4-4be1-a0f7-14564543ebc0","skip":true,"timestamp":"2024-02-20T15:12:07.725Z"}
{"level":"info","message":"acl params","reqId":"5aed9049-36e4-4be1-a0f7-14564543ebc0","timestamp":"2024-02-20T15:12:07.728Z"}
{"level":"info","message":"acl parsedParams","reqId":"5aed9049-36e4-4be1-a0f7-14564543ebc0","timestamp":"2024-02-20T15:12:07.729Z"}
{"level":"info","message":"END: POST /api/charts:query","req":{"action":{"actionName":"query","params":{"actionName":"query","resourceName":"charts","values":{"collection":"project","dimensions":[{"field":["funders","shortName"]},{"field":["currency"]}],"filter":{"$and":[]},"measures":[{"aggregation":"sum","alias":"amount","field":["amount"]},{"aggregation":"count","alias":"currency","field":["currency"]}],"orders":[],"uid":"hqonq4t2sl2"}},"resourceName":"charts"},"header":{"x-hostname":"cmreport.dsti.gov.sl","x-locale":"en-US","x-role":"ictAdmin","x-timezone":"-00:00"}},"reqId":"5aed9049-36e4-4be1-a0f7-14564543ebc0","res":{"status":200},"responseTime":40,"timestamp":"2024-02-20T15:12:07.743Z"}
{"level":"info","message":"BEGIN: POST /api/charts:query","reqId":"2d78456e-f3bb-4daa-baf7-daca0b1a4791","timestamp":"2024-02-20T15:12:07.751Z"}
{"can":null,"level":"info","message":"ctx permission","reqId":"2d78456e-f3bb-4daa-baf7-daca0b1a4791","skip":true,"timestamp":"2024-02-20T15:12:07.794Z"}
{"level":"info","message":"acl params","reqId":"2d78456e-f3bb-4daa-baf7-daca0b1a4791","timestamp":"2024-02-20T15:12:07.801Z"}
{"level":"info","message":"acl parsedParams","reqId":"2d78456e-f3bb-4daa-baf7-daca0b1a4791","timestamp":"2024-02-20T15:12:07.801Z"}
{"level":"info","message":"END: POST /api/charts:query","req":{"action":{"actionName":"query","params":{"actionName":"query","resourceName":"charts","values":{"collection":"project","dimensions":[{"field":["ministry","name"]}],"filter":{"$and":[]},"measures":[{"aggregation":"count","alias":"id","field":["id"]}],"orders":[],"uid":"wquzd3cc5tk"}},"resourceName":"charts"},"header":{"x-hostname":"cmreport.dsti.gov.sl","x-locale":"en-US","x-role":"ictAdmin","x-timezone":"-00:00"}},"reqId":"2d78456e-f3bb-4daa-baf7-daca0b1a4791","res":{"status":200},"responseTime":58,"timestamp":"2024-02-20T15:12:07.809Z"}
{"level":"info","message":"BEGIN: POST /api/charts:query","reqId":"c354f683-da1b-47c3-b5b0-b2b454394bdd","timestamp":"2024-02-20T15:12:07.829Z"}
{"level":"info","message":"BEGIN: POST /api/charts:query","reqId":"847ebd2e-d32d-4479-903b-aaebc5877bb2","timestamp":"2024-02-20T15:12:07.831Z"}
{"level":"info","message":"BEGIN: POST /api/charts:query","reqId":"8ae5f3bf-c836-4b55-b1e0-c21cb3057259","timestamp":"2024-02-20T15:12:07.842Z"}
{"level":"info","message":"BEGIN: POST /api/charts:query","reqId":"1df33213-5b98-4370-b120-d48a1d2a6dbf","timestamp":"2024-02-20T15:12:07.869Z"}
{"can":null,"level":"info","message":"ctx permission","reqId":"c354f683-da1b-47c3-b5b0-b2b454394bdd","skip":true,"timestamp":"2024-02-20T15:12:07.911Z"}
{"level":"info","message":"acl params","reqId":"c354f683-da1b-47c3-b5b0-b2b454394bdd","timestamp":"2024-02-20T15:12:07.917Z"}
{"level":"info","message":"acl parsedParams","reqId":"c354f683-da1b-47c3-b5b0-b2b454394bdd","timestamp":"2024-02-20T15:12:07.917Z"}
{"can":null,"level":"info","message":"ctx permission","reqId":"8ae5f3bf-c836-4b55-b1e0-c21cb3057259","skip":true,"timestamp":"2024-02-20T15:12:07.920Z"}
{"level":"info","message":"acl params","reqId":"8ae5f3bf-c836-4b55-b1e0-c21cb3057259","timestamp":"2024-02-20T15:12:07.920Z"}
{"level":"info","message":"acl parsedParams","reqId":"8ae5f3bf-c836-4b55-b1e0-c21cb3057259","timestamp":"2024-02-20T15:12:07.920Z"}
{"can":null,"level":"info","message":"ctx permission","reqId":"847ebd2e-d32d-4479-903b-aaebc5877bb2","skip":true,"timestamp":"2024-02-20T15:12:07.943Z"}
{"level":"info","message":"acl params","reqId":"847ebd2e-d32d-4479-903b-aaebc5877bb2","timestamp":"2024-02-20T15:12:07.943Z"}
{"level":"info","message":"acl parsedParams","reqId":"847ebd2e-d32d-4479-903b-aaebc5877bb2","timestamp":"2024-02-20T15:12:07.943Z"}
{"level":"info","message":"END: POST /api/charts:query","req":{"action":{"actionName":"query","params":{"actionName":"query","resourceName":"charts","values":{"collection":"project","dimensions":[{"alias":"startDate","field":["startDate"],"format":"YYYY"},{"field":["ministry","name"]}],"filter":{"$and":[{}]},"measures":[{"aggregation":"count","alias":"id","field":["id"]}],"orders":[],"uid":"t65xdq2m426"}},"resourceName":"charts"},"header":{"x-hostname":"cmreport.dsti.gov.sl","x-locale":"en-US","x-role":"ictAdmin","x-timezone":"-00:00"}},"reqId":"c354f683-da1b-47c3-b5b0-b2b454394bdd","res":{"status":200},"responseTime":149,"timestamp":"2024-02-20T15:12:07.978Z"}
{"level":"info","message":"END: POST /api/charts:query","req":{"action":{"actionName":"query","params":{"actionName":"query","resourceName":"charts","values":{"collection":"project","dimensions":[{"alias":"endDate","field":["endDate"],"format":"YYYY"},{"field":["ministry","name"]}],"filter":{"$and":[{"endDate":{"$dateBefore":"2023-08-29"}}]},"measures":[{"aggregation":"count","alias":"id","field":["id"]},{"aggregation":"count","alias":"ministry.name","field":["ministry","name"]}],"orders":[],"uid":"uh66haigvqe"}},"resourceName":"charts"},"header":{"x-hostname":"cmreport.dsti.gov.sl","x-locale":"en-US","x-role":"ictAdmin","x-timezone":"-00:00"}},"reqId":"8ae5f3bf-c836-4b55-b1e0-c21cb3057259","res":{"status":200},"responseTime":137,"timestamp":"2024-02-20T15:12:07.979Z"}
{"level":"info","message":"END: POST /api/charts:query","req":{"action":{"actionName":"query","params":{"actionName":"query","resourceName":"charts","values":{"collection":"project","dimensions":[{"field":["status"]}],"filter":{"$and":[]},"measures":[{"aggregation":"count","alias":"id","field":["id"]}],"orders":[],"uid":"m8ho4di17i1"}},"resourceName":"charts"},"header":{"x-hostname":"cmreport.dsti.gov.sl","x-locale":"en-US","x-role":"ictAdmin","x-timezone":"-00:00"}},"reqId":"847ebd2e-d32d-4479-903b-aaebc5877bb2","res":{"status":200},"responseTime":149,"timestamp":"2024-02-20T15:12:07.980Z"}
{"can":null,"level":"info","message":"ctx permission","reqId":"1df33213-5b98-4370-b120-d48a1d2a6dbf","skip":true,"timestamp":"2024-02-20T15:12:07.981Z"}
{"level":"info","message":"acl params","reqId":"1df33213-5b98-4370-b120-d48a1d2a6dbf","timestamp":"2024-02-20T15:12:07.981Z"}
{"level":"info","message":"acl parsedParams","reqId":"1df33213-5b98-4370-b120-d48a1d2a6dbf","timestamp":"2024-02-20T15:12:07.981Z"}
{"level":"info","message":"END: POST /api/charts:query","req":{"action":{"actionName":"query","params":{"actionName":"query","resourceName":"charts","values":{"collection":"project","dimensions":[{"field":["ministry","name"]}],"filter":{"$and":[{"status":{"$eq":"Supended"}}]},"measures":[{"aggregation":"count","alias":"id","field":["id"]},{"aggregation":"count","alias":"ministry.name","field":["ministry","name"]},{"aggregation":"count","alias":"status","field":["status"]}],"orders":[],"uid":"phrrupodu91"}},"resourceName":"charts"},"header":{"x-hostname":"cmreport.dsti.gov.sl","x-locale":"en-US","x-role":"ictAdmin","x-timezone":"-00:00"}},"reqId":"1df33213-5b98-4370-b120-d48a1d2a6dbf","res":{"status":200},"responseTime":144,"timestamp":"2024-02-20T15:12:08.013Z"}
{"level":"info","message":"BEGIN: GET /api/uiSchemas:getProperties/ic05qq3jmex","reqId":"b6efdfb4-2cbb-4e7b-86d0-11e7e014fddf","timestamp":"2024-02-20T15:13:25.549Z"}
{"can":null,"level":"info","message":"ctx permission","reqId":"b6efdfb4-2cbb-4e7b-86d0-11e7e014fddf","skip":true,"timestamp":"2024-02-20T15:13:25.562Z"}
{"level":"info","message":"acl params","reqId":"b6efdfb4-2cbb-4e7b-86d0-11e7e014fddf","timestamp":"2024-02-20T15:13:25.569Z"}
{"level":"info","message":"acl parsedParams","reqId":"b6efdfb4-2cbb-4e7b-86d0-11e7e014fddf","timestamp":"2024-02-20T15:13:25.569Z"}
{"level":"info","message":"END: GET /api/uiSchemas:getProperties/ic05qq3jmex","req":{"action":{"actionName":"getProperties","params":{"actionName":"getProperties","filterByTk":"ic05qq3jmex","resourceIndex":"ic05qq3jmex","resourceName":"uiSchemas"},"resourceName":"uiSchemas"},"header":{"x-hostname":"cmreport.dsti.gov.sl","x-locale":"en-US","x-role":"ictAdmin","x-timezone":"-00:00"}},"reqId":"b6efdfb4-2cbb-4e7b-86d0-11e7e014fddf","res":{"status":200},"responseTime":21,"timestamp":"2024-02-20T15:13:25.570Z"}
{"level":"info","message":"BEGIN: GET /api/ministry:list?pageSize=200&filter=%7B%22%24and%22%3A%5B%7B%22id%22%3A%7B%22%24eq%22%3A%22%7B%7B%24user.ministry.id%7D%7D%22%7D%7D%5D%7D","reqId":"8acfc0dc-5f42-40e3-8c37-b4a10556c51e","timestamp":"2024-02-20T15:13:57.851Z"}
{"can":{"action":"list","resource":"ministry","role":"ictAdmin"},"level":"info","message":"ctx permission","reqId":"8acfc0dc-5f42-40e3-8c37-b4a10556c51e","timestamp":"2024-02-20T15:13:57.872Z"}
{"level":"info","message":"acl params","reqId":"8acfc0dc-5f42-40e3-8c37-b4a10556c51e","timestamp":"2024-02-20T15:13:57.877Z"}
{"level":"info","message":"acl parsedParams","reqId":"8acfc0dc-5f42-40e3-8c37-b4a10556c51e","timestamp":"2024-02-20T15:13:57.878Z"}
{"level":"info","message":"filter-parse: ","reqId":"8acfc0dc-5f42-40e3-8c37-b4a10556c51e","timestamp":"2024-02-20T15:13:57.878Z","userFields":["ministry.id"]}
{"$user":{"ministry":{"id":23}},"level":"info","message":"filter-parse: ","reqId":"8acfc0dc-5f42-40e3-8c37-b4a10556c51e","timestamp":"2024-02-20T15:13:57.890Z"}
{"level":"info","message":"END: GET /api/ministry:list?pageSize=200&filter=%7B%22%24and%22%3A%5B%7B%22id%22%3A%7B%22%24eq%22%3A%22%7B%7B%24user.ministry.id%7D%7D%22%7D%7D%5D%7D","req":{"action":{"actionName":"list","params":{"actionName":"list","filter":{"$and":[{"id":{"$eq":23}}]},"pageSize":"200","resourceName":"ministry"},"resourceName":"ministry"},"header":{"x-hostname":"cmreport.dsti.gov.sl","x-locale":"en-US","x-role":"ictAdmin","x-timezone":"-00:00"}},"reqId":"8acfc0dc-5f42-40e3-8c37-b4a10556c51e","res":{"status":200},"responseTime":64,"timestamp":"2024-02-20T15:13:57.915Z"}
{"level":"info","message":"BEGIN: GET /api/ministry:list?pageSize=200&filter=%7B%22%24and%22%3A%5B%7B%22id%22%3A%7B%22%24eq%22%3A%22%7B%7B%24user.ministry.id%7D%7D%22%7D%7D%5D%7D","reqId":"1953accb-fafb-47da-a305-36b37d116b78","timestamp":"2024-02-20T15:13:59.780Z"}
{"can":{"action":"list","resource":"ministry","role":"ictAdmin"},"level":"info","message":"ctx permission","reqId":"1953accb-fafb-47da-a305-36b37d116b78","timestamp":"2024-02-20T15:13:59.806Z"}
{"level":"info","message":"acl params","reqId":"1953accb-fafb-47da-a305-36b37d116b78","timestamp":"2024-02-20T15:13:59.807Z"}
{"level":"info","message":"acl parsedParams","reqId":"1953accb-fafb-47da-a305-36b37d116b78","timestamp":"2024-02-20T15:13:59.807Z"}
{"level":"info","message":"filter-parse: ","reqId":"1953accb-fafb-47da-a305-36b37d116b78","timestamp":"2024-02-20T15:13:59.808Z","userFields":["ministry.id"]}
{"$user":{"ministry":{"id":23}},"level":"info","message":"filter-parse: ","reqId":"1953accb-fafb-47da-a305-36b37d116b78","timestamp":"2024-02-20T15:13:59.816Z"}
{"level":"info","message":"END: GET /api/ministry:list?pageSize=200&filter=%7B%22%24and%22%3A%5B%7B%22id%22%3A%7B%22%24eq%22%3A%22%7B%7B%24user.ministry.id%7D%7D%22%7D%7D%5D%7D","req":{"action":{"actionName":"list","params":{"actionName":"list","filter":{"$and":[{"id":{"$eq":23}}]},"pageSize":"200","resourceName":"ministry"},"resourceName":"ministry"},"header":{"x-hostname":"cmreport.dsti.gov.sl","x-locale":"en-US","x-role":"ictAdmin","x-timezone":"-00:00"}},"reqId":"1953accb-fafb-47da-a305-36b37d116b78","res":{"status":200},"responseTime":58,"timestamp":"2024-02-20T15:13:59.838Z"}
