{"level":"info","message":"BEGIN: GET /api/app:getLang?locale=en-US","reqId":"cd415cc9-a687-4720-b641-848374e27dbe","timestamp":"2024-02-20T13:41:02.299Z"}
{"can":null,"level":"info","message":"ctx permission","reqId":"cd415cc9-a687-4720-b641-848374e27dbe","skip":true,"timestamp":"2024-02-20T13:41:02.358Z"}
{"level":"info","message":"acl params","reqId":"cd415cc9-a687-4720-b641-848374e27dbe","timestamp":"2024-02-20T13:41:02.365Z"}
{"level":"info","message":"acl parsedParams","reqId":"cd415cc9-a687-4720-b641-848374e27dbe","timestamp":"2024-02-20T13:41:02.366Z"}
{"level":"info","message":"END: GET /api/app:getLang?locale=en-US","req":{"action":{"actionName":"getLang","params":{"actionName":"getLang","locale":"en-US","resourceName":"app"},"resourceName":"app"},"header":{"x-hostname":"cmreport.dsti.gov.sl","x-locale":"en-US","x-role":"ictAdmin","x-timezone":"-00:00"}},"reqId":"cd415cc9-a687-4720-b641-848374e27dbe","res":{"status":200},"responseTime":162,"timestamp":"2024-02-20T13:41:02.461Z"}
{"level":"info","message":"BEGIN: GET /api/app:getPlugins","reqId":"79ea7067-f47a-43e4-9280-e0d005cd26ac","timestamp":"2024-02-20T13:41:02.662Z"}
{"can":null,"level":"info","message":"ctx permission","reqId":"79ea7067-f47a-43e4-9280-e0d005cd26ac","skip":true,"timestamp":"2024-02-20T13:41:02.714Z"}
{"level":"info","message":"acl params","reqId":"79ea7067-f47a-43e4-9280-e0d005cd26ac","timestamp":"2024-02-20T13:41:02.715Z"}
{"level":"info","message":"acl parsedParams","reqId":"79ea7067-f47a-43e4-9280-e0d005cd26ac","timestamp":"2024-02-20T13:41:02.715Z"}
{"level":"info","message":"END: GET /api/app:getPlugins","req":{"action":{"actionName":"getPlugins","params":{"actionName":"getPlugins","resourceName":"app"},"resourceName":"app"},"header":{"x-hostname":"cmreport.dsti.gov.sl","x-locale":"en-US","x-role":"ictAdmin","x-timezone":"-00:00"}},"reqId":"79ea7067-f47a-43e4-9280-e0d005cd26ac","res":{"status":200},"responseTime":69,"timestamp":"2024-02-20T13:41:02.731Z"}
{"level":"info","message":"BEGIN: GET /api/plugins/client/@nocobase/plugin-collection-manager/index.js","reqId":"cbe24018-9312-44c7-8fa8-dd5e37f80573","timestamp":"2024-02-20T13:41:02.910Z"}
{"level":"info","message":"BEGIN: GET /api/plugins/client/@nocobase/plugin-ui-routes-storage/index.js","reqId":"b39b2a30-5e66-4571-96a0-62758cba9f3d","timestamp":"2024-02-20T13:41:02.917Z"}
{"level":"info","message":"END: GET /api/plugins/client/@nocobase/plugin-collection-manager/index.js","req":{},"reqId":"cbe24018-9312-44c7-8fa8-dd5e37f80573","res":{"status":200},"responseTime":13,"timestamp":"2024-02-20T13:41:02.923Z"}
{"level":"info","message":"END: GET /api/plugins/client/@nocobase/plugin-ui-routes-storage/index.js","req":{},"reqId":"b39b2a30-5e66-4571-96a0-62758cba9f3d","res":{"status":200},"responseTime":14,"timestamp":"2024-02-20T13:41:02.931Z"}
{"level":"info","message":"BEGIN: GET /api/plugins/client/@nocobase/plugin-error-handler/index.js","reqId":"3b1e4678-113e-49c4-a327-459853526283","timestamp":"2024-02-20T13:41:02.938Z"}
{"level":"info","message":"END: GET /api/plugins/client/@nocobase/plugin-error-handler/index.js","req":{},"reqId":"3b1e4678-113e-49c4-a327-459853526283","res":{"status":200},"responseTime":9,"timestamp":"2024-02-20T13:41:02.947Z"}
{"level":"info","message":"BEGIN: GET /api/plugins/client/@nocobase/plugin-client/index.js","reqId":"6f7df2f9-fa02-431f-a9ba-940fd16fd4e9","timestamp":"2024-02-20T13:41:03.074Z"}
{"level":"info","message":"END: GET /api/plugins/client/@nocobase/plugin-client/index.js","req":{},"reqId":"6f7df2f9-fa02-431f-a9ba-940fd16fd4e9","res":{"status":200},"responseTime":4,"timestamp":"2024-02-20T13:41:03.078Z"}
{"level":"info","message":"BEGIN: GET /api/plugins/client/@nocobase/plugin-ui-schema-storage/index.js","reqId":"c0d8609b-47d9-4d27-9f17-7ed4f4dcd991","timestamp":"2024-02-20T13:41:03.093Z"}
{"level":"info","message":"END: GET /api/plugins/client/@nocobase/plugin-ui-schema-storage/index.js","req":{},"reqId":"c0d8609b-47d9-4d27-9f17-7ed4f4dcd991","res":{"status":304},"responseTime":2,"timestamp":"2024-02-20T13:41:03.095Z"}
{"level":"info","message":"BEGIN: GET /api/plugins/client/@nocobase/plugin-iframe-block/index.js","reqId":"bb1238c8-e350-4ce9-bf33-9a3286d849a3","timestamp":"2024-02-20T13:41:03.110Z"}
{"level":"info","message":"END: GET /api/plugins/client/@nocobase/plugin-iframe-block/index.js","req":{},"reqId":"bb1238c8-e350-4ce9-bf33-9a3286d849a3","res":{"status":200},"responseTime":2,"timestamp":"2024-02-20T13:41:03.113Z"}
{"level":"info","message":"BEGIN: GET /api/plugins/client/@nocobase/plugin-formula-field/index.js","reqId":"be53c248-062f-472f-ad5c-9f7bf7a8eefc","timestamp":"2024-02-20T13:41:03.239Z"}
{"level":"info","message":"END: GET /api/plugins/client/@nocobase/plugin-formula-field/index.js","req":{},"reqId":"be53c248-062f-472f-ad5c-9f7bf7a8eefc","res":{"status":200},"responseTime":3,"timestamp":"2024-02-20T13:41:03.242Z"}
{"level":"info","message":"BEGIN: GET /api/plugins/client/@nocobase/plugin-workflow/index.js","reqId":"e438255e-bfc5-47db-87ef-092d617018c5","timestamp":"2024-02-20T13:41:03.251Z"}
{"level":"info","message":"BEGIN: GET /api/plugins/client/@nocobase/plugin-verification/index.js","reqId":"92a7a2d8-4d56-410e-9a36-0584a69cf001","timestamp":"2024-02-20T13:41:03.256Z"}
{"level":"info","message":"BEGIN: GET /api/plugins/client/@nocobase/plugin-china-region/index.js","reqId":"1804bb8a-6b9e-4ec7-b7aa-b4a27dc0d881","timestamp":"2024-02-20T13:41:03.257Z"}
{"level":"info","message":"END: GET /api/plugins/client/@nocobase/plugin-verification/index.js","req":{},"reqId":"92a7a2d8-4d56-410e-9a36-0584a69cf001","res":{"status":304},"responseTime":13,"timestamp":"2024-02-20T13:41:03.269Z"}
{"level":"info","message":"BEGIN: GET /api/plugins/client/@nocobase/plugin-system-settings/index.js","reqId":"bdfc12a7-050d-4b90-bd0a-da8dc4e8a686","timestamp":"2024-02-20T13:41:03.271Z"}
{"level":"info","message":"BEGIN: GET /api/plugins/client/@nocobase/plugin-sequence-field/index.js","reqId":"a90f22b2-1946-42bf-8c70-4082f1ab281f","timestamp":"2024-02-20T13:41:03.272Z"}
{"level":"info","message":"END: GET /api/plugins/client/@nocobase/plugin-system-settings/index.js","req":{},"reqId":"bdfc12a7-050d-4b90-bd0a-da8dc4e8a686","res":{"status":304},"responseTime":2,"timestamp":"2024-02-20T13:41:03.273Z"}
{"level":"info","message":"END: GET /api/plugins/client/@nocobase/plugin-workflow/index.js","req":{},"reqId":"e438255e-bfc5-47db-87ef-092d617018c5","res":{"status":200},"responseTime":24,"timestamp":"2024-02-20T13:41:03.275Z"}
{"level":"info","message":"END: GET /api/plugins/client/@nocobase/plugin-china-region/index.js","req":{},"reqId":"1804bb8a-6b9e-4ec7-b7aa-b4a27dc0d881","res":{"status":200},"responseTime":29,"timestamp":"2024-02-20T13:41:03.286Z"}
{"level":"info","message":"END: GET /api/plugins/client/@nocobase/plugin-sequence-field/index.js","req":{},"reqId":"a90f22b2-1946-42bf-8c70-4082f1ab281f","res":{"status":200},"responseTime":30,"timestamp":"2024-02-20T13:41:03.302Z"}
{"level":"info","message":"BEGIN: GET /api/plugins/client/@nocobase/plugin-file-manager/index.js","reqId":"d9cbb730-21f2-497f-a4f6-6d995cc06342","timestamp":"2024-02-20T13:41:03.389Z"}
{"level":"info","message":"END: GET /api/plugins/client/@nocobase/plugin-file-manager/index.js","req":{},"reqId":"d9cbb730-21f2-497f-a4f6-6d995cc06342","res":{"status":304},"responseTime":2,"timestamp":"2024-02-20T13:41:03.391Z"}
{"level":"info","message":"BEGIN: GET /api/plugins/client/@nocobase/plugin-sms-auth/index.js","reqId":"4cde45e2-05ab-4580-95d9-b0c7804de5dc","timestamp":"2024-02-20T13:41:03.425Z"}
{"level":"info","message":"BEGIN: GET /api/plugins/client/@nocobase/plugin-acl/index.js","reqId":"885d5b8c-4d22-4825-a7bf-d8b559411762","timestamp":"2024-02-20T13:41:03.426Z"}
{"level":"info","message":"END: GET /api/plugins/client/@nocobase/plugin-acl/index.js","req":{},"reqId":"885d5b8c-4d22-4825-a7bf-d8b559411762","res":{"status":304},"responseTime":1,"timestamp":"2024-02-20T13:41:03.427Z"}
{"level":"info","message":"END: GET /api/plugins/client/@nocobase/plugin-sms-auth/index.js","req":{},"reqId":"4cde45e2-05ab-4580-95d9-b0c7804de5dc","res":{"status":200},"responseTime":4,"timestamp":"2024-02-20T13:41:03.429Z"}
{"level":"info","message":"BEGIN: GET /api/plugins/client/@nocobase/plugin-multi-app-manager/index.js","reqId":"8e467125-d37e-419b-b708-7c314b2fa914","timestamp":"2024-02-20T13:41:03.446Z"}
{"level":"info","message":"END: GET /api/plugins/client/@nocobase/plugin-multi-app-manager/index.js","req":{},"reqId":"8e467125-d37e-419b-b708-7c314b2fa914","res":{"status":200},"responseTime":5,"timestamp":"2024-02-20T13:41:03.451Z"}
{"level":"info","message":"BEGIN: GET /api/plugins/client/@nocobase/plugin-snapshot-field/index.js","reqId":"d79b141d-f290-4388-bc91-5e90e1a55943","timestamp":"2024-02-20T13:41:03.489Z"}
{"level":"info","message":"END: GET /api/plugins/client/@nocobase/plugin-snapshot-field/index.js","req":{},"reqId":"d79b141d-f290-4388-bc91-5e90e1a55943","res":{"status":200},"responseTime":10,"timestamp":"2024-02-20T13:41:03.499Z"}
{"level":"info","message":"BEGIN: GET /api/plugins/client/@nocobase/plugin-api-keys/index.js","reqId":"d9bf118a-6c01-4452-83b4-aca536005621","timestamp":"2024-02-20T13:41:03.537Z"}
{"level":"info","message":"END: GET /api/plugins/client/@nocobase/plugin-api-keys/index.js","req":{},"reqId":"d9bf118a-6c01-4452-83b4-aca536005621","res":{"status":200},"responseTime":5,"timestamp":"2024-02-20T13:41:03.542Z"}
{"level":"info","message":"BEGIN: GET /api/plugins/client/@nocobase/plugin-export/index.js","reqId":"0306aa9c-f4f7-42c8-b2ee-e15aa643230d","timestamp":"2024-02-20T13:41:03.617Z"}
{"level":"info","message":"BEGIN: GET /api/plugins/client/@nocobase/plugin-import/index.js","reqId":"431e956e-edb0-4f5f-b03e-a60f462a10f6","timestamp":"2024-02-20T13:41:03.618Z"}
{"level":"info","message":"END: GET /api/plugins/client/@nocobase/plugin-export/index.js","req":{},"reqId":"0306aa9c-f4f7-42c8-b2ee-e15aa643230d","res":{"status":304},"responseTime":2,"timestamp":"2024-02-20T13:41:03.619Z"}
{"level":"info","message":"END: GET /api/plugins/client/@nocobase/plugin-import/index.js","req":{},"reqId":"431e956e-edb0-4f5f-b03e-a60f462a10f6","res":{"status":304},"responseTime":2,"timestamp":"2024-02-20T13:41:03.620Z"}
{"level":"info","message":"BEGIN: GET /api/plugins/client/@nocobase/plugin-duplicator/index.js","reqId":"ba6d36cf-952e-4695-832b-03edcb30408c","timestamp":"2024-02-20T13:41:03.627Z"}
{"level":"info","message":"END: GET /api/plugins/client/@nocobase/plugin-duplicator/index.js","req":{},"reqId":"ba6d36cf-952e-4695-832b-03edcb30408c","res":{"status":304},"responseTime":7,"timestamp":"2024-02-20T13:41:03.633Z"}
{"level":"info","message":"BEGIN: GET /api/plugins/client/@nocobase/plugin-audit-logs/index.js","reqId":"8ac1c98d-9a40-445e-8565-aac80d7c570b","timestamp":"2024-02-20T13:41:03.660Z"}
{"level":"info","message":"END: GET /api/plugins/client/@nocobase/plugin-audit-logs/index.js","req":{},"reqId":"8ac1c98d-9a40-445e-8565-aac80d7c570b","res":{"status":304},"responseTime":5,"timestamp":"2024-02-20T13:41:03.665Z"}
{"level":"info","message":"BEGIN: GET /api/plugins/client/@nocobase/plugin-charts/index.js","reqId":"5af573bb-6d62-4566-839f-5245000fbb65","timestamp":"2024-02-20T13:41:03.686Z"}
{"level":"info","message":"END: GET /api/plugins/client/@nocobase/plugin-charts/index.js","req":{},"reqId":"5af573bb-6d62-4566-839f-5245000fbb65","res":{"status":304},"responseTime":11,"timestamp":"2024-02-20T13:41:03.697Z"}
{"level":"info","message":"BEGIN: GET /api/plugins/client/@nocobase/plugin-auth/index.js","reqId":"bdfc9289-9449-4017-9240-b9a5dbfbad44","timestamp":"2024-02-20T13:41:03.756Z"}
{"level":"info","message":"END: GET /api/plugins/client/@nocobase/plugin-auth/index.js","req":{},"reqId":"bdfc9289-9449-4017-9240-b9a5dbfbad44","res":{"status":304},"responseTime":3,"timestamp":"2024-02-20T13:41:03.759Z"}
{"level":"info","message":"BEGIN: GET /api/plugins/client/@nocobase/plugin-map/index.js","reqId":"421fa37c-30ea-4fd1-9287-eb3300c6062b","timestamp":"2024-02-20T13:41:03.769Z"}
{"level":"info","message":"BEGIN: GET /api/plugins/client/@nocobase/plugin-mobile-client/index.js","reqId":"e290fc62-6874-4750-aa60-6b2d6bdececf","timestamp":"2024-02-20T13:41:03.774Z"}
{"level":"info","message":"END: GET /api/plugins/client/@nocobase/plugin-map/index.js","req":{},"reqId":"421fa37c-30ea-4fd1-9287-eb3300c6062b","res":{"status":304},"responseTime":6,"timestamp":"2024-02-20T13:41:03.775Z"}
{"level":"info","message":"END: GET /api/plugins/client/@nocobase/plugin-mobile-client/index.js","req":{},"reqId":"e290fc62-6874-4750-aa60-6b2d6bdececf","res":{"status":304},"responseTime":11,"timestamp":"2024-02-20T13:41:03.785Z"}
{"level":"info","message":"BEGIN: GET /api/plugins/client/@nocobase/plugin-theme-editor/index.js","reqId":"8d52c6a8-9b9f-4f8c-8b37-46bd9d7b4f7a","timestamp":"2024-02-20T13:41:03.787Z"}
{"level":"info","message":"END: GET /api/plugins/client/@nocobase/plugin-theme-editor/index.js","req":{},"reqId":"8d52c6a8-9b9f-4f8c-8b37-46bd9d7b4f7a","res":{"status":304},"responseTime":4,"timestamp":"2024-02-20T13:41:03.791Z"}
{"level":"info","message":"BEGIN: GET /api/plugins/client/@nocobase/plugin-data-visualization/index.js","reqId":"e8ba625f-ccee-47b1-9bf4-dc80466c4a29","timestamp":"2024-02-20T13:41:03.818Z"}
{"level":"info","message":"END: GET /api/plugins/client/@nocobase/plugin-data-visualization/index.js","req":{},"reqId":"e8ba625f-ccee-47b1-9bf4-dc80466c4a29","res":{"status":304},"responseTime":8,"timestamp":"2024-02-20T13:41:03.826Z"}
{"level":"info","message":"BEGIN: GET /api/plugins/client/@nocobase/plugin-graph-collection-manager/index.js","reqId":"57b17978-1bd2-4519-a496-7d0c78350f28","timestamp":"2024-02-20T13:41:03.833Z"}
{"level":"info","message":"END: GET /api/plugins/client/@nocobase/plugin-graph-collection-manager/index.js","req":{},"reqId":"57b17978-1bd2-4519-a496-7d0c78350f28","res":{"status":304},"responseTime":8,"timestamp":"2024-02-20T13:41:03.841Z"}
{"level":"info","message":"BEGIN: GET /api/auth:check","reqId":"5c36d75d-3961-466b-82e2-400d4d2e7a8b","timestamp":"2024-02-20T13:41:04.311Z"}
{"can":null,"level":"info","message":"ctx permission","reqId":"5c36d75d-3961-466b-82e2-400d4d2e7a8b","skip":true,"timestamp":"2024-02-20T13:41:04.365Z"}
{"level":"info","message":"acl params","reqId":"5c36d75d-3961-466b-82e2-400d4d2e7a8b","timestamp":"2024-02-20T13:41:04.366Z"}
{"level":"info","message":"acl parsedParams","reqId":"5c36d75d-3961-466b-82e2-400d4d2e7a8b","timestamp":"2024-02-20T13:41:04.366Z"}
{"level":"info","message":"END: GET /api/auth:check","req":{"action":{"actionName":"check","params":{"actionName":"check","resourceName":"auth"},"resourceName":"auth"},"header":{"x-hostname":"cmreport.dsti.gov.sl","x-locale":"en-US","x-role":"ictAdmin","x-timezone":"-00:00"}},"reqId":"5c36d75d-3961-466b-82e2-400d4d2e7a8b","res":{"status":200},"responseTime":56,"timestamp":"2024-02-20T13:41:04.367Z"}
{"level":"info","message":"BEGIN: GET /api/uiSchemaTemplates:list?appends%5B%5D=collection&paginate=false","reqId":"4663cc05-d401-485b-83e0-ae66b52b83e5","timestamp":"2024-02-20T13:41:04.572Z"}
{"can":null,"level":"info","message":"ctx permission","reqId":"4663cc05-d401-485b-83e0-ae66b52b83e5","skip":true,"timestamp":"2024-02-20T13:41:04.601Z"}
{"level":"info","message":"acl params","reqId":"4663cc05-d401-485b-83e0-ae66b52b83e5","timestamp":"2024-02-20T13:41:04.604Z"}
{"level":"info","message":"acl parsedParams","reqId":"4663cc05-d401-485b-83e0-ae66b52b83e5","timestamp":"2024-02-20T13:41:04.604Z"}
{"level":"info","message":"END: GET /api/uiSchemaTemplates:list?appends%5B%5D=collection&paginate=false","req":{"action":{"actionName":"list","params":{"actionName":"list","appends":["collection"],"paginate":"false","resourceName":"uiSchemaTemplates"},"resourceName":"uiSchemaTemplates"},"header":{"x-hostname":"cmreport.dsti.gov.sl","x-locale":"en-US","x-role":"ictAdmin","x-timezone":"-00:00"}},"reqId":"4663cc05-d401-485b-83e0-ae66b52b83e5","res":{"status":200},"responseTime":65,"timestamp":"2024-02-20T13:41:04.637Z"}
{"level":"info","message":"BEGIN: GET /api/systemSettings:get/1?appends=logo","reqId":"4a586e1a-2b08-4709-8ce7-17dce840510f","timestamp":"2024-02-20T13:41:04.827Z"}
{"can":{"action":"get","resource":"systemSettings","role":"ictAdmin"},"level":"info","message":"ctx permission","reqId":"4a586e1a-2b08-4709-8ce7-17dce840510f","skip":true,"timestamp":"2024-02-20T13:41:04.853Z"}
{"level":"info","message":"acl params","reqId":"4a586e1a-2b08-4709-8ce7-17dce840510f","timestamp":"2024-02-20T13:41:04.854Z"}
{"level":"info","message":"acl parsedParams","reqId":"4a586e1a-2b08-4709-8ce7-17dce840510f","timestamp":"2024-02-20T13:41:04.854Z"}
{"level":"info","message":"END: GET /api/systemSettings:get/1?appends=logo","req":{"action":{"actionName":"get","params":{"actionName":"get","appends":["logo"],"filterByTk":"1","resourceIndex":"1","resourceName":"systemSettings"},"resourceName":"systemSettings"},"header":{"x-hostname":"cmreport.dsti.gov.sl","x-locale":"en-US","x-role":"ictAdmin","x-timezone":"-00:00"}},"reqId":"4a586e1a-2b08-4709-8ce7-17dce840510f","res":{"status":200},"responseTime":53,"timestamp":"2024-02-20T13:41:04.880Z"}
{"level":"info","message":"BEGIN: GET /api/app:getInfo","reqId":"d7e298e2-72d0-4293-8c54-4ab9ca242970","timestamp":"2024-02-20T13:41:05.095Z"}
{"can":null,"level":"info","message":"ctx permission","reqId":"d7e298e2-72d0-4293-8c54-4ab9ca242970","skip":true,"timestamp":"2024-02-20T13:41:05.109Z"}
{"level":"info","message":"acl params","reqId":"d7e298e2-72d0-4293-8c54-4ab9ca242970","timestamp":"2024-02-20T13:41:05.116Z"}
{"level":"info","message":"acl parsedParams","reqId":"d7e298e2-72d0-4293-8c54-4ab9ca242970","timestamp":"2024-02-20T13:41:05.117Z"}
{"level":"info","message":"END: GET /api/app:getInfo","req":{"action":{"actionName":"getInfo","params":{"actionName":"getInfo","resourceName":"app"},"resourceName":"app"},"header":{"x-hostname":"cmreport.dsti.gov.sl","x-locale":"en-US","x-role":"ictAdmin","x-timezone":"-00:00"}},"reqId":"d7e298e2-72d0-4293-8c54-4ab9ca242970","res":{"status":200},"responseTime":44,"timestamp":"2024-02-20T13:41:05.139Z"}
{"level":"info","message":"BEGIN: GET /api/collectionsHistory:list?paginate=false&appends%5B%5D=fields&sort%5B%5D=sort&filter=%7B%7D","reqId":"4fb5039b-e356-403b-95bf-0745947218f6","timestamp":"2024-02-20T13:41:05.341Z"}
{"level":"info","message":"BEGIN: POST /api/chartsQueries:listMetadata?paginate=false&sort%5B%5D=-id","reqId":"2fd51f51-78d4-4eb5-9267-113e4ca416cc","timestamp":"2024-02-20T13:41:05.353Z"}
{"level":"info","message":"BEGIN: GET /api/themeConfig:list?sort=id&paginate=false","reqId":"b51453b5-030c-48a2-b7ee-04bb2f3bb2f9","timestamp":"2024-02-20T13:41:05.391Z"}
{"can":{"action":"list","resource":"collectionsHistory","role":"ictAdmin"},"level":"info","message":"ctx permission","reqId":"4fb5039b-e356-403b-95bf-0745947218f6","skip":true,"timestamp":"2024-02-20T13:41:05.442Z"}
{"level":"info","message":"acl params","reqId":"4fb5039b-e356-403b-95bf-0745947218f6","timestamp":"2024-02-20T13:41:05.442Z"}
{"level":"info","message":"acl parsedParams","reqId":"4fb5039b-e356-403b-95bf-0745947218f6","timestamp":"2024-02-20T13:41:05.453Z"}
{"can":null,"level":"info","message":"ctx permission","reqId":"2fd51f51-78d4-4eb5-9267-113e4ca416cc","skip":true,"timestamp":"2024-02-20T13:41:05.475Z"}
{"level":"info","message":"acl params","reqId":"2fd51f51-78d4-4eb5-9267-113e4ca416cc","timestamp":"2024-02-20T13:41:05.475Z"}
{"level":"info","message":"acl parsedParams","reqId":"2fd51f51-78d4-4eb5-9267-113e4ca416cc","timestamp":"2024-02-20T13:41:05.476Z"}
{"level":"info","message":"END: POST /api/chartsQueries:listMetadata?paginate=false&sort%5B%5D=-id","req":{"action":{"actionName":"listMetadata","params":{"actionName":"listMetadata","paginate":"false","resourceName":"chartsQueries","sort":["-id"]},"resourceName":"chartsQueries"},"header":{"x-hostname":"cmreport.dsti.gov.sl","x-locale":"en-US","x-role":"ictAdmin","x-timezone":"-00:00"}},"reqId":"2fd51f51-78d4-4eb5-9267-113e4ca416cc","res":{"status":200},"responseTime":172,"timestamp":"2024-02-20T13:41:05.525Z"}
{"can":{"action":"list","resource":"themeConfig","role":"ictAdmin"},"level":"info","message":"ctx permission","reqId":"b51453b5-030c-48a2-b7ee-04bb2f3bb2f9","timestamp":"2024-02-20T13:41:05.700Z"}
{"level":"info","message":"acl params","reqId":"b51453b5-030c-48a2-b7ee-04bb2f3bb2f9","timestamp":"2024-02-20T13:41:05.700Z"}
{"level":"info","message":"acl parsedParams","reqId":"b51453b5-030c-48a2-b7ee-04bb2f3bb2f9","timestamp":"2024-02-20T13:41:05.701Z"}
{"level":"info","message":"BEGIN: GET /api/app:getInfo","reqId":"9a00b8b3-d337-45a1-a4ba-b62948bd741b","timestamp":"2024-02-20T13:41:05.725Z"}
{"level":"info","message":"END: GET /api/collectionsHistory:list?paginate=false&appends%5B%5D=fields&sort%5B%5D=sort&filter=%7B%7D","req":{"action":{"actionName":"list","params":{"actionName":"list","appends":["fields"],"filter":{},"paginate":"false","resourceName":"collectionsHistory","sort":["sort"]},"resourceName":"collectionsHistory"},"header":{"x-hostname":"cmreport.dsti.gov.sl","x-locale":"en-US","x-role":"ictAdmin","x-timezone":"-00:00"}},"reqId":"4fb5039b-e356-403b-95bf-0745947218f6","res":{"status":200},"responseTime":391,"timestamp":"2024-02-20T13:41:05.732Z"}
{"level":"info","message":"END: GET /api/themeConfig:list?sort=id&paginate=false","req":{"action":{"actionName":"list","params":{"actionName":"list","paginate":"false","resourceName":"themeConfig","sort":["id"]},"resourceName":"themeConfig"},"header":{"x-hostname":"cmreport.dsti.gov.sl","x-locale":"en-US","x-role":"ictAdmin","x-timezone":"-00:00"}},"reqId":"b51453b5-030c-48a2-b7ee-04bb2f3bb2f9","res":{"status":200},"responseTime":650,"timestamp":"2024-02-20T13:41:06.041Z"}
{"can":null,"level":"info","message":"ctx permission","reqId":"9a00b8b3-d337-45a1-a4ba-b62948bd741b","skip":true,"timestamp":"2024-02-20T13:41:06.179Z"}
{"level":"info","message":"acl params","reqId":"9a00b8b3-d337-45a1-a4ba-b62948bd741b","timestamp":"2024-02-20T13:41:06.180Z"}
{"level":"info","message":"acl parsedParams","reqId":"9a00b8b3-d337-45a1-a4ba-b62948bd741b","timestamp":"2024-02-20T13:41:06.180Z"}
{"level":"info","message":"END: GET /api/app:getInfo","req":{"action":{"actionName":"getInfo","params":{"actionName":"getInfo","resourceName":"app"},"resourceName":"app"},"header":{"x-hostname":"cmreport.dsti.gov.sl","x-locale":"en-US","x-role":"ictAdmin","x-timezone":"-00:00"}},"reqId":"9a00b8b3-d337-45a1-a4ba-b62948bd741b","res":{"status":200},"responseTime":467,"timestamp":"2024-02-20T13:41:06.192Z"}
{"level":"info","message":"BEGIN: GET /api/themeConfig:list?sort=id&paginate=false","reqId":"2bff92b1-ea58-4462-b91c-41f42a09457b","timestamp":"2024-02-20T13:41:06.356Z"}
{"level":"info","message":"BEGIN: GET /api/collectionsHistory:list?paginate=false&appends%5B%5D=fields&sort%5B%5D=sort&filter=%7B%7D","reqId":"b85c8a7c-078d-42af-a86f-3e6cc553bbd8","timestamp":"2024-02-20T13:41:06.374Z"}
{"level":"info","message":"BEGIN: GET /api/app:getInfo","reqId":"550de0fa-8a8f-4045-b7f6-57afca92b85c","timestamp":"2024-02-20T13:41:06.382Z"}
{"can":{"action":"list","resource":"themeConfig","role":"ictAdmin"},"level":"info","message":"ctx permission","reqId":"2bff92b1-ea58-4462-b91c-41f42a09457b","timestamp":"2024-02-20T13:41:06.427Z"}
{"level":"info","message":"acl params","reqId":"2bff92b1-ea58-4462-b91c-41f42a09457b","timestamp":"2024-02-20T13:41:06.437Z"}
{"level":"info","message":"acl parsedParams","reqId":"2bff92b1-ea58-4462-b91c-41f42a09457b","timestamp":"2024-02-20T13:41:06.438Z"}
{"can":{"action":"list","resource":"collectionsHistory","role":"ictAdmin"},"level":"info","message":"ctx permission","reqId":"b85c8a7c-078d-42af-a86f-3e6cc553bbd8","skip":true,"timestamp":"2024-02-20T13:41:06.454Z"}
{"level":"info","message":"acl params","reqId":"b85c8a7c-078d-42af-a86f-3e6cc553bbd8","timestamp":"2024-02-20T13:41:06.455Z"}
{"level":"info","message":"acl parsedParams","reqId":"b85c8a7c-078d-42af-a86f-3e6cc553bbd8","timestamp":"2024-02-20T13:41:06.455Z"}
{"can":null,"level":"info","message":"ctx permission","reqId":"550de0fa-8a8f-4045-b7f6-57afca92b85c","skip":true,"timestamp":"2024-02-20T13:41:06.459Z"}
{"level":"info","message":"acl params","reqId":"550de0fa-8a8f-4045-b7f6-57afca92b85c","timestamp":"2024-02-20T13:41:06.465Z"}
{"level":"info","message":"acl parsedParams","reqId":"550de0fa-8a8f-4045-b7f6-57afca92b85c","timestamp":"2024-02-20T13:41:06.467Z"}
{"level":"info","message":"END: GET /api/themeConfig:list?sort=id&paginate=false","req":{"action":{"actionName":"list","params":{"actionName":"list","paginate":"false","resourceName":"themeConfig","sort":["id"]},"resourceName":"themeConfig"},"header":{"x-hostname":"cmreport.dsti.gov.sl","x-locale":"en-US","x-role":"ictAdmin","x-timezone":"-00:00"}},"reqId":"2bff92b1-ea58-4462-b91c-41f42a09457b","res":{"status":200},"responseTime":149,"timestamp":"2024-02-20T13:41:06.505Z"}
{"level":"info","message":"END: GET /api/app:getInfo","req":{"action":{"actionName":"getInfo","params":{"actionName":"getInfo","resourceName":"app"},"resourceName":"app"},"header":{"x-hostname":"cmreport.dsti.gov.sl","x-locale":"en-US","x-role":"ictAdmin","x-timezone":"-00:00"}},"reqId":"550de0fa-8a8f-4045-b7f6-57afca92b85c","res":{"status":200},"responseTime":239,"timestamp":"2024-02-20T13:41:06.621Z"}
{"level":"info","message":"END: GET /api/collectionsHistory:list?paginate=false&appends%5B%5D=fields&sort%5B%5D=sort&filter=%7B%7D","req":{"action":{"actionName":"list","params":{"actionName":"list","appends":["fields"],"filter":{},"paginate":"false","resourceName":"collectionsHistory","sort":["sort"]},"resourceName":"collectionsHistory"},"header":{"x-hostname":"cmreport.dsti.gov.sl","x-locale":"en-US","x-role":"ictAdmin","x-timezone":"-00:00"}},"reqId":"b85c8a7c-078d-42af-a86f-3e6cc553bbd8","res":{"status":200},"responseTime":255,"timestamp":"2024-02-20T13:41:06.629Z"}
{"level":"info","message":"BEGIN: GET /api/themeConfig:list?sort=id&paginate=false","reqId":"f8147502-31f9-47d3-a76b-e90131757c2a","timestamp":"2024-02-20T13:41:07.137Z"}
{"level":"info","message":"BEGIN: GET /api/app:getInfo","reqId":"6b7f5670-6834-406a-bcf7-bf5b789546d5","timestamp":"2024-02-20T13:41:07.154Z"}
{"can":{"action":"list","resource":"themeConfig","role":"ictAdmin"},"level":"info","message":"ctx permission","reqId":"f8147502-31f9-47d3-a76b-e90131757c2a","timestamp":"2024-02-20T13:41:07.171Z"}
{"level":"info","message":"acl params","reqId":"f8147502-31f9-47d3-a76b-e90131757c2a","timestamp":"2024-02-20T13:41:07.171Z"}
{"level":"info","message":"acl parsedParams","reqId":"f8147502-31f9-47d3-a76b-e90131757c2a","timestamp":"2024-02-20T13:41:07.172Z"}
{"can":null,"level":"info","message":"ctx permission","reqId":"6b7f5670-6834-406a-bcf7-bf5b789546d5","skip":true,"timestamp":"2024-02-20T13:41:07.200Z"}
{"level":"info","message":"acl params","reqId":"6b7f5670-6834-406a-bcf7-bf5b789546d5","timestamp":"2024-02-20T13:41:07.200Z"}
{"level":"info","message":"acl parsedParams","reqId":"6b7f5670-6834-406a-bcf7-bf5b789546d5","timestamp":"2024-02-20T13:41:07.200Z"}
{"level":"info","message":"END: GET /api/themeConfig:list?sort=id&paginate=false","req":{"action":{"actionName":"list","params":{"actionName":"list","paginate":"false","resourceName":"themeConfig","sort":["id"]},"resourceName":"themeConfig"},"header":{"x-hostname":"cmreport.dsti.gov.sl","x-locale":"en-US","x-role":"ictAdmin","x-timezone":"-00:00"}},"reqId":"f8147502-31f9-47d3-a76b-e90131757c2a","res":{"status":200},"responseTime":72,"timestamp":"2024-02-20T13:41:07.209Z"}
{"level":"info","message":"END: GET /api/app:getInfo","req":{"action":{"actionName":"getInfo","params":{"actionName":"getInfo","resourceName":"app"},"resourceName":"app"},"header":{"x-hostname":"cmreport.dsti.gov.sl","x-locale":"en-US","x-role":"ictAdmin","x-timezone":"-00:00"}},"reqId":"6b7f5670-6834-406a-bcf7-bf5b789546d5","res":{"status":200},"responseTime":57,"timestamp":"2024-02-20T13:41:07.211Z"}
{"level":"info","message":"BEGIN: GET /api/app:getInfo","reqId":"146fefdd-4047-42d1-9c7c-5566fe06e102","timestamp":"2024-02-20T13:41:07.403Z"}
{"can":null,"level":"info","message":"ctx permission","reqId":"146fefdd-4047-42d1-9c7c-5566fe06e102","skip":true,"timestamp":"2024-02-20T13:41:07.422Z"}
{"level":"info","message":"acl params","reqId":"146fefdd-4047-42d1-9c7c-5566fe06e102","timestamp":"2024-02-20T13:41:07.423Z"}
{"level":"info","message":"acl parsedParams","reqId":"146fefdd-4047-42d1-9c7c-5566fe06e102","timestamp":"2024-02-20T13:41:07.423Z"}
{"level":"info","message":"END: GET /api/app:getInfo","req":{"action":{"actionName":"getInfo","params":{"actionName":"getInfo","resourceName":"app"},"resourceName":"app"},"header":{"x-hostname":"cmreport.dsti.gov.sl","x-locale":"en-US","x-role":"ictAdmin","x-timezone":"-00:00"}},"reqId":"146fefdd-4047-42d1-9c7c-5566fe06e102","res":{"status":200},"responseTime":27,"timestamp":"2024-02-20T13:41:07.430Z"}
{"level":"info","message":"BEGIN: GET /api/uiSchemaTemplates:list?appends%5B%5D=collection&paginate=false","reqId":"01675fbe-8acc-4ecd-b654-91e27b9831fc","timestamp":"2024-02-20T13:41:07.591Z"}
{"can":null,"level":"info","message":"ctx permission","reqId":"01675fbe-8acc-4ecd-b654-91e27b9831fc","skip":true,"timestamp":"2024-02-20T13:41:07.615Z"}
{"level":"info","message":"acl params","reqId":"01675fbe-8acc-4ecd-b654-91e27b9831fc","timestamp":"2024-02-20T13:41:07.617Z"}
{"level":"info","message":"acl parsedParams","reqId":"01675fbe-8acc-4ecd-b654-91e27b9831fc","timestamp":"2024-02-20T13:41:07.617Z"}
{"level":"info","message":"END: GET /api/uiSchemaTemplates:list?appends%5B%5D=collection&paginate=false","req":{"action":{"actionName":"list","params":{"actionName":"list","appends":["collection"],"paginate":"false","resourceName":"uiSchemaTemplates"},"resourceName":"uiSchemaTemplates"},"header":{"x-hostname":"cmreport.dsti.gov.sl","x-locale":"en-US","x-role":"ictAdmin","x-timezone":"-00:00"}},"reqId":"01675fbe-8acc-4ecd-b654-91e27b9831fc","res":{"status":200},"responseTime":54,"timestamp":"2024-02-20T13:41:07.644Z"}
{"level":"info","message":"BEGIN: GET /api/collectionCategories:list?paginate=false&sort%5B%5D=sort","reqId":"c885a213-19cf-41ce-81af-64df7e7e9d19","timestamp":"2024-02-20T13:41:07.799Z"}
{"level":"info","message":"BEGIN: GET /api/collections:list?paginate=false&appends%5B%5D=fields&appends%5B%5D=category&sort%5B%5D=sort&filter=%7B%7D","reqId":"d4d2467f-a521-4806-b9c4-386500f0ade9","timestamp":"2024-02-20T13:41:07.818Z"}
{"can":{"action":"list","resource":"collectionCategories","role":"ictAdmin"},"level":"info","message":"ctx permission","reqId":"c885a213-19cf-41ce-81af-64df7e7e9d19","skip":true,"timestamp":"2024-02-20T13:41:07.833Z"}
{"level":"info","message":"acl params","reqId":"c885a213-19cf-41ce-81af-64df7e7e9d19","timestamp":"2024-02-20T13:41:07.834Z"}
{"level":"info","message":"acl parsedParams","reqId":"c885a213-19cf-41ce-81af-64df7e7e9d19","timestamp":"2024-02-20T13:41:07.834Z"}
{"can":null,"level":"info","message":"ctx permission","reqId":"d4d2467f-a521-4806-b9c4-386500f0ade9","skip":true,"timestamp":"2024-02-20T13:41:07.863Z"}
{"level":"info","message":"acl params","reqId":"d4d2467f-a521-4806-b9c4-386500f0ade9","timestamp":"2024-02-20T13:41:07.864Z"}
{"level":"info","message":"acl parsedParams","reqId":"d4d2467f-a521-4806-b9c4-386500f0ade9","timestamp":"2024-02-20T13:41:07.864Z"}
{"level":"info","message":"END: GET /api/collectionCategories:list?paginate=false&sort%5B%5D=sort","req":{"action":{"actionName":"list","params":{"actionName":"list","paginate":"false","resourceName":"collectionCategories","sort":["sort"]},"resourceName":"collectionCategories"},"header":{"x-hostname":"cmreport.dsti.gov.sl","x-locale":"en-US","x-role":"ictAdmin","x-timezone":"-00:00"}},"reqId":"c885a213-19cf-41ce-81af-64df7e7e9d19","res":{"status":200},"responseTime":66,"timestamp":"2024-02-20T13:41:07.865Z"}
{"level":"info","message":"END: GET /api/collections:list?paginate=false&appends%5B%5D=fields&appends%5B%5D=category&sort%5B%5D=sort&filter=%7B%7D","req":{"action":{"actionName":"list","params":{"actionName":"list","appends":["fields","category"],"filter":{},"paginate":"false","resourceName":"collections","sort":["sort"]},"resourceName":"collections"},"header":{"x-hostname":"cmreport.dsti.gov.sl","x-locale":"en-US","x-role":"ictAdmin","x-timezone":"-00:00"}},"reqId":"d4d2467f-a521-4806-b9c4-386500f0ade9","res":{"status":200},"responseTime":200,"timestamp":"2024-02-20T13:41:08.018Z"}
{"level":"info","message":"BEGIN: GET /api/roles:check","reqId":"f530e54d-19af-4864-b73a-d11f743b0572","timestamp":"2024-02-20T13:41:08.515Z"}
{"can":null,"level":"info","message":"ctx permission","reqId":"f530e54d-19af-4864-b73a-d11f743b0572","skip":true,"timestamp":"2024-02-20T13:41:08.549Z"}
{"level":"info","message":"acl params","reqId":"f530e54d-19af-4864-b73a-d11f743b0572","timestamp":"2024-02-20T13:41:08.550Z"}
{"level":"info","message":"acl parsedParams","reqId":"f530e54d-19af-4864-b73a-d11f743b0572","timestamp":"2024-02-20T13:41:08.550Z"}
{"level":"info","message":"END: GET /api/roles:check","req":{"action":{"actionName":"check","params":{"actionName":"check","resourceName":"roles"},"resourceName":"roles"},"header":{"x-hostname":"cmreport.dsti.gov.sl","x-locale":"en-US","x-role":"ictAdmin","x-timezone":"-00:00"}},"reqId":"f530e54d-19af-4864-b73a-d11f743b0572","res":{"status":200},"responseTime":46,"timestamp":"2024-02-20T13:41:08.561Z"}
{"level":"info","message":"BEGIN: GET /api/uiSchemas:getJsonSchema/kajnqv7hagl","reqId":"3e2dde15-2bc2-43f8-98c4-2b9713c79181","timestamp":"2024-02-20T13:41:08.780Z"}
{"can":null,"level":"info","message":"ctx permission","reqId":"3e2dde15-2bc2-43f8-98c4-2b9713c79181","skip":true,"timestamp":"2024-02-20T13:41:08.794Z"}
{"level":"info","message":"acl params","reqId":"3e2dde15-2bc2-43f8-98c4-2b9713c79181","timestamp":"2024-02-20T13:41:08.804Z"}
{"level":"info","message":"acl parsedParams","reqId":"3e2dde15-2bc2-43f8-98c4-2b9713c79181","timestamp":"2024-02-20T13:41:08.804Z"}
{"level":"info","message":"END: GET /api/uiSchemas:getJsonSchema/kajnqv7hagl","req":{"action":{"actionName":"getJsonSchema","params":{"actionName":"getJsonSchema","filterByTk":"kajnqv7hagl","resourceIndex":"kajnqv7hagl","resourceName":"uiSchemas"},"resourceName":"uiSchemas"},"header":{"x-hostname":"cmreport.dsti.gov.sl","x-locale":"en-US","x-role":"ictAdmin","x-timezone":"-00:00"}},"reqId":"3e2dde15-2bc2-43f8-98c4-2b9713c79181","res":{"status":200},"responseTime":25,"timestamp":"2024-02-20T13:41:08.805Z"}
{"level":"info","message":"BEGIN: GET /api/uiSchemas:getProperties/ic05qq3jmex","reqId":"023e6024-cf82-4835-a575-6195c4189d82","timestamp":"2024-02-20T13:41:09.083Z"}
{"can":null,"level":"info","message":"ctx permission","reqId":"023e6024-cf82-4835-a575-6195c4189d82","skip":true,"timestamp":"2024-02-20T13:41:09.114Z"}
{"level":"info","message":"acl params","reqId":"023e6024-cf82-4835-a575-6195c4189d82","timestamp":"2024-02-20T13:41:09.115Z"}
{"level":"info","message":"acl parsedParams","reqId":"023e6024-cf82-4835-a575-6195c4189d82","timestamp":"2024-02-20T13:41:09.115Z"}
{"level":"info","message":"END: GET /api/uiSchemas:getProperties/ic05qq3jmex","req":{"action":{"actionName":"getProperties","params":{"actionName":"getProperties","filterByTk":"ic05qq3jmex","resourceIndex":"ic05qq3jmex","resourceName":"uiSchemas"},"resourceName":"uiSchemas"},"header":{"x-hostname":"cmreport.dsti.gov.sl","x-locale":"en-US","x-role":"ictAdmin","x-timezone":"-00:00"}},"reqId":"023e6024-cf82-4835-a575-6195c4189d82","res":{"status":200},"responseTime":33,"timestamp":"2024-02-20T13:41:09.115Z"}
{"level":"info","message":"BEGIN: GET /api/app:getLang?locale","reqId":"b635edf3-12aa-46b4-996f-3fb88ed7cbf8","timestamp":"2024-02-20T13:41:49.873Z"}
{"can":null,"level":"info","message":"ctx permission","reqId":"b635edf3-12aa-46b4-996f-3fb88ed7cbf8","skip":true,"timestamp":"2024-02-20T13:41:49.877Z"}
{"level":"info","message":"acl params","reqId":"b635edf3-12aa-46b4-996f-3fb88ed7cbf8","timestamp":"2024-02-20T13:41:49.885Z"}
{"level":"info","message":"acl parsedParams","reqId":"b635edf3-12aa-46b4-996f-3fb88ed7cbf8","timestamp":"2024-02-20T13:41:49.886Z"}
{"level":"info","message":"END: GET /api/app:getLang?locale","req":{"action":{"actionName":"getLang","params":{"actionName":"getLang","locale":null,"resourceName":"app"},"resourceName":"app"},"header":{"x-hostname":"cmreport.dsti.gov.sl","x-timezone":"-00:00"}},"reqId":"b635edf3-12aa-46b4-996f-3fb88ed7cbf8","res":{"status":200},"responseTime":15,"timestamp":"2024-02-20T13:41:49.888Z"}
{"level":"info","message":"BEGIN: GET /api/app:getPlugins","reqId":"cafdb326-bc06-4d5f-9768-d768bf675cc3","timestamp":"2024-02-20T13:41:50.243Z"}
{"can":null,"level":"info","message":"ctx permission","reqId":"cafdb326-bc06-4d5f-9768-d768bf675cc3","skip":true,"timestamp":"2024-02-20T13:41:50.246Z"}
{"level":"info","message":"acl params","reqId":"cafdb326-bc06-4d5f-9768-d768bf675cc3","timestamp":"2024-02-20T13:41:50.250Z"}
{"level":"info","message":"acl parsedParams","reqId":"cafdb326-bc06-4d5f-9768-d768bf675cc3","timestamp":"2024-02-20T13:41:50.251Z"}
{"level":"info","message":"END: GET /api/app:getPlugins","req":{"action":{"actionName":"getPlugins","params":{"actionName":"getPlugins","resourceName":"app"},"resourceName":"app"},"header":{"x-hostname":"cmreport.dsti.gov.sl","x-locale":"en-US","x-timezone":"-00:00"}},"reqId":"cafdb326-bc06-4d5f-9768-d768bf675cc3","res":{"status":200},"responseTime":20,"timestamp":"2024-02-20T13:41:50.263Z"}
{"level":"info","message":"BEGIN: GET /api/plugins/client/@nocobase/plugin-error-handler/index.js","reqId":"8237094d-c641-4be0-bde0-da030a1bbd54","timestamp":"2024-02-20T13:41:50.421Z"}
{"level":"info","message":"END: GET /api/plugins/client/@nocobase/plugin-error-handler/index.js","req":{},"reqId":"8237094d-c641-4be0-bde0-da030a1bbd54","res":{"status":200},"responseTime":4,"timestamp":"2024-02-20T13:41:50.425Z"}
{"level":"info","message":"BEGIN: GET /api/plugins/client/@nocobase/plugin-file-manager/index.js","reqId":"1914e635-cd80-439b-9f68-c2ca41bccea1","timestamp":"2024-02-20T13:41:50.427Z"}
{"level":"info","message":"BEGIN: GET /api/plugins/client/@nocobase/plugin-collection-manager/index.js","reqId":"3378dd5a-160a-4e84-8eb4-adbaae1cde0c","timestamp":"2024-02-20T13:41:50.435Z"}
{"level":"info","message":"BEGIN: GET /api/plugins/client/@nocobase/plugin-system-settings/index.js","reqId":"a7eb2965-4d80-4590-bc17-ca617fe914a8","timestamp":"2024-02-20T13:41:50.436Z"}
{"level":"info","message":"END: GET /api/plugins/client/@nocobase/plugin-file-manager/index.js","req":{},"reqId":"1914e635-cd80-439b-9f68-c2ca41bccea1","res":{"status":200},"responseTime":12,"timestamp":"2024-02-20T13:41:50.439Z"}
{"level":"info","message":"END: GET /api/plugins/client/@nocobase/plugin-collection-manager/index.js","req":{},"reqId":"3378dd5a-160a-4e84-8eb4-adbaae1cde0c","res":{"status":200},"responseTime":25,"timestamp":"2024-02-20T13:41:50.460Z"}
{"level":"info","message":"END: GET /api/plugins/client/@nocobase/plugin-system-settings/index.js","req":{},"reqId":"a7eb2965-4d80-4590-bc17-ca617fe914a8","res":{"status":200},"responseTime":25,"timestamp":"2024-02-20T13:41:50.461Z"}
{"level":"info","message":"BEGIN: GET /api/plugins/client/@nocobase/plugin-export/index.js","reqId":"14fe4edd-7d3a-4ff3-a4bf-0bb0c90c070a","timestamp":"2024-02-20T13:41:50.567Z"}
{"level":"info","message":"END: GET /api/plugins/client/@nocobase/plugin-export/index.js","req":{},"reqId":"14fe4edd-7d3a-4ff3-a4bf-0bb0c90c070a","res":{"status":200},"responseTime":3,"timestamp":"2024-02-20T13:41:50.570Z"}
{"level":"info","message":"BEGIN: GET /api/plugins/client/@nocobase/plugin-duplicator/index.js","reqId":"ea901f86-b6e9-4d84-9f7f-9524f6e1d5a7","timestamp":"2024-02-20T13:41:50.628Z"}
{"level":"info","message":"BEGIN: GET /api/plugins/client/@nocobase/plugin-audit-logs/index.js","reqId":"962d43ec-c5bc-4221-90b3-885f0bcf6bf9","timestamp":"2024-02-20T13:41:50.629Z"}
{"level":"info","message":"BEGIN: GET /api/plugins/client/@nocobase/plugin-iframe-block/index.js","reqId":"e76c279b-9d51-4031-8f86-9b714cfa93a6","timestamp":"2024-02-20T13:41:50.651Z"}
{"level":"info","message":"END: GET /api/plugins/client/@nocobase/plugin-duplicator/index.js","req":{},"reqId":"ea901f86-b6e9-4d84-9f7f-9524f6e1d5a7","res":{"status":200},"responseTime":25,"timestamp":"2024-02-20T13:41:50.653Z"}
{"level":"info","message":"END: GET /api/plugins/client/@nocobase/plugin-audit-logs/index.js","req":{},"reqId":"962d43ec-c5bc-4221-90b3-885f0bcf6bf9","res":{"status":200},"responseTime":32,"timestamp":"2024-02-20T13:41:50.661Z"}
{"level":"info","message":"END: GET /api/plugins/client/@nocobase/plugin-iframe-block/index.js","req":{},"reqId":"e76c279b-9d51-4031-8f86-9b714cfa93a6","res":{"status":200},"responseTime":18,"timestamp":"2024-02-20T13:41:50.669Z"}
{"level":"info","message":"BEGIN: GET /api/plugins/client/@nocobase/plugin-verification/index.js","reqId":"1c0251b7-f25b-4925-81c1-d9d5fc67f313","timestamp":"2024-02-20T13:41:50.715Z"}
{"level":"info","message":"END: GET /api/plugins/client/@nocobase/plugin-verification/index.js","req":{},"reqId":"1c0251b7-f25b-4925-81c1-d9d5fc67f313","res":{"status":200},"responseTime":15,"timestamp":"2024-02-20T13:41:50.730Z"}
{"level":"info","message":"BEGIN: GET /api/plugins/client/@nocobase/plugin-sequence-field/index.js","reqId":"4ecdbc55-790a-4ed1-a20c-33c6eda4232c","timestamp":"2024-02-20T13:41:50.732Z"}
{"level":"info","message":"BEGIN: GET /api/plugins/client/@nocobase/plugin-formula-field/index.js","reqId":"949bfd11-5104-4bec-bf65-3661abaaedf1","timestamp":"2024-02-20T13:41:50.733Z"}
{"level":"info","message":"END: GET /api/plugins/client/@nocobase/plugin-sequence-field/index.js","req":{},"reqId":"4ecdbc55-790a-4ed1-a20c-33c6eda4232c","res":{"status":200},"responseTime":3,"timestamp":"2024-02-20T13:41:50.735Z"}
{"level":"info","message":"END: GET /api/plugins/client/@nocobase/plugin-formula-field/index.js","req":{},"reqId":"949bfd11-5104-4bec-bf65-3661abaaedf1","res":{"status":200},"responseTime":16,"timestamp":"2024-02-20T13:41:50.749Z"}
{"level":"info","message":"BEGIN: GET /api/plugins/client/@nocobase/plugin-charts/index.js","reqId":"af32bda1-01b4-43aa-9ccb-4a58a33f6b2e","timestamp":"2024-02-20T13:41:50.825Z"}
{"level":"info","message":"BEGIN: GET /api/plugins/client/@nocobase/plugin-auth/index.js","reqId":"cc0b4c24-8876-4d93-b302-20784b8d16a7","timestamp":"2024-02-20T13:41:50.826Z"}
{"level":"info","message":"BEGIN: GET /api/plugins/client/@nocobase/plugin-sms-auth/index.js","reqId":"99a422f2-5c81-4383-a932-4c7ea75dd2ce","timestamp":"2024-02-20T13:41:50.827Z"}
{"level":"info","message":"END: GET /api/plugins/client/@nocobase/plugin-charts/index.js","req":{},"reqId":"af32bda1-01b4-43aa-9ccb-4a58a33f6b2e","res":{"status":200},"responseTime":4,"timestamp":"2024-02-20T13:41:50.829Z"}
{"level":"info","message":"END: GET /api/plugins/client/@nocobase/plugin-auth/index.js","req":{},"reqId":"cc0b4c24-8876-4d93-b302-20784b8d16a7","res":{"status":200},"responseTime":8,"timestamp":"2024-02-20T13:41:50.834Z"}
{"level":"info","message":"END: GET /api/plugins/client/@nocobase/plugin-sms-auth/index.js","req":{},"reqId":"99a422f2-5c81-4383-a932-4c7ea75dd2ce","res":{"status":200},"responseTime":8,"timestamp":"2024-02-20T13:41:50.835Z"}
{"level":"info","message":"BEGIN: GET /api/plugins/client/@nocobase/plugin-map/index.js","reqId":"fea2977d-02fc-436b-851c-f5f43a019616","timestamp":"2024-02-20T13:41:50.885Z"}
{"level":"info","message":"END: GET /api/plugins/client/@nocobase/plugin-map/index.js","req":{},"reqId":"fea2977d-02fc-436b-851c-f5f43a019616","res":{"status":200},"responseTime":2,"timestamp":"2024-02-20T13:41:50.888Z"}
{"level":"info","message":"BEGIN: GET /api/plugins/client/@nocobase/plugin-mobile-client/index.js","reqId":"6a1ed0b4-96be-4e6b-9ccf-9905d9b7ac72","timestamp":"2024-02-20T13:41:50.997Z"}
{"level":"info","message":"END: GET /api/plugins/client/@nocobase/plugin-mobile-client/index.js","req":{},"reqId":"6a1ed0b4-96be-4e6b-9ccf-9905d9b7ac72","res":{"status":200},"responseTime":2,"timestamp":"2024-02-20T13:41:50.999Z"}
{"level":"info","message":"BEGIN: GET /api/plugins/client/@nocobase/plugin-snapshot-field/index.js","reqId":"eb7704ed-984a-4c16-85ed-19e53e0e930f","timestamp":"2024-02-20T13:41:51.009Z"}
{"level":"info","message":"END: GET /api/plugins/client/@nocobase/plugin-snapshot-field/index.js","req":{},"reqId":"eb7704ed-984a-4c16-85ed-19e53e0e930f","res":{"status":200},"responseTime":2,"timestamp":"2024-02-20T13:41:51.011Z"}
{"level":"info","message":"BEGIN: GET /api/plugins/client/@nocobase/plugin-api-keys/index.js","reqId":"58fa33b4-f218-4060-9a50-76d688235ed5","timestamp":"2024-02-20T13:41:51.129Z"}
{"level":"info","message":"END: GET /api/plugins/client/@nocobase/plugin-api-keys/index.js","req":{},"reqId":"58fa33b4-f218-4060-9a50-76d688235ed5","res":{"status":200},"responseTime":1,"timestamp":"2024-02-20T13:41:51.130Z"}
{"level":"info","message":"BEGIN: GET /api/plugins/client/@nocobase/plugin-theme-editor/index.js","reqId":"ed580577-efd9-4382-ad65-5a77cf89a83b","timestamp":"2024-02-20T13:41:51.187Z"}
{"level":"info","message":"END: GET /api/plugins/client/@nocobase/plugin-theme-editor/index.js","req":{},"reqId":"ed580577-efd9-4382-ad65-5a77cf89a83b","res":{"status":200},"responseTime":2,"timestamp":"2024-02-20T13:41:51.189Z"}
{"level":"info","message":"BEGIN: GET /api/plugins/client/@nocobase/plugin-ui-schema-storage/index.js","reqId":"8dd81cab-053f-4485-b235-d0157ce2fc5f","timestamp":"2024-02-20T13:41:51.263Z"}
{"level":"info","message":"END: GET /api/plugins/client/@nocobase/plugin-ui-schema-storage/index.js","req":{},"reqId":"8dd81cab-053f-4485-b235-d0157ce2fc5f","res":{"status":304},"responseTime":1,"timestamp":"2024-02-20T13:41:51.264Z"}
{"level":"info","message":"BEGIN: GET /api/plugins/client/@nocobase/plugin-ui-routes-storage/index.js","reqId":"5a371703-029f-46de-8f73-c949df675072","timestamp":"2024-02-20T13:41:51.277Z"}
{"level":"info","message":"END: GET /api/plugins/client/@nocobase/plugin-ui-routes-storage/index.js","req":{},"reqId":"5a371703-029f-46de-8f73-c949df675072","res":{"status":304},"responseTime":1,"timestamp":"2024-02-20T13:41:51.278Z"}
{"level":"info","message":"BEGIN: GET /api/plugins/client/@nocobase/plugin-acl/index.js","reqId":"15a5d490-2c48-4ddd-8287-6b5364c873f3","timestamp":"2024-02-20T13:41:51.357Z"}
{"level":"info","message":"END: GET /api/plugins/client/@nocobase/plugin-acl/index.js","req":{},"reqId":"15a5d490-2c48-4ddd-8287-6b5364c873f3","res":{"status":304},"responseTime":0,"timestamp":"2024-02-20T13:41:51.357Z"}
{"level":"info","message":"BEGIN: GET /api/plugins/client/@nocobase/plugin-china-region/index.js","reqId":"33f110b7-9e81-4091-be00-bde0795afe9b","timestamp":"2024-02-20T13:41:51.375Z"}
{"level":"info","message":"END: GET /api/plugins/client/@nocobase/plugin-china-region/index.js","req":{},"reqId":"33f110b7-9e81-4091-be00-bde0795afe9b","res":{"status":304},"responseTime":0,"timestamp":"2024-02-20T13:41:51.376Z"}
{"level":"info","message":"BEGIN: GET /api/plugins/client/@nocobase/plugin-client/index.js","reqId":"bdb2ef17-c8ea-48e6-9552-c36acc455db2","timestamp":"2024-02-20T13:41:51.399Z"}
{"level":"info","message":"END: GET /api/plugins/client/@nocobase/plugin-client/index.js","req":{},"reqId":"bdb2ef17-c8ea-48e6-9552-c36acc455db2","res":{"status":304},"responseTime":1,"timestamp":"2024-02-20T13:41:51.400Z"}
{"level":"info","message":"BEGIN: GET /api/plugins/client/@nocobase/plugin-import/index.js","reqId":"e0b9f2e0-1f4c-48b9-9dc9-5dbfbb3f863e","timestamp":"2024-02-20T13:41:51.414Z"}
{"level":"info","message":"END: GET /api/plugins/client/@nocobase/plugin-import/index.js","req":{},"reqId":"e0b9f2e0-1f4c-48b9-9dc9-5dbfbb3f863e","res":{"status":304},"responseTime":1,"timestamp":"2024-02-20T13:41:51.415Z"}
{"level":"info","message":"BEGIN: GET /api/plugins/client/@nocobase/plugin-multi-app-manager/index.js","reqId":"a3cf201b-6f04-402b-91fc-d5c8be150f2e","timestamp":"2024-02-20T13:41:51.501Z"}
{"level":"info","message":"END: GET /api/plugins/client/@nocobase/plugin-multi-app-manager/index.js","req":{},"reqId":"a3cf201b-6f04-402b-91fc-d5c8be150f2e","res":{"status":304},"responseTime":4,"timestamp":"2024-02-20T13:41:51.505Z"}
{"level":"info","message":"BEGIN: GET /api/plugins/client/@nocobase/plugin-workflow/index.js","reqId":"e85e629d-d3cc-4b81-aa17-5cac0f42a896","timestamp":"2024-02-20T13:41:51.521Z"}
{"level":"info","message":"END: GET /api/plugins/client/@nocobase/plugin-workflow/index.js","req":{},"reqId":"e85e629d-d3cc-4b81-aa17-5cac0f42a896","res":{"status":304},"responseTime":1,"timestamp":"2024-02-20T13:41:51.522Z"}
{"level":"info","message":"BEGIN: GET /api/plugins/client/@nocobase/plugin-graph-collection-manager/index.js","reqId":"b104d445-6313-4314-8ea5-8b6808d52f06","timestamp":"2024-02-20T13:41:51.541Z"}
{"level":"info","message":"END: GET /api/plugins/client/@nocobase/plugin-graph-collection-manager/index.js","req":{},"reqId":"b104d445-6313-4314-8ea5-8b6808d52f06","res":{"status":304},"responseTime":1,"timestamp":"2024-02-20T13:41:51.542Z"}
{"level":"info","message":"BEGIN: GET /api/plugins/client/@nocobase/plugin-data-visualization/index.js","reqId":"79b298f8-b474-4a42-b3d6-fdc72727e898","timestamp":"2024-02-20T13:41:51.561Z"}
{"level":"info","message":"END: GET /api/plugins/client/@nocobase/plugin-data-visualization/index.js","req":{},"reqId":"79b298f8-b474-4a42-b3d6-fdc72727e898","res":{"status":304},"responseTime":1,"timestamp":"2024-02-20T13:41:51.562Z"}
{"level":"info","message":"BEGIN: GET /api/auth:check","reqId":"fbad61c7-43b3-4c3a-ab06-a59ec4054805","timestamp":"2024-02-20T13:41:51.862Z"}
{"can":null,"level":"info","message":"ctx permission","reqId":"fbad61c7-43b3-4c3a-ab06-a59ec4054805","skip":true,"timestamp":"2024-02-20T13:41:51.885Z"}
{"level":"info","message":"acl params","reqId":"fbad61c7-43b3-4c3a-ab06-a59ec4054805","timestamp":"2024-02-20T13:41:51.886Z"}
{"level":"info","message":"acl parsedParams","reqId":"fbad61c7-43b3-4c3a-ab06-a59ec4054805","timestamp":"2024-02-20T13:41:51.886Z"}
{"level":"info","message":"END: GET /api/auth:check","req":{"action":{"actionName":"check","params":{"actionName":"check","resourceName":"auth"},"resourceName":"auth"},"header":{"x-hostname":"cmreport.dsti.gov.sl","x-locale":"en-US","x-timezone":"-00:00"}},"reqId":"fbad61c7-43b3-4c3a-ab06-a59ec4054805","res":{"status":200},"responseTime":26,"timestamp":"2024-02-20T13:41:51.888Z"}
{"level":"info","message":"BEGIN: GET /api/uiSchemaTemplates:list?appends%5B%5D=collection&paginate=false","reqId":"9bdf9cb9-f022-4b8e-930d-aa4ecca7a90d","timestamp":"2024-02-20T13:41:52.061Z"}
{"can":null,"level":"info","message":"ctx permission","reqId":"9bdf9cb9-f022-4b8e-930d-aa4ecca7a90d","timestamp":"2024-02-20T13:41:52.069Z"}
{"level":"error","message":"No permissions","reqId":"9bdf9cb9-f022-4b8e-930d-aa4ecca7a90d","stack":"ForbiddenError: No permissions\n    at Object.throw (/root/my-nocobase-app/node_modules/koa/lib/context.js:97:11)\n    at /root/my-nocobase-app/node_modules/@nocobase/acl/lib/acl.js:358:20\n    at Generator.next (<anonymous>)\n    at asyncGeneratorStep (/root/my-nocobase-app/node_modules/@nocobase/acl/lib/acl.js:42:103)\n    at _next (/root/my-nocobase-app/node_modules/@nocobase/acl/lib/acl.js:43:194)\n    at /root/my-nocobase-app/node_modules/@nocobase/acl/lib/acl.js:43:364\n    at new Promise (<anonymous>)\n    at /root/my-nocobase-app/node_modules/@nocobase/acl/lib/acl.js:43:97\n    at /root/my-nocobase-app/node_modules/@nocobase/acl/lib/acl.js:386:22\n    at dispatch (/root/my-nocobase-app/node_modules/koa-compose/index.js:42:32)","timestamp":"2024-02-20T13:41:52.070Z"}
{"errors":[{"message":"No permissions"}],"level":"warn","message":"END: GET /api/uiSchemaTemplates:list?appends%5B%5D=collection&paginate=false","req":{"action":{"actionName":"list","params":{"actionName":"list","appends":["collection"],"paginate":"false","resourceName":"uiSchemaTemplates"},"resourceName":"uiSchemaTemplates"},"header":{"x-hostname":"cmreport.dsti.gov.sl","x-locale":"en-US","x-timezone":"-00:00"}},"reqId":"9bdf9cb9-f022-4b8e-930d-aa4ecca7a90d","res":{"status":403},"responseTime":10,"timestamp":"2024-02-20T13:41:52.071Z"}
{"level":"info","message":"BEGIN: GET /api/systemSettings:get/1?appends=logo","reqId":"9538bfd0-1080-4685-a039-7e95764d896e","timestamp":"2024-02-20T13:41:52.670Z"}
{"can":null,"level":"info","message":"ctx permission","reqId":"9538bfd0-1080-4685-a039-7e95764d896e","skip":true,"timestamp":"2024-02-20T13:41:52.673Z"}
{"level":"info","message":"acl params","reqId":"9538bfd0-1080-4685-a039-7e95764d896e","timestamp":"2024-02-20T13:41:52.673Z"}
{"level":"info","message":"acl parsedParams","reqId":"9538bfd0-1080-4685-a039-7e95764d896e","timestamp":"2024-02-20T13:41:52.673Z"}
{"level":"info","message":"END: GET /api/systemSettings:get/1?appends=logo","req":{"action":{"actionName":"get","params":{"actionName":"get","appends":["logo"],"filterByTk":"1","resourceIndex":"1","resourceName":"systemSettings"},"resourceName":"systemSettings"},"header":{"x-hostname":"cmreport.dsti.gov.sl","x-locale":"en-US","x-timezone":"-00:00"}},"reqId":"9538bfd0-1080-4685-a039-7e95764d896e","res":{"status":200},"responseTime":22,"timestamp":"2024-02-20T13:41:52.692Z"}
{"level":"info","message":"BEGIN: GET /api/app:getInfo","reqId":"f460d45b-11cd-4282-b78e-adb641f4758d","timestamp":"2024-02-20T13:41:52.863Z"}
{"can":null,"level":"info","message":"ctx permission","reqId":"f460d45b-11cd-4282-b78e-adb641f4758d","skip":true,"timestamp":"2024-02-20T13:41:52.867Z"}
{"level":"info","message":"acl params","reqId":"f460d45b-11cd-4282-b78e-adb641f4758d","timestamp":"2024-02-20T13:41:52.867Z"}
{"level":"info","message":"acl parsedParams","reqId":"f460d45b-11cd-4282-b78e-adb641f4758d","timestamp":"2024-02-20T13:41:52.867Z"}
{"level":"info","message":"END: GET /api/app:getInfo","req":{"action":{"actionName":"getInfo","params":{"actionName":"getInfo","resourceName":"app"},"resourceName":"app"},"header":{"x-hostname":"cmreport.dsti.gov.sl","x-locale":"en-US","x-timezone":"-00:00"}},"reqId":"f460d45b-11cd-4282-b78e-adb641f4758d","res":{"status":200},"responseTime":16,"timestamp":"2024-02-20T13:41:52.879Z"}
{"level":"info","message":"BEGIN: GET /api/themeConfig:list?sort=id&paginate=false","reqId":"519bd480-0d87-4083-b227-54805b4fb2de","timestamp":"2024-02-20T13:41:53.050Z"}
{"can":null,"level":"info","message":"ctx permission","reqId":"519bd480-0d87-4083-b227-54805b4fb2de","timestamp":"2024-02-20T13:41:53.053Z"}
{"level":"error","message":"No permissions","reqId":"519bd480-0d87-4083-b227-54805b4fb2de","stack":"ForbiddenError: No permissions\n    at Object.throw (/root/my-nocobase-app/node_modules/koa/lib/context.js:97:11)\n    at /root/my-nocobase-app/node_modules/@nocobase/acl/lib/acl.js:358:20\n    at Generator.next (<anonymous>)\n    at asyncGeneratorStep (/root/my-nocobase-app/node_modules/@nocobase/acl/lib/acl.js:42:103)\n    at _next (/root/my-nocobase-app/node_modules/@nocobase/acl/lib/acl.js:43:194)\n    at /root/my-nocobase-app/node_modules/@nocobase/acl/lib/acl.js:43:364\n    at new Promise (<anonymous>)\n    at /root/my-nocobase-app/node_modules/@nocobase/acl/lib/acl.js:43:97\n    at /root/my-nocobase-app/node_modules/@nocobase/acl/lib/acl.js:386:22\n    at dispatch (/root/my-nocobase-app/node_modules/koa-compose/index.js:42:32)","timestamp":"2024-02-20T13:41:53.054Z"}
{"errors":[{"message":"No permissions"}],"level":"warn","message":"END: GET /api/themeConfig:list?sort=id&paginate=false","req":{"action":{"actionName":"list","params":{"actionName":"list","paginate":"false","resourceName":"themeConfig","sort":["id"]},"resourceName":"themeConfig"},"header":{"x-hostname":"cmreport.dsti.gov.sl","x-locale":"en-US","x-timezone":"-00:00"}},"reqId":"519bd480-0d87-4083-b227-54805b4fb2de","res":{"status":403},"responseTime":4,"timestamp":"2024-02-20T13:41:53.054Z"}
{"level":"info","message":"BEGIN: GET /api/app:getInfo","reqId":"1ec423d0-01d1-4fc6-bca3-c8adb4a752db","timestamp":"2024-02-20T13:41:53.231Z"}
{"can":null,"level":"info","message":"ctx permission","reqId":"1ec423d0-01d1-4fc6-bca3-c8adb4a752db","skip":true,"timestamp":"2024-02-20T13:41:53.234Z"}
{"level":"info","message":"acl params","reqId":"1ec423d0-01d1-4fc6-bca3-c8adb4a752db","timestamp":"2024-02-20T13:41:53.238Z"}
{"level":"info","message":"acl parsedParams","reqId":"1ec423d0-01d1-4fc6-bca3-c8adb4a752db","timestamp":"2024-02-20T13:41:53.238Z"}
{"level":"info","message":"END: GET /api/app:getInfo","req":{"action":{"actionName":"getInfo","params":{"actionName":"getInfo","resourceName":"app"},"resourceName":"app"},"header":{"x-hostname":"cmreport.dsti.gov.sl","x-locale":"en-US","x-timezone":"-00:00"}},"reqId":"1ec423d0-01d1-4fc6-bca3-c8adb4a752db","res":{"status":200},"responseTime":14,"timestamp":"2024-02-20T13:41:53.245Z"}
{"level":"info","message":"BEGIN: POST /api/authenticators:publicList","reqId":"9a005218-5535-4966-87c6-6b35885e5420","timestamp":"2024-02-20T13:41:53.406Z"}
{"can":null,"level":"info","message":"ctx permission","reqId":"9a005218-5535-4966-87c6-6b35885e5420","skip":true,"timestamp":"2024-02-20T13:41:53.409Z"}
{"level":"info","message":"acl params","reqId":"9a005218-5535-4966-87c6-6b35885e5420","timestamp":"2024-02-20T13:41:53.411Z"}
{"level":"info","message":"acl parsedParams","reqId":"9a005218-5535-4966-87c6-6b35885e5420","timestamp":"2024-02-20T13:41:53.411Z"}
{"level":"info","message":"END: POST /api/authenticators:publicList","req":{"action":{"actionName":"publicList","params":{"actionName":"publicList","resourceName":"authenticators"},"resourceName":"authenticators"},"header":{"x-hostname":"cmreport.dsti.gov.sl","x-locale":"en-US","x-timezone":"-00:00"}},"reqId":"9a005218-5535-4966-87c6-6b35885e5420","res":{"status":200},"responseTime":14,"timestamp":"2024-02-20T13:41:53.421Z"}
