{"level":"info","message":"BEGIN: GET /api/app:getLang?locale=en-US","reqId":"5e01e0cb-8313-4999-a4b2-2deea76c0ca5","timestamp":"2024-02-29T15:51:03.569Z"}
{"can":null,"level":"info","message":"ctx permission","reqId":"5e01e0cb-8313-4999-a4b2-2deea76c0ca5","skip":true,"timestamp":"2024-02-29T15:51:03.644Z"}
{"level":"info","message":"acl params","reqId":"5e01e0cb-8313-4999-a4b2-2deea76c0ca5","timestamp":"2024-02-29T15:51:03.645Z"}
{"level":"info","message":"acl parsedParams","reqId":"5e01e0cb-8313-4999-a4b2-2deea76c0ca5","timestamp":"2024-02-29T15:51:03.645Z"}
{"level":"info","message":"END: GET /api/app:getLang?locale=en-US","req":{"action":{"actionName":"getLang","params":{"actionName":"getLang","locale":"en-US","resourceName":"app"},"resourceName":"app"},"header":{"x-hostname":"cmreport.dsti.gov.sl","x-locale":"en-US","x-role":"root","x-timezone":"-00:00"}},"reqId":"5e01e0cb-8313-4999-a4b2-2deea76c0ca5","res":{"status":200},"responseTime":156,"timestamp":"2024-02-29T15:51:03.725Z"}
{"level":"info","message":"BEGIN: GET /api/app:getPlugins","reqId":"b5cd56f8-8b48-487a-98af-82c3e84ad828","timestamp":"2024-02-29T15:51:04.055Z"}
{"can":null,"level":"info","message":"ctx permission","reqId":"b5cd56f8-8b48-487a-98af-82c3e84ad828","skip":true,"timestamp":"2024-02-29T15:51:04.288Z"}
{"level":"info","message":"acl params","reqId":"b5cd56f8-8b48-487a-98af-82c3e84ad828","timestamp":"2024-02-29T15:51:04.301Z"}
{"level":"info","message":"acl parsedParams","reqId":"b5cd56f8-8b48-487a-98af-82c3e84ad828","timestamp":"2024-02-29T15:51:04.302Z"}
{"level":"info","message":"END: GET /api/app:getPlugins","req":{"action":{"actionName":"getPlugins","params":{"actionName":"getPlugins","resourceName":"app"},"resourceName":"app"},"header":{"x-hostname":"cmreport.dsti.gov.sl","x-locale":"en-US","x-role":"root","x-timezone":"-00:00"}},"reqId":"b5cd56f8-8b48-487a-98af-82c3e84ad828","res":{"status":200},"responseTime":303,"timestamp":"2024-02-29T15:51:04.358Z"}
{"level":"info","message":"BEGIN: GET /api/plugins/client/@nocobase/plugin-file-manager/index.js","reqId":"090925d6-2dd1-4719-82df-a8d82339aeaf","timestamp":"2024-02-29T15:51:04.544Z"}
{"level":"info","message":"BEGIN: GET /api/plugins/client/@nocobase/plugin-error-handler/index.js","reqId":"cadc6429-1eb9-432d-b0a5-b46c68262ad7","timestamp":"2024-02-29T15:51:04.551Z"}
{"level":"info","message":"END: GET /api/plugins/client/@nocobase/plugin-file-manager/index.js","req":{},"reqId":"090925d6-2dd1-4719-82df-a8d82339aeaf","res":{"status":200},"responseTime":22,"timestamp":"2024-02-29T15:51:04.554Z"}
{"level":"info","message":"END: GET /api/plugins/client/@nocobase/plugin-error-handler/index.js","req":{},"reqId":"cadc6429-1eb9-432d-b0a5-b46c68262ad7","res":{"status":304},"responseTime":18,"timestamp":"2024-02-29T15:51:04.569Z"}
{"level":"info","message":"BEGIN: GET /api/plugins/client/@nocobase/plugin-collection-manager/index.js","reqId":"d20f419a-0c23-4bd3-959e-6ceaa105f03b","timestamp":"2024-02-29T15:51:04.570Z"}
{"level":"info","message":"END: GET /api/plugins/client/@nocobase/plugin-collection-manager/index.js","req":{},"reqId":"d20f419a-0c23-4bd3-959e-6ceaa105f03b","res":{"status":304},"responseTime":2,"timestamp":"2024-02-29T15:51:04.572Z"}
{"level":"info","message":"BEGIN: GET /api/plugins/client/@nocobase/plugin-ui-schema-storage/index.js","reqId":"eef3506f-e971-4788-b785-6c7730e6544f","timestamp":"2024-02-29T15:51:04.701Z"}
{"level":"info","message":"END: GET /api/plugins/client/@nocobase/plugin-ui-schema-storage/index.js","req":{},"reqId":"eef3506f-e971-4788-b785-6c7730e6544f","res":{"status":304},"responseTime":3,"timestamp":"2024-02-29T15:51:04.704Z"}
{"level":"info","message":"BEGIN: GET /api/plugins/client/@nocobase/plugin-ui-routes-storage/index.js","reqId":"963722ee-d0da-427a-92bc-9bd6e149430d","timestamp":"2024-02-29T15:51:04.709Z"}
{"level":"info","message":"END: GET /api/plugins/client/@nocobase/plugin-ui-routes-storage/index.js","req":{},"reqId":"963722ee-d0da-427a-92bc-9bd6e149430d","res":{"status":304},"responseTime":3,"timestamp":"2024-02-29T15:51:04.712Z"}
{"level":"info","message":"BEGIN: GET /api/plugins/client/@nocobase/plugin-system-settings/index.js","reqId":"6fa5b1e5-f427-4720-9270-820e4ecc9710","timestamp":"2024-02-29T15:51:04.722Z"}
{"level":"info","message":"END: GET /api/plugins/client/@nocobase/plugin-system-settings/index.js","req":{},"reqId":"6fa5b1e5-f427-4720-9270-820e4ecc9710","res":{"status":304},"responseTime":2,"timestamp":"2024-02-29T15:51:04.725Z"}
{"level":"info","message":"BEGIN: GET /api/plugins/client/@nocobase/plugin-sequence-field/index.js","reqId":"090a4005-9470-41a8-8167-a99f5352366f","timestamp":"2024-02-29T15:51:04.789Z"}
{"level":"info","message":"BEGIN: GET /api/plugins/client/@nocobase/plugin-verification/index.js","reqId":"bb42b9c5-ead3-4770-8edc-732fba7e0086","timestamp":"2024-02-29T15:51:04.790Z"}
{"level":"info","message":"END: GET /api/plugins/client/@nocobase/plugin-sequence-field/index.js","req":{},"reqId":"090a4005-9470-41a8-8167-a99f5352366f","res":{"status":200},"responseTime":3,"timestamp":"2024-02-29T15:51:04.792Z"}
{"level":"info","message":"END: GET /api/plugins/client/@nocobase/plugin-verification/index.js","req":{},"reqId":"bb42b9c5-ead3-4770-8edc-732fba7e0086","res":{"status":200},"responseTime":3,"timestamp":"2024-02-29T15:51:04.793Z"}
{"level":"info","message":"BEGIN: GET /api/plugins/client/@nocobase/plugin-acl/index.js","reqId":"0a34143a-ef7e-4c63-be27-e8f329ac724e","timestamp":"2024-02-29T15:51:04.805Z"}
{"level":"info","message":"END: GET /api/plugins/client/@nocobase/plugin-acl/index.js","req":{},"reqId":"0a34143a-ef7e-4c63-be27-e8f329ac724e","res":{"status":304},"responseTime":1,"timestamp":"2024-02-29T15:51:04.806Z"}
{"level":"info","message":"BEGIN: GET /api/plugins/client/@nocobase/plugin-china-region/index.js","reqId":"70ac4933-3f55-4cb4-8060-9f95de95f293","timestamp":"2024-02-29T15:51:04.831Z"}
{"level":"info","message":"END: GET /api/plugins/client/@nocobase/plugin-china-region/index.js","req":{},"reqId":"70ac4933-3f55-4cb4-8060-9f95de95f293","res":{"status":304},"responseTime":6,"timestamp":"2024-02-29T15:51:04.837Z"}
{"level":"info","message":"BEGIN: GET /api/plugins/client/@nocobase/plugin-workflow/index.js","reqId":"5165b4f1-294a-4524-9e12-4f9491e3accb","timestamp":"2024-02-29T15:51:04.853Z"}
{"level":"info","message":"BEGIN: GET /api/plugins/client/@nocobase/plugin-client/index.js","reqId":"7845c824-2f91-4630-8d93-4efa59fa1af6","timestamp":"2024-02-29T15:51:04.856Z"}
{"level":"info","message":"END: GET /api/plugins/client/@nocobase/plugin-client/index.js","req":{},"reqId":"7845c824-2f91-4630-8d93-4efa59fa1af6","res":{"status":304},"responseTime":5,"timestamp":"2024-02-29T15:51:04.861Z"}
{"level":"info","message":"END: GET /api/plugins/client/@nocobase/plugin-workflow/index.js","req":{},"reqId":"5165b4f1-294a-4524-9e12-4f9491e3accb","res":{"status":200},"responseTime":10,"timestamp":"2024-02-29T15:51:04.863Z"}
{"level":"info","message":"BEGIN: GET /api/plugins/client/@nocobase/plugin-import/index.js","reqId":"77100af9-ffbb-4b8d-9d9b-15af83b2a3a9","timestamp":"2024-02-29T15:51:04.957Z"}
{"level":"info","message":"BEGIN: GET /api/plugins/client/@nocobase/plugin-audit-logs/index.js","reqId":"924b9b0c-6dc9-45c8-9700-1f1c281e58b1","timestamp":"2024-02-29T15:51:04.963Z"}
{"level":"info","message":"BEGIN: GET /api/plugins/client/@nocobase/plugin-export/index.js","reqId":"6b1418a1-77d3-41a1-9d64-8acea830d9e1","timestamp":"2024-02-29T15:51:04.964Z"}
{"level":"info","message":"END: GET /api/plugins/client/@nocobase/plugin-import/index.js","req":{},"reqId":"77100af9-ffbb-4b8d-9d9b-15af83b2a3a9","res":{"status":200},"responseTime":9,"timestamp":"2024-02-29T15:51:04.966Z"}
{"level":"info","message":"END: GET /api/plugins/client/@nocobase/plugin-audit-logs/index.js","req":{},"reqId":"924b9b0c-6dc9-45c8-9700-1f1c281e58b1","res":{"status":200},"responseTime":4,"timestamp":"2024-02-29T15:51:04.967Z"}
{"level":"info","message":"END: GET /api/plugins/client/@nocobase/plugin-export/index.js","req":{},"reqId":"6b1418a1-77d3-41a1-9d64-8acea830d9e1","res":{"status":200},"responseTime":4,"timestamp":"2024-02-29T15:51:04.968Z"}
{"level":"info","message":"BEGIN: GET /api/plugins/client/@nocobase/plugin-duplicator/index.js","reqId":"ecb39918-9541-4f80-b459-33133d91b4cc","timestamp":"2024-02-29T15:51:04.977Z"}
{"level":"info","message":"END: GET /api/plugins/client/@nocobase/plugin-duplicator/index.js","req":{},"reqId":"ecb39918-9541-4f80-b459-33133d91b4cc","res":{"status":304},"responseTime":5,"timestamp":"2024-02-29T15:51:04.982Z"}
{"level":"info","message":"BEGIN: GET /api/plugins/client/@nocobase/plugin-iframe-block/index.js","reqId":"41d344fd-0d47-4794-9073-3bb45a51515d","timestamp":"2024-02-29T15:51:05.001Z"}
{"level":"info","message":"END: GET /api/plugins/client/@nocobase/plugin-iframe-block/index.js","req":{},"reqId":"41d344fd-0d47-4794-9073-3bb45a51515d","res":{"status":200},"responseTime":9,"timestamp":"2024-02-29T15:51:05.010Z"}
{"level":"info","message":"BEGIN: GET /api/plugins/client/@nocobase/plugin-charts/index.js","reqId":"0772d176-c2fc-4c6b-abe3-557e609d2c5b","timestamp":"2024-02-29T15:51:05.109Z"}
{"level":"info","message":"BEGIN: GET /api/plugins/client/@nocobase/plugin-formula-field/index.js","reqId":"3977137c-204a-4096-9154-2c7078a6feac","timestamp":"2024-02-29T15:51:05.110Z"}
{"level":"info","message":"BEGIN: GET /api/plugins/client/@nocobase/plugin-auth/index.js","reqId":"394fe3ef-aa23-40c0-a5e8-fe35c3e796ed","timestamp":"2024-02-29T15:51:05.120Z"}
{"level":"info","message":"BEGIN: GET /api/plugins/client/@nocobase/plugin-data-visualization/index.js","reqId":"e44a4237-e2c2-4fa3-ac08-38585acb418d","timestamp":"2024-02-29T15:51:05.121Z"}
{"level":"info","message":"END: GET /api/plugins/client/@nocobase/plugin-formula-field/index.js","req":{},"reqId":"3977137c-204a-4096-9154-2c7078a6feac","res":{"status":200},"responseTime":15,"timestamp":"2024-02-29T15:51:05.125Z"}
{"level":"info","message":"END: GET /api/plugins/client/@nocobase/plugin-charts/index.js","req":{},"reqId":"0772d176-c2fc-4c6b-abe3-557e609d2c5b","res":{"status":200},"responseTime":17,"timestamp":"2024-02-29T15:51:05.126Z"}
{"level":"info","message":"END: GET /api/plugins/client/@nocobase/plugin-auth/index.js","req":{},"reqId":"394fe3ef-aa23-40c0-a5e8-fe35c3e796ed","res":{"status":200},"responseTime":13,"timestamp":"2024-02-29T15:51:05.134Z"}
{"level":"info","message":"END: GET /api/plugins/client/@nocobase/plugin-data-visualization/index.js","req":{},"reqId":"e44a4237-e2c2-4fa3-ac08-38585acb418d","res":{"status":200},"responseTime":28,"timestamp":"2024-02-29T15:51:05.149Z"}
{"level":"info","message":"BEGIN: GET /api/plugins/client/@nocobase/plugin-sms-auth/index.js","reqId":"72cdbd5f-bf5b-4041-acea-660ccc1c6f5a","timestamp":"2024-02-29T15:51:05.173Z"}
{"level":"info","message":"BEGIN: GET /api/plugins/client/@nocobase/plugin-multi-app-manager/index.js","reqId":"d9f839d5-6de0-485a-a4d9-b20a89dbd948","timestamp":"2024-02-29T15:51:05.174Z"}
{"level":"info","message":"END: GET /api/plugins/client/@nocobase/plugin-sms-auth/index.js","req":{},"reqId":"72cdbd5f-bf5b-4041-acea-660ccc1c6f5a","res":{"status":304},"responseTime":2,"timestamp":"2024-02-29T15:51:05.175Z"}
{"level":"info","message":"END: GET /api/plugins/client/@nocobase/plugin-multi-app-manager/index.js","req":{},"reqId":"d9f839d5-6de0-485a-a4d9-b20a89dbd948","res":{"status":200},"responseTime":39,"timestamp":"2024-02-29T15:51:05.213Z"}
{"level":"info","message":"BEGIN: GET /api/plugins/client/@nocobase/plugin-map/index.js","reqId":"2e91921f-c9f3-4844-9008-e0f1d79c74a5","timestamp":"2024-02-29T15:51:05.273Z"}
{"level":"info","message":"END: GET /api/plugins/client/@nocobase/plugin-map/index.js","req":{},"reqId":"2e91921f-c9f3-4844-9008-e0f1d79c74a5","res":{"status":200},"responseTime":18,"timestamp":"2024-02-29T15:51:05.291Z"}
{"level":"info","message":"BEGIN: GET /api/plugins/client/@nocobase/plugin-graph-collection-manager/index.js","reqId":"756acf42-f01f-49f7-8366-18f1362aff5d","timestamp":"2024-02-29T15:51:05.303Z"}
{"level":"info","message":"BEGIN: GET /api/plugins/client/@nocobase/plugin-snapshot-field/index.js","reqId":"c734134f-a189-4377-8f3a-cfebcba6e18f","timestamp":"2024-02-29T15:51:05.309Z"}
{"level":"info","message":"END: GET /api/plugins/client/@nocobase/plugin-graph-collection-manager/index.js","req":{},"reqId":"756acf42-f01f-49f7-8366-18f1362aff5d","res":{"status":200},"responseTime":10,"timestamp":"2024-02-29T15:51:05.313Z"}
{"level":"info","message":"END: GET /api/plugins/client/@nocobase/plugin-snapshot-field/index.js","req":{},"reqId":"c734134f-a189-4377-8f3a-cfebcba6e18f","res":{"status":200},"responseTime":18,"timestamp":"2024-02-29T15:51:05.327Z"}
{"level":"info","message":"BEGIN: GET /api/plugins/client/@nocobase/plugin-mobile-client/index.js","reqId":"f325942b-e5ba-4b60-8096-fee8660eefea","timestamp":"2024-02-29T15:51:05.354Z"}
{"level":"info","message":"BEGIN: GET /api/plugins/client/@nocobase/plugin-api-keys/index.js","reqId":"54175e78-fee8-4490-9f61-ee239deb3139","timestamp":"2024-02-29T15:51:05.361Z"}
{"level":"info","message":"END: GET /api/plugins/client/@nocobase/plugin-mobile-client/index.js","req":{},"reqId":"f325942b-e5ba-4b60-8096-fee8660eefea","res":{"status":200},"responseTime":24,"timestamp":"2024-02-29T15:51:05.378Z"}
{"level":"info","message":"END: GET /api/plugins/client/@nocobase/plugin-api-keys/index.js","req":{},"reqId":"54175e78-fee8-4490-9f61-ee239deb3139","res":{"status":200},"responseTime":19,"timestamp":"2024-02-29T15:51:05.380Z"}
{"level":"info","message":"BEGIN: GET /api/plugins/client/@nocobase/plugin-theme-editor/index.js","reqId":"0c23e91e-986c-40c5-969c-993ead6ae56f","timestamp":"2024-02-29T15:51:05.465Z"}
{"level":"info","message":"END: GET /api/plugins/client/@nocobase/plugin-theme-editor/index.js","req":{},"reqId":"0c23e91e-986c-40c5-969c-993ead6ae56f","res":{"status":200},"responseTime":2,"timestamp":"2024-02-29T15:51:05.467Z"}
{"level":"info","message":"BEGIN: GET /api/auth:check","reqId":"54dfb6c3-7b76-488a-a47a-4853bbfebbd6","timestamp":"2024-02-29T15:51:07.325Z"}
{"can":null,"level":"info","message":"ctx permission","reqId":"54dfb6c3-7b76-488a-a47a-4853bbfebbd6","skip":true,"timestamp":"2024-02-29T15:51:07.427Z"}
{"level":"info","message":"acl params","reqId":"54dfb6c3-7b76-488a-a47a-4853bbfebbd6","timestamp":"2024-02-29T15:51:07.428Z"}
{"level":"info","message":"acl parsedParams","reqId":"54dfb6c3-7b76-488a-a47a-4853bbfebbd6","timestamp":"2024-02-29T15:51:07.441Z"}
{"level":"info","message":"END: GET /api/auth:check","req":{"action":{"actionName":"check","params":{"actionName":"check","resourceName":"auth"},"resourceName":"auth"},"header":{"x-hostname":"cmreport.dsti.gov.sl","x-locale":"en-US","x-role":"root","x-timezone":"-00:00"}},"reqId":"54dfb6c3-7b76-488a-a47a-4853bbfebbd6","res":{"status":200},"responseTime":117,"timestamp":"2024-02-29T15:51:07.442Z"}
{"level":"info","message":"BEGIN: GET /api/uiSchemaTemplates:list?appends%5B%5D=collection&paginate=false","reqId":"0c8840ed-bd77-411d-a764-89293e702c85","timestamp":"2024-02-29T15:51:07.621Z"}
{"can":{"action":"list","resource":"uiSchemaTemplates","role":"root"},"level":"info","message":"ctx permission","reqId":"0c8840ed-bd77-411d-a764-89293e702c85","skip":true,"timestamp":"2024-02-29T15:51:07.638Z"}
{"level":"info","message":"acl params","reqId":"0c8840ed-bd77-411d-a764-89293e702c85","timestamp":"2024-02-29T15:51:07.639Z"}
{"level":"info","message":"acl parsedParams","reqId":"0c8840ed-bd77-411d-a764-89293e702c85","timestamp":"2024-02-29T15:51:07.639Z"}
{"level":"info","message":"END: GET /api/uiSchemaTemplates:list?appends%5B%5D=collection&paginate=false","req":{"action":{"actionName":"list","params":{"actionName":"list","appends":["collection"],"paginate":"false","resourceName":"uiSchemaTemplates"},"resourceName":"uiSchemaTemplates"},"header":{"x-hostname":"cmreport.dsti.gov.sl","x-locale":"en-US","x-role":"root","x-timezone":"-00:00"}},"reqId":"0c8840ed-bd77-411d-a764-89293e702c85","res":{"status":200},"responseTime":50,"timestamp":"2024-02-29T15:51:07.671Z"}
{"level":"info","message":"BEGIN: GET /api/systemSettings:get/1?appends=logo","reqId":"5f67fe1b-ec78-4636-8a6f-988c7c2f3cef","timestamp":"2024-02-29T15:51:07.812Z"}
{"can":null,"level":"info","message":"ctx permission","reqId":"5f67fe1b-ec78-4636-8a6f-988c7c2f3cef","skip":true,"timestamp":"2024-02-29T15:51:07.857Z"}
{"level":"info","message":"acl params","reqId":"5f67fe1b-ec78-4636-8a6f-988c7c2f3cef","timestamp":"2024-02-29T15:51:07.858Z"}
{"level":"info","message":"acl parsedParams","reqId":"5f67fe1b-ec78-4636-8a6f-988c7c2f3cef","timestamp":"2024-02-29T15:51:07.858Z"}
{"level":"info","message":"END: GET /api/systemSettings:get/1?appends=logo","req":{"action":{"actionName":"get","params":{"actionName":"get","appends":["logo"],"filterByTk":"1","resourceIndex":"1","resourceName":"systemSettings"},"resourceName":"systemSettings"},"header":{"x-hostname":"cmreport.dsti.gov.sl","x-locale":"en-US","x-role":"root","x-timezone":"-00:00"}},"reqId":"5f67fe1b-ec78-4636-8a6f-988c7c2f3cef","res":{"status":200},"responseTime":74,"timestamp":"2024-02-29T15:51:07.886Z"}
{"level":"info","message":"BEGIN: GET /api/app:getInfo","reqId":"5e922925-8f07-461b-9b30-c2a0f12c7bf3","timestamp":"2024-02-29T15:51:08.059Z"}
{"can":null,"level":"info","message":"ctx permission","reqId":"5e922925-8f07-461b-9b30-c2a0f12c7bf3","skip":true,"timestamp":"2024-02-29T15:51:08.087Z"}
{"level":"info","message":"acl params","reqId":"5e922925-8f07-461b-9b30-c2a0f12c7bf3","timestamp":"2024-02-29T15:51:08.087Z"}
{"level":"info","message":"acl parsedParams","reqId":"5e922925-8f07-461b-9b30-c2a0f12c7bf3","timestamp":"2024-02-29T15:51:08.087Z"}
{"level":"info","message":"BEGIN: POST /api/chartsQueries:listMetadata?paginate=false&sort%5B%5D=-id","reqId":"4d8e9b95-3fe1-470d-a331-87c2dc2faa26","timestamp":"2024-02-29T15:51:08.104Z"}
{"level":"info","message":"END: GET /api/app:getInfo","req":{"action":{"actionName":"getInfo","params":{"actionName":"getInfo","resourceName":"app"},"resourceName":"app"},"header":{"x-hostname":"cmreport.dsti.gov.sl","x-locale":"en-US","x-role":"root","x-timezone":"-00:00"}},"reqId":"5e922925-8f07-461b-9b30-c2a0f12c7bf3","res":{"status":200},"responseTime":59,"timestamp":"2024-02-29T15:51:08.118Z"}
{"can":{"action":"listMetadata","resource":"chartsQueries","role":"root"},"level":"info","message":"ctx permission","reqId":"4d8e9b95-3fe1-470d-a331-87c2dc2faa26","skip":true,"timestamp":"2024-02-29T15:51:08.134Z"}
{"level":"info","message":"acl params","reqId":"4d8e9b95-3fe1-470d-a331-87c2dc2faa26","timestamp":"2024-02-29T15:51:08.134Z"}
{"level":"info","message":"acl parsedParams","reqId":"4d8e9b95-3fe1-470d-a331-87c2dc2faa26","timestamp":"2024-02-29T15:51:08.134Z"}
{"level":"info","message":"END: POST /api/chartsQueries:listMetadata?paginate=false&sort%5B%5D=-id","req":{"action":{"actionName":"listMetadata","params":{"actionName":"listMetadata","paginate":"false","resourceName":"chartsQueries","sort":["-id"]},"resourceName":"chartsQueries"},"header":{"x-hostname":"cmreport.dsti.gov.sl","x-locale":"en-US","x-role":"root","x-timezone":"-00:00"}},"reqId":"4d8e9b95-3fe1-470d-a331-87c2dc2faa26","res":{"status":200},"responseTime":42,"timestamp":"2024-02-29T15:51:08.146Z"}
{"level":"info","message":"BEGIN: GET /api/app:getInfo","reqId":"d463a51e-974d-433f-8a0b-a116866aae4a","timestamp":"2024-02-29T15:51:08.274Z"}
{"can":null,"level":"info","message":"ctx permission","reqId":"d463a51e-974d-433f-8a0b-a116866aae4a","skip":true,"timestamp":"2024-02-29T15:51:08.292Z"}
{"level":"info","message":"acl params","reqId":"d463a51e-974d-433f-8a0b-a116866aae4a","timestamp":"2024-02-29T15:51:08.292Z"}
{"level":"info","message":"acl parsedParams","reqId":"d463a51e-974d-433f-8a0b-a116866aae4a","timestamp":"2024-02-29T15:51:08.292Z"}
{"level":"info","message":"END: GET /api/app:getInfo","req":{"action":{"actionName":"getInfo","params":{"actionName":"getInfo","resourceName":"app"},"resourceName":"app"},"header":{"x-hostname":"cmreport.dsti.gov.sl","x-locale":"en-US","x-role":"root","x-timezone":"-00:00"}},"reqId":"d463a51e-974d-433f-8a0b-a116866aae4a","res":{"status":200},"responseTime":25,"timestamp":"2024-02-29T15:51:08.299Z"}
{"level":"info","message":"BEGIN: GET /api/app:getInfo","reqId":"142b0578-e59e-4f6d-8d54-7800fb30719f","timestamp":"2024-02-29T15:51:08.473Z"}
{"level":"info","message":"BEGIN: GET /api/collectionsHistory:list?paginate=false&appends%5B%5D=fields&sort%5B%5D=sort&filter=%7B%7D","reqId":"9ddc3bd9-a8b6-437d-aed0-837cc14b563f","timestamp":"2024-02-29T15:51:08.475Z"}
{"level":"info","message":"BEGIN: GET /api/themeConfig:list?sort=id&paginate=false","reqId":"6de634b3-63c5-4710-9b89-091d0ff22d91","timestamp":"2024-02-29T15:51:08.485Z"}
{"can":null,"level":"info","message":"ctx permission","reqId":"6de634b3-63c5-4710-9b89-091d0ff22d91","skip":true,"timestamp":"2024-02-29T15:51:08.566Z"}
{"level":"info","message":"acl params","reqId":"6de634b3-63c5-4710-9b89-091d0ff22d91","timestamp":"2024-02-29T15:51:08.567Z"}
{"level":"info","message":"acl parsedParams","reqId":"6de634b3-63c5-4710-9b89-091d0ff22d91","timestamp":"2024-02-29T15:51:08.568Z"}
{"can":null,"level":"info","message":"ctx permission","reqId":"9ddc3bd9-a8b6-437d-aed0-837cc14b563f","skip":true,"timestamp":"2024-02-29T15:51:08.570Z"}
{"level":"info","message":"acl params","reqId":"9ddc3bd9-a8b6-437d-aed0-837cc14b563f","timestamp":"2024-02-29T15:51:08.577Z"}
{"level":"info","message":"acl parsedParams","reqId":"9ddc3bd9-a8b6-437d-aed0-837cc14b563f","timestamp":"2024-02-29T15:51:08.578Z"}
{"can":null,"level":"info","message":"ctx permission","reqId":"142b0578-e59e-4f6d-8d54-7800fb30719f","skip":true,"timestamp":"2024-02-29T15:51:08.581Z"}
{"level":"info","message":"acl params","reqId":"142b0578-e59e-4f6d-8d54-7800fb30719f","timestamp":"2024-02-29T15:51:08.589Z"}
{"level":"info","message":"acl parsedParams","reqId":"142b0578-e59e-4f6d-8d54-7800fb30719f","timestamp":"2024-02-29T15:51:08.589Z"}
{"level":"info","message":"END: GET /api/themeConfig:list?sort=id&paginate=false","req":{"action":{"actionName":"list","params":{"actionName":"list","paginate":"false","resourceName":"themeConfig","sort":["id"]},"resourceName":"themeConfig"},"header":{"x-hostname":"cmreport.dsti.gov.sl","x-locale":"en-US","x-role":"root","x-timezone":"-00:00"}},"reqId":"6de634b3-63c5-4710-9b89-091d0ff22d91","res":{"status":200},"responseTime":141,"timestamp":"2024-02-29T15:51:08.626Z"}
{"level":"info","message":"END: GET /api/app:getInfo","req":{"action":{"actionName":"getInfo","params":{"actionName":"getInfo","resourceName":"app"},"resourceName":"app"},"header":{"x-hostname":"cmreport.dsti.gov.sl","x-locale":"en-US","x-role":"root","x-timezone":"-00:00"}},"reqId":"142b0578-e59e-4f6d-8d54-7800fb30719f","res":{"status":200},"responseTime":201,"timestamp":"2024-02-29T15:51:08.674Z"}
{"level":"info","message":"END: GET /api/collectionsHistory:list?paginate=false&appends%5B%5D=fields&sort%5B%5D=sort&filter=%7B%7D","req":{"action":{"actionName":"list","params":{"actionName":"list","appends":["fields"],"filter":{},"paginate":"false","resourceName":"collectionsHistory","sort":["sort"]},"resourceName":"collectionsHistory"},"header":{"x-hostname":"cmreport.dsti.gov.sl","x-locale":"en-US","x-role":"root","x-timezone":"-00:00"}},"reqId":"9ddc3bd9-a8b6-437d-aed0-837cc14b563f","res":{"status":200},"responseTime":346,"timestamp":"2024-02-29T15:51:08.821Z"}
{"level":"info","message":"BEGIN: GET /api/app:getInfo","reqId":"736217b3-c6c0-403d-b8de-1f2fea1cc9c8","timestamp":"2024-02-29T15:51:09.181Z"}
{"level":"info","message":"BEGIN: GET /api/themeConfig:list?sort=id&paginate=false","reqId":"d68288da-1e84-4644-a6d5-dc14f24bb6e6","timestamp":"2024-02-29T15:51:09.206Z"}
{"can":null,"level":"info","message":"ctx permission","reqId":"736217b3-c6c0-403d-b8de-1f2fea1cc9c8","skip":true,"timestamp":"2024-02-29T15:51:09.306Z"}
{"level":"info","message":"acl params","reqId":"736217b3-c6c0-403d-b8de-1f2fea1cc9c8","timestamp":"2024-02-29T15:51:09.306Z"}
{"level":"info","message":"acl parsedParams","reqId":"736217b3-c6c0-403d-b8de-1f2fea1cc9c8","timestamp":"2024-02-29T15:51:09.326Z"}
{"can":null,"level":"info","message":"ctx permission","reqId":"d68288da-1e84-4644-a6d5-dc14f24bb6e6","skip":true,"timestamp":"2024-02-29T15:51:09.343Z"}
{"level":"info","message":"acl params","reqId":"d68288da-1e84-4644-a6d5-dc14f24bb6e6","timestamp":"2024-02-29T15:51:09.344Z"}
{"level":"info","message":"acl parsedParams","reqId":"d68288da-1e84-4644-a6d5-dc14f24bb6e6","timestamp":"2024-02-29T15:51:09.344Z"}
{"level":"info","message":"END: GET /api/app:getInfo","req":{"action":{"actionName":"getInfo","params":{"actionName":"getInfo","resourceName":"app"},"resourceName":"app"},"header":{"x-hostname":"cmreport.dsti.gov.sl","x-locale":"en-US","x-role":"root","x-timezone":"-00:00"}},"reqId":"736217b3-c6c0-403d-b8de-1f2fea1cc9c8","res":{"status":200},"responseTime":183,"timestamp":"2024-02-29T15:51:09.364Z"}
{"level":"info","message":"END: GET /api/themeConfig:list?sort=id&paginate=false","req":{"action":{"actionName":"list","params":{"actionName":"list","paginate":"false","resourceName":"themeConfig","sort":["id"]},"resourceName":"themeConfig"},"header":{"x-hostname":"cmreport.dsti.gov.sl","x-locale":"en-US","x-role":"root","x-timezone":"-00:00"}},"reqId":"d68288da-1e84-4644-a6d5-dc14f24bb6e6","res":{"status":200},"responseTime":163,"timestamp":"2024-02-29T15:51:09.369Z"}
{"level":"info","message":"BEGIN: GET /api/app:getInfo","reqId":"e702e802-93a5-4f2b-a04d-85854fd749a5","timestamp":"2024-02-29T15:51:09.563Z"}
{"can":null,"level":"info","message":"ctx permission","reqId":"e702e802-93a5-4f2b-a04d-85854fd749a5","skip":true,"timestamp":"2024-02-29T15:51:09.585Z"}
{"level":"info","message":"acl params","reqId":"e702e802-93a5-4f2b-a04d-85854fd749a5","timestamp":"2024-02-29T15:51:09.586Z"}
{"level":"info","message":"acl parsedParams","reqId":"e702e802-93a5-4f2b-a04d-85854fd749a5","timestamp":"2024-02-29T15:51:09.586Z"}
{"level":"info","message":"END: GET /api/app:getInfo","req":{"action":{"actionName":"getInfo","params":{"actionName":"getInfo","resourceName":"app"},"resourceName":"app"},"header":{"x-hostname":"cmreport.dsti.gov.sl","x-locale":"en-US","x-role":"root","x-timezone":"-00:00"}},"reqId":"e702e802-93a5-4f2b-a04d-85854fd749a5","res":{"status":200},"responseTime":47,"timestamp":"2024-02-29T15:51:09.610Z"}
{"level":"info","message":"BEGIN: GET /api/uiSchemaTemplates:list?appends%5B%5D=collection&paginate=false","reqId":"f24d4aef-caf5-4866-a9ac-d49b77b2f20f","timestamp":"2024-02-29T15:51:09.767Z"}
{"can":{"action":"list","resource":"uiSchemaTemplates","role":"root"},"level":"info","message":"ctx permission","reqId":"f24d4aef-caf5-4866-a9ac-d49b77b2f20f","skip":true,"timestamp":"2024-02-29T15:51:09.826Z"}
{"level":"info","message":"acl params","reqId":"f24d4aef-caf5-4866-a9ac-d49b77b2f20f","timestamp":"2024-02-29T15:51:09.827Z"}
{"level":"info","message":"acl parsedParams","reqId":"f24d4aef-caf5-4866-a9ac-d49b77b2f20f","timestamp":"2024-02-29T15:51:09.827Z"}
{"level":"info","message":"END: GET /api/uiSchemaTemplates:list?appends%5B%5D=collection&paginate=false","req":{"action":{"actionName":"list","params":{"actionName":"list","appends":["collection"],"paginate":"false","resourceName":"uiSchemaTemplates"},"resourceName":"uiSchemaTemplates"},"header":{"x-hostname":"cmreport.dsti.gov.sl","x-locale":"en-US","x-role":"root","x-timezone":"-00:00"}},"reqId":"f24d4aef-caf5-4866-a9ac-d49b77b2f20f","res":{"status":200},"responseTime":92,"timestamp":"2024-02-29T15:51:09.859Z"}
{"level":"info","message":"BEGIN: GET /api/collectionCategories:list?paginate=false&sort%5B%5D=sort","reqId":"9fe659e0-b98e-4c45-b89d-e8b7ab2e605d","timestamp":"2024-02-29T15:51:10.011Z"}
{"level":"info","message":"BEGIN: GET /api/collections:list?paginate=false&appends%5B%5D=fields&appends%5B%5D=category&sort%5B%5D=sort&filter=%7B%7D","reqId":"c0502db5-82f5-4a2e-b758-2a43b67c13db","timestamp":"2024-02-29T15:51:10.025Z"}
{"can":null,"level":"info","message":"ctx permission","reqId":"9fe659e0-b98e-4c45-b89d-e8b7ab2e605d","skip":true,"timestamp":"2024-02-29T15:51:10.086Z"}
{"level":"info","message":"acl params","reqId":"9fe659e0-b98e-4c45-b89d-e8b7ab2e605d","timestamp":"2024-02-29T15:51:10.087Z"}
{"level":"info","message":"acl parsedParams","reqId":"9fe659e0-b98e-4c45-b89d-e8b7ab2e605d","timestamp":"2024-02-29T15:51:10.087Z"}
{"can":{"action":"list","resource":"collections","role":"root"},"level":"info","message":"ctx permission","reqId":"c0502db5-82f5-4a2e-b758-2a43b67c13db","skip":true,"timestamp":"2024-02-29T15:51:10.088Z"}
{"level":"info","message":"acl params","reqId":"c0502db5-82f5-4a2e-b758-2a43b67c13db","timestamp":"2024-02-29T15:51:10.088Z"}
{"level":"info","message":"acl parsedParams","reqId":"c0502db5-82f5-4a2e-b758-2a43b67c13db","timestamp":"2024-02-29T15:51:10.089Z"}
{"level":"info","message":"END: GET /api/collectionCategories:list?paginate=false&sort%5B%5D=sort","req":{"action":{"actionName":"list","params":{"actionName":"list","paginate":"false","resourceName":"collectionCategories","sort":["sort"]},"resourceName":"collectionCategories"},"header":{"x-hostname":"cmreport.dsti.gov.sl","x-locale":"en-US","x-role":"root","x-timezone":"-00:00"}},"reqId":"9fe659e0-b98e-4c45-b89d-e8b7ab2e605d","res":{"status":200},"responseTime":91,"timestamp":"2024-02-29T15:51:10.103Z"}
{"level":"info","message":"END: GET /api/collections:list?paginate=false&appends%5B%5D=fields&appends%5B%5D=category&sort%5B%5D=sort&filter=%7B%7D","req":{"action":{"actionName":"list","params":{"actionName":"list","appends":["fields","category"],"filter":{},"paginate":"false","resourceName":"collections","sort":["sort"]},"resourceName":"collections"},"header":{"x-hostname":"cmreport.dsti.gov.sl","x-locale":"en-US","x-role":"root","x-timezone":"-00:00"}},"reqId":"c0502db5-82f5-4a2e-b758-2a43b67c13db","res":{"status":200},"responseTime":236,"timestamp":"2024-02-29T15:51:10.261Z"}
{"level":"info","message":"BEGIN: GET /api/roles:check","reqId":"9fbcecbe-492e-4b16-b6e7-9a1bf55f6232","timestamp":"2024-02-29T15:51:10.804Z"}
{"can":{"action":"check","resource":"roles","role":"root"},"level":"info","message":"ctx permission","reqId":"9fbcecbe-492e-4b16-b6e7-9a1bf55f6232","skip":true,"timestamp":"2024-02-29T15:51:10.857Z"}
{"level":"info","message":"acl params","reqId":"9fbcecbe-492e-4b16-b6e7-9a1bf55f6232","timestamp":"2024-02-29T15:51:10.858Z"}
{"level":"info","message":"acl parsedParams","reqId":"9fbcecbe-492e-4b16-b6e7-9a1bf55f6232","timestamp":"2024-02-29T15:51:10.858Z"}
{"level":"info","message":"END: GET /api/roles:check","req":{"action":{"actionName":"check","params":{"actionName":"check","resourceName":"roles"},"resourceName":"roles"},"header":{"x-hostname":"cmreport.dsti.gov.sl","x-locale":"en-US","x-role":"root","x-timezone":"-00:00"}},"reqId":"9fbcecbe-492e-4b16-b6e7-9a1bf55f6232","res":{"status":200},"responseTime":73,"timestamp":"2024-02-29T15:51:10.877Z"}
{"level":"info","message":"BEGIN: GET /api/uiSchemas:getProperties/em9zzoi7f8n","reqId":"eb8f1a5f-c5b0-4ec2-9e92-2d96826267a5","timestamp":"2024-02-29T15:51:11.067Z"}
{"level":"info","message":"BEGIN: GET /api/uiSchemas:getJsonSchema/kajnqv7hagl","reqId":"4d6f6bb6-574b-4753-893d-2ae5b8b69f76","timestamp":"2024-02-29T15:51:11.080Z"}
{"can":{"action":"getProperties","resource":"uiSchemas","role":"root"},"level":"info","message":"ctx permission","reqId":"eb8f1a5f-c5b0-4ec2-9e92-2d96826267a5","skip":true,"timestamp":"2024-02-29T15:51:11.105Z"}
{"level":"info","message":"acl params","reqId":"eb8f1a5f-c5b0-4ec2-9e92-2d96826267a5","timestamp":"2024-02-29T15:51:11.113Z"}
{"level":"info","message":"acl parsedParams","reqId":"eb8f1a5f-c5b0-4ec2-9e92-2d96826267a5","timestamp":"2024-02-29T15:51:11.113Z"}
{"level":"info","message":"END: GET /api/uiSchemas:getProperties/em9zzoi7f8n","req":{"action":{"actionName":"getProperties","params":{"actionName":"getProperties","filterByTk":"em9zzoi7f8n","resourceIndex":"em9zzoi7f8n","resourceName":"uiSchemas"},"resourceName":"uiSchemas"},"header":{"x-hostname":"cmreport.dsti.gov.sl","x-locale":"en-US","x-role":"root","x-timezone":"-00:00"}},"reqId":"eb8f1a5f-c5b0-4ec2-9e92-2d96826267a5","res":{"status":200},"responseTime":107,"timestamp":"2024-02-29T15:51:11.174Z"}
{"can":null,"level":"info","message":"ctx permission","reqId":"4d6f6bb6-574b-4753-893d-2ae5b8b69f76","skip":true,"timestamp":"2024-02-29T15:51:11.178Z"}
{"level":"info","message":"acl params","reqId":"4d6f6bb6-574b-4753-893d-2ae5b8b69f76","timestamp":"2024-02-29T15:51:11.179Z"}
{"level":"info","message":"acl parsedParams","reqId":"4d6f6bb6-574b-4753-893d-2ae5b8b69f76","timestamp":"2024-02-29T15:51:11.179Z"}
{"level":"info","message":"END: GET /api/uiSchemas:getJsonSchema/kajnqv7hagl","req":{"action":{"actionName":"getJsonSchema","params":{"actionName":"getJsonSchema","filterByTk":"kajnqv7hagl","resourceIndex":"kajnqv7hagl","resourceName":"uiSchemas"},"resourceName":"uiSchemas"},"header":{"x-hostname":"cmreport.dsti.gov.sl","x-locale":"en-US","x-role":"root","x-timezone":"-00:00"}},"reqId":"4d6f6bb6-574b-4753-893d-2ae5b8b69f76","res":{"status":200},"responseTime":620,"timestamp":"2024-02-29T15:51:11.700Z"}
{"level":"info","message":"BEGIN: GET /api/priorityProject:list?pageSize=20&appends%5B%5D=ministry&appends%5B%5D=coreFeatures","reqId":"1cb6a1b2-ae51-4fef-b874-9885b16f5847","timestamp":"2024-02-29T15:51:11.745Z"}
{"can":null,"level":"info","message":"ctx permission","reqId":"1cb6a1b2-ae51-4fef-b874-9885b16f5847","skip":true,"timestamp":"2024-02-29T15:51:11.768Z"}
{"level":"info","message":"acl params","reqId":"1cb6a1b2-ae51-4fef-b874-9885b16f5847","timestamp":"2024-02-29T15:51:11.768Z"}
{"level":"info","message":"acl parsedParams","reqId":"1cb6a1b2-ae51-4fef-b874-9885b16f5847","timestamp":"2024-02-29T15:51:11.768Z"}
{"level":"info","message":"END: GET /api/priorityProject:list?pageSize=20&appends%5B%5D=ministry&appends%5B%5D=coreFeatures","req":{"action":{"actionName":"list","params":{"actionName":"list","appends":["ministry","coreFeatures"],"pageSize":"20","resourceName":"priorityProject"},"resourceName":"priorityProject"},"header":{"x-hostname":"cmreport.dsti.gov.sl","x-locale":"en-US","x-role":"root","x-timezone":"-00:00"}},"reqId":"1cb6a1b2-ae51-4fef-b874-9885b16f5847","res":{"status":200},"responseTime":69,"timestamp":"2024-02-29T15:51:11.814Z"}
{"level":"info","message":"BEGIN: GET /api/uiSchemas:getProperties/wlos9836id4","reqId":"b36c0d6f-1545-4b47-b308-e36f8422b4ca","timestamp":"2024-02-29T15:51:19.605Z"}
{"can":{"action":"getProperties","resource":"uiSchemas","role":"root"},"level":"info","message":"ctx permission","reqId":"b36c0d6f-1545-4b47-b308-e36f8422b4ca","skip":true,"timestamp":"2024-02-29T15:51:19.642Z"}
{"level":"info","message":"acl params","reqId":"b36c0d6f-1545-4b47-b308-e36f8422b4ca","timestamp":"2024-02-29T15:51:19.642Z"}
{"level":"info","message":"acl parsedParams","reqId":"b36c0d6f-1545-4b47-b308-e36f8422b4ca","timestamp":"2024-02-29T15:51:19.642Z"}
{"level":"info","message":"END: GET /api/uiSchemas:getProperties/wlos9836id4","req":{"action":{"actionName":"getProperties","params":{"actionName":"getProperties","filterByTk":"wlos9836id4","resourceIndex":"wlos9836id4","resourceName":"uiSchemas"},"resourceName":"uiSchemas"},"header":{"x-hostname":"cmreport.dsti.gov.sl","x-locale":"en-US","x-role":"root","x-timezone":"-00:00"}},"reqId":"b36c0d6f-1545-4b47-b308-e36f8422b4ca","res":{"status":200},"responseTime":72,"timestamp":"2024-02-29T15:51:19.677Z"}
{"level":"info","message":"BEGIN: POST /api/charts:query","reqId":"552f59a7-3d9b-4b57-88f2-327208206be3","timestamp":"2024-02-29T15:51:20.061Z"}
{"level":"info","message":"BEGIN: POST /api/charts:query","reqId":"676c3880-fb3e-4988-a6a3-983970b8491b","timestamp":"2024-02-29T15:51:20.077Z"}
{"level":"info","message":"BEGIN: POST /api/charts:query","reqId":"657ff85c-af9c-49be-9027-31436a30da7b","timestamp":"2024-02-29T15:51:20.104Z"}
{"level":"info","message":"BEGIN: POST /api/charts:query","reqId":"7e162c05-13f7-466b-90d0-d1d146bcd732","timestamp":"2024-02-29T15:51:20.114Z"}
{"level":"info","message":"BEGIN: POST /api/charts:query","reqId":"8ea049a5-5626-4e4e-b1b7-49985d19adaf","timestamp":"2024-02-29T15:51:20.138Z"}
{"can":null,"level":"info","message":"ctx permission","reqId":"552f59a7-3d9b-4b57-88f2-327208206be3","skip":true,"timestamp":"2024-02-29T15:51:20.167Z"}
{"level":"info","message":"acl params","reqId":"552f59a7-3d9b-4b57-88f2-327208206be3","timestamp":"2024-02-29T15:51:20.168Z"}
{"level":"info","message":"acl parsedParams","reqId":"552f59a7-3d9b-4b57-88f2-327208206be3","timestamp":"2024-02-29T15:51:20.168Z"}
{"level":"info","message":"BEGIN: POST /api/charts:query","reqId":"cb51971e-a0da-4e5b-aee1-961aca5e32ba","timestamp":"2024-02-29T15:51:20.186Z"}
{"level":"info","message":"END: POST /api/charts:query","req":{"action":{"actionName":"query","params":{"actionName":"query","resourceName":"charts","values":{"collection":"devices","dimensions":[{"field":["ministry","name"]}],"filter":{"$and":[]},"measures":[{"aggregation":"count","alias":"Submissions","field":["type"]}],"orders":[],"uid":"98zetnq2jf9"}},"resourceName":"charts"},"header":{"x-hostname":"cmreport.dsti.gov.sl","x-locale":"en-US","x-role":"root","x-timezone":"-00:00"}},"reqId":"552f59a7-3d9b-4b57-88f2-327208206be3","res":{"status":200},"responseTime":147,"timestamp":"2024-02-29T15:51:20.208Z"}
{"can":null,"level":"info","message":"ctx permission","reqId":"676c3880-fb3e-4988-a6a3-983970b8491b","skip":true,"timestamp":"2024-02-29T15:51:20.216Z"}
{"level":"info","message":"acl params","reqId":"676c3880-fb3e-4988-a6a3-983970b8491b","timestamp":"2024-02-29T15:51:20.216Z"}
{"level":"info","message":"acl parsedParams","reqId":"676c3880-fb3e-4988-a6a3-983970b8491b","timestamp":"2024-02-29T15:51:20.217Z"}
{"level":"info","message":"END: POST /api/charts:query","req":{"action":{"actionName":"query","params":{"actionName":"query","resourceName":"charts","values":{"collection":"solutions","dimensions":[{"field":["ministry","name"]}],"filter":{"$and":[]},"measures":[{"aggregation":"count","alias":"id","field":["id"]}],"orders":[],"uid":"mzrhndl6fom"}},"resourceName":"charts"},"header":{"x-hostname":"cmreport.dsti.gov.sl","x-locale":"en-US","x-role":"root","x-timezone":"-00:00"}},"reqId":"676c3880-fb3e-4988-a6a3-983970b8491b","res":{"status":200},"responseTime":159,"timestamp":"2024-02-29T15:51:20.236Z"}
{"can":null,"level":"info","message":"ctx permission","reqId":"7e162c05-13f7-466b-90d0-d1d146bcd732","skip":true,"timestamp":"2024-02-29T15:51:20.258Z"}
{"level":"info","message":"acl params","reqId":"7e162c05-13f7-466b-90d0-d1d146bcd732","timestamp":"2024-02-29T15:51:20.259Z"}
{"level":"info","message":"acl parsedParams","reqId":"7e162c05-13f7-466b-90d0-d1d146bcd732","timestamp":"2024-02-29T15:51:20.259Z"}
{"can":null,"level":"info","message":"ctx permission","reqId":"657ff85c-af9c-49be-9027-31436a30da7b","skip":true,"timestamp":"2024-02-29T15:51:20.263Z"}
{"level":"info","message":"acl params","reqId":"657ff85c-af9c-49be-9027-31436a30da7b","timestamp":"2024-02-29T15:51:20.264Z"}
{"level":"info","message":"acl parsedParams","reqId":"657ff85c-af9c-49be-9027-31436a30da7b","timestamp":"2024-02-29T15:51:20.264Z"}
{"level":"info","message":"END: POST /api/charts:query","req":{"action":{"actionName":"query","params":{"actionName":"query","resourceName":"charts","values":{"collection":"devices","dimensions":[{"field":["ministry","name"]}],"filter":{"$and":[]},"measures":[{"aggregation":"count","alias":"type","field":["type"]}],"orders":[],"uid":"q34h7bp9vu7"}},"resourceName":"charts"},"header":{"x-hostname":"cmreport.dsti.gov.sl","x-locale":"en-US","x-role":"root","x-timezone":"-00:00"}},"reqId":"7e162c05-13f7-466b-90d0-d1d146bcd732","res":{"status":200},"responseTime":168,"timestamp":"2024-02-29T15:51:20.282Z"}
{"level":"info","message":"END: POST /api/charts:query","req":{"action":{"actionName":"query","params":{"actionName":"query","resourceName":"charts","values":{"collection":"solutions","dimensions":[{"field":["ministry","name"]}],"filter":{"$and":[]},"measures":[{"aggregation":"count","alias":"No of Projects","field":["id"]}],"orders":[],"uid":"jv6r6zlt2oy"}},"resourceName":"charts"},"header":{"x-hostname":"cmreport.dsti.gov.sl","x-locale":"en-US","x-role":"root","x-timezone":"-00:00"}},"reqId":"657ff85c-af9c-49be-9027-31436a30da7b","res":{"status":200},"responseTime":179,"timestamp":"2024-02-29T15:51:20.283Z"}
{"can":null,"level":"info","message":"ctx permission","reqId":"8ea049a5-5626-4e4e-b1b7-49985d19adaf","skip":true,"timestamp":"2024-02-29T15:51:20.285Z"}
{"level":"info","message":"acl params","reqId":"8ea049a5-5626-4e4e-b1b7-49985d19adaf","timestamp":"2024-02-29T15:51:20.285Z"}
{"level":"info","message":"acl parsedParams","reqId":"8ea049a5-5626-4e4e-b1b7-49985d19adaf","timestamp":"2024-02-29T15:51:20.286Z"}
{"can":null,"level":"info","message":"ctx permission","reqId":"cb51971e-a0da-4e5b-aee1-961aca5e32ba","skip":true,"timestamp":"2024-02-29T15:51:20.327Z"}
{"level":"info","message":"acl params","reqId":"cb51971e-a0da-4e5b-aee1-961aca5e32ba","timestamp":"2024-02-29T15:51:20.327Z"}
{"level":"info","message":"acl parsedParams","reqId":"cb51971e-a0da-4e5b-aee1-961aca5e32ba","timestamp":"2024-02-29T15:51:20.327Z"}
{"level":"info","message":"END: POST /api/charts:query","req":{"action":{"actionName":"query","params":{"actionName":"query","resourceName":"charts","values":{"collection":"priorityProject","dimensions":[{"field":["ministry","name"]}],"filter":{"$and":[]},"measures":[{"aggregation":"count","alias":"Requests","field":["id"]}],"orders":[],"uid":"dnafb76tyga"}},"resourceName":"charts"},"header":{"x-hostname":"cmreport.dsti.gov.sl","x-locale":"en-US","x-role":"root","x-timezone":"-00:00"}},"reqId":"8ea049a5-5626-4e4e-b1b7-49985d19adaf","res":{"status":200},"responseTime":203,"timestamp":"2024-02-29T15:51:20.341Z"}
{"level":"info","message":"END: POST /api/charts:query","req":{"action":{"actionName":"query","params":{"actionName":"query","resourceName":"charts","values":{"collection":"priorityProject","dimensions":[{"field":["ministry","name"]}],"filter":{"$and":[]},"measures":[{"aggregation":"count","alias":"id","field":["id"]}],"orders":[],"uid":"jgqxgh2t0uz"}},"resourceName":"charts"},"header":{"x-hostname":"cmreport.dsti.gov.sl","x-locale":"en-US","x-role":"root","x-timezone":"-00:00"}},"reqId":"cb51971e-a0da-4e5b-aee1-961aca5e32ba","res":{"status":200},"responseTime":164,"timestamp":"2024-02-29T15:51:20.350Z"}
{"level":"info","message":"BEGIN: POST /api/charts:query","reqId":"f7a70b16-98e0-46de-9f9c-91ec3d66d7a0","timestamp":"2024-02-29T15:51:20.351Z"}
{"can":null,"level":"info","message":"ctx permission","reqId":"f7a70b16-98e0-46de-9f9c-91ec3d66d7a0","skip":true,"timestamp":"2024-02-29T15:51:20.390Z"}
{"level":"info","message":"acl params","reqId":"f7a70b16-98e0-46de-9f9c-91ec3d66d7a0","timestamp":"2024-02-29T15:51:20.390Z"}
{"level":"info","message":"acl parsedParams","reqId":"f7a70b16-98e0-46de-9f9c-91ec3d66d7a0","timestamp":"2024-02-29T15:51:20.391Z"}
{"level":"info","message":"END: POST /api/charts:query","req":{"action":{"actionName":"query","params":{"actionName":"query","resourceName":"charts","values":{"collection":"weeklyUpdates","dimensions":[{"field":["createdBy","nickname"]}],"filter":{"$and":[]},"measures":[{"aggregation":"count","alias":"No. of Ongoing","field":["weeklyCompleted","id"]}],"orders":[],"uid":"bt1efy7b87w"}},"resourceName":"charts"},"header":{"x-hostname":"cmreport.dsti.gov.sl","x-locale":"en-US","x-role":"root","x-timezone":"-00:00"}},"reqId":"f7a70b16-98e0-46de-9f9c-91ec3d66d7a0","res":{"status":200},"responseTime":47,"timestamp":"2024-02-29T15:51:20.398Z"}
{"level":"info","message":"BEGIN: POST /api/charts:query","reqId":"14ddc4f4-1d82-4758-a139-f678f549470d","timestamp":"2024-02-29T15:51:20.409Z"}
{"level":"info","message":"BEGIN: POST /api/charts:query","reqId":"cf1cc486-72b9-4bf8-896c-5129add3d451","timestamp":"2024-02-29T15:51:20.420Z"}
{"level":"info","message":"BEGIN: POST /api/charts:query","reqId":"be4b3d73-0360-4161-b558-2924be3766e4","timestamp":"2024-02-29T15:51:20.437Z"}
{"level":"info","message":"BEGIN: POST /api/charts:query","reqId":"02f0f02e-bd15-48ba-9cdc-eb2203a9e90d","timestamp":"2024-02-29T15:51:20.493Z"}
{"can":null,"level":"info","message":"ctx permission","reqId":"14ddc4f4-1d82-4758-a139-f678f549470d","skip":true,"timestamp":"2024-02-29T15:51:20.539Z"}
{"level":"info","message":"acl params","reqId":"14ddc4f4-1d82-4758-a139-f678f549470d","timestamp":"2024-02-29T15:51:20.540Z"}
{"level":"info","message":"acl parsedParams","reqId":"14ddc4f4-1d82-4758-a139-f678f549470d","timestamp":"2024-02-29T15:51:20.540Z"}
{"can":null,"level":"info","message":"ctx permission","reqId":"cf1cc486-72b9-4bf8-896c-5129add3d451","skip":true,"timestamp":"2024-02-29T15:51:20.554Z"}
{"level":"info","message":"acl params","reqId":"cf1cc486-72b9-4bf8-896c-5129add3d451","timestamp":"2024-02-29T15:51:20.554Z"}
{"level":"info","message":"acl parsedParams","reqId":"cf1cc486-72b9-4bf8-896c-5129add3d451","timestamp":"2024-02-29T15:51:20.554Z"}
{"level":"info","message":"BEGIN: POST /api/charts:query","reqId":"5e6d3f68-8014-4986-845c-c6e3e69b9e9c","timestamp":"2024-02-29T15:51:20.556Z"}
{"level":"info","message":"BEGIN: POST /api/charts:query","reqId":"040b30f0-2135-4f84-89a2-5b4901df14c1","timestamp":"2024-02-29T15:51:20.572Z"}
{"level":"info","message":"END: POST /api/charts:query","req":{"action":{"actionName":"query","params":{"actionName":"query","resourceName":"charts","values":{"collection":"weeklyUpdates","dimensions":[{"alias":"weekStartDate","field":["weekStartDate"],"format":"YYYY-MM-DD"},{"field":["createdBy","nickname"]}],"filter":{"$and":[]},"measures":[{"aggregation":"count","alias":"id","field":["id"]}],"orders":[],"uid":"o7u3ylqggde"}},"resourceName":"charts"},"header":{"x-hostname":"cmreport.dsti.gov.sl","x-locale":"en-US","x-role":"root","x-timezone":"-00:00"}},"reqId":"14ddc4f4-1d82-4758-a139-f678f549470d","res":{"status":200},"responseTime":165,"timestamp":"2024-02-29T15:51:20.574Z"}
{"level":"info","message":"END: POST /api/charts:query","req":{"action":{"actionName":"query","params":{"actionName":"query","resourceName":"charts","values":{"collection":"ongoingThisWeek","dimensions":[{"field":["createdBy","nickname"]}],"filter":{"$and":[]},"measures":[{"aggregation":"count","alias":"id","field":["id"]}],"orders":[],"uid":"z5hztpjckv0"}},"resourceName":"charts"},"header":{"x-hostname":"cmreport.dsti.gov.sl","x-locale":"en-US","x-role":"root","x-timezone":"-00:00"}},"reqId":"cf1cc486-72b9-4bf8-896c-5129add3d451","res":{"status":200},"responseTime":156,"timestamp":"2024-02-29T15:51:20.576Z"}
{"can":null,"level":"info","message":"ctx permission","reqId":"be4b3d73-0360-4161-b558-2924be3766e4","skip":true,"timestamp":"2024-02-29T15:51:20.586Z"}
{"level":"info","message":"acl params","reqId":"be4b3d73-0360-4161-b558-2924be3766e4","timestamp":"2024-02-29T15:51:20.587Z"}
{"level":"info","message":"acl parsedParams","reqId":"be4b3d73-0360-4161-b558-2924be3766e4","timestamp":"2024-02-29T15:51:20.587Z"}
{"level":"info","message":"END: POST /api/charts:query","req":{"action":{"actionName":"query","params":{"actionName":"query","resourceName":"charts","values":{"collection":"issuesForChiefMinister","dimensions":[{"field":["createdBy","nickname"]}],"filter":{"$and":[]},"measures":[{"aggregation":"count","alias":"id","field":["id"]}],"orders":[],"uid":"3s6dcvyqdbz"}},"resourceName":"charts"},"header":{"x-hostname":"cmreport.dsti.gov.sl","x-locale":"en-US","x-role":"root","x-timezone":"-00:00"}},"reqId":"be4b3d73-0360-4161-b558-2924be3766e4","res":{"status":200},"responseTime":170,"timestamp":"2024-02-29T15:51:20.607Z"}
{"can":null,"level":"info","message":"ctx permission","reqId":"02f0f02e-bd15-48ba-9cdc-eb2203a9e90d","skip":true,"timestamp":"2024-02-29T15:51:20.634Z"}
{"level":"info","message":"acl params","reqId":"02f0f02e-bd15-48ba-9cdc-eb2203a9e90d","timestamp":"2024-02-29T15:51:20.634Z"}
{"level":"info","message":"acl parsedParams","reqId":"02f0f02e-bd15-48ba-9cdc-eb2203a9e90d","timestamp":"2024-02-29T15:51:20.634Z"}
{"level":"info","message":"END: POST /api/charts:query","req":{"action":{"actionName":"query","params":{"actionName":"query","resourceName":"charts","values":{"collection":"project","dimensions":[{"field":["funders","shortName"]},{"field":["currency"]}],"filter":{"$and":[]},"measures":[{"aggregation":"sum","alias":"amount","field":["amount"]},{"aggregation":"count","alias":"currency","field":["currency"]}],"orders":[],"uid":"hqonq4t2sl2"}},"resourceName":"charts"},"header":{"x-hostname":"cmreport.dsti.gov.sl","x-locale":"en-US","x-role":"root","x-timezone":"-00:00"}},"reqId":"02f0f02e-bd15-48ba-9cdc-eb2203a9e90d","res":{"status":200},"responseTime":178,"timestamp":"2024-02-29T15:51:20.672Z"}
{"can":null,"level":"info","message":"ctx permission","reqId":"5e6d3f68-8014-4986-845c-c6e3e69b9e9c","skip":true,"timestamp":"2024-02-29T15:51:20.682Z"}
{"level":"info","message":"acl params","reqId":"5e6d3f68-8014-4986-845c-c6e3e69b9e9c","timestamp":"2024-02-29T15:51:20.689Z"}
{"level":"info","message":"acl parsedParams","reqId":"5e6d3f68-8014-4986-845c-c6e3e69b9e9c","timestamp":"2024-02-29T15:51:20.689Z"}
{"can":null,"level":"info","message":"ctx permission","reqId":"040b30f0-2135-4f84-89a2-5b4901df14c1","skip":true,"timestamp":"2024-02-29T15:51:20.702Z"}
{"level":"info","message":"acl params","reqId":"040b30f0-2135-4f84-89a2-5b4901df14c1","timestamp":"2024-02-29T15:51:20.703Z"}
{"level":"info","message":"acl parsedParams","reqId":"040b30f0-2135-4f84-89a2-5b4901df14c1","timestamp":"2024-02-29T15:51:20.703Z"}
{"level":"info","message":"END: POST /api/charts:query","req":{"action":{"actionName":"query","params":{"actionName":"query","resourceName":"charts","values":{"collection":"project","dimensions":[{"field":["ministry","name"]}],"filter":{"$and":[]},"measures":[{"aggregation":"count","alias":"id","field":["id"]}],"orders":[],"uid":"wquzd3cc5tk"}},"resourceName":"charts"},"header":{"x-hostname":"cmreport.dsti.gov.sl","x-locale":"en-US","x-role":"root","x-timezone":"-00:00"}},"reqId":"5e6d3f68-8014-4986-845c-c6e3e69b9e9c","res":{"status":200},"responseTime":149,"timestamp":"2024-02-29T15:51:20.705Z"}
{"level":"info","message":"END: POST /api/charts:query","req":{"action":{"actionName":"query","params":{"actionName":"query","resourceName":"charts","values":{"collection":"project","dimensions":[{"alias":"startDate","field":["startDate"],"format":"YYYY"},{"field":["ministry","name"]}],"filter":{"$and":[{}]},"measures":[{"aggregation":"count","alias":"id","field":["id"]}],"orders":[],"uid":"t65xdq2m426"}},"resourceName":"charts"},"header":{"x-hostname":"cmreport.dsti.gov.sl","x-locale":"en-US","x-role":"root","x-timezone":"-00:00"}},"reqId":"040b30f0-2135-4f84-89a2-5b4901df14c1","res":{"status":200},"responseTime":153,"timestamp":"2024-02-29T15:51:20.726Z"}
{"level":"info","message":"BEGIN: POST /api/charts:query","reqId":"59f3ebb0-3994-49d0-8a24-c29bd3a8397c","timestamp":"2024-02-29T15:51:20.772Z"}
{"level":"info","message":"BEGIN: POST /api/charts:query","reqId":"12f162ff-67c7-48fc-8f8e-6934eb6a5bca","timestamp":"2024-02-29T15:51:20.775Z"}
{"level":"info","message":"BEGIN: POST /api/charts:query","reqId":"b8e63b10-949a-44f2-9767-851057673b69","timestamp":"2024-02-29T15:51:20.815Z"}
{"can":null,"level":"info","message":"ctx permission","reqId":"59f3ebb0-3994-49d0-8a24-c29bd3a8397c","skip":true,"timestamp":"2024-02-29T15:51:20.938Z"}
{"level":"info","message":"acl params","reqId":"59f3ebb0-3994-49d0-8a24-c29bd3a8397c","timestamp":"2024-02-29T15:51:20.939Z"}
{"level":"info","message":"acl parsedParams","reqId":"59f3ebb0-3994-49d0-8a24-c29bd3a8397c","timestamp":"2024-02-29T15:51:20.939Z"}
{"can":null,"level":"info","message":"ctx permission","reqId":"12f162ff-67c7-48fc-8f8e-6934eb6a5bca","skip":true,"timestamp":"2024-02-29T15:51:20.947Z"}
{"level":"info","message":"acl params","reqId":"12f162ff-67c7-48fc-8f8e-6934eb6a5bca","timestamp":"2024-02-29T15:51:20.950Z"}
{"level":"info","message":"acl parsedParams","reqId":"12f162ff-67c7-48fc-8f8e-6934eb6a5bca","timestamp":"2024-02-29T15:51:20.950Z"}
{"level":"info","message":"END: POST /api/charts:query","req":{"action":{"actionName":"query","params":{"actionName":"query","resourceName":"charts","values":{"collection":"project","dimensions":[{"field":["status"]}],"filter":{"$and":[]},"measures":[{"aggregation":"count","alias":"id","field":["id"]}],"orders":[],"uid":"m8ho4di17i1"}},"resourceName":"charts"},"header":{"x-hostname":"cmreport.dsti.gov.sl","x-locale":"en-US","x-role":"root","x-timezone":"-00:00"}},"reqId":"59f3ebb0-3994-49d0-8a24-c29bd3a8397c","res":{"status":200},"responseTime":210,"timestamp":"2024-02-29T15:51:20.982Z"}
{"level":"info","message":"END: POST /api/charts:query","req":{"action":{"actionName":"query","params":{"actionName":"query","resourceName":"charts","values":{"collection":"project","dimensions":[{"alias":"endDate","field":["endDate"],"format":"YYYY"},{"field":["ministry","name"]}],"filter":{"$and":[{"endDate":{"$dateBefore":"2023-08-29"}}]},"measures":[{"aggregation":"count","alias":"id","field":["id"]},{"aggregation":"count","alias":"ministry.name","field":["ministry","name"]}],"orders":[],"uid":"uh66haigvqe"}},"resourceName":"charts"},"header":{"x-hostname":"cmreport.dsti.gov.sl","x-locale":"en-US","x-role":"root","x-timezone":"-00:00"}},"reqId":"12f162ff-67c7-48fc-8f8e-6934eb6a5bca","res":{"status":200},"responseTime":208,"timestamp":"2024-02-29T15:51:20.983Z"}
{"can":null,"level":"info","message":"ctx permission","reqId":"b8e63b10-949a-44f2-9767-851057673b69","skip":true,"timestamp":"2024-02-29T15:51:20.990Z"}
{"level":"info","message":"acl params","reqId":"b8e63b10-949a-44f2-9767-851057673b69","timestamp":"2024-02-29T15:51:21.009Z"}
{"level":"info","message":"acl parsedParams","reqId":"b8e63b10-949a-44f2-9767-851057673b69","timestamp":"2024-02-29T15:51:21.009Z"}
{"level":"info","message":"END: POST /api/charts:query","req":{"action":{"actionName":"query","params":{"actionName":"query","resourceName":"charts","values":{"collection":"project","dimensions":[{"field":["ministry","name"]}],"filter":{"$and":[{"status":{"$eq":"Supended"}}]},"measures":[{"aggregation":"count","alias":"id","field":["id"]},{"aggregation":"count","alias":"ministry.name","field":["ministry","name"]},{"aggregation":"count","alias":"status","field":["status"]}],"orders":[],"uid":"phrrupodu91"}},"resourceName":"charts"},"header":{"x-hostname":"cmreport.dsti.gov.sl","x-locale":"en-US","x-role":"root","x-timezone":"-00:00"}},"reqId":"b8e63b10-949a-44f2-9767-851057673b69","res":{"status":200},"responseTime":207,"timestamp":"2024-02-29T15:51:21.022Z"}
{"level":"info","message":"BEGIN: POST /api/charts:query","reqId":"27f61283-3e76-4aaf-8ac5-b8071187fce6","timestamp":"2024-02-29T15:52:26.859Z"}
{"level":"info","message":"BEGIN: POST /api/uiSchemas:insertAdjacent/98zetnq2jf9?position=afterEnd","reqId":"d72222e4-6d28-4fc3-be8b-aecb634da2b8","timestamp":"2024-02-29T15:52:26.910Z"}
{"can":null,"level":"info","message":"ctx permission","reqId":"27f61283-3e76-4aaf-8ac5-b8071187fce6","skip":true,"timestamp":"2024-02-29T15:52:26.922Z"}
{"level":"info","message":"acl params","reqId":"27f61283-3e76-4aaf-8ac5-b8071187fce6","timestamp":"2024-02-29T15:52:26.923Z"}
{"level":"info","message":"acl parsedParams","reqId":"27f61283-3e76-4aaf-8ac5-b8071187fce6","timestamp":"2024-02-29T15:52:26.923Z"}
{"level":"info","message":"END: POST /api/charts:query","req":{"action":{"actionName":"query","params":{"actionName":"query","resourceName":"charts","values":{"collection":"devices","dimensions":[{"field":["ministry","name"]}],"filter":{"$and":[]},"measures":[{"aggregation":"count","alias":"Submissions","field":["type"]}],"orders":[],"uid":"kj95sgfplam"}},"resourceName":"charts"},"header":{"x-hostname":"cmreport.dsti.gov.sl","x-locale":"en-US","x-role":"root","x-timezone":"-00:00"}},"reqId":"27f61283-3e76-4aaf-8ac5-b8071187fce6","res":{"status":200},"responseTime":93,"timestamp":"2024-02-29T15:52:26.952Z"}
{"can":{"action":"insertAdjacent","resource":"uiSchemas","role":"root"},"level":"info","message":"ctx permission","reqId":"d72222e4-6d28-4fc3-be8b-aecb634da2b8","skip":true,"timestamp":"2024-02-29T15:52:26.964Z"}
{"level":"info","message":"acl params","reqId":"d72222e4-6d28-4fc3-be8b-aecb634da2b8","timestamp":"2024-02-29T15:52:26.964Z"}
{"level":"info","message":"acl parsedParams","reqId":"d72222e4-6d28-4fc3-be8b-aecb634da2b8","timestamp":"2024-02-29T15:52:26.965Z"}
{"level":"info","message":"END: POST /api/uiSchemas:insertAdjacent/98zetnq2jf9?position=afterEnd","req":{"action":{"actionName":"insertAdjacent","params":{"actionName":"insertAdjacent","filterByTk":"98zetnq2jf9","position":"afterEnd","resourceIndex":"98zetnq2jf9","resourceName":"uiSchemas","values":{"schema":{"_isJSONSchemaObject":true,"name":"dp5lhwvr701","properties":{"uu8wljceig8":{"_isJSONSchemaObject":true,"name":"uu8wljceig8","properties":{"e0c3dxgi467":{"_isJSONSchemaObject":true,"name":"e0c3dxgi467","properties":{"940f11foyi3":{"_isJSONSchemaObject":true,"name":"940f11foyi3","type":"void","version":"2.0","x-component":"ChartRenderer","x-component-props":{},"x-uid":"63g348g5wt1"}},"type":"void","version":"2.0","x-acl-action":"devices:list","x-component":"CardItem","x-component-props":{"size":"small"},"x-decorator":"ChartRendererProvider","x-decorator-props":{"collection":"devices","config":{"advanced":{},"chartType":"table","general":{}},"mode":"builder","query":{"cache":{},"dimensions":[{"field":["ministry","name"]}],"filter":{"$and":[]},"measures":[{"aggregation":"count","alias":"Submissions","field":["type"]}],"orders":[]},"transform":[]},"x-designer":"ChartRenderer.Designer","x-initializer":"ChartInitializers","x-uid":"kj95sgfplam"}},"type":"void","version":"2.0","x-component":"Grid.Col","x-uid":"yxq4kn1o58m"}},"type":"void","version":"2.0","x-component":"Grid.Row","x-index":1,"x-uid":"1tdx7wikiki"},"wrap":null}},"resourceName":"uiSchemas"},"header":{"x-hostname":"cmreport.dsti.gov.sl","x-locale":"en-US","x-role":"root","x-timezone":"-00:00"}},"reqId":"d72222e4-6d28-4fc3-be8b-aecb634da2b8","res":{"status":200},"responseTime":177,"timestamp":"2024-02-29T15:52:27.087Z"}
{"level":"info","message":"BEGIN: POST /api/charts:query","reqId":"1770c1e9-442d-4bea-aacb-f7ecaf5b2943","timestamp":"2024-02-29T15:53:34.910Z"}
{"can":null,"level":"info","message":"ctx permission","reqId":"1770c1e9-442d-4bea-aacb-f7ecaf5b2943","skip":true,"timestamp":"2024-02-29T15:53:34.935Z"}
{"level":"info","message":"acl params","reqId":"1770c1e9-442d-4bea-aacb-f7ecaf5b2943","timestamp":"2024-02-29T15:53:34.936Z"}
{"level":"info","message":"acl parsedParams","reqId":"1770c1e9-442d-4bea-aacb-f7ecaf5b2943","timestamp":"2024-02-29T15:53:34.936Z"}
{"level":"info","message":"END: POST /api/charts:query","req":{"action":{"actionName":"query","params":{"actionName":"query","resourceName":"charts","values":{"cache":{},"collection":"devices","dimensions":[{"field":["ministry","name"]}],"filter":{"$and":[{"type":{"$empty":true}}]},"measures":[{"aggregation":"count","alias":"Submissions","field":["type"]}],"orders":[],"uid":"recbwa4av0m"}},"resourceName":"charts"},"header":{"x-hostname":"cmreport.dsti.gov.sl","x-locale":"en-US","x-role":"root","x-timezone":"-00:00"}},"reqId":"1770c1e9-442d-4bea-aacb-f7ecaf5b2943","res":{"status":200},"responseTime":40,"timestamp":"2024-02-29T15:53:34.950Z"}
{"level":"info","message":"BEGIN: POST /api/charts:query","reqId":"aef9ffdf-65d0-44a4-ae29-8b4e09ec0f84","timestamp":"2024-02-29T15:54:22.667Z"}
{"can":null,"level":"info","message":"ctx permission","reqId":"aef9ffdf-65d0-44a4-ae29-8b4e09ec0f84","skip":true,"timestamp":"2024-02-29T15:54:22.692Z"}
{"level":"info","message":"acl params","reqId":"aef9ffdf-65d0-44a4-ae29-8b4e09ec0f84","timestamp":"2024-02-29T15:54:22.701Z"}
{"level":"info","message":"acl parsedParams","reqId":"aef9ffdf-65d0-44a4-ae29-8b4e09ec0f84","timestamp":"2024-02-29T15:54:22.702Z"}
{"level":"info","message":"END: POST /api/charts:query","req":{"action":{"actionName":"query","params":{"actionName":"query","resourceName":"charts","values":{"cache":{},"collection":"devices","dimensions":[{"field":["ministry","name"]}],"filter":{"$and":[{"ministry":{"id":{"$notExists":true}}}]},"measures":[{"aggregation":"count","alias":"Submissions","field":["type"]}],"orders":[],"uid":"recbwa4av0m"}},"resourceName":"charts"},"header":{"x-hostname":"cmreport.dsti.gov.sl","x-locale":"en-US","x-role":"root","x-timezone":"-00:00"}},"reqId":"aef9ffdf-65d0-44a4-ae29-8b4e09ec0f84","res":{"status":200},"responseTime":45,"timestamp":"2024-02-29T15:54:22.712Z"}
{"level":"info","message":"BEGIN: GET /api/uiSchemas:getProperties/ic05qq3jmex","reqId":"700fdaae-d31b-47fc-8c4c-4f6ae1332682","timestamp":"2024-02-29T15:55:41.246Z"}
{"can":{"action":"getProperties","resource":"uiSchemas","role":"root"},"level":"info","message":"ctx permission","reqId":"700fdaae-d31b-47fc-8c4c-4f6ae1332682","skip":true,"timestamp":"2024-02-29T15:55:41.267Z"}
{"level":"info","message":"acl params","reqId":"700fdaae-d31b-47fc-8c4c-4f6ae1332682","timestamp":"2024-02-29T15:55:41.273Z"}
{"level":"info","message":"acl parsedParams","reqId":"700fdaae-d31b-47fc-8c4c-4f6ae1332682","timestamp":"2024-02-29T15:55:41.274Z"}
{"level":"info","message":"END: GET /api/uiSchemas:getProperties/ic05qq3jmex","req":{"action":{"actionName":"getProperties","params":{"actionName":"getProperties","filterByTk":"ic05qq3jmex","resourceIndex":"ic05qq3jmex","resourceName":"uiSchemas"},"resourceName":"uiSchemas"},"header":{"x-hostname":"cmreport.dsti.gov.sl","x-locale":"en-US","x-role":"root","x-timezone":"-00:00"}},"reqId":"700fdaae-d31b-47fc-8c4c-4f6ae1332682","res":{"status":200},"responseTime":67,"timestamp":"2024-02-29T15:55:41.313Z"}
{"level":"info","message":"BEGIN: GET /api/uiSchemas:getProperties/3qs7ovsllv6","reqId":"4c2f5ad0-82bf-45f8-a782-9a960b2411a1","timestamp":"2024-02-29T15:55:46.273Z"}
{"can":{"action":"getProperties","resource":"uiSchemas","role":"root"},"level":"info","message":"ctx permission","reqId":"4c2f5ad0-82bf-45f8-a782-9a960b2411a1","skip":true,"timestamp":"2024-02-29T15:55:46.286Z"}
{"level":"info","message":"acl params","reqId":"4c2f5ad0-82bf-45f8-a782-9a960b2411a1","timestamp":"2024-02-29T15:55:46.287Z"}
{"level":"info","message":"acl parsedParams","reqId":"4c2f5ad0-82bf-45f8-a782-9a960b2411a1","timestamp":"2024-02-29T15:55:46.287Z"}
{"level":"info","message":"END: GET /api/uiSchemas:getProperties/3qs7ovsllv6","req":{"action":{"actionName":"getProperties","params":{"actionName":"getProperties","filterByTk":"3qs7ovsllv6","resourceIndex":"3qs7ovsllv6","resourceName":"uiSchemas"},"resourceName":"uiSchemas"},"header":{"x-hostname":"cmreport.dsti.gov.sl","x-locale":"en-US","x-role":"root","x-timezone":"-00:00"}},"reqId":"4c2f5ad0-82bf-45f8-a782-9a960b2411a1","res":{"status":200},"responseTime":25,"timestamp":"2024-02-29T15:55:46.298Z"}
{"level":"info","message":"BEGIN: GET /api/uiSchemas:getJsonSchema/1d4jybwhksc","reqId":"cfbc2918-5dbf-44f0-a80e-9bc124f462e9","timestamp":"2024-02-29T15:55:46.506Z"}
{"can":null,"level":"info","message":"ctx permission","reqId":"cfbc2918-5dbf-44f0-a80e-9bc124f462e9","skip":true,"timestamp":"2024-02-29T15:55:46.524Z"}
{"level":"info","message":"acl params","reqId":"cfbc2918-5dbf-44f0-a80e-9bc124f462e9","timestamp":"2024-02-29T15:55:46.525Z"}
{"level":"info","message":"acl parsedParams","reqId":"cfbc2918-5dbf-44f0-a80e-9bc124f462e9","timestamp":"2024-02-29T15:55:46.525Z"}
{"level":"info","message":"END: GET /api/uiSchemas:getJsonSchema/1d4jybwhksc","req":{"action":{"actionName":"getJsonSchema","params":{"actionName":"getJsonSchema","filterByTk":"1d4jybwhksc","resourceIndex":"1d4jybwhksc","resourceName":"uiSchemas"},"resourceName":"uiSchemas"},"header":{"x-hostname":"cmreport.dsti.gov.sl","x-locale":"en-US","x-role":"root","x-timezone":"-00:00"}},"reqId":"cfbc2918-5dbf-44f0-a80e-9bc124f462e9","res":{"status":200},"responseTime":57,"timestamp":"2024-02-29T15:55:46.563Z"}
{"level":"info","message":"BEGIN: GET /api/solutions:list?pageSize=20&appends%5B%5D=ministry&appends%5B%5D=fundingSources&appends%5B%5D=vendor&filter=%7B%22%24and%22%3A%5B%7B%22ministry%22%3A%7B%22id%22%3A%7B%22%24eq%22%3A%22%7B%7B%24user.ministry.id%7D%7D%22%7D%7D%7D%5D%7D","reqId":"a0772d5b-449a-4746-b46c-35b9547f0b93","timestamp":"2024-02-29T15:55:46.950Z"}
{"can":null,"level":"info","message":"ctx permission","reqId":"a0772d5b-449a-4746-b46c-35b9547f0b93","skip":true,"timestamp":"2024-02-29T15:55:46.978Z"}
{"level":"info","message":"acl params","reqId":"a0772d5b-449a-4746-b46c-35b9547f0b93","timestamp":"2024-02-29T15:55:46.978Z"}
{"level":"info","message":"acl parsedParams","reqId":"a0772d5b-449a-4746-b46c-35b9547f0b93","timestamp":"2024-02-29T15:55:46.978Z"}
{"level":"info","message":"filter-parse: ","reqId":"a0772d5b-449a-4746-b46c-35b9547f0b93","timestamp":"2024-02-29T15:55:46.979Z","userFields":["ministry.id"]}
{"$user":{"ministry":{"id":1}},"level":"info","message":"filter-parse: ","reqId":"a0772d5b-449a-4746-b46c-35b9547f0b93","timestamp":"2024-02-29T15:55:46.982Z"}
{"level":"info","message":"END: GET /api/solutions:list?pageSize=20&appends%5B%5D=ministry&appends%5B%5D=fundingSources&appends%5B%5D=vendor&filter=%7B%22%24and%22%3A%5B%7B%22ministry%22%3A%7B%22id%22%3A%7B%22%24eq%22%3A%22%7B%7B%24user.ministry.id%7D%7D%22%7D%7D%7D%5D%7D","req":{"action":{"actionName":"list","params":{"actionName":"list","appends":["ministry","fundingSources","vendor"],"filter":{"$and":[{"ministry":{"id":{"$eq":1}}}]},"pageSize":"20","resourceName":"solutions"},"resourceName":"solutions"},"header":{"x-hostname":"cmreport.dsti.gov.sl","x-locale":"en-US","x-role":"root","x-timezone":"-00:00"}},"reqId":"a0772d5b-449a-4746-b46c-35b9547f0b93","res":{"status":200},"responseTime":59,"timestamp":"2024-02-29T15:55:47.009Z"}
