{"level":"info","message":"BEGIN: GET /api/app:getLang?locale=en-US","reqId":"45ba32ed-6045-40e0-a76d-7a2579834fe7","timestamp":"2024-03-01T20:58:44.656Z"}
{"can":null,"level":"info","message":"ctx permission","reqId":"45ba32ed-6045-40e0-a76d-7a2579834fe7","skip":true,"timestamp":"2024-03-01T20:58:44.670Z"}
{"level":"info","message":"acl params","reqId":"45ba32ed-6045-40e0-a76d-7a2579834fe7","timestamp":"2024-03-01T20:58:44.675Z"}
{"level":"info","message":"acl parsedParams","reqId":"45ba32ed-6045-40e0-a76d-7a2579834fe7","timestamp":"2024-03-01T20:58:44.676Z"}
{"level":"info","message":"END: GET /api/app:getLang?locale=en-US","req":{"action":{"actionName":"getLang","params":{"actionName":"getLang","locale":"en-US","resourceName":"app"},"resourceName":"app"},"header":{"x-hostname":"cmreport.dsti.gov.sl","x-locale":"en-US","x-timezone":"-00:00"}},"reqId":"45ba32ed-6045-40e0-a76d-7a2579834fe7","res":{"status":200},"responseTime":31,"timestamp":"2024-03-01T20:58:44.687Z"}
{"level":"info","message":"BEGIN: GET /api/app:getPlugins","reqId":"727945cd-0470-477f-a437-885a027363cb","timestamp":"2024-03-01T20:58:45.146Z"}
{"can":null,"level":"info","message":"ctx permission","reqId":"727945cd-0470-477f-a437-885a027363cb","skip":true,"timestamp":"2024-03-01T20:58:45.154Z"}
{"level":"info","message":"acl params","reqId":"727945cd-0470-477f-a437-885a027363cb","timestamp":"2024-03-01T20:58:45.155Z"}
{"level":"info","message":"acl parsedParams","reqId":"727945cd-0470-477f-a437-885a027363cb","timestamp":"2024-03-01T20:58:45.165Z"}
{"level":"info","message":"END: GET /api/app:getPlugins","req":{"action":{"actionName":"getPlugins","params":{"actionName":"getPlugins","resourceName":"app"},"resourceName":"app"},"header":{"x-hostname":"cmreport.dsti.gov.sl","x-locale":"en-US","x-timezone":"-00:00"}},"reqId":"727945cd-0470-477f-a437-885a027363cb","res":{"status":200},"responseTime":32,"timestamp":"2024-03-01T20:58:45.178Z"}
{"level":"info","message":"BEGIN: GET /api/plugins/client/@nocobase/plugin-error-handler/index.js","reqId":"dc82c922-0bfb-4d9e-bae7-7d370aaa8e74","timestamp":"2024-03-01T20:58:45.437Z"}
{"level":"info","message":"END: GET /api/plugins/client/@nocobase/plugin-error-handler/index.js","req":{},"reqId":"dc82c922-0bfb-4d9e-bae7-7d370aaa8e74","res":{"status":304},"responseTime":2,"timestamp":"2024-03-01T20:58:45.439Z"}
{"level":"info","message":"BEGIN: GET /api/plugins/client/@nocobase/plugin-ui-schema-storage/index.js","reqId":"d2dcdc04-ad9d-492f-8b0a-ed1b6cc0d43f","timestamp":"2024-03-01T20:58:45.633Z"}
{"level":"info","message":"END: GET /api/plugins/client/@nocobase/plugin-ui-schema-storage/index.js","req":{},"reqId":"d2dcdc04-ad9d-492f-8b0a-ed1b6cc0d43f","res":{"status":304},"responseTime":4,"timestamp":"2024-03-01T20:58:45.637Z"}
{"level":"info","message":"BEGIN: GET /api/plugins/client/@nocobase/plugin-ui-routes-storage/index.js","reqId":"7a0cf0c6-5e5f-4cfe-ac17-1f52e32b3a88","timestamp":"2024-03-01T20:58:45.852Z"}
{"level":"info","message":"END: GET /api/plugins/client/@nocobase/plugin-ui-routes-storage/index.js","req":{},"reqId":"7a0cf0c6-5e5f-4cfe-ac17-1f52e32b3a88","res":{"status":304},"responseTime":6,"timestamp":"2024-03-01T20:58:45.857Z"}
{"level":"info","message":"BEGIN: GET /api/plugins/client/@nocobase/plugin-file-manager/index.js","reqId":"4388b539-b645-4ecb-a941-17ae1fb100a8","timestamp":"2024-03-01T20:58:46.022Z"}
{"level":"info","message":"END: GET /api/plugins/client/@nocobase/plugin-file-manager/index.js","req":{},"reqId":"4388b539-b645-4ecb-a941-17ae1fb100a8","res":{"status":304},"responseTime":8,"timestamp":"2024-03-01T20:58:46.030Z"}
{"level":"info","message":"BEGIN: GET /api/plugins/client/@nocobase/plugin-collection-manager/index.js","reqId":"2b6a281a-bdee-4e5e-91c3-c98bab3a6161","timestamp":"2024-03-01T20:58:46.251Z"}
{"level":"info","message":"END: GET /api/plugins/client/@nocobase/plugin-collection-manager/index.js","req":{},"reqId":"2b6a281a-bdee-4e5e-91c3-c98bab3a6161","res":{"status":304},"responseTime":6,"timestamp":"2024-03-01T20:58:46.257Z"}
{"level":"info","message":"BEGIN: GET /api/plugins/client/@nocobase/plugin-system-settings/index.js","reqId":"558506dd-a190-4a6b-a02f-4c62c8aaa523","timestamp":"2024-03-01T20:58:46.437Z"}
{"level":"info","message":"END: GET /api/plugins/client/@nocobase/plugin-system-settings/index.js","req":{},"reqId":"558506dd-a190-4a6b-a02f-4c62c8aaa523","res":{"status":304},"responseTime":1,"timestamp":"2024-03-01T20:58:46.438Z"}
{"level":"info","message":"BEGIN: GET /api/plugins/client/@nocobase/plugin-sequence-field/index.js","reqId":"6b978349-84e0-41c9-b239-f609e7775f06","timestamp":"2024-03-01T20:58:46.633Z"}
{"level":"info","message":"END: GET /api/plugins/client/@nocobase/plugin-sequence-field/index.js","req":{},"reqId":"6b978349-84e0-41c9-b239-f609e7775f06","res":{"status":304},"responseTime":1,"timestamp":"2024-03-01T20:58:46.634Z"}
{"level":"info","message":"BEGIN: GET /api/plugins/client/@nocobase/plugin-verification/index.js","reqId":"27bef0cf-b890-4362-9ef9-41e18a2ac862","timestamp":"2024-03-01T20:58:46.798Z"}
{"level":"info","message":"END: GET /api/plugins/client/@nocobase/plugin-verification/index.js","req":{},"reqId":"27bef0cf-b890-4362-9ef9-41e18a2ac862","res":{"status":304},"responseTime":8,"timestamp":"2024-03-01T20:58:46.806Z"}
{"level":"info","message":"BEGIN: GET /api/plugins/client/@nocobase/plugin-acl/index.js","reqId":"76e7668d-56f1-46a0-b799-459b3cf1a47b","timestamp":"2024-03-01T20:58:46.908Z"}
{"level":"info","message":"END: GET /api/plugins/client/@nocobase/plugin-acl/index.js","req":{},"reqId":"76e7668d-56f1-46a0-b799-459b3cf1a47b","res":{"status":304},"responseTime":3,"timestamp":"2024-03-01T20:58:46.912Z"}
{"level":"info","message":"BEGIN: GET /api/plugins/client/@nocobase/plugin-china-region/index.js","reqId":"f9285ae9-20b9-489e-a75f-df35a01d0558","timestamp":"2024-03-01T20:58:46.917Z"}
{"level":"info","message":"END: GET /api/plugins/client/@nocobase/plugin-china-region/index.js","req":{},"reqId":"f9285ae9-20b9-489e-a75f-df35a01d0558","res":{"status":304},"responseTime":2,"timestamp":"2024-03-01T20:58:46.919Z"}
{"level":"info","message":"BEGIN: GET /api/plugins/client/@nocobase/plugin-workflow/index.js","reqId":"9b2ec595-a21c-4eeb-9081-8240013231ed","timestamp":"2024-03-01T20:58:46.996Z"}
{"level":"info","message":"END: GET /api/plugins/client/@nocobase/plugin-workflow/index.js","req":{},"reqId":"9b2ec595-a21c-4eeb-9081-8240013231ed","res":{"status":304},"responseTime":2,"timestamp":"2024-03-01T20:58:46.997Z"}
{"level":"info","message":"BEGIN: GET /api/plugins/client/@nocobase/plugin-client/index.js","reqId":"b2e15ab2-3c5c-4d99-9f79-c209c1ebde74","timestamp":"2024-03-01T20:58:47.025Z"}
{"level":"info","message":"END: GET /api/plugins/client/@nocobase/plugin-client/index.js","req":{},"reqId":"b2e15ab2-3c5c-4d99-9f79-c209c1ebde74","res":{"status":304},"responseTime":4,"timestamp":"2024-03-01T20:58:47.029Z"}
{"level":"info","message":"BEGIN: GET /api/plugins/client/@nocobase/plugin-export/index.js","reqId":"73ee41d8-1524-435d-8239-223a16fd4a23","timestamp":"2024-03-01T20:58:47.081Z"}
{"level":"info","message":"END: GET /api/plugins/client/@nocobase/plugin-export/index.js","req":{},"reqId":"73ee41d8-1524-435d-8239-223a16fd4a23","res":{"status":304},"responseTime":2,"timestamp":"2024-03-01T20:58:47.083Z"}
{"level":"info","message":"BEGIN: GET /api/plugins/client/@nocobase/plugin-audit-logs/index.js","reqId":"cdcb9564-c68c-400e-a3f8-c4456683286e","timestamp":"2024-03-01T20:58:47.089Z"}
{"level":"info","message":"END: GET /api/plugins/client/@nocobase/plugin-audit-logs/index.js","req":{},"reqId":"cdcb9564-c68c-400e-a3f8-c4456683286e","res":{"status":304},"responseTime":1,"timestamp":"2024-03-01T20:58:47.090Z"}
{"level":"info","message":"BEGIN: GET /api/plugins/client/@nocobase/plugin-import/index.js","reqId":"31fd3c5c-75b3-425b-af90-600360335f91","timestamp":"2024-03-01T20:58:47.105Z"}
{"level":"info","message":"END: GET /api/plugins/client/@nocobase/plugin-import/index.js","req":{},"reqId":"31fd3c5c-75b3-425b-af90-600360335f91","res":{"status":304},"responseTime":4,"timestamp":"2024-03-01T20:58:47.109Z"}
{"level":"info","message":"BEGIN: GET /api/plugins/client/@nocobase/plugin-duplicator/index.js","reqId":"fb812f48-7d6c-4ed4-b0a0-c20249f79b2c","timestamp":"2024-03-01T20:58:47.233Z"}
{"level":"info","message":"BEGIN: GET /api/plugins/client/@nocobase/plugin-iframe-block/index.js","reqId":"3e50830a-f372-4e62-8fde-db8dd4fbfbfe","timestamp":"2024-03-01T20:58:47.234Z"}
{"level":"info","message":"END: GET /api/plugins/client/@nocobase/plugin-duplicator/index.js","req":{},"reqId":"fb812f48-7d6c-4ed4-b0a0-c20249f79b2c","res":{"status":304},"responseTime":2,"timestamp":"2024-03-01T20:58:47.235Z"}
{"level":"info","message":"END: GET /api/plugins/client/@nocobase/plugin-iframe-block/index.js","req":{},"reqId":"3e50830a-f372-4e62-8fde-db8dd4fbfbfe","res":{"status":304},"responseTime":2,"timestamp":"2024-03-01T20:58:47.236Z"}
{"level":"info","message":"BEGIN: GET /api/plugins/client/@nocobase/plugin-data-visualization/index.js","reqId":"0ed51ed2-0bd8-4b3f-952b-b3d2d37a3496","timestamp":"2024-03-01T20:58:47.285Z"}
{"level":"info","message":"END: GET /api/plugins/client/@nocobase/plugin-data-visualization/index.js","req":{},"reqId":"0ed51ed2-0bd8-4b3f-952b-b3d2d37a3496","res":{"status":304},"responseTime":2,"timestamp":"2024-03-01T20:58:47.287Z"}
{"level":"info","message":"BEGIN: GET /api/plugins/client/@nocobase/plugin-formula-field/index.js","reqId":"f23e116d-62ad-4ef0-9c97-d528ef432eda","timestamp":"2024-03-01T20:58:47.301Z"}
{"level":"info","message":"BEGIN: GET /api/plugins/client/@nocobase/plugin-charts/index.js","reqId":"07fce36a-7837-4237-873d-6fd1561ea8b4","timestamp":"2024-03-01T20:58:47.302Z"}
{"level":"info","message":"END: GET /api/plugins/client/@nocobase/plugin-charts/index.js","req":{},"reqId":"07fce36a-7837-4237-873d-6fd1561ea8b4","res":{"status":304},"responseTime":2,"timestamp":"2024-03-01T20:58:47.304Z"}
{"level":"info","message":"END: GET /api/plugins/client/@nocobase/plugin-formula-field/index.js","req":{},"reqId":"f23e116d-62ad-4ef0-9c97-d528ef432eda","res":{"status":304},"responseTime":4,"timestamp":"2024-03-01T20:58:47.305Z"}
{"level":"info","message":"BEGIN: GET /api/plugins/client/@nocobase/plugin-sms-auth/index.js","reqId":"66eed0ee-85e3-4757-97d4-8c848a858299","timestamp":"2024-03-01T20:58:47.453Z"}
{"level":"info","message":"BEGIN: GET /api/plugins/client/@nocobase/plugin-auth/index.js","reqId":"4a6ff48f-cca8-4593-9ec8-b35224161635","timestamp":"2024-03-01T20:58:47.454Z"}
{"level":"info","message":"END: GET /api/plugins/client/@nocobase/plugin-sms-auth/index.js","req":{},"reqId":"66eed0ee-85e3-4757-97d4-8c848a858299","res":{"status":304},"responseTime":2,"timestamp":"2024-03-01T20:58:47.455Z"}
{"level":"info","message":"END: GET /api/plugins/client/@nocobase/plugin-auth/index.js","req":{},"reqId":"4a6ff48f-cca8-4593-9ec8-b35224161635","res":{"status":304},"responseTime":2,"timestamp":"2024-03-01T20:58:47.456Z"}
{"level":"info","message":"BEGIN: GET /api/plugins/client/@nocobase/plugin-multi-app-manager/index.js","reqId":"d586b898-0256-4dce-b9ec-e0b34841ca87","timestamp":"2024-03-01T20:58:47.493Z"}
{"level":"info","message":"END: GET /api/plugins/client/@nocobase/plugin-multi-app-manager/index.js","req":{},"reqId":"d586b898-0256-4dce-b9ec-e0b34841ca87","res":{"status":304},"responseTime":3,"timestamp":"2024-03-01T20:58:47.496Z"}
{"level":"info","message":"BEGIN: GET /api/plugins/client/@nocobase/plugin-map/index.js","reqId":"5ad7d34c-3d9d-445c-a831-d089d16d4bbf","timestamp":"2024-03-01T20:58:47.510Z"}
{"level":"info","message":"END: GET /api/plugins/client/@nocobase/plugin-map/index.js","req":{},"reqId":"5ad7d34c-3d9d-445c-a831-d089d16d4bbf","res":{"status":304},"responseTime":4,"timestamp":"2024-03-01T20:58:47.513Z"}
{"level":"info","message":"BEGIN: GET /api/plugins/client/@nocobase/plugin-snapshot-field/index.js","reqId":"2ec3a467-f6d5-4181-a8ba-601ca80a010d","timestamp":"2024-03-01T20:58:47.557Z"}
{"level":"info","message":"END: GET /api/plugins/client/@nocobase/plugin-snapshot-field/index.js","req":{},"reqId":"2ec3a467-f6d5-4181-a8ba-601ca80a010d","res":{"status":304},"responseTime":4,"timestamp":"2024-03-01T20:58:47.561Z"}
{"level":"info","message":"BEGIN: GET /api/plugins/client/@nocobase/plugin-mobile-client/index.js","reqId":"19fed3e6-6a7f-4b7c-9fe6-3ca92156daa1","timestamp":"2024-03-01T20:58:47.661Z"}
{"level":"info","message":"BEGIN: GET /api/plugins/client/@nocobase/plugin-graph-collection-manager/index.js","reqId":"d199adaf-5dd5-4b66-9089-545456930cd4","timestamp":"2024-03-01T20:58:47.662Z"}
{"level":"info","message":"END: GET /api/plugins/client/@nocobase/plugin-graph-collection-manager/index.js","req":{},"reqId":"d199adaf-5dd5-4b66-9089-545456930cd4","res":{"status":304},"responseTime":2,"timestamp":"2024-03-01T20:58:47.664Z"}
{"level":"info","message":"END: GET /api/plugins/client/@nocobase/plugin-mobile-client/index.js","req":{},"reqId":"19fed3e6-6a7f-4b7c-9fe6-3ca92156daa1","res":{"status":304},"responseTime":5,"timestamp":"2024-03-01T20:58:47.666Z"}
{"level":"info","message":"BEGIN: GET /api/plugins/client/@nocobase/plugin-theme-editor/index.js","reqId":"ff50e11d-66d9-4dce-a5f0-80732a3b7cc3","timestamp":"2024-03-01T20:58:47.683Z"}
{"level":"info","message":"BEGIN: GET /api/plugins/client/@nocobase/plugin-api-keys/index.js","reqId":"6113329b-a7ba-4dfb-b80e-6126ed39ff2e","timestamp":"2024-03-01T20:58:47.691Z"}
{"level":"info","message":"END: GET /api/plugins/client/@nocobase/plugin-api-keys/index.js","req":{},"reqId":"6113329b-a7ba-4dfb-b80e-6126ed39ff2e","res":{"status":304},"responseTime":1,"timestamp":"2024-03-01T20:58:47.692Z"}
{"level":"info","message":"END: GET /api/plugins/client/@nocobase/plugin-theme-editor/index.js","req":{},"reqId":"ff50e11d-66d9-4dce-a5f0-80732a3b7cc3","res":{"status":304},"responseTime":22,"timestamp":"2024-03-01T20:58:47.705Z"}
{"level":"info","message":"BEGIN: GET /api/auth:check","reqId":"c277f3c0-a2e5-41a8-ab79-ed115abab995","timestamp":"2024-03-01T20:58:49.809Z"}
{"can":null,"level":"info","message":"ctx permission","reqId":"c277f3c0-a2e5-41a8-ab79-ed115abab995","skip":true,"timestamp":"2024-03-01T20:58:49.818Z"}
{"level":"info","message":"acl params","reqId":"c277f3c0-a2e5-41a8-ab79-ed115abab995","timestamp":"2024-03-01T20:58:49.818Z"}
{"level":"info","message":"acl parsedParams","reqId":"c277f3c0-a2e5-41a8-ab79-ed115abab995","timestamp":"2024-03-01T20:58:49.824Z"}
{"level":"info","message":"END: GET /api/auth:check","req":{"action":{"actionName":"check","params":{"actionName":"check","resourceName":"auth"},"resourceName":"auth"},"header":{"x-hostname":"cmreport.dsti.gov.sl","x-locale":"en-US","x-timezone":"-00:00"}},"reqId":"c277f3c0-a2e5-41a8-ab79-ed115abab995","res":{"status":200},"responseTime":23,"timestamp":"2024-03-01T20:58:49.832Z"}
{"level":"info","message":"BEGIN: GET /api/uiSchemaTemplates:list?appends%5B%5D=collection&paginate=false","reqId":"92069f82-218e-437d-95ae-9df4131f4114","timestamp":"2024-03-01T20:58:50.166Z"}
{"can":null,"level":"info","message":"ctx permission","reqId":"92069f82-218e-437d-95ae-9df4131f4114","timestamp":"2024-03-01T20:58:50.169Z"}
{"level":"error","message":"No permissions","reqId":"92069f82-218e-437d-95ae-9df4131f4114","stack":"ForbiddenError: No permissions\n    at Object.throw (/root/my-nocobase-app/node_modules/koa/lib/context.js:97:11)\n    at /root/my-nocobase-app/node_modules/@nocobase/acl/lib/acl.js:358:20\n    at Generator.next (<anonymous>)\n    at asyncGeneratorStep (/root/my-nocobase-app/node_modules/@nocobase/acl/lib/acl.js:42:103)\n    at _next (/root/my-nocobase-app/node_modules/@nocobase/acl/lib/acl.js:43:194)\n    at /root/my-nocobase-app/node_modules/@nocobase/acl/lib/acl.js:43:364\n    at new Promise (<anonymous>)\n    at /root/my-nocobase-app/node_modules/@nocobase/acl/lib/acl.js:43:97\n    at /root/my-nocobase-app/node_modules/@nocobase/acl/lib/acl.js:386:22\n    at dispatch (/root/my-nocobase-app/node_modules/koa-compose/index.js:42:32)","timestamp":"2024-03-01T20:58:50.170Z"}
{"errors":[{"message":"No permissions"}],"level":"warn","message":"END: GET /api/uiSchemaTemplates:list?appends%5B%5D=collection&paginate=false","req":{"action":{"actionName":"list","params":{"actionName":"list","appends":["collection"],"paginate":"false","resourceName":"uiSchemaTemplates"},"resourceName":"uiSchemaTemplates"},"header":{"x-hostname":"cmreport.dsti.gov.sl","x-locale":"en-US","x-timezone":"-00:00"}},"reqId":"92069f82-218e-437d-95ae-9df4131f4114","res":{"status":403},"responseTime":11,"timestamp":"2024-03-01T20:58:50.177Z"}
{"level":"info","message":"BEGIN: GET /api/systemSettings:get/1?appends=logo","reqId":"e1bd66d8-06cc-4391-9553-6bb94630bc2d","timestamp":"2024-03-01T20:58:50.435Z"}
{"can":null,"level":"info","message":"ctx permission","reqId":"e1bd66d8-06cc-4391-9553-6bb94630bc2d","skip":true,"timestamp":"2024-03-01T20:58:50.443Z"}
{"level":"info","message":"acl params","reqId":"e1bd66d8-06cc-4391-9553-6bb94630bc2d","timestamp":"2024-03-01T20:58:50.444Z"}
{"level":"info","message":"acl parsedParams","reqId":"e1bd66d8-06cc-4391-9553-6bb94630bc2d","timestamp":"2024-03-01T20:58:50.449Z"}
{"level":"info","message":"END: GET /api/systemSettings:get/1?appends=logo","req":{"action":{"actionName":"get","params":{"actionName":"get","appends":["logo"],"filterByTk":"1","resourceIndex":"1","resourceName":"systemSettings"},"resourceName":"systemSettings"},"header":{"x-hostname":"cmreport.dsti.gov.sl","x-locale":"en-US","x-timezone":"-00:00"}},"reqId":"e1bd66d8-06cc-4391-9553-6bb94630bc2d","res":{"status":200},"responseTime":30,"timestamp":"2024-03-01T20:58:50.466Z"}
{"level":"info","message":"BEGIN: GET /api/app:getInfo","reqId":"30882a46-5115-4da5-bcb0-178312ee2763","timestamp":"2024-03-01T20:58:50.844Z"}
{"can":null,"level":"info","message":"ctx permission","reqId":"30882a46-5115-4da5-bcb0-178312ee2763","skip":true,"timestamp":"2024-03-01T20:58:50.854Z"}
{"level":"info","message":"acl params","reqId":"30882a46-5115-4da5-bcb0-178312ee2763","timestamp":"2024-03-01T20:58:50.854Z"}
{"level":"info","message":"acl parsedParams","reqId":"30882a46-5115-4da5-bcb0-178312ee2763","timestamp":"2024-03-01T20:58:50.855Z"}
{"level":"info","message":"END: GET /api/app:getInfo","req":{"action":{"actionName":"getInfo","params":{"actionName":"getInfo","resourceName":"app"},"resourceName":"app"},"header":{"x-hostname":"cmreport.dsti.gov.sl","x-locale":"en-US","x-timezone":"-00:00"}},"reqId":"30882a46-5115-4da5-bcb0-178312ee2763","res":{"status":200},"responseTime":19,"timestamp":"2024-03-01T20:58:50.864Z"}
{"level":"info","message":"BEGIN: GET /api/themeConfig:list?sort=id&paginate=false","reqId":"ae2f3abe-c4e1-4b8e-a0b6-a61cd0102b77","timestamp":"2024-03-01T20:58:51.181Z"}
{"can":null,"level":"info","message":"ctx permission","reqId":"ae2f3abe-c4e1-4b8e-a0b6-a61cd0102b77","timestamp":"2024-03-01T20:58:51.189Z"}
{"level":"error","message":"No permissions","reqId":"ae2f3abe-c4e1-4b8e-a0b6-a61cd0102b77","stack":"ForbiddenError: No permissions\n    at Object.throw (/root/my-nocobase-app/node_modules/koa/lib/context.js:97:11)\n    at /root/my-nocobase-app/node_modules/@nocobase/acl/lib/acl.js:358:20\n    at Generator.next (<anonymous>)\n    at asyncGeneratorStep (/root/my-nocobase-app/node_modules/@nocobase/acl/lib/acl.js:42:103)\n    at _next (/root/my-nocobase-app/node_modules/@nocobase/acl/lib/acl.js:43:194)\n    at /root/my-nocobase-app/node_modules/@nocobase/acl/lib/acl.js:43:364\n    at new Promise (<anonymous>)\n    at /root/my-nocobase-app/node_modules/@nocobase/acl/lib/acl.js:43:97\n    at /root/my-nocobase-app/node_modules/@nocobase/acl/lib/acl.js:386:22\n    at dispatch (/root/my-nocobase-app/node_modules/koa-compose/index.js:42:32)","timestamp":"2024-03-01T20:58:51.190Z"}
{"errors":[{"message":"No permissions"}],"level":"warn","message":"END: GET /api/themeConfig:list?sort=id&paginate=false","req":{"action":{"actionName":"list","params":{"actionName":"list","paginate":"false","resourceName":"themeConfig","sort":["id"]},"resourceName":"themeConfig"},"header":{"x-hostname":"cmreport.dsti.gov.sl","x-locale":"en-US","x-timezone":"-00:00"}},"reqId":"ae2f3abe-c4e1-4b8e-a0b6-a61cd0102b77","res":{"status":403},"responseTime":9,"timestamp":"2024-03-01T20:58:51.190Z"}
{"level":"info","message":"BEGIN: GET /api/app:getInfo","reqId":"c8392530-98fd-487c-b66c-d304e2556b67","timestamp":"2024-03-01T20:58:51.436Z"}
{"can":null,"level":"info","message":"ctx permission","reqId":"c8392530-98fd-487c-b66c-d304e2556b67","skip":true,"timestamp":"2024-03-01T20:58:51.439Z"}
{"level":"info","message":"acl params","reqId":"c8392530-98fd-487c-b66c-d304e2556b67","timestamp":"2024-03-01T20:58:51.439Z"}
{"level":"info","message":"acl parsedParams","reqId":"c8392530-98fd-487c-b66c-d304e2556b67","timestamp":"2024-03-01T20:58:51.439Z"}
{"level":"info","message":"END: GET /api/app:getInfo","req":{"action":{"actionName":"getInfo","params":{"actionName":"getInfo","resourceName":"app"},"resourceName":"app"},"header":{"x-hostname":"cmreport.dsti.gov.sl","x-locale":"en-US","x-timezone":"-00:00"}},"reqId":"c8392530-98fd-487c-b66c-d304e2556b67","res":{"status":200},"responseTime":27,"timestamp":"2024-03-01T20:58:51.463Z"}
{"level":"info","message":"BEGIN: POST /api/authenticators:publicList","reqId":"30df6b75-fadd-4ff4-a6d3-9605b10e57eb","timestamp":"2024-03-01T20:58:51.714Z"}
{"can":null,"level":"info","message":"ctx permission","reqId":"30df6b75-fadd-4ff4-a6d3-9605b10e57eb","skip":true,"timestamp":"2024-03-01T20:58:51.717Z"}
{"level":"info","message":"acl params","reqId":"30df6b75-fadd-4ff4-a6d3-9605b10e57eb","timestamp":"2024-03-01T20:58:51.725Z"}
{"level":"info","message":"acl parsedParams","reqId":"30df6b75-fadd-4ff4-a6d3-9605b10e57eb","timestamp":"2024-03-01T20:58:51.725Z"}
{"level":"info","message":"END: POST /api/authenticators:publicList","req":{"action":{"actionName":"publicList","params":{"actionName":"publicList","resourceName":"authenticators"},"resourceName":"authenticators"},"header":{"x-hostname":"cmreport.dsti.gov.sl","x-locale":"en-US","x-timezone":"-00:00"}},"reqId":"30df6b75-fadd-4ff4-a6d3-9605b10e57eb","res":{"status":200},"responseTime":15,"timestamp":"2024-03-01T20:58:51.729Z"}
