{"level":"info","message":"BEGIN: GET /api/app:getLang?locale","reqId":"774abf2a-1407-47e0-b90e-8e6b228b5a87","timestamp":"2024-02-19T18:09:03.523Z"}
{"can":null,"level":"info","message":"ctx permission","reqId":"774abf2a-1407-47e0-b90e-8e6b228b5a87","skip":true,"timestamp":"2024-02-19T18:09:03.534Z"}
{"level":"info","message":"acl params","reqId":"774abf2a-1407-47e0-b90e-8e6b228b5a87","timestamp":"2024-02-19T18:09:03.535Z"}
{"level":"info","message":"acl parsedParams","reqId":"774abf2a-1407-47e0-b90e-8e6b228b5a87","timestamp":"2024-02-19T18:09:03.535Z"}
{"level":"info","message":"END: GET /api/app:getLang?locale","req":{"action":{"actionName":"getLang","params":{"actionName":"getLang","locale":null,"resourceName":"app"},"resourceName":"app"},"header":{"x-hostname":"cmreport.dsti.gov.sl","x-timezone":"-00:00"}},"reqId":"774abf2a-1407-47e0-b90e-8e6b228b5a87","res":{"status":200},"responseTime":14,"timestamp":"2024-02-19T18:09:03.537Z"}
{"level":"info","message":"BEGIN: GET /api/app:getPlugins","reqId":"a8ae9260-03f0-4922-b906-73d3a87c0d69","timestamp":"2024-02-19T18:09:05.143Z"}
{"can":null,"level":"info","message":"ctx permission","reqId":"a8ae9260-03f0-4922-b906-73d3a87c0d69","skip":true,"timestamp":"2024-02-19T18:09:05.146Z"}
{"level":"info","message":"acl params","reqId":"a8ae9260-03f0-4922-b906-73d3a87c0d69","timestamp":"2024-02-19T18:09:05.146Z"}
{"level":"info","message":"acl parsedParams","reqId":"a8ae9260-03f0-4922-b906-73d3a87c0d69","timestamp":"2024-02-19T18:09:05.146Z"}
{"level":"info","message":"END: GET /api/app:getPlugins","req":{"action":{"actionName":"getPlugins","params":{"actionName":"getPlugins","resourceName":"app"},"resourceName":"app"},"header":{"x-hostname":"cmreport.dsti.gov.sl","x-locale":"en-US","x-timezone":"-00:00"}},"reqId":"a8ae9260-03f0-4922-b906-73d3a87c0d69","res":{"status":200},"responseTime":13,"timestamp":"2024-02-19T18:09:05.156Z"}
{"level":"info","message":"BEGIN: GET /api/plugins/client/@nocobase/plugin-collection-manager/index.js","reqId":"c1028543-e7fd-47ab-8614-1fadd2addca3","timestamp":"2024-02-19T18:09:06.361Z"}
{"level":"info","message":"END: GET /api/plugins/client/@nocobase/plugin-collection-manager/index.js","req":{},"reqId":"c1028543-e7fd-47ab-8614-1fadd2addca3","res":{"status":200},"responseTime":2,"timestamp":"2024-02-19T18:09:06.363Z"}
{"level":"info","message":"BEGIN: GET /api/plugins/client/@nocobase/plugin-ui-schema-storage/index.js","reqId":"8205086e-feef-4b80-b8a1-412ea0b97831","timestamp":"2024-02-19T18:09:06.452Z"}
{"level":"info","message":"END: GET /api/plugins/client/@nocobase/plugin-ui-schema-storage/index.js","req":{},"reqId":"8205086e-feef-4b80-b8a1-412ea0b97831","res":{"status":200},"responseTime":2,"timestamp":"2024-02-19T18:09:06.454Z"}
{"level":"info","message":"BEGIN: GET /api/plugins/client/@nocobase/plugin-error-handler/index.js","reqId":"25987a64-c947-4c74-b8f9-584f65dd2731","timestamp":"2024-02-19T18:09:06.568Z"}
{"level":"info","message":"END: GET /api/plugins/client/@nocobase/plugin-error-handler/index.js","req":{},"reqId":"25987a64-c947-4c74-b8f9-584f65dd2731","res":{"status":200},"responseTime":2,"timestamp":"2024-02-19T18:09:06.570Z"}
{"level":"info","message":"BEGIN: GET /api/plugins/client/@nocobase/plugin-sequence-field/index.js","reqId":"24148a84-61a7-4bfa-909b-7b195511e55e","timestamp":"2024-02-19T18:09:07.245Z"}
{"level":"info","message":"END: GET /api/plugins/client/@nocobase/plugin-sequence-field/index.js","req":{},"reqId":"24148a84-61a7-4bfa-909b-7b195511e55e","res":{"status":200},"responseTime":2,"timestamp":"2024-02-19T18:09:07.247Z"}
{"level":"info","message":"BEGIN: GET /api/plugins/client/@nocobase/plugin-verification/index.js","reqId":"a82404b2-f8c5-48be-9b3a-a8067f5f60ae","timestamp":"2024-02-19T18:09:07.257Z"}
{"level":"info","message":"END: GET /api/plugins/client/@nocobase/plugin-verification/index.js","req":{},"reqId":"a82404b2-f8c5-48be-9b3a-a8067f5f60ae","res":{"status":200},"responseTime":2,"timestamp":"2024-02-19T18:09:07.259Z"}
{"level":"info","message":"BEGIN: GET /api/plugins/client/@nocobase/plugin-acl/index.js","reqId":"86f42e07-aa20-46ff-8173-6caa31273efe","timestamp":"2024-02-19T18:09:07.309Z"}
{"level":"info","message":"END: GET /api/plugins/client/@nocobase/plugin-acl/index.js","req":{},"reqId":"86f42e07-aa20-46ff-8173-6caa31273efe","res":{"status":200},"responseTime":12,"timestamp":"2024-02-19T18:09:07.321Z"}
{"level":"info","message":"BEGIN: GET /api/plugins/client/@nocobase/plugin-file-manager/index.js","reqId":"13e98ce0-71ea-4dd5-95a6-a45338ea9603","timestamp":"2024-02-19T18:09:07.391Z"}
{"level":"info","message":"END: GET /api/plugins/client/@nocobase/plugin-file-manager/index.js","req":{},"reqId":"13e98ce0-71ea-4dd5-95a6-a45338ea9603","res":{"status":200},"responseTime":2,"timestamp":"2024-02-19T18:09:07.393Z"}
{"level":"info","message":"BEGIN: GET /api/plugins/client/@nocobase/plugin-ui-routes-storage/index.js","reqId":"9a508026-c8c9-4c37-a519-569c1b658eea","timestamp":"2024-02-19T18:09:07.405Z"}
{"level":"info","message":"END: GET /api/plugins/client/@nocobase/plugin-ui-routes-storage/index.js","req":{},"reqId":"9a508026-c8c9-4c37-a519-569c1b658eea","res":{"status":200},"responseTime":2,"timestamp":"2024-02-19T18:09:07.407Z"}
{"level":"info","message":"BEGIN: GET /api/plugins/client/@nocobase/plugin-system-settings/index.js","reqId":"ab07660c-03aa-4653-ae1d-009f607283ed","timestamp":"2024-02-19T18:09:08.065Z"}
{"level":"info","message":"END: GET /api/plugins/client/@nocobase/plugin-system-settings/index.js","req":{},"reqId":"ab07660c-03aa-4653-ae1d-009f607283ed","res":{"status":200},"responseTime":2,"timestamp":"2024-02-19T18:09:08.067Z"}
{"level":"info","message":"BEGIN: GET /api/plugins/client/@nocobase/plugin-china-region/index.js","reqId":"eb2c3cae-b91f-4f39-928e-8c43f6545c17","timestamp":"2024-02-19T18:09:08.091Z"}
{"level":"info","message":"END: GET /api/plugins/client/@nocobase/plugin-china-region/index.js","req":{},"reqId":"eb2c3cae-b91f-4f39-928e-8c43f6545c17","res":{"status":200},"responseTime":2,"timestamp":"2024-02-19T18:09:08.093Z"}
{"level":"info","message":"BEGIN: GET /api/plugins/client/@nocobase/plugin-workflow/index.js","reqId":"ca83f3e5-eac8-4e3f-84bf-04c20ea01a6b","timestamp":"2024-02-19T18:09:08.154Z"}
{"level":"info","message":"END: GET /api/plugins/client/@nocobase/plugin-workflow/index.js","req":{},"reqId":"ca83f3e5-eac8-4e3f-84bf-04c20ea01a6b","res":{"status":200},"responseTime":3,"timestamp":"2024-02-19T18:09:08.156Z"}
{"level":"info","message":"BEGIN: GET /api/plugins/client/@nocobase/plugin-client/index.js","reqId":"803592f3-b822-407c-b300-b74786d60508","timestamp":"2024-02-19T18:09:08.178Z"}
{"level":"info","message":"END: GET /api/plugins/client/@nocobase/plugin-client/index.js","req":{},"reqId":"803592f3-b822-407c-b300-b74786d60508","res":{"status":200},"responseTime":3,"timestamp":"2024-02-19T18:09:08.180Z"}
{"level":"info","message":"BEGIN: GET /api/plugins/client/@nocobase/plugin-export/index.js","reqId":"9cc3c5af-34ca-4acf-87d7-91523ef7dc16","timestamp":"2024-02-19T18:09:08.189Z"}
{"level":"info","message":"END: GET /api/plugins/client/@nocobase/plugin-export/index.js","req":{},"reqId":"9cc3c5af-34ca-4acf-87d7-91523ef7dc16","res":{"status":200},"responseTime":1,"timestamp":"2024-02-19T18:09:08.190Z"}
{"level":"info","message":"BEGIN: GET /api/plugins/client/@nocobase/plugin-import/index.js","reqId":"0314f090-d780-4d24-80d1-c87c0007b31e","timestamp":"2024-02-19T18:09:08.201Z"}
{"level":"info","message":"END: GET /api/plugins/client/@nocobase/plugin-import/index.js","req":{},"reqId":"0314f090-d780-4d24-80d1-c87c0007b31e","res":{"status":200},"responseTime":2,"timestamp":"2024-02-19T18:09:08.203Z"}
{"level":"info","message":"BEGIN: GET /api/plugins/client/@nocobase/plugin-audit-logs/index.js","reqId":"4b7f31f9-3214-4f2a-8a4d-a6f87677c486","timestamp":"2024-02-19T18:09:08.385Z"}
{"level":"info","message":"END: GET /api/plugins/client/@nocobase/plugin-audit-logs/index.js","req":{},"reqId":"4b7f31f9-3214-4f2a-8a4d-a6f87677c486","res":{"status":200},"responseTime":1,"timestamp":"2024-02-19T18:09:08.386Z"}
{"level":"info","message":"BEGIN: GET /api/plugins/client/@nocobase/plugin-duplicator/index.js","reqId":"43c69b80-b1db-4d0f-9428-572d498a060c","timestamp":"2024-02-19T18:09:08.396Z"}
{"level":"info","message":"END: GET /api/plugins/client/@nocobase/plugin-duplicator/index.js","req":{},"reqId":"43c69b80-b1db-4d0f-9428-572d498a060c","res":{"status":200},"responseTime":9,"timestamp":"2024-02-19T18:09:08.405Z"}
{"level":"info","message":"BEGIN: GET /api/plugins/client/@nocobase/plugin-iframe-block/index.js","reqId":"d47bd20e-d3ab-4a60-b06e-acdc2b6b2cce","timestamp":"2024-02-19T18:09:08.406Z"}
{"level":"info","message":"BEGIN: GET /api/plugins/client/@nocobase/plugin-charts/index.js","reqId":"f48ffb20-7fb6-43a9-9c81-cc37815d44c5","timestamp":"2024-02-19T18:09:08.407Z"}
{"level":"info","message":"BEGIN: GET /api/plugins/client/@nocobase/plugin-formula-field/index.js","reqId":"87a39565-3d6b-4dc8-b0dc-dae0b27e6327","timestamp":"2024-02-19T18:09:08.407Z"}
{"level":"info","message":"END: GET /api/plugins/client/@nocobase/plugin-iframe-block/index.js","req":{},"reqId":"d47bd20e-d3ab-4a60-b06e-acdc2b6b2cce","res":{"status":200},"responseTime":2,"timestamp":"2024-02-19T18:09:08.408Z"}
{"level":"info","message":"END: GET /api/plugins/client/@nocobase/plugin-charts/index.js","req":{},"reqId":"f48ffb20-7fb6-43a9-9c81-cc37815d44c5","res":{"status":200},"responseTime":2,"timestamp":"2024-02-19T18:09:08.409Z"}
{"level":"info","message":"END: GET /api/plugins/client/@nocobase/plugin-formula-field/index.js","req":{},"reqId":"87a39565-3d6b-4dc8-b0dc-dae0b27e6327","res":{"status":200},"responseTime":14,"timestamp":"2024-02-19T18:09:08.421Z"}
{"level":"info","message":"BEGIN: GET /api/plugins/client/@nocobase/plugin-data-visualization/index.js","reqId":"74992dbb-98db-4f73-a84d-881cd034e6d9","timestamp":"2024-02-19T18:09:08.846Z"}
{"level":"info","message":"END: GET /api/plugins/client/@nocobase/plugin-data-visualization/index.js","req":{},"reqId":"74992dbb-98db-4f73-a84d-881cd034e6d9","res":{"status":200},"responseTime":2,"timestamp":"2024-02-19T18:09:08.848Z"}
{"level":"info","message":"BEGIN: GET /api/plugins/client/@nocobase/plugin-auth/index.js","reqId":"df3013fe-5268-4f08-b958-c154c03e0414","timestamp":"2024-02-19T18:09:08.866Z"}
{"level":"info","message":"END: GET /api/plugins/client/@nocobase/plugin-auth/index.js","req":{},"reqId":"df3013fe-5268-4f08-b958-c154c03e0414","res":{"status":200},"responseTime":51,"timestamp":"2024-02-19T18:09:08.917Z"}
{"level":"info","message":"BEGIN: GET /api/plugins/client/@nocobase/plugin-multi-app-manager/index.js","reqId":"d1c4e62b-866c-4624-bb26-d71fd86a89d2","timestamp":"2024-02-19T18:09:08.947Z"}
{"level":"info","message":"BEGIN: GET /api/plugins/client/@nocobase/plugin-map/index.js","reqId":"33b43e4c-54a9-4992-af93-3a5533669eb4","timestamp":"2024-02-19T18:09:08.973Z"}
{"level":"info","message":"BEGIN: GET /api/plugins/client/@nocobase/plugin-snapshot-field/index.js","reqId":"9e1ab704-eb57-463d-bb02-d786bde51edf","timestamp":"2024-02-19T18:09:08.973Z"}
{"level":"info","message":"BEGIN: GET /api/plugins/client/@nocobase/plugin-sms-auth/index.js","reqId":"c36f9412-7695-4540-a839-db587bc226d4","timestamp":"2024-02-19T18:09:08.974Z"}
{"level":"info","message":"END: GET /api/plugins/client/@nocobase/plugin-multi-app-manager/index.js","req":{},"reqId":"d1c4e62b-866c-4624-bb26-d71fd86a89d2","res":{"status":200},"responseTime":36,"timestamp":"2024-02-19T18:09:08.983Z"}
{"level":"info","message":"END: GET /api/plugins/client/@nocobase/plugin-map/index.js","req":{},"reqId":"33b43e4c-54a9-4992-af93-3a5533669eb4","res":{"status":200},"responseTime":33,"timestamp":"2024-02-19T18:09:09.006Z"}
{"level":"info","message":"END: GET /api/plugins/client/@nocobase/plugin-snapshot-field/index.js","req":{},"reqId":"9e1ab704-eb57-463d-bb02-d786bde51edf","res":{"status":200},"responseTime":35,"timestamp":"2024-02-19T18:09:09.008Z"}
{"level":"info","message":"END: GET /api/plugins/client/@nocobase/plugin-sms-auth/index.js","req":{},"reqId":"c36f9412-7695-4540-a839-db587bc226d4","res":{"status":200},"responseTime":49,"timestamp":"2024-02-19T18:09:09.023Z"}
{"level":"info","message":"BEGIN: GET /api/plugins/client/@nocobase/plugin-graph-collection-manager/index.js","reqId":"37057597-20ba-49ce-81e4-d8d9a1120a36","timestamp":"2024-02-19T18:09:09.241Z"}
{"level":"info","message":"END: GET /api/plugins/client/@nocobase/plugin-graph-collection-manager/index.js","req":{},"reqId":"37057597-20ba-49ce-81e4-d8d9a1120a36","res":{"status":200},"responseTime":3,"timestamp":"2024-02-19T18:09:09.244Z"}
{"level":"info","message":"BEGIN: GET /api/plugins/client/@nocobase/plugin-mobile-client/index.js","reqId":"9eda6843-c676-472a-8579-1c445f80fce1","timestamp":"2024-02-19T18:09:09.480Z"}
{"level":"info","message":"END: GET /api/plugins/client/@nocobase/plugin-mobile-client/index.js","req":{},"reqId":"9eda6843-c676-472a-8579-1c445f80fce1","res":{"status":200},"responseTime":2,"timestamp":"2024-02-19T18:09:09.482Z"}
{"level":"info","message":"BEGIN: GET /api/plugins/client/@nocobase/plugin-api-keys/index.js","reqId":"45312856-1a5d-4852-a95e-c3c7857788fd","timestamp":"2024-02-19T18:09:09.537Z"}
{"level":"info","message":"END: GET /api/plugins/client/@nocobase/plugin-api-keys/index.js","req":{},"reqId":"45312856-1a5d-4852-a95e-c3c7857788fd","res":{"status":200},"responseTime":2,"timestamp":"2024-02-19T18:09:09.539Z"}
{"level":"info","message":"BEGIN: GET /api/plugins/client/@nocobase/plugin-theme-editor/index.js","reqId":"95cc5a56-a0eb-4940-af72-464b102ace9d","timestamp":"2024-02-19T18:09:09.617Z"}
{"level":"info","message":"END: GET /api/plugins/client/@nocobase/plugin-theme-editor/index.js","req":{},"reqId":"95cc5a56-a0eb-4940-af72-464b102ace9d","res":{"status":200},"responseTime":2,"timestamp":"2024-02-19T18:09:09.619Z"}
{"level":"info","message":"BEGIN: GET /api/app:getLang?locale=en-US","reqId":"0ab65ee0-4eb1-4b68-9f27-b1a238e3d44a","timestamp":"2024-02-19T18:16:02.686Z"}
{"can":null,"level":"info","message":"ctx permission","reqId":"0ab65ee0-4eb1-4b68-9f27-b1a238e3d44a","skip":true,"timestamp":"2024-02-19T18:16:02.690Z"}
{"level":"info","message":"acl params","reqId":"0ab65ee0-4eb1-4b68-9f27-b1a238e3d44a","timestamp":"2024-02-19T18:16:02.691Z"}
{"level":"info","message":"acl parsedParams","reqId":"0ab65ee0-4eb1-4b68-9f27-b1a238e3d44a","timestamp":"2024-02-19T18:16:02.691Z"}
{"level":"info","message":"END: GET /api/app:getLang?locale=en-US","req":{"action":{"actionName":"getLang","params":{"actionName":"getLang","locale":"en-US","resourceName":"app"},"resourceName":"app"},"header":{"x-hostname":"cmreport.dsti.gov.sl","x-locale":"en-US","x-timezone":"-00:00"}},"reqId":"0ab65ee0-4eb1-4b68-9f27-b1a238e3d44a","res":{"status":200},"responseTime":16,"timestamp":"2024-02-19T18:16:02.702Z"}
{"level":"info","message":"BEGIN: GET /api/app:getPlugins","reqId":"cf3e5c31-f527-439c-b4cc-d792eec0b197","timestamp":"2024-02-19T18:16:03.871Z"}
{"can":null,"level":"info","message":"ctx permission","reqId":"cf3e5c31-f527-439c-b4cc-d792eec0b197","skip":true,"timestamp":"2024-02-19T18:16:03.873Z"}
{"level":"info","message":"acl params","reqId":"cf3e5c31-f527-439c-b4cc-d792eec0b197","timestamp":"2024-02-19T18:16:03.874Z"}
{"level":"info","message":"acl parsedParams","reqId":"cf3e5c31-f527-439c-b4cc-d792eec0b197","timestamp":"2024-02-19T18:16:03.881Z"}
{"level":"info","message":"END: GET /api/app:getPlugins","req":{"action":{"actionName":"getPlugins","params":{"actionName":"getPlugins","resourceName":"app"},"resourceName":"app"},"header":{"x-hostname":"cmreport.dsti.gov.sl","x-locale":"en-US","x-timezone":"-00:00"}},"reqId":"cf3e5c31-f527-439c-b4cc-d792eec0b197","res":{"status":200},"responseTime":24,"timestamp":"2024-02-19T18:16:03.894Z"}
{"level":"info","message":"BEGIN: GET /api/plugins/client/@nocobase/plugin-error-handler/index.js","reqId":"b1499e0c-0a45-4435-83ed-104aebcffa9e","timestamp":"2024-02-19T18:16:04.532Z"}
{"level":"info","message":"END: GET /api/plugins/client/@nocobase/plugin-error-handler/index.js","req":{},"reqId":"b1499e0c-0a45-4435-83ed-104aebcffa9e","res":{"status":304},"responseTime":1,"timestamp":"2024-02-19T18:16:04.533Z"}
{"level":"info","message":"BEGIN: GET /api/plugins/client/@nocobase/plugin-ui-schema-storage/index.js","reqId":"9ee4a81c-d53a-4620-8dc7-cb3febf17526","timestamp":"2024-02-19T18:16:04.545Z"}
{"level":"info","message":"BEGIN: GET /api/plugins/client/@nocobase/plugin-collection-manager/index.js","reqId":"53764dbc-8216-4332-a051-51f37d3eea94","timestamp":"2024-02-19T18:16:04.547Z"}
{"level":"info","message":"END: GET /api/plugins/client/@nocobase/plugin-ui-schema-storage/index.js","req":{},"reqId":"9ee4a81c-d53a-4620-8dc7-cb3febf17526","res":{"status":304},"responseTime":2,"timestamp":"2024-02-19T18:16:04.547Z"}
{"level":"info","message":"END: GET /api/plugins/client/@nocobase/plugin-collection-manager/index.js","req":{},"reqId":"53764dbc-8216-4332-a051-51f37d3eea94","res":{"status":304},"responseTime":1,"timestamp":"2024-02-19T18:16:04.548Z"}
{"level":"info","message":"BEGIN: GET /api/plugins/client/@nocobase/plugin-system-settings/index.js","reqId":"468ed4cf-52da-426f-884c-db83783b878e","timestamp":"2024-02-19T18:16:04.561Z"}
{"level":"info","message":"END: GET /api/plugins/client/@nocobase/plugin-system-settings/index.js","req":{},"reqId":"468ed4cf-52da-426f-884c-db83783b878e","res":{"status":304},"responseTime":1,"timestamp":"2024-02-19T18:16:04.562Z"}
{"level":"info","message":"BEGIN: GET /api/plugins/client/@nocobase/plugin-sequence-field/index.js","reqId":"796f6bf7-4d1b-4a78-8007-fe420eefa799","timestamp":"2024-02-19T18:16:04.929Z"}
{"level":"info","message":"END: GET /api/plugins/client/@nocobase/plugin-sequence-field/index.js","req":{},"reqId":"796f6bf7-4d1b-4a78-8007-fe420eefa799","res":{"status":304},"responseTime":1,"timestamp":"2024-02-19T18:16:04.930Z"}
{"level":"info","message":"BEGIN: GET /api/plugins/client/@nocobase/plugin-verification/index.js","reqId":"cd983cf9-a556-498a-9c16-93f6558ae5d4","timestamp":"2024-02-19T18:16:04.951Z"}
{"level":"info","message":"END: GET /api/plugins/client/@nocobase/plugin-verification/index.js","req":{},"reqId":"cd983cf9-a556-498a-9c16-93f6558ae5d4","res":{"status":304},"responseTime":1,"timestamp":"2024-02-19T18:16:04.952Z"}
{"level":"info","message":"BEGIN: GET /api/plugins/client/@nocobase/plugin-acl/index.js","reqId":"7c0e9074-7621-42cb-ab59-ab73caee4cf4","timestamp":"2024-02-19T18:16:04.956Z"}
{"level":"info","message":"END: GET /api/plugins/client/@nocobase/plugin-acl/index.js","req":{},"reqId":"7c0e9074-7621-42cb-ab59-ab73caee4cf4","res":{"status":304},"responseTime":0,"timestamp":"2024-02-19T18:16:04.957Z"}
{"level":"info","message":"BEGIN: GET /api/plugins/client/@nocobase/plugin-ui-routes-storage/index.js","reqId":"4a1ff57c-402e-4f7f-87c4-dc5e95cc6644","timestamp":"2024-02-19T18:16:04.980Z"}
{"level":"info","message":"END: GET /api/plugins/client/@nocobase/plugin-ui-routes-storage/index.js","req":{},"reqId":"4a1ff57c-402e-4f7f-87c4-dc5e95cc6644","res":{"status":304},"responseTime":0,"timestamp":"2024-02-19T18:16:04.980Z"}
{"level":"info","message":"BEGIN: GET /api/plugins/client/@nocobase/plugin-china-region/index.js","reqId":"9dc353e7-a9e8-454d-9b25-7940c775e614","timestamp":"2024-02-19T18:16:04.995Z"}
{"level":"info","message":"END: GET /api/plugins/client/@nocobase/plugin-china-region/index.js","req":{},"reqId":"9dc353e7-a9e8-454d-9b25-7940c775e614","res":{"status":304},"responseTime":1,"timestamp":"2024-02-19T18:16:04.996Z"}
{"level":"info","message":"BEGIN: GET /api/plugins/client/@nocobase/plugin-file-manager/index.js","reqId":"375ed130-41e2-40dc-a9e5-a9bbc84f9c76","timestamp":"2024-02-19T18:16:05.002Z"}
{"level":"info","message":"END: GET /api/plugins/client/@nocobase/plugin-file-manager/index.js","req":{},"reqId":"375ed130-41e2-40dc-a9e5-a9bbc84f9c76","res":{"status":304},"responseTime":1,"timestamp":"2024-02-19T18:16:05.003Z"}
{"level":"info","message":"BEGIN: GET /api/plugins/client/@nocobase/plugin-client/index.js","reqId":"282f3ac2-3991-48c7-9d0c-dc4e0a985339","timestamp":"2024-02-19T18:16:05.642Z"}
{"level":"info","message":"END: GET /api/plugins/client/@nocobase/plugin-client/index.js","req":{},"reqId":"282f3ac2-3991-48c7-9d0c-dc4e0a985339","res":{"status":304},"responseTime":0,"timestamp":"2024-02-19T18:16:05.642Z"}
{"level":"info","message":"BEGIN: GET /api/plugins/client/@nocobase/plugin-export/index.js","reqId":"0c3bb3e4-d99a-450c-9ec9-58093b4d578b","timestamp":"2024-02-19T18:16:05.646Z"}
{"level":"info","message":"END: GET /api/plugins/client/@nocobase/plugin-export/index.js","req":{},"reqId":"0c3bb3e4-d99a-450c-9ec9-58093b4d578b","res":{"status":304},"responseTime":1,"timestamp":"2024-02-19T18:16:05.647Z"}
{"level":"info","message":"BEGIN: GET /api/plugins/client/@nocobase/plugin-workflow/index.js","reqId":"a2260e1f-6cd2-4b69-88fc-08511ccf9fb6","timestamp":"2024-02-19T18:16:05.650Z"}
{"level":"info","message":"END: GET /api/plugins/client/@nocobase/plugin-workflow/index.js","req":{},"reqId":"a2260e1f-6cd2-4b69-88fc-08511ccf9fb6","res":{"status":304},"responseTime":0,"timestamp":"2024-02-19T18:16:05.650Z"}
{"level":"info","message":"BEGIN: GET /api/plugins/client/@nocobase/plugin-import/index.js","reqId":"a66f9641-a59e-4c6a-b610-f2e1351504cb","timestamp":"2024-02-19T18:16:05.661Z"}
{"level":"info","message":"END: GET /api/plugins/client/@nocobase/plugin-import/index.js","req":{},"reqId":"a66f9641-a59e-4c6a-b610-f2e1351504cb","res":{"status":304},"responseTime":1,"timestamp":"2024-02-19T18:16:05.662Z"}
{"level":"info","message":"BEGIN: GET /api/plugins/client/@nocobase/plugin-audit-logs/index.js","reqId":"4916b344-3f8a-481a-94de-708e58d8259d","timestamp":"2024-02-19T18:16:05.686Z"}
{"level":"info","message":"END: GET /api/plugins/client/@nocobase/plugin-audit-logs/index.js","req":{},"reqId":"4916b344-3f8a-481a-94de-708e58d8259d","res":{"status":304},"responseTime":1,"timestamp":"2024-02-19T18:16:05.687Z"}
{"level":"info","message":"BEGIN: GET /api/plugins/client/@nocobase/plugin-duplicator/index.js","reqId":"c8a975eb-c012-42f8-986c-3c5a1f792ca5","timestamp":"2024-02-19T18:16:05.696Z"}
{"level":"info","message":"END: GET /api/plugins/client/@nocobase/plugin-duplicator/index.js","req":{},"reqId":"c8a975eb-c012-42f8-986c-3c5a1f792ca5","res":{"status":304},"responseTime":1,"timestamp":"2024-02-19T18:16:05.697Z"}
{"level":"info","message":"BEGIN: GET /api/plugins/client/@nocobase/plugin-iframe-block/index.js","reqId":"5920eff1-f550-4ef1-a1e6-b6f0407a32fb","timestamp":"2024-02-19T18:16:05.905Z"}
{"level":"info","message":"BEGIN: GET /api/plugins/client/@nocobase/plugin-formula-field/index.js","reqId":"f0970a53-ab91-454d-ba99-3f08f94c8ca0","timestamp":"2024-02-19T18:16:05.906Z"}
{"level":"info","message":"END: GET /api/plugins/client/@nocobase/plugin-formula-field/index.js","req":{},"reqId":"f0970a53-ab91-454d-ba99-3f08f94c8ca0","res":{"status":304},"responseTime":0,"timestamp":"2024-02-19T18:16:05.906Z"}
{"level":"info","message":"END: GET /api/plugins/client/@nocobase/plugin-iframe-block/index.js","req":{},"reqId":"5920eff1-f550-4ef1-a1e6-b6f0407a32fb","res":{"status":304},"responseTime":2,"timestamp":"2024-02-19T18:16:05.907Z"}
{"level":"info","message":"BEGIN: GET /api/plugins/client/@nocobase/plugin-charts/index.js","reqId":"90647da3-8fc0-49b7-b217-f9399f6cc7f0","timestamp":"2024-02-19T18:16:05.921Z"}
{"level":"info","message":"END: GET /api/plugins/client/@nocobase/plugin-charts/index.js","req":{},"reqId":"90647da3-8fc0-49b7-b217-f9399f6cc7f0","res":{"status":304},"responseTime":1,"timestamp":"2024-02-19T18:16:05.922Z"}
{"level":"info","message":"BEGIN: GET /api/plugins/client/@nocobase/plugin-auth/index.js","reqId":"02e0cf3f-fef6-4e8f-a64b-93882a0d027b","timestamp":"2024-02-19T18:16:05.932Z"}
{"level":"info","message":"END: GET /api/plugins/client/@nocobase/plugin-auth/index.js","req":{},"reqId":"02e0cf3f-fef6-4e8f-a64b-93882a0d027b","res":{"status":304},"responseTime":1,"timestamp":"2024-02-19T18:16:05.933Z"}
{"level":"info","message":"BEGIN: GET /api/plugins/client/@nocobase/plugin-sms-auth/index.js","reqId":"87ffcbb8-5c1b-4572-a9cd-85c5c4b49b61","timestamp":"2024-02-19T18:16:05.987Z"}
{"level":"info","message":"END: GET /api/plugins/client/@nocobase/plugin-sms-auth/index.js","req":{},"reqId":"87ffcbb8-5c1b-4572-a9cd-85c5c4b49b61","res":{"status":304},"responseTime":1,"timestamp":"2024-02-19T18:16:05.988Z"}
{"level":"info","message":"BEGIN: GET /api/plugins/client/@nocobase/plugin-multi-app-manager/index.js","reqId":"a7adf40e-2beb-4e15-ba8b-f0d7724c91db","timestamp":"2024-02-19T18:16:05.991Z"}
{"level":"info","message":"END: GET /api/plugins/client/@nocobase/plugin-multi-app-manager/index.js","req":{},"reqId":"a7adf40e-2beb-4e15-ba8b-f0d7724c91db","res":{"status":304},"responseTime":1,"timestamp":"2024-02-19T18:16:05.991Z"}
{"level":"info","message":"BEGIN: GET /api/plugins/client/@nocobase/plugin-map/index.js","reqId":"60431452-1e19-4f76-8d8b-681497607cdf","timestamp":"2024-02-19T18:16:06.221Z"}
{"level":"info","message":"BEGIN: GET /api/plugins/client/@nocobase/plugin-snapshot-field/index.js","reqId":"c436203e-761c-444b-8d09-ff34a59722c5","timestamp":"2024-02-19T18:16:06.222Z"}
{"level":"info","message":"END: GET /api/plugins/client/@nocobase/plugin-map/index.js","req":{},"reqId":"60431452-1e19-4f76-8d8b-681497607cdf","res":{"status":304},"responseTime":1,"timestamp":"2024-02-19T18:16:06.222Z"}
{"level":"info","message":"END: GET /api/plugins/client/@nocobase/plugin-snapshot-field/index.js","req":{},"reqId":"c436203e-761c-444b-8d09-ff34a59722c5","res":{"status":304},"responseTime":1,"timestamp":"2024-02-19T18:16:06.223Z"}
{"level":"info","message":"BEGIN: GET /api/plugins/client/@nocobase/plugin-mobile-client/index.js","reqId":"4ef0942d-f8ac-428b-9023-5dae621b1e91","timestamp":"2024-02-19T18:16:06.237Z"}
{"level":"info","message":"BEGIN: GET /api/plugins/client/@nocobase/plugin-api-keys/index.js","reqId":"e654b705-ed83-418a-9ade-a3335a5a0bbf","timestamp":"2024-02-19T18:16:06.238Z"}
{"level":"info","message":"END: GET /api/plugins/client/@nocobase/plugin-mobile-client/index.js","req":{},"reqId":"4ef0942d-f8ac-428b-9023-5dae621b1e91","res":{"status":304},"responseTime":2,"timestamp":"2024-02-19T18:16:06.239Z"}
{"level":"info","message":"END: GET /api/plugins/client/@nocobase/plugin-api-keys/index.js","req":{},"reqId":"e654b705-ed83-418a-9ade-a3335a5a0bbf","res":{"status":304},"responseTime":1,"timestamp":"2024-02-19T18:16:06.239Z"}
{"level":"info","message":"BEGIN: GET /api/plugins/client/@nocobase/plugin-theme-editor/index.js","reqId":"64139247-826d-40fd-894b-f8e71f3aed68","timestamp":"2024-02-19T18:16:06.277Z"}
{"level":"info","message":"END: GET /api/plugins/client/@nocobase/plugin-theme-editor/index.js","req":{},"reqId":"64139247-826d-40fd-894b-f8e71f3aed68","res":{"status":304},"responseTime":1,"timestamp":"2024-02-19T18:16:06.277Z"}
{"level":"info","message":"BEGIN: GET /api/plugins/client/@nocobase/plugin-data-visualization/index.js","reqId":"af9c78f1-63dc-4e43-86ce-4ee931fb39bf","timestamp":"2024-02-19T18:16:06.285Z"}
{"level":"info","message":"END: GET /api/plugins/client/@nocobase/plugin-data-visualization/index.js","req":{},"reqId":"af9c78f1-63dc-4e43-86ce-4ee931fb39bf","res":{"status":304},"responseTime":4,"timestamp":"2024-02-19T18:16:06.289Z"}
{"level":"info","message":"BEGIN: GET /api/plugins/client/@nocobase/plugin-graph-collection-manager/index.js","reqId":"b2b60fc3-e294-4d13-9959-7328aa5dcbb4","timestamp":"2024-02-19T18:16:06.460Z"}
{"level":"info","message":"END: GET /api/plugins/client/@nocobase/plugin-graph-collection-manager/index.js","req":{},"reqId":"b2b60fc3-e294-4d13-9959-7328aa5dcbb4","res":{"status":304},"responseTime":1,"timestamp":"2024-02-19T18:16:06.461Z"}
{"level":"info","message":"BEGIN: GET /api/auth:check","reqId":"db3c3524-1dd4-4649-8b46-70a7b05b280e","timestamp":"2024-02-19T18:16:06.828Z"}
{"can":null,"level":"info","message":"ctx permission","reqId":"db3c3524-1dd4-4649-8b46-70a7b05b280e","skip":true,"timestamp":"2024-02-19T18:16:06.833Z"}
{"level":"info","message":"acl params","reqId":"db3c3524-1dd4-4649-8b46-70a7b05b280e","timestamp":"2024-02-19T18:16:06.834Z"}
{"level":"info","message":"acl parsedParams","reqId":"db3c3524-1dd4-4649-8b46-70a7b05b280e","timestamp":"2024-02-19T18:16:06.834Z"}
{"level":"info","message":"END: GET /api/auth:check","req":{"action":{"actionName":"check","params":{"actionName":"check","resourceName":"auth"},"resourceName":"auth"},"header":{"x-hostname":"cmreport.dsti.gov.sl","x-locale":"en-US","x-timezone":"-00:00"}},"reqId":"db3c3524-1dd4-4649-8b46-70a7b05b280e","res":{"status":200},"responseTime":7,"timestamp":"2024-02-19T18:16:06.835Z"}
{"level":"info","message":"BEGIN: GET /api/uiSchemaTemplates:list?appends%5B%5D=collection&paginate=false","reqId":"b20a12b0-2cfe-4ea2-b659-7ec67fc3cad8","timestamp":"2024-02-19T18:16:07.169Z"}
{"can":null,"level":"info","message":"ctx permission","reqId":"b20a12b0-2cfe-4ea2-b659-7ec67fc3cad8","timestamp":"2024-02-19T18:16:07.177Z"}
{"level":"error","message":"No permissions","reqId":"b20a12b0-2cfe-4ea2-b659-7ec67fc3cad8","stack":"ForbiddenError: No permissions\n    at Object.throw (/root/my-nocobase-app/node_modules/koa/lib/context.js:97:11)\n    at /root/my-nocobase-app/node_modules/@nocobase/acl/lib/acl.js:358:20\n    at Generator.next (<anonymous>)\n    at asyncGeneratorStep (/root/my-nocobase-app/node_modules/@nocobase/acl/lib/acl.js:42:103)\n    at _next (/root/my-nocobase-app/node_modules/@nocobase/acl/lib/acl.js:43:194)\n    at /root/my-nocobase-app/node_modules/@nocobase/acl/lib/acl.js:43:364\n    at new Promise (<anonymous>)\n    at /root/my-nocobase-app/node_modules/@nocobase/acl/lib/acl.js:43:97\n    at /root/my-nocobase-app/node_modules/@nocobase/acl/lib/acl.js:386:22\n    at dispatch (/root/my-nocobase-app/node_modules/koa-compose/index.js:42:32)","timestamp":"2024-02-19T18:16:07.178Z"}
{"errors":[{"message":"No permissions"}],"level":"warn","message":"END: GET /api/uiSchemaTemplates:list?appends%5B%5D=collection&paginate=false","req":{"action":{"actionName":"list","params":{"actionName":"list","appends":["collection"],"paginate":"false","resourceName":"uiSchemaTemplates"},"resourceName":"uiSchemaTemplates"},"header":{"x-hostname":"cmreport.dsti.gov.sl","x-locale":"en-US","x-timezone":"-00:00"}},"reqId":"b20a12b0-2cfe-4ea2-b659-7ec67fc3cad8","res":{"status":403},"responseTime":9,"timestamp":"2024-02-19T18:16:07.178Z"}
{"level":"info","message":"BEGIN: GET /api/systemSettings:get/1?appends=logo","reqId":"95aa0f86-6e23-4c30-98f3-7aa8a5c466ce","timestamp":"2024-02-19T18:16:07.377Z"}
{"can":null,"level":"info","message":"ctx permission","reqId":"95aa0f86-6e23-4c30-98f3-7aa8a5c466ce","skip":true,"timestamp":"2024-02-19T18:16:07.382Z"}
{"level":"info","message":"acl params","reqId":"95aa0f86-6e23-4c30-98f3-7aa8a5c466ce","timestamp":"2024-02-19T18:16:07.382Z"}
{"level":"info","message":"acl parsedParams","reqId":"95aa0f86-6e23-4c30-98f3-7aa8a5c466ce","timestamp":"2024-02-19T18:16:07.383Z"}
{"level":"info","message":"END: GET /api/systemSettings:get/1?appends=logo","req":{"action":{"actionName":"get","params":{"actionName":"get","appends":["logo"],"filterByTk":"1","resourceIndex":"1","resourceName":"systemSettings"},"resourceName":"systemSettings"},"header":{"x-hostname":"cmreport.dsti.gov.sl","x-locale":"en-US","x-timezone":"-00:00"}},"reqId":"95aa0f86-6e23-4c30-98f3-7aa8a5c466ce","res":{"status":200},"responseTime":28,"timestamp":"2024-02-19T18:16:07.405Z"}
{"level":"info","message":"BEGIN: GET /api/app:getInfo","reqId":"577d42fd-ead5-4936-b7c1-f50f4169c951","timestamp":"2024-02-19T18:16:07.704Z"}
{"can":null,"level":"info","message":"ctx permission","reqId":"577d42fd-ead5-4936-b7c1-f50f4169c951","skip":true,"timestamp":"2024-02-19T18:16:07.719Z"}
{"level":"info","message":"acl params","reqId":"577d42fd-ead5-4936-b7c1-f50f4169c951","timestamp":"2024-02-19T18:16:07.720Z"}
{"level":"info","message":"acl parsedParams","reqId":"577d42fd-ead5-4936-b7c1-f50f4169c951","timestamp":"2024-02-19T18:16:07.720Z"}
{"level":"info","message":"END: GET /api/app:getInfo","req":{"action":{"actionName":"getInfo","params":{"actionName":"getInfo","resourceName":"app"},"resourceName":"app"},"header":{"x-hostname":"cmreport.dsti.gov.sl","x-locale":"en-US","x-timezone":"-00:00"}},"reqId":"577d42fd-ead5-4936-b7c1-f50f4169c951","res":{"status":200},"responseTime":26,"timestamp":"2024-02-19T18:16:07.730Z"}
{"level":"info","message":"BEGIN: GET /api/themeConfig:list?sort=id&paginate=false","reqId":"d35c95bc-4142-42e0-bb53-cb555b60edac","timestamp":"2024-02-19T18:16:08.023Z"}
{"can":null,"level":"info","message":"ctx permission","reqId":"d35c95bc-4142-42e0-bb53-cb555b60edac","timestamp":"2024-02-19T18:16:08.025Z"}
{"level":"error","message":"No permissions","reqId":"d35c95bc-4142-42e0-bb53-cb555b60edac","stack":"ForbiddenError: No permissions\n    at Object.throw (/root/my-nocobase-app/node_modules/koa/lib/context.js:97:11)\n    at /root/my-nocobase-app/node_modules/@nocobase/acl/lib/acl.js:358:20\n    at Generator.next (<anonymous>)\n    at asyncGeneratorStep (/root/my-nocobase-app/node_modules/@nocobase/acl/lib/acl.js:42:103)\n    at _next (/root/my-nocobase-app/node_modules/@nocobase/acl/lib/acl.js:43:194)\n    at /root/my-nocobase-app/node_modules/@nocobase/acl/lib/acl.js:43:364\n    at new Promise (<anonymous>)\n    at /root/my-nocobase-app/node_modules/@nocobase/acl/lib/acl.js:43:97\n    at /root/my-nocobase-app/node_modules/@nocobase/acl/lib/acl.js:386:22\n    at dispatch (/root/my-nocobase-app/node_modules/koa-compose/index.js:42:32)","timestamp":"2024-02-19T18:16:08.029Z"}
{"errors":[{"message":"No permissions"}],"level":"warn","message":"END: GET /api/themeConfig:list?sort=id&paginate=false","req":{"action":{"actionName":"list","params":{"actionName":"list","paginate":"false","resourceName":"themeConfig","sort":["id"]},"resourceName":"themeConfig"},"header":{"x-hostname":"cmreport.dsti.gov.sl","x-locale":"en-US","x-timezone":"-00:00"}},"reqId":"d35c95bc-4142-42e0-bb53-cb555b60edac","res":{"status":403},"responseTime":6,"timestamp":"2024-02-19T18:16:08.029Z"}
{"level":"info","message":"BEGIN: GET /api/app:getInfo","reqId":"81970772-8390-4d88-abe0-8aa8f54282c8","timestamp":"2024-02-19T18:16:08.425Z"}
{"can":null,"level":"info","message":"ctx permission","reqId":"81970772-8390-4d88-abe0-8aa8f54282c8","skip":true,"timestamp":"2024-02-19T18:16:08.434Z"}
{"level":"info","message":"acl params","reqId":"81970772-8390-4d88-abe0-8aa8f54282c8","timestamp":"2024-02-19T18:16:08.435Z"}
{"level":"info","message":"acl parsedParams","reqId":"81970772-8390-4d88-abe0-8aa8f54282c8","timestamp":"2024-02-19T18:16:08.435Z"}
{"level":"info","message":"END: GET /api/app:getInfo","req":{"action":{"actionName":"getInfo","params":{"actionName":"getInfo","resourceName":"app"},"resourceName":"app"},"header":{"x-hostname":"cmreport.dsti.gov.sl","x-locale":"en-US","x-timezone":"-00:00"}},"reqId":"81970772-8390-4d88-abe0-8aa8f54282c8","res":{"status":200},"responseTime":19,"timestamp":"2024-02-19T18:16:08.445Z"}
{"level":"info","message":"BEGIN: POST /api/authenticators:publicList","reqId":"7d34abd3-01d7-4c52-bda2-6e4666889bc2","timestamp":"2024-02-19T18:16:08.643Z"}
{"can":null,"level":"info","message":"ctx permission","reqId":"7d34abd3-01d7-4c52-bda2-6e4666889bc2","skip":true,"timestamp":"2024-02-19T18:16:08.650Z"}
{"level":"info","message":"acl params","reqId":"7d34abd3-01d7-4c52-bda2-6e4666889bc2","timestamp":"2024-02-19T18:16:08.650Z"}
{"level":"info","message":"acl parsedParams","reqId":"7d34abd3-01d7-4c52-bda2-6e4666889bc2","timestamp":"2024-02-19T18:16:08.650Z"}
{"level":"info","message":"END: POST /api/authenticators:publicList","req":{"action":{"actionName":"publicList","params":{"actionName":"publicList","resourceName":"authenticators"},"resourceName":"authenticators"},"header":{"x-hostname":"cmreport.dsti.gov.sl","x-locale":"en-US","x-timezone":"-00:00"}},"reqId":"7d34abd3-01d7-4c52-bda2-6e4666889bc2","res":{"status":200},"responseTime":17,"timestamp":"2024-02-19T18:16:08.660Z"}
{"level":"info","message":"BEGIN: POST /api/auth:signIn","reqId":"9ccddddb-3b33-4ea0-9ead-49d626b2c7a6","timestamp":"2024-02-19T18:16:33.210Z"}
{"can":null,"level":"info","message":"ctx permission","reqId":"9ccddddb-3b33-4ea0-9ead-49d626b2c7a6","skip":true,"timestamp":"2024-02-19T18:16:33.214Z"}
{"level":"info","message":"acl params","reqId":"9ccddddb-3b33-4ea0-9ead-49d626b2c7a6","timestamp":"2024-02-19T18:16:33.221Z"}
{"level":"info","message":"acl parsedParams","reqId":"9ccddddb-3b33-4ea0-9ead-49d626b2c7a6","timestamp":"2024-02-19T18:16:33.221Z"}
{"level":"info","message":"END: POST /api/auth:signIn","req":{"action":{"actionName":"signIn","params":{"actionName":"signIn","resourceName":"auth","values":{"email":"klmusa01@gmail.com","password":"Kumba@2023"}},"resourceName":"auth"},"header":{"x-hostname":"cmreport.dsti.gov.sl","x-locale":"en-US","x-timezone":"-00:00"}},"reqId":"9ccddddb-3b33-4ea0-9ead-49d626b2c7a6","res":{"status":200},"responseTime":119,"timestamp":"2024-02-19T18:16:33.329Z"}
{"level":"info","message":"BEGIN: GET /api/auth:check","reqId":"51063d8a-3eb6-4dbe-aaba-1fd83a38f132","timestamp":"2024-02-19T18:16:33.570Z"}
{"can":null,"level":"info","message":"ctx permission","reqId":"51063d8a-3eb6-4dbe-aaba-1fd83a38f132","skip":true,"timestamp":"2024-02-19T18:16:33.630Z"}
{"level":"info","message":"acl params","reqId":"51063d8a-3eb6-4dbe-aaba-1fd83a38f132","timestamp":"2024-02-19T18:16:33.631Z"}
{"level":"info","message":"acl parsedParams","reqId":"51063d8a-3eb6-4dbe-aaba-1fd83a38f132","timestamp":"2024-02-19T18:16:33.631Z"}
{"level":"info","message":"END: GET /api/auth:check","req":{"action":{"actionName":"check","params":{"actionName":"check","resourceName":"auth"},"resourceName":"auth"},"header":{"x-hostname":"cmreport.dsti.gov.sl","x-locale":"en-US","x-timezone":"-00:00"}},"reqId":"51063d8a-3eb6-4dbe-aaba-1fd83a38f132","res":{"status":200},"responseTime":62,"timestamp":"2024-02-19T18:16:33.632Z"}
{"level":"info","message":"BEGIN: GET /api/uiSchemaTemplates:list?appends%5B%5D=collection&paginate=false","reqId":"ed1c6b70-4171-42cd-bf44-5d84d6d2e234","timestamp":"2024-02-19T18:16:33.931Z"}
{"can":null,"level":"info","message":"ctx permission","reqId":"ed1c6b70-4171-42cd-bf44-5d84d6d2e234","skip":true,"timestamp":"2024-02-19T18:16:33.946Z"}
{"level":"info","message":"acl params","reqId":"ed1c6b70-4171-42cd-bf44-5d84d6d2e234","timestamp":"2024-02-19T18:16:33.953Z"}
{"level":"info","message":"acl parsedParams","reqId":"ed1c6b70-4171-42cd-bf44-5d84d6d2e234","timestamp":"2024-02-19T18:16:33.953Z"}
{"level":"info","message":"END: GET /api/uiSchemaTemplates:list?appends%5B%5D=collection&paginate=false","req":{"action":{"actionName":"list","params":{"actionName":"list","appends":["collection"],"paginate":"false","resourceName":"uiSchemaTemplates"},"resourceName":"uiSchemaTemplates"},"header":{"x-hostname":"cmreport.dsti.gov.sl","x-locale":"en-US","x-timezone":"-00:00"}},"reqId":"ed1c6b70-4171-42cd-bf44-5d84d6d2e234","res":{"status":200},"responseTime":34,"timestamp":"2024-02-19T18:16:33.965Z"}
{"level":"info","message":"BEGIN: GET /api/systemSettings:get/1?appends=logo","reqId":"8127c560-d7d3-4e6a-baa5-abb408a7b2ac","timestamp":"2024-02-19T18:16:34.230Z"}
{"can":{"action":"get","resource":"systemSettings","role":"ictAdmin"},"level":"info","message":"ctx permission","reqId":"8127c560-d7d3-4e6a-baa5-abb408a7b2ac","skip":true,"timestamp":"2024-02-19T18:16:34.263Z"}
{"level":"info","message":"acl params","reqId":"8127c560-d7d3-4e6a-baa5-abb408a7b2ac","timestamp":"2024-02-19T18:16:34.268Z"}
{"level":"info","message":"acl parsedParams","reqId":"8127c560-d7d3-4e6a-baa5-abb408a7b2ac","timestamp":"2024-02-19T18:16:34.268Z"}
{"level":"info","message":"END: GET /api/systemSettings:get/1?appends=logo","req":{"action":{"actionName":"get","params":{"actionName":"get","appends":["logo"],"filterByTk":"1","resourceIndex":"1","resourceName":"systemSettings"},"resourceName":"systemSettings"},"header":{"x-hostname":"cmreport.dsti.gov.sl","x-locale":"en-US","x-timezone":"-00:00"}},"reqId":"8127c560-d7d3-4e6a-baa5-abb408a7b2ac","res":{"status":200},"responseTime":68,"timestamp":"2024-02-19T18:16:34.298Z"}
{"level":"info","message":"BEGIN: GET /api/app:getInfo","reqId":"8d8d9de0-ae32-4579-8095-b0f4ee526581","timestamp":"2024-02-19T18:16:34.605Z"}
{"level":"info","message":"BEGIN: POST /api/chartsQueries:listMetadata?paginate=false&sort%5B%5D=-id","reqId":"85526892-33e8-4c94-85b8-c79a79e81a24","timestamp":"2024-02-19T18:16:34.627Z"}
{"can":null,"level":"info","message":"ctx permission","reqId":"8d8d9de0-ae32-4579-8095-b0f4ee526581","skip":true,"timestamp":"2024-02-19T18:16:34.633Z"}
{"level":"info","message":"acl params","reqId":"8d8d9de0-ae32-4579-8095-b0f4ee526581","timestamp":"2024-02-19T18:16:34.634Z"}
{"level":"info","message":"acl parsedParams","reqId":"8d8d9de0-ae32-4579-8095-b0f4ee526581","timestamp":"2024-02-19T18:16:34.634Z"}
{"level":"info","message":"END: GET /api/app:getInfo","req":{"action":{"actionName":"getInfo","params":{"actionName":"getInfo","resourceName":"app"},"resourceName":"app"},"header":{"x-hostname":"cmreport.dsti.gov.sl","x-locale":"en-US","x-timezone":"-00:00"}},"reqId":"8d8d9de0-ae32-4579-8095-b0f4ee526581","res":{"status":200},"responseTime":45,"timestamp":"2024-02-19T18:16:34.650Z"}
{"can":null,"level":"info","message":"ctx permission","reqId":"85526892-33e8-4c94-85b8-c79a79e81a24","skip":true,"timestamp":"2024-02-19T18:16:34.670Z"}
{"level":"info","message":"acl params","reqId":"85526892-33e8-4c94-85b8-c79a79e81a24","timestamp":"2024-02-19T18:16:34.672Z"}
{"level":"info","message":"acl parsedParams","reqId":"85526892-33e8-4c94-85b8-c79a79e81a24","timestamp":"2024-02-19T18:16:34.672Z"}
{"level":"info","message":"END: POST /api/chartsQueries:listMetadata?paginate=false&sort%5B%5D=-id","req":{"action":{"actionName":"listMetadata","params":{"actionName":"listMetadata","paginate":"false","resourceName":"chartsQueries","sort":["-id"]},"resourceName":"chartsQueries"},"header":{"x-hostname":"cmreport.dsti.gov.sl","x-locale":"en-US","x-timezone":"-00:00"}},"reqId":"85526892-33e8-4c94-85b8-c79a79e81a24","res":{"status":200},"responseTime":47,"timestamp":"2024-02-19T18:16:34.674Z"}
{"level":"info","message":"BEGIN: GET /api/app:getInfo","reqId":"76cf990a-396d-4f9d-9959-2797107bf117","timestamp":"2024-02-19T18:16:35.775Z"}
{"can":null,"level":"info","message":"ctx permission","reqId":"76cf990a-396d-4f9d-9959-2797107bf117","skip":true,"timestamp":"2024-02-19T18:16:35.791Z"}
{"level":"info","message":"acl params","reqId":"76cf990a-396d-4f9d-9959-2797107bf117","timestamp":"2024-02-19T18:16:35.809Z"}
{"level":"info","message":"acl parsedParams","reqId":"76cf990a-396d-4f9d-9959-2797107bf117","timestamp":"2024-02-19T18:16:35.809Z"}
{"level":"info","message":"END: GET /api/app:getInfo","req":{"action":{"actionName":"getInfo","params":{"actionName":"getInfo","resourceName":"app"},"resourceName":"app"},"header":{"x-hostname":"cmreport.dsti.gov.sl","x-locale":"en-US","x-timezone":"-00:00"}},"reqId":"76cf990a-396d-4f9d-9959-2797107bf117","res":{"status":200},"responseTime":47,"timestamp":"2024-02-19T18:16:35.822Z"}
{"level":"info","message":"BEGIN: GET /api/app:getInfo","reqId":"68e5f50b-2090-4abb-b960-7ecd80fc4958","timestamp":"2024-02-19T18:16:36.456Z"}
{"can":null,"level":"info","message":"ctx permission","reqId":"68e5f50b-2090-4abb-b960-7ecd80fc4958","skip":true,"timestamp":"2024-02-19T18:16:36.472Z"}
{"level":"info","message":"acl params","reqId":"68e5f50b-2090-4abb-b960-7ecd80fc4958","timestamp":"2024-02-19T18:16:36.472Z"}
{"level":"info","message":"acl parsedParams","reqId":"68e5f50b-2090-4abb-b960-7ecd80fc4958","timestamp":"2024-02-19T18:16:36.472Z"}
{"level":"info","message":"END: GET /api/app:getInfo","req":{"action":{"actionName":"getInfo","params":{"actionName":"getInfo","resourceName":"app"},"resourceName":"app"},"header":{"x-hostname":"cmreport.dsti.gov.sl","x-locale":"en-US","x-timezone":"-00:00"}},"reqId":"68e5f50b-2090-4abb-b960-7ecd80fc4958","res":{"status":200},"responseTime":27,"timestamp":"2024-02-19T18:16:36.483Z"}
{"level":"info","message":"BEGIN: GET /api/themeConfig:list?sort=id&paginate=false","reqId":"407afbc3-8b5e-4db8-b6f3-f322c17d1670","timestamp":"2024-02-19T18:16:36.497Z"}
{"can":{"action":"list","resource":"themeConfig","role":"ictAdmin"},"level":"info","message":"ctx permission","reqId":"407afbc3-8b5e-4db8-b6f3-f322c17d1670","timestamp":"2024-02-19T18:16:36.513Z"}
{"level":"info","message":"acl params","reqId":"407afbc3-8b5e-4db8-b6f3-f322c17d1670","timestamp":"2024-02-19T18:16:36.514Z"}
{"level":"info","message":"acl parsedParams","reqId":"407afbc3-8b5e-4db8-b6f3-f322c17d1670","timestamp":"2024-02-19T18:16:36.514Z"}
{"level":"info","message":"END: GET /api/themeConfig:list?sort=id&paginate=false","req":{"action":{"actionName":"list","params":{"actionName":"list","paginate":"false","resourceName":"themeConfig","sort":["id"]},"resourceName":"themeConfig"},"header":{"x-hostname":"cmreport.dsti.gov.sl","x-locale":"en-US","x-timezone":"-00:00"}},"reqId":"407afbc3-8b5e-4db8-b6f3-f322c17d1670","res":{"status":200},"responseTime":34,"timestamp":"2024-02-19T18:16:36.531Z"}
{"level":"info","message":"BEGIN: GET /api/collectionsHistory:list?paginate=false&appends%5B%5D=fields&sort%5B%5D=sort&filter=%7B%7D","reqId":"15e0fecf-5135-455f-9da4-c55c34b28f11","timestamp":"2024-02-19T18:16:36.550Z"}
{"can":{"action":"list","resource":"collectionsHistory","role":"ictAdmin"},"level":"info","message":"ctx permission","reqId":"15e0fecf-5135-455f-9da4-c55c34b28f11","skip":true,"timestamp":"2024-02-19T18:16:36.589Z"}
{"level":"info","message":"acl params","reqId":"15e0fecf-5135-455f-9da4-c55c34b28f11","timestamp":"2024-02-19T18:16:36.589Z"}
{"level":"info","message":"acl parsedParams","reqId":"15e0fecf-5135-455f-9da4-c55c34b28f11","timestamp":"2024-02-19T18:16:36.590Z"}
{"level":"info","message":"END: GET /api/collectionsHistory:list?paginate=false&appends%5B%5D=fields&sort%5B%5D=sort&filter=%7B%7D","req":{"action":{"actionName":"list","params":{"actionName":"list","appends":["fields"],"filter":{},"paginate":"false","resourceName":"collectionsHistory","sort":["sort"]},"resourceName":"collectionsHistory"},"header":{"x-hostname":"cmreport.dsti.gov.sl","x-locale":"en-US","x-timezone":"-00:00"}},"reqId":"15e0fecf-5135-455f-9da4-c55c34b28f11","res":{"status":200},"responseTime":171,"timestamp":"2024-02-19T18:16:36.721Z"}
{"level":"info","message":"BEGIN: GET /api/app:getInfo","reqId":"40b063e6-c5f8-40be-a1d5-483e6983170b","timestamp":"2024-02-19T18:16:37.731Z"}
{"can":null,"level":"info","message":"ctx permission","reqId":"40b063e6-c5f8-40be-a1d5-483e6983170b","skip":true,"timestamp":"2024-02-19T18:16:37.748Z"}
{"level":"info","message":"acl params","reqId":"40b063e6-c5f8-40be-a1d5-483e6983170b","timestamp":"2024-02-19T18:16:37.757Z"}
{"level":"info","message":"acl parsedParams","reqId":"40b063e6-c5f8-40be-a1d5-483e6983170b","timestamp":"2024-02-19T18:16:37.758Z"}
{"level":"info","message":"END: GET /api/app:getInfo","req":{"action":{"actionName":"getInfo","params":{"actionName":"getInfo","resourceName":"app"},"resourceName":"app"},"header":{"x-hostname":"cmreport.dsti.gov.sl","x-locale":"en-US","x-timezone":"-00:00"}},"reqId":"40b063e6-c5f8-40be-a1d5-483e6983170b","res":{"status":200},"responseTime":30,"timestamp":"2024-02-19T18:16:37.761Z"}
{"level":"info","message":"BEGIN: GET /api/themeConfig:list?sort=id&paginate=false","reqId":"80f1061a-b9ba-4491-98ba-f9c7262a3897","timestamp":"2024-02-19T18:16:37.767Z"}
{"can":{"action":"list","resource":"themeConfig","role":"ictAdmin"},"level":"info","message":"ctx permission","reqId":"80f1061a-b9ba-4491-98ba-f9c7262a3897","timestamp":"2024-02-19T18:16:37.790Z"}
{"level":"info","message":"acl params","reqId":"80f1061a-b9ba-4491-98ba-f9c7262a3897","timestamp":"2024-02-19T18:16:37.791Z"}
{"level":"info","message":"acl parsedParams","reqId":"80f1061a-b9ba-4491-98ba-f9c7262a3897","timestamp":"2024-02-19T18:16:37.791Z"}
{"level":"info","message":"END: GET /api/themeConfig:list?sort=id&paginate=false","req":{"action":{"actionName":"list","params":{"actionName":"list","paginate":"false","resourceName":"themeConfig","sort":["id"]},"resourceName":"themeConfig"},"header":{"x-hostname":"cmreport.dsti.gov.sl","x-locale":"en-US","x-timezone":"-00:00"}},"reqId":"80f1061a-b9ba-4491-98ba-f9c7262a3897","res":{"status":200},"responseTime":40,"timestamp":"2024-02-19T18:16:37.807Z"}
{"level":"info","message":"BEGIN: GET /api/app:getInfo","reqId":"cfca7c76-8767-4915-a78b-d94d18aa0643","timestamp":"2024-02-19T18:16:38.503Z"}
{"can":null,"level":"info","message":"ctx permission","reqId":"cfca7c76-8767-4915-a78b-d94d18aa0643","skip":true,"timestamp":"2024-02-19T18:16:38.543Z"}
{"level":"info","message":"acl params","reqId":"cfca7c76-8767-4915-a78b-d94d18aa0643","timestamp":"2024-02-19T18:16:38.548Z"}
{"level":"info","message":"acl parsedParams","reqId":"cfca7c76-8767-4915-a78b-d94d18aa0643","timestamp":"2024-02-19T18:16:38.550Z"}
{"level":"info","message":"END: GET /api/app:getInfo","req":{"action":{"actionName":"getInfo","params":{"actionName":"getInfo","resourceName":"app"},"resourceName":"app"},"header":{"x-hostname":"cmreport.dsti.gov.sl","x-locale":"en-US","x-timezone":"-00:00"}},"reqId":"cfca7c76-8767-4915-a78b-d94d18aa0643","res":{"status":200},"responseTime":58,"timestamp":"2024-02-19T18:16:38.561Z"}
{"level":"info","message":"BEGIN: GET /api/uiSchemaTemplates:list?appends%5B%5D=collection&paginate=false","reqId":"06e8c586-8506-4bbe-b22b-00d70f0bb280","timestamp":"2024-02-19T18:16:38.930Z"}
{"can":null,"level":"info","message":"ctx permission","reqId":"06e8c586-8506-4bbe-b22b-00d70f0bb280","skip":true,"timestamp":"2024-02-19T18:16:39.033Z"}
{"level":"info","message":"acl params","reqId":"06e8c586-8506-4bbe-b22b-00d70f0bb280","timestamp":"2024-02-19T18:16:39.033Z"}
{"level":"info","message":"acl parsedParams","reqId":"06e8c586-8506-4bbe-b22b-00d70f0bb280","timestamp":"2024-02-19T18:16:39.033Z"}
{"level":"info","message":"END: GET /api/uiSchemaTemplates:list?appends%5B%5D=collection&paginate=false","req":{"action":{"actionName":"list","params":{"actionName":"list","appends":["collection"],"paginate":"false","resourceName":"uiSchemaTemplates"},"resourceName":"uiSchemaTemplates"},"header":{"x-hostname":"cmreport.dsti.gov.sl","x-locale":"en-US","x-timezone":"-00:00"}},"reqId":"06e8c586-8506-4bbe-b22b-00d70f0bb280","res":{"status":200},"responseTime":174,"timestamp":"2024-02-19T18:16:39.105Z"}
{"level":"info","message":"BEGIN: GET /api/collections:list?paginate=false&appends%5B%5D=fields&appends%5B%5D=category&sort%5B%5D=sort&filter=%7B%7D","reqId":"ff91bb1c-1517-44ab-bc4d-9307d3436f08","timestamp":"2024-02-19T18:16:39.389Z"}
{"level":"info","message":"BEGIN: GET /api/collectionCategories:list?paginate=false&sort%5B%5D=sort","reqId":"ef940a9a-3864-44b2-ad2e-840201e7ccb6","timestamp":"2024-02-19T18:16:39.405Z"}
{"can":null,"level":"info","message":"ctx permission","reqId":"ff91bb1c-1517-44ab-bc4d-9307d3436f08","skip":true,"timestamp":"2024-02-19T18:16:39.427Z"}
{"level":"info","message":"acl params","reqId":"ff91bb1c-1517-44ab-bc4d-9307d3436f08","timestamp":"2024-02-19T18:16:39.427Z"}
{"level":"info","message":"acl parsedParams","reqId":"ff91bb1c-1517-44ab-bc4d-9307d3436f08","timestamp":"2024-02-19T18:16:39.428Z"}
{"can":{"action":"list","resource":"collectionCategories","role":"ictAdmin"},"level":"info","message":"ctx permission","reqId":"ef940a9a-3864-44b2-ad2e-840201e7ccb6","skip":true,"timestamp":"2024-02-19T18:16:39.469Z"}
{"level":"info","message":"acl params","reqId":"ef940a9a-3864-44b2-ad2e-840201e7ccb6","timestamp":"2024-02-19T18:16:39.470Z"}
{"level":"info","message":"acl parsedParams","reqId":"ef940a9a-3864-44b2-ad2e-840201e7ccb6","timestamp":"2024-02-19T18:16:39.470Z"}
{"level":"info","message":"END: GET /api/collections:list?paginate=false&appends%5B%5D=fields&appends%5B%5D=category&sort%5B%5D=sort&filter=%7B%7D","req":{"action":{"actionName":"list","params":{"actionName":"list","appends":["fields","category"],"filter":{},"paginate":"false","resourceName":"collections","sort":["sort"]},"resourceName":"collections"},"header":{"x-hostname":"cmreport.dsti.gov.sl","x-locale":"en-US","x-timezone":"-00:00"}},"reqId":"ff91bb1c-1517-44ab-bc4d-9307d3436f08","res":{"status":200},"responseTime":257,"timestamp":"2024-02-19T18:16:39.646Z"}
{"level":"info","message":"END: GET /api/collectionCategories:list?paginate=false&sort%5B%5D=sort","req":{"action":{"actionName":"list","params":{"actionName":"list","paginate":"false","resourceName":"collectionCategories","sort":["sort"]},"resourceName":"collectionCategories"},"header":{"x-hostname":"cmreport.dsti.gov.sl","x-locale":"en-US","x-timezone":"-00:00"}},"reqId":"ef940a9a-3864-44b2-ad2e-840201e7ccb6","res":{"status":200},"responseTime":408,"timestamp":"2024-02-19T18:16:39.813Z"}
{"level":"info","message":"BEGIN: GET /api/roles:check","reqId":"abcd2604-fb93-4f80-ab4c-4bc0c577ee98","timestamp":"2024-02-19T18:16:40.705Z"}
{"can":null,"level":"info","message":"ctx permission","reqId":"abcd2604-fb93-4f80-ab4c-4bc0c577ee98","skip":true,"timestamp":"2024-02-19T18:16:40.741Z"}
{"level":"info","message":"acl params","reqId":"abcd2604-fb93-4f80-ab4c-4bc0c577ee98","timestamp":"2024-02-19T18:16:40.741Z"}
{"level":"info","message":"acl parsedParams","reqId":"abcd2604-fb93-4f80-ab4c-4bc0c577ee98","timestamp":"2024-02-19T18:16:40.742Z"}
{"level":"info","message":"END: GET /api/roles:check","req":{"action":{"actionName":"check","params":{"actionName":"check","resourceName":"roles"},"resourceName":"roles"},"header":{"x-hostname":"cmreport.dsti.gov.sl","x-locale":"en-US","x-timezone":"-00:00"}},"reqId":"abcd2604-fb93-4f80-ab4c-4bc0c577ee98","res":{"status":200},"responseTime":68,"timestamp":"2024-02-19T18:16:40.773Z"}
{"level":"info","message":"BEGIN: GET /api/uiSchemas:getJsonSchema/kajnqv7hagl","reqId":"851fc90b-8018-4c2d-8fc6-f74aed628396","timestamp":"2024-02-19T18:16:42.175Z"}
{"can":null,"level":"info","message":"ctx permission","reqId":"851fc90b-8018-4c2d-8fc6-f74aed628396","skip":true,"timestamp":"2024-02-19T18:16:42.200Z"}
{"level":"info","message":"acl params","reqId":"851fc90b-8018-4c2d-8fc6-f74aed628396","timestamp":"2024-02-19T18:16:42.201Z"}
{"level":"info","message":"acl parsedParams","reqId":"851fc90b-8018-4c2d-8fc6-f74aed628396","timestamp":"2024-02-19T18:16:42.201Z"}
{"level":"info","message":"END: GET /api/uiSchemas:getJsonSchema/kajnqv7hagl","req":{"action":{"actionName":"getJsonSchema","params":{"actionName":"getJsonSchema","filterByTk":"kajnqv7hagl","resourceIndex":"kajnqv7hagl","resourceName":"uiSchemas"},"resourceName":"uiSchemas"},"header":{"x-hostname":"cmreport.dsti.gov.sl","x-locale":"en-US","x-role":"ictAdmin","x-timezone":"-00:00"}},"reqId":"851fc90b-8018-4c2d-8fc6-f74aed628396","res":{"status":200},"responseTime":26,"timestamp":"2024-02-19T18:16:42.201Z"}
{"level":"info","message":"BEGIN: GET /api/uiSchemas:getProperties/ic05qq3jmex","reqId":"0c83e4e3-6c7b-4dd8-a3dc-066fee0a9007","timestamp":"2024-02-19T18:16:42.538Z"}
{"can":null,"level":"info","message":"ctx permission","reqId":"0c83e4e3-6c7b-4dd8-a3dc-066fee0a9007","skip":true,"timestamp":"2024-02-19T18:16:42.557Z"}
{"level":"info","message":"acl params","reqId":"0c83e4e3-6c7b-4dd8-a3dc-066fee0a9007","timestamp":"2024-02-19T18:16:42.562Z"}
{"level":"info","message":"acl parsedParams","reqId":"0c83e4e3-6c7b-4dd8-a3dc-066fee0a9007","timestamp":"2024-02-19T18:16:42.562Z"}
{"level":"info","message":"END: GET /api/uiSchemas:getProperties/ic05qq3jmex","req":{"action":{"actionName":"getProperties","params":{"actionName":"getProperties","filterByTk":"ic05qq3jmex","resourceIndex":"ic05qq3jmex","resourceName":"uiSchemas"},"resourceName":"uiSchemas"},"header":{"x-hostname":"cmreport.dsti.gov.sl","x-locale":"en-US","x-role":"ictAdmin","x-timezone":"-00:00"}},"reqId":"0c83e4e3-6c7b-4dd8-a3dc-066fee0a9007","res":{"status":200},"responseTime":25,"timestamp":"2024-02-19T18:16:42.563Z"}
{"level":"info","message":"BEGIN: GET /api/uiSchemas:getProperties/3qs7ovsllv6","reqId":"a09546dc-c349-4e1a-9397-691003a86021","timestamp":"2024-02-19T18:16:58.105Z"}
{"can":null,"level":"info","message":"ctx permission","reqId":"a09546dc-c349-4e1a-9397-691003a86021","skip":true,"timestamp":"2024-02-19T18:16:58.123Z"}
{"level":"info","message":"acl params","reqId":"a09546dc-c349-4e1a-9397-691003a86021","timestamp":"2024-02-19T18:16:58.124Z"}
{"level":"info","message":"acl parsedParams","reqId":"a09546dc-c349-4e1a-9397-691003a86021","timestamp":"2024-02-19T18:16:58.124Z"}
{"level":"info","message":"END: GET /api/uiSchemas:getProperties/3qs7ovsllv6","req":{"action":{"actionName":"getProperties","params":{"actionName":"getProperties","filterByTk":"3qs7ovsllv6","resourceIndex":"3qs7ovsllv6","resourceName":"uiSchemas"},"resourceName":"uiSchemas"},"header":{"x-hostname":"cmreport.dsti.gov.sl","x-locale":"en-US","x-role":"ictAdmin","x-timezone":"-00:00"}},"reqId":"a09546dc-c349-4e1a-9397-691003a86021","res":{"status":200},"responseTime":26,"timestamp":"2024-02-19T18:16:58.131Z"}
{"level":"info","message":"BEGIN: GET /api/uiSchemas:getProperties/wlos9836id4","reqId":"d290b2c6-98e1-4946-928d-523bc40a91e0","timestamp":"2024-02-19T18:17:02.778Z"}
{"can":null,"level":"info","message":"ctx permission","reqId":"d290b2c6-98e1-4946-928d-523bc40a91e0","skip":true,"timestamp":"2024-02-19T18:17:02.806Z"}
{"level":"info","message":"acl params","reqId":"d290b2c6-98e1-4946-928d-523bc40a91e0","timestamp":"2024-02-19T18:17:02.807Z"}
{"level":"info","message":"acl parsedParams","reqId":"d290b2c6-98e1-4946-928d-523bc40a91e0","timestamp":"2024-02-19T18:17:02.807Z"}
{"level":"info","message":"END: GET /api/uiSchemas:getProperties/wlos9836id4","req":{"action":{"actionName":"getProperties","params":{"actionName":"getProperties","filterByTk":"wlos9836id4","resourceIndex":"wlos9836id4","resourceName":"uiSchemas"},"resourceName":"uiSchemas"},"header":{"x-hostname":"cmreport.dsti.gov.sl","x-locale":"en-US","x-role":"ictAdmin","x-timezone":"-00:00"}},"reqId":"d290b2c6-98e1-4946-928d-523bc40a91e0","res":{"status":200},"responseTime":30,"timestamp":"2024-02-19T18:17:02.808Z"}
{"level":"info","message":"BEGIN: POST /api/charts:query","reqId":"336ba50e-71ef-4f3b-ad35-3653eda5d1ef","timestamp":"2024-02-19T18:17:05.288Z"}
{"level":"info","message":"BEGIN: POST /api/charts:query","reqId":"7c61c726-b5dc-4dbe-a7bb-f9733c63cbac","timestamp":"2024-02-19T18:17:05.302Z"}
{"level":"info","message":"BEGIN: POST /api/charts:query","reqId":"d212631d-b25d-4d93-9ae3-4e0eedc8b241","timestamp":"2024-02-19T18:17:05.317Z"}
{"can":null,"level":"info","message":"ctx permission","reqId":"336ba50e-71ef-4f3b-ad35-3653eda5d1ef","skip":true,"timestamp":"2024-02-19T18:17:05.369Z"}
{"level":"info","message":"acl params","reqId":"336ba50e-71ef-4f3b-ad35-3653eda5d1ef","timestamp":"2024-02-19T18:17:05.375Z"}
{"level":"info","message":"acl parsedParams","reqId":"336ba50e-71ef-4f3b-ad35-3653eda5d1ef","timestamp":"2024-02-19T18:17:05.376Z"}
{"level":"info","message":"END: POST /api/charts:query","req":{"action":{"actionName":"query","params":{"actionName":"query","resourceName":"charts","values":{"collection":"devices","dimensions":[{"field":["ministry","name"]}],"filter":{"$and":[]},"measures":[{"aggregation":"count","alias":"type","field":["type"]}],"orders":[],"uid":"q34h7bp9vu7"}},"resourceName":"charts"},"header":{"x-hostname":"cmreport.dsti.gov.sl","x-locale":"en-US","x-role":"ictAdmin","x-timezone":"-00:00"}},"reqId":"336ba50e-71ef-4f3b-ad35-3653eda5d1ef","res":{"status":200},"responseTime":107,"timestamp":"2024-02-19T18:17:05.395Z"}
{"can":null,"level":"info","message":"ctx permission","reqId":"7c61c726-b5dc-4dbe-a7bb-f9733c63cbac","skip":true,"timestamp":"2024-02-19T18:17:05.406Z"}
{"level":"info","message":"acl params","reqId":"7c61c726-b5dc-4dbe-a7bb-f9733c63cbac","timestamp":"2024-02-19T18:17:05.406Z"}
{"level":"info","message":"acl parsedParams","reqId":"7c61c726-b5dc-4dbe-a7bb-f9733c63cbac","timestamp":"2024-02-19T18:17:05.407Z"}
{"level":"info","message":"END: POST /api/charts:query","req":{"action":{"actionName":"query","params":{"actionName":"query","resourceName":"charts","values":{"collection":"solutions","dimensions":[{"field":["ministry","name"]}],"filter":{"$and":[]},"measures":[{"aggregation":"count","alias":"id","field":["id"]}],"orders":[],"uid":"mzrhndl6fom"}},"resourceName":"charts"},"header":{"x-hostname":"cmreport.dsti.gov.sl","x-locale":"en-US","x-role":"ictAdmin","x-timezone":"-00:00"}},"reqId":"7c61c726-b5dc-4dbe-a7bb-f9733c63cbac","res":{"status":200},"responseTime":116,"timestamp":"2024-02-19T18:17:05.417Z"}
{"can":null,"level":"info","message":"ctx permission","reqId":"d212631d-b25d-4d93-9ae3-4e0eedc8b241","skip":true,"timestamp":"2024-02-19T18:17:05.427Z"}
{"level":"info","message":"acl params","reqId":"d212631d-b25d-4d93-9ae3-4e0eedc8b241","timestamp":"2024-02-19T18:17:05.427Z"}
{"level":"info","message":"acl parsedParams","reqId":"d212631d-b25d-4d93-9ae3-4e0eedc8b241","timestamp":"2024-02-19T18:17:05.428Z"}
{"level":"info","message":"END: POST /api/charts:query","req":{"action":{"actionName":"query","params":{"actionName":"query","resourceName":"charts","values":{"collection":"devices","dimensions":[{"field":["ministry","name"]}],"filter":{"$and":[]},"measures":[{"aggregation":"count","alias":"Submissions","field":["type"]}],"orders":[],"uid":"98zetnq2jf9"}},"resourceName":"charts"},"header":{"x-hostname":"cmreport.dsti.gov.sl","x-locale":"en-US","x-role":"ictAdmin","x-timezone":"-00:00"}},"reqId":"d212631d-b25d-4d93-9ae3-4e0eedc8b241","res":{"status":200},"responseTime":120,"timestamp":"2024-02-19T18:17:05.437Z"}
{"level":"info","message":"BEGIN: POST /api/charts:query","reqId":"9bc407a0-3f2a-40cd-93c2-540c43bda928","timestamp":"2024-02-19T18:17:07.063Z"}
{"level":"info","message":"BEGIN: POST /api/charts:query","reqId":"625e7757-909b-4cb9-b5b6-ce99c51b8223","timestamp":"2024-02-19T18:17:07.080Z"}
{"level":"info","message":"BEGIN: POST /api/charts:query","reqId":"bb630e65-647c-4808-944f-dfec0206b8d8","timestamp":"2024-02-19T18:17:07.091Z"}
{"can":null,"level":"info","message":"ctx permission","reqId":"9bc407a0-3f2a-40cd-93c2-540c43bda928","skip":true,"timestamp":"2024-02-19T18:17:07.106Z"}
{"level":"info","message":"acl params","reqId":"9bc407a0-3f2a-40cd-93c2-540c43bda928","timestamp":"2024-02-19T18:17:07.117Z"}
{"level":"info","message":"acl parsedParams","reqId":"9bc407a0-3f2a-40cd-93c2-540c43bda928","timestamp":"2024-02-19T18:17:07.117Z"}
{"level":"info","message":"BEGIN: POST /api/charts:query","reqId":"c52576ec-b509-4e45-bac4-0bacb6d8a6e4","timestamp":"2024-02-19T18:17:07.124Z"}
{"level":"info","message":"END: POST /api/charts:query","req":{"action":{"actionName":"query","params":{"actionName":"query","resourceName":"charts","values":{"collection":"priorityProject","dimensions":[{"field":["ministry","name"]}],"filter":{"$and":[]},"measures":[{"aggregation":"count","alias":"Requests","field":["id"]}],"orders":[],"uid":"dnafb76tyga"}},"resourceName":"charts"},"header":{"x-hostname":"cmreport.dsti.gov.sl","x-locale":"en-US","x-role":"ictAdmin","x-timezone":"-00:00"}},"reqId":"9bc407a0-3f2a-40cd-93c2-540c43bda928","res":{"status":200},"responseTime":72,"timestamp":"2024-02-19T18:17:07.136Z"}
{"level":"info","message":"BEGIN: POST /api/charts:query","reqId":"730c0153-f792-4bf8-996d-b15db95de9de","timestamp":"2024-02-19T18:17:07.149Z"}
{"level":"info","message":"BEGIN: POST /api/charts:query","reqId":"3f7279f1-5899-4f58-8825-b5b1872f5dca","timestamp":"2024-02-19T18:17:07.171Z"}
{"can":null,"level":"info","message":"ctx permission","reqId":"bb630e65-647c-4808-944f-dfec0206b8d8","skip":true,"timestamp":"2024-02-19T18:17:07.185Z"}
{"level":"info","message":"acl params","reqId":"bb630e65-647c-4808-944f-dfec0206b8d8","timestamp":"2024-02-19T18:17:07.185Z"}
{"level":"info","message":"acl parsedParams","reqId":"bb630e65-647c-4808-944f-dfec0206b8d8","timestamp":"2024-02-19T18:17:07.189Z"}
{"can":null,"level":"info","message":"ctx permission","reqId":"625e7757-909b-4cb9-b5b6-ce99c51b8223","skip":true,"timestamp":"2024-02-19T18:17:07.199Z"}
{"level":"info","message":"acl params","reqId":"625e7757-909b-4cb9-b5b6-ce99c51b8223","timestamp":"2024-02-19T18:17:07.200Z"}
{"level":"info","message":"acl parsedParams","reqId":"625e7757-909b-4cb9-b5b6-ce99c51b8223","timestamp":"2024-02-19T18:17:07.200Z"}
{"level":"info","message":"END: POST /api/charts:query","req":{"action":{"actionName":"query","params":{"actionName":"query","resourceName":"charts","values":{"collection":"priorityProject","dimensions":[{"field":["ministry","name"]}],"filter":{"$and":[]},"measures":[{"aggregation":"count","alias":"id","field":["id"]}],"orders":[],"uid":"jgqxgh2t0uz"}},"resourceName":"charts"},"header":{"x-hostname":"cmreport.dsti.gov.sl","x-locale":"en-US","x-role":"ictAdmin","x-timezone":"-00:00"}},"reqId":"bb630e65-647c-4808-944f-dfec0206b8d8","res":{"status":200},"responseTime":126,"timestamp":"2024-02-19T18:17:07.217Z"}
{"level":"info","message":"END: POST /api/charts:query","req":{"action":{"actionName":"query","params":{"actionName":"query","resourceName":"charts","values":{"collection":"weeklyUpdates","dimensions":[{"field":["createdBy","nickname"]}],"filter":{"$and":[]},"measures":[{"aggregation":"count","alias":"No. of Ongoing","field":["weeklyCompleted","id"]}],"orders":[],"uid":"bt1efy7b87w"}},"resourceName":"charts"},"header":{"x-hostname":"cmreport.dsti.gov.sl","x-locale":"en-US","x-role":"ictAdmin","x-timezone":"-00:00"}},"reqId":"625e7757-909b-4cb9-b5b6-ce99c51b8223","res":{"status":200},"responseTime":140,"timestamp":"2024-02-19T18:17:07.220Z"}
{"can":null,"level":"info","message":"ctx permission","reqId":"c52576ec-b509-4e45-bac4-0bacb6d8a6e4","skip":true,"timestamp":"2024-02-19T18:17:07.242Z"}
{"level":"info","message":"acl params","reqId":"c52576ec-b509-4e45-bac4-0bacb6d8a6e4","timestamp":"2024-02-19T18:17:07.242Z"}
{"level":"info","message":"acl parsedParams","reqId":"c52576ec-b509-4e45-bac4-0bacb6d8a6e4","timestamp":"2024-02-19T18:17:07.243Z"}
{"can":null,"level":"info","message":"ctx permission","reqId":"730c0153-f792-4bf8-996d-b15db95de9de","skip":true,"timestamp":"2024-02-19T18:17:07.263Z"}
{"level":"info","message":"acl params","reqId":"730c0153-f792-4bf8-996d-b15db95de9de","timestamp":"2024-02-19T18:17:07.263Z"}
{"level":"info","message":"acl parsedParams","reqId":"730c0153-f792-4bf8-996d-b15db95de9de","timestamp":"2024-02-19T18:17:07.264Z"}
{"level":"info","message":"END: POST /api/charts:query","req":{"action":{"actionName":"query","params":{"actionName":"query","resourceName":"charts","values":{"collection":"ongoingThisWeek","dimensions":[{"field":["createdBy","nickname"]}],"filter":{"$and":[]},"measures":[{"aggregation":"count","alias":"id","field":["id"]}],"orders":[],"uid":"z5hztpjckv0"}},"resourceName":"charts"},"header":{"x-hostname":"cmreport.dsti.gov.sl","x-locale":"en-US","x-role":"ictAdmin","x-timezone":"-00:00"}},"reqId":"c52576ec-b509-4e45-bac4-0bacb6d8a6e4","res":{"status":200},"responseTime":143,"timestamp":"2024-02-19T18:17:07.266Z"}
{"level":"info","message":"END: POST /api/charts:query","req":{"action":{"actionName":"query","params":{"actionName":"query","resourceName":"charts","values":{"collection":"issuesForChiefMinister","dimensions":[{"field":["createdBy","nickname"]}],"filter":{"$and":[]},"measures":[{"aggregation":"count","alias":"id","field":["id"]}],"orders":[],"uid":"3s6dcvyqdbz"}},"resourceName":"charts"},"header":{"x-hostname":"cmreport.dsti.gov.sl","x-locale":"en-US","x-role":"ictAdmin","x-timezone":"-00:00"}},"reqId":"730c0153-f792-4bf8-996d-b15db95de9de","res":{"status":200},"responseTime":125,"timestamp":"2024-02-19T18:17:07.274Z"}
{"can":null,"level":"info","message":"ctx permission","reqId":"3f7279f1-5899-4f58-8825-b5b1872f5dca","skip":true,"timestamp":"2024-02-19T18:17:07.286Z"}
{"level":"info","message":"acl params","reqId":"3f7279f1-5899-4f58-8825-b5b1872f5dca","timestamp":"2024-02-19T18:17:07.286Z"}
{"level":"info","message":"acl parsedParams","reqId":"3f7279f1-5899-4f58-8825-b5b1872f5dca","timestamp":"2024-02-19T18:17:07.287Z"}
{"level":"info","message":"END: POST /api/charts:query","req":{"action":{"actionName":"query","params":{"actionName":"query","resourceName":"charts","values":{"collection":"solutions","dimensions":[{"field":["ministry","name"]}],"filter":{"$and":[]},"measures":[{"aggregation":"count","alias":"No of Projects","field":["id"]}],"orders":[],"uid":"jv6r6zlt2oy"}},"resourceName":"charts"},"header":{"x-hostname":"cmreport.dsti.gov.sl","x-locale":"en-US","x-role":"ictAdmin","x-timezone":"-00:00"}},"reqId":"3f7279f1-5899-4f58-8825-b5b1872f5dca","res":{"status":200},"responseTime":118,"timestamp":"2024-02-19T18:17:07.289Z"}
{"level":"info","message":"BEGIN: POST /api/charts:query","reqId":"64b2d0e5-c547-4dc3-8bb4-fd31c8689e7c","timestamp":"2024-02-19T18:17:11.791Z"}
{"level":"info","message":"BEGIN: POST /api/charts:query","reqId":"bf5d3b55-5816-48c2-8de8-a1a8ced59927","timestamp":"2024-02-19T18:17:11.818Z"}
{"level":"info","message":"BEGIN: POST /api/charts:query","reqId":"67a2ec5a-8a10-42dc-84fa-36438a4f731f","timestamp":"2024-02-19T18:17:11.821Z"}
{"level":"info","message":"BEGIN: POST /api/charts:query","reqId":"e88f3202-246f-4d77-abf3-662294543d60","timestamp":"2024-02-19T18:17:11.829Z"}
{"level":"info","message":"BEGIN: POST /api/charts:query","reqId":"da3e6892-6062-4f3f-98a1-76fc3c51bc1a","timestamp":"2024-02-19T18:17:11.851Z"}
{"can":null,"level":"info","message":"ctx permission","reqId":"64b2d0e5-c547-4dc3-8bb4-fd31c8689e7c","skip":true,"timestamp":"2024-02-19T18:17:11.854Z"}
{"level":"info","message":"acl params","reqId":"64b2d0e5-c547-4dc3-8bb4-fd31c8689e7c","timestamp":"2024-02-19T18:17:11.861Z"}
{"level":"info","message":"acl parsedParams","reqId":"64b2d0e5-c547-4dc3-8bb4-fd31c8689e7c","timestamp":"2024-02-19T18:17:11.861Z"}
{"level":"info","message":"BEGIN: POST /api/charts:query","reqId":"4654f19c-9f94-4f0d-b3ac-617620c1af19","timestamp":"2024-02-19T18:17:11.863Z"}
{"level":"info","message":"END: POST /api/charts:query","req":{"action":{"actionName":"query","params":{"actionName":"query","resourceName":"charts","values":{"collection":"weeklyUpdates","dimensions":[{"alias":"weekStartDate","field":["weekStartDate"],"format":"YYYY-MM-DD"},{"field":["createdBy","nickname"]}],"filter":{"$and":[]},"measures":[{"aggregation":"count","alias":"id","field":["id"]}],"orders":[],"uid":"o7u3ylqggde"}},"resourceName":"charts"},"header":{"x-hostname":"cmreport.dsti.gov.sl","x-locale":"en-US","x-role":"ictAdmin","x-timezone":"-00:00"}},"reqId":"64b2d0e5-c547-4dc3-8bb4-fd31c8689e7c","res":{"status":200},"responseTime":86,"timestamp":"2024-02-19T18:17:11.877Z"}
{"can":null,"level":"info","message":"ctx permission","reqId":"e88f3202-246f-4d77-abf3-662294543d60","skip":true,"timestamp":"2024-02-19T18:17:11.898Z"}
{"level":"info","message":"acl params","reqId":"e88f3202-246f-4d77-abf3-662294543d60","timestamp":"2024-02-19T18:17:11.899Z"}
{"level":"info","message":"acl parsedParams","reqId":"e88f3202-246f-4d77-abf3-662294543d60","timestamp":"2024-02-19T18:17:11.899Z"}
{"can":null,"level":"info","message":"ctx permission","reqId":"bf5d3b55-5816-48c2-8de8-a1a8ced59927","skip":true,"timestamp":"2024-02-19T18:17:11.902Z"}
{"level":"info","message":"acl params","reqId":"bf5d3b55-5816-48c2-8de8-a1a8ced59927","timestamp":"2024-02-19T18:17:11.909Z"}
{"level":"info","message":"acl parsedParams","reqId":"bf5d3b55-5816-48c2-8de8-a1a8ced59927","timestamp":"2024-02-19T18:17:11.909Z"}
{"can":null,"level":"info","message":"ctx permission","reqId":"67a2ec5a-8a10-42dc-84fa-36438a4f731f","skip":true,"timestamp":"2024-02-19T18:17:11.911Z"}
{"level":"info","message":"acl params","reqId":"67a2ec5a-8a10-42dc-84fa-36438a4f731f","timestamp":"2024-02-19T18:17:11.911Z"}
{"level":"info","message":"acl parsedParams","reqId":"67a2ec5a-8a10-42dc-84fa-36438a4f731f","timestamp":"2024-02-19T18:17:11.912Z"}
{"level":"info","message":"END: POST /api/charts:query","req":{"action":{"actionName":"query","params":{"actionName":"query","resourceName":"charts","values":{"collection":"project","dimensions":[{"alias":"startDate","field":["startDate"],"format":"YYYY"},{"field":["ministry","name"]}],"filter":{"$and":[{}]},"measures":[{"aggregation":"count","alias":"id","field":["id"]}],"orders":[],"uid":"t65xdq2m426"}},"resourceName":"charts"},"header":{"x-hostname":"cmreport.dsti.gov.sl","x-locale":"en-US","x-role":"ictAdmin","x-timezone":"-00:00"}},"reqId":"e88f3202-246f-4d77-abf3-662294543d60","res":{"status":200},"responseTime":95,"timestamp":"2024-02-19T18:17:11.924Z"}
{"level":"info","message":"END: POST /api/charts:query","req":{"action":{"actionName":"query","params":{"actionName":"query","resourceName":"charts","values":{"collection":"project","dimensions":[{"field":["ministry","name"]}],"filter":{"$and":[]},"measures":[{"aggregation":"count","alias":"id","field":["id"]}],"orders":[],"uid":"wquzd3cc5tk"}},"resourceName":"charts"},"header":{"x-hostname":"cmreport.dsti.gov.sl","x-locale":"en-US","x-role":"ictAdmin","x-timezone":"-00:00"}},"reqId":"bf5d3b55-5816-48c2-8de8-a1a8ced59927","res":{"status":200},"responseTime":107,"timestamp":"2024-02-19T18:17:11.925Z"}
{"level":"info","message":"END: POST /api/charts:query","req":{"action":{"actionName":"query","params":{"actionName":"query","resourceName":"charts","values":{"collection":"project","dimensions":[{"field":["funders","shortName"]},{"field":["currency"]}],"filter":{"$and":[]},"measures":[{"aggregation":"sum","alias":"amount","field":["amount"]},{"aggregation":"count","alias":"currency","field":["currency"]}],"orders":[],"uid":"hqonq4t2sl2"}},"resourceName":"charts"},"header":{"x-hostname":"cmreport.dsti.gov.sl","x-locale":"en-US","x-role":"ictAdmin","x-timezone":"-00:00"}},"reqId":"67a2ec5a-8a10-42dc-84fa-36438a4f731f","res":{"status":200},"responseTime":105,"timestamp":"2024-02-19T18:17:11.926Z"}
{"can":null,"level":"info","message":"ctx permission","reqId":"da3e6892-6062-4f3f-98a1-76fc3c51bc1a","skip":true,"timestamp":"2024-02-19T18:17:11.934Z"}
{"level":"info","message":"acl params","reqId":"da3e6892-6062-4f3f-98a1-76fc3c51bc1a","timestamp":"2024-02-19T18:17:11.934Z"}
{"level":"info","message":"acl parsedParams","reqId":"da3e6892-6062-4f3f-98a1-76fc3c51bc1a","timestamp":"2024-02-19T18:17:11.934Z"}
{"can":null,"level":"info","message":"ctx permission","reqId":"4654f19c-9f94-4f0d-b3ac-617620c1af19","skip":true,"timestamp":"2024-02-19T18:17:11.938Z"}
{"level":"info","message":"acl params","reqId":"4654f19c-9f94-4f0d-b3ac-617620c1af19","timestamp":"2024-02-19T18:17:11.941Z"}
{"level":"info","message":"acl parsedParams","reqId":"4654f19c-9f94-4f0d-b3ac-617620c1af19","timestamp":"2024-02-19T18:17:11.941Z"}
{"level":"info","message":"END: POST /api/charts:query","req":{"action":{"actionName":"query","params":{"actionName":"query","resourceName":"charts","values":{"collection":"project","dimensions":[{"field":["status"]}],"filter":{"$and":[]},"measures":[{"aggregation":"count","alias":"id","field":["id"]}],"orders":[],"uid":"m8ho4di17i1"}},"resourceName":"charts"},"header":{"x-hostname":"cmreport.dsti.gov.sl","x-locale":"en-US","x-role":"ictAdmin","x-timezone":"-00:00"}},"reqId":"da3e6892-6062-4f3f-98a1-76fc3c51bc1a","res":{"status":200},"responseTime":94,"timestamp":"2024-02-19T18:17:11.945Z"}
{"level":"info","message":"END: POST /api/charts:query","req":{"action":{"actionName":"query","params":{"actionName":"query","resourceName":"charts","values":{"collection":"project","dimensions":[{"alias":"endDate","field":["endDate"],"format":"YYYY"},{"field":["ministry","name"]}],"filter":{"$and":[{"endDate":{"$dateBefore":"2023-08-29"}}]},"measures":[{"aggregation":"count","alias":"id","field":["id"]},{"aggregation":"count","alias":"ministry.name","field":["ministry","name"]}],"orders":[],"uid":"uh66haigvqe"}},"resourceName":"charts"},"header":{"x-hostname":"cmreport.dsti.gov.sl","x-locale":"en-US","x-role":"ictAdmin","x-timezone":"-00:00"}},"reqId":"4654f19c-9f94-4f0d-b3ac-617620c1af19","res":{"status":200},"responseTime":92,"timestamp":"2024-02-19T18:17:11.955Z"}
{"level":"info","message":"BEGIN: POST /api/charts:query","reqId":"4e0b96c7-f82b-4b24-9272-8c6470512801","timestamp":"2024-02-19T18:17:17.250Z"}
{"can":null,"level":"info","message":"ctx permission","reqId":"4e0b96c7-f82b-4b24-9272-8c6470512801","skip":true,"timestamp":"2024-02-19T18:17:17.286Z"}
{"level":"info","message":"acl params","reqId":"4e0b96c7-f82b-4b24-9272-8c6470512801","timestamp":"2024-02-19T18:17:17.287Z"}
{"level":"info","message":"acl parsedParams","reqId":"4e0b96c7-f82b-4b24-9272-8c6470512801","timestamp":"2024-02-19T18:17:17.287Z"}
{"level":"info","message":"END: POST /api/charts:query","req":{"action":{"actionName":"query","params":{"actionName":"query","resourceName":"charts","values":{"collection":"project","dimensions":[{"field":["ministry","name"]}],"filter":{"$and":[{"status":{"$eq":"Supended"}}]},"measures":[{"aggregation":"count","alias":"id","field":["id"]},{"aggregation":"count","alias":"ministry.name","field":["ministry","name"]},{"aggregation":"count","alias":"status","field":["status"]}],"orders":[],"uid":"phrrupodu91"}},"resourceName":"charts"},"header":{"x-hostname":"cmreport.dsti.gov.sl","x-locale":"en-US","x-role":"ictAdmin","x-timezone":"-00:00"}},"reqId":"4e0b96c7-f82b-4b24-9272-8c6470512801","res":{"status":200},"responseTime":52,"timestamp":"2024-02-19T18:17:17.301Z"}
{"level":"info","message":"BEGIN: GET /api/uiSchemas:getProperties/az2o29vm9xq","reqId":"6169f104-bad8-48de-9a3e-cac03d514900","timestamp":"2024-02-19T18:18:46.394Z"}
{"can":null,"level":"info","message":"ctx permission","reqId":"6169f104-bad8-48de-9a3e-cac03d514900","skip":true,"timestamp":"2024-02-19T18:18:46.423Z"}
{"level":"info","message":"acl params","reqId":"6169f104-bad8-48de-9a3e-cac03d514900","timestamp":"2024-02-19T18:18:46.432Z"}
{"level":"info","message":"acl parsedParams","reqId":"6169f104-bad8-48de-9a3e-cac03d514900","timestamp":"2024-02-19T18:18:46.435Z"}
{"level":"info","message":"END: GET /api/uiSchemas:getProperties/az2o29vm9xq","req":{"action":{"actionName":"getProperties","params":{"actionName":"getProperties","filterByTk":"az2o29vm9xq","resourceIndex":"az2o29vm9xq","resourceName":"uiSchemas"},"resourceName":"uiSchemas"},"header":{"x-hostname":"cmreport.dsti.gov.sl","x-locale":"en-US","x-role":"ictAdmin","x-timezone":"-00:00"}},"reqId":"6169f104-bad8-48de-9a3e-cac03d514900","res":{"status":200},"responseTime":71,"timestamp":"2024-02-19T18:18:46.465Z"}
{"level":"info","message":"BEGIN: GET /api/donor:list?pageSize=20","reqId":"793eee25-edff-4a47-920f-9ffbb0ef6fc4","timestamp":"2024-02-19T18:18:47.214Z"}
{"can":{"action":"list","resource":"donor","role":"ictAdmin"},"level":"info","message":"ctx permission","reqId":"793eee25-edff-4a47-920f-9ffbb0ef6fc4","timestamp":"2024-02-19T18:18:47.235Z"}
{"level":"info","message":"acl params","reqId":"793eee25-edff-4a47-920f-9ffbb0ef6fc4","timestamp":"2024-02-19T18:18:47.240Z"}
{"level":"info","message":"acl parsedParams","reqId":"793eee25-edff-4a47-920f-9ffbb0ef6fc4","timestamp":"2024-02-19T18:18:47.241Z"}
{"level":"info","message":"END: GET /api/donor:list?pageSize=20","req":{"action":{"actionName":"list","params":{"actionName":"list","pageSize":"20","resourceName":"donor"},"resourceName":"donor"},"header":{"x-hostname":"cmreport.dsti.gov.sl","x-locale":"en-US","x-role":"ictAdmin","x-timezone":"-00:00"}},"reqId":"793eee25-edff-4a47-920f-9ffbb0ef6fc4","res":{"status":200},"responseTime":51,"timestamp":"2024-02-19T18:18:47.265Z"}
{"level":"info","message":"BEGIN: GET /api/uiSchemas:getProperties/ic05qq3jmex","reqId":"8073e549-259b-4c2c-8115-21fb0ab8ff94","timestamp":"2024-02-19T18:18:55.147Z"}
{"can":null,"level":"info","message":"ctx permission","reqId":"8073e549-259b-4c2c-8115-21fb0ab8ff94","skip":true,"timestamp":"2024-02-19T18:18:55.163Z"}
{"level":"info","message":"acl params","reqId":"8073e549-259b-4c2c-8115-21fb0ab8ff94","timestamp":"2024-02-19T18:18:55.163Z"}
{"level":"info","message":"acl parsedParams","reqId":"8073e549-259b-4c2c-8115-21fb0ab8ff94","timestamp":"2024-02-19T18:18:55.164Z"}
{"level":"info","message":"END: GET /api/uiSchemas:getProperties/ic05qq3jmex","req":{"action":{"actionName":"getProperties","params":{"actionName":"getProperties","filterByTk":"ic05qq3jmex","resourceIndex":"ic05qq3jmex","resourceName":"uiSchemas"},"resourceName":"uiSchemas"},"header":{"x-hostname":"cmreport.dsti.gov.sl","x-locale":"en-US","x-role":"ictAdmin","x-timezone":"-00:00"}},"reqId":"8073e549-259b-4c2c-8115-21fb0ab8ff94","res":{"status":200},"responseTime":17,"timestamp":"2024-02-19T18:18:55.164Z"}
{"level":"info","message":"BEGIN: GET /api/uiSchemas:getProperties/oopw0n6z5d0","reqId":"116ebbc0-f3dc-46d1-bf6a-183f7c6090c2","timestamp":"2024-02-19T18:19:06.013Z"}
{"can":null,"level":"info","message":"ctx permission","reqId":"116ebbc0-f3dc-46d1-bf6a-183f7c6090c2","skip":true,"timestamp":"2024-02-19T18:19:06.037Z"}
{"level":"info","message":"acl params","reqId":"116ebbc0-f3dc-46d1-bf6a-183f7c6090c2","timestamp":"2024-02-19T18:19:06.038Z"}
{"level":"info","message":"acl parsedParams","reqId":"116ebbc0-f3dc-46d1-bf6a-183f7c6090c2","timestamp":"2024-02-19T18:19:06.038Z"}
{"level":"info","message":"END: GET /api/uiSchemas:getProperties/oopw0n6z5d0","req":{"action":{"actionName":"getProperties","params":{"actionName":"getProperties","filterByTk":"oopw0n6z5d0","resourceIndex":"oopw0n6z5d0","resourceName":"uiSchemas"},"resourceName":"uiSchemas"},"header":{"x-hostname":"cmreport.dsti.gov.sl","x-locale":"en-US","x-role":"ictAdmin","x-timezone":"-00:00"}},"reqId":"116ebbc0-f3dc-46d1-bf6a-183f7c6090c2","res":{"status":200},"responseTime":62,"timestamp":"2024-02-19T18:19:06.075Z"}
{"level":"info","message":"BEGIN: GET /api/uiSchemas:getProperties/nbfn7fddp3g","reqId":"ebef2464-4df8-4655-ad6c-e77915126881","timestamp":"2024-02-19T18:19:08.290Z"}
{"can":null,"level":"info","message":"ctx permission","reqId":"ebef2464-4df8-4655-ad6c-e77915126881","skip":true,"timestamp":"2024-02-19T18:19:08.308Z"}
{"level":"info","message":"acl params","reqId":"ebef2464-4df8-4655-ad6c-e77915126881","timestamp":"2024-02-19T18:19:08.309Z"}
{"level":"info","message":"acl parsedParams","reqId":"ebef2464-4df8-4655-ad6c-e77915126881","timestamp":"2024-02-19T18:19:08.310Z"}
{"level":"info","message":"END: GET /api/uiSchemas:getProperties/nbfn7fddp3g","req":{"action":{"actionName":"getProperties","params":{"actionName":"getProperties","filterByTk":"nbfn7fddp3g","resourceIndex":"nbfn7fddp3g","resourceName":"uiSchemas"},"resourceName":"uiSchemas"},"header":{"x-hostname":"cmreport.dsti.gov.sl","x-locale":"en-US","x-role":"ictAdmin","x-timezone":"-00:00"}},"reqId":"ebef2464-4df8-4655-ad6c-e77915126881","res":{"status":200},"responseTime":121,"timestamp":"2024-02-19T18:19:08.411Z"}
{"level":"info","message":"BEGIN: GET /api/solutions:list?pageSize=20&appends%5B%5D=ministry&appends%5B%5D=fundingSources&appends%5B%5D=vendor&appends%5B%5D=createdBy","reqId":"4815d6b6-520f-4990-9a16-2acae8d8e0c2","timestamp":"2024-02-19T18:19:09.113Z"}
{"can":{"action":"list","resource":"solutions","role":"ictAdmin"},"level":"info","message":"ctx permission","reqId":"4815d6b6-520f-4990-9a16-2acae8d8e0c2","timestamp":"2024-02-19T18:19:09.137Z"}
{"level":"info","message":"acl params","reqId":"4815d6b6-520f-4990-9a16-2acae8d8e0c2","timestamp":"2024-02-19T18:19:09.138Z"}
{"level":"info","message":"acl parsedParams","reqId":"4815d6b6-520f-4990-9a16-2acae8d8e0c2","timestamp":"2024-02-19T18:19:09.141Z"}
{"level":"info","message":"END: GET /api/solutions:list?pageSize=20&appends%5B%5D=ministry&appends%5B%5D=fundingSources&appends%5B%5D=vendor&appends%5B%5D=createdBy","req":{"action":{"actionName":"list","params":{"actionName":"list","appends":["ministry","fundingSources","vendor","createdBy"],"pageSize":"20","resourceName":"solutions"},"resourceName":"solutions"},"header":{"x-hostname":"cmreport.dsti.gov.sl","x-locale":"en-US","x-role":"ictAdmin","x-timezone":"-00:00"}},"reqId":"4815d6b6-520f-4990-9a16-2acae8d8e0c2","res":{"status":200},"responseTime":144,"timestamp":"2024-02-19T18:19:09.257Z"}
{"level":"info","message":"BEGIN: GET /api/solutions:list?pageSize=20&appends%5B%5D=ministry&appends%5B%5D=fundingSources&appends%5B%5D=vendor&appends%5B%5D=createdBy&page=2","reqId":"fcb530c2-33be-47e8-aa05-6d1a271139df","timestamp":"2024-02-19T18:19:38.527Z"}
{"can":{"action":"list","resource":"solutions","role":"ictAdmin"},"level":"info","message":"ctx permission","reqId":"fcb530c2-33be-47e8-aa05-6d1a271139df","timestamp":"2024-02-19T18:19:38.594Z"}
{"level":"info","message":"acl params","reqId":"fcb530c2-33be-47e8-aa05-6d1a271139df","timestamp":"2024-02-19T18:19:38.595Z"}
{"level":"info","message":"acl parsedParams","reqId":"fcb530c2-33be-47e8-aa05-6d1a271139df","timestamp":"2024-02-19T18:19:38.595Z"}
{"level":"info","message":"END: GET /api/solutions:list?pageSize=20&appends%5B%5D=ministry&appends%5B%5D=fundingSources&appends%5B%5D=vendor&appends%5B%5D=createdBy&page=2","req":{"action":{"actionName":"list","params":{"actionName":"list","appends":["ministry","fundingSources","vendor","createdBy"],"page":"2","pageSize":"20","resourceName":"solutions"},"resourceName":"solutions"},"header":{"x-hostname":"cmreport.dsti.gov.sl","x-locale":"en-US","x-role":"ictAdmin","x-timezone":"-00:00"}},"reqId":"fcb530c2-33be-47e8-aa05-6d1a271139df","res":{"status":200},"responseTime":162,"timestamp":"2024-02-19T18:19:38.689Z"}
