{"level":"info","message":"BEGIN: GET /api/app:getLang?locale=en-US","reqId":"9deabad7-7edf-4eb4-997a-bddd3e9af7e0","timestamp":"2024-03-01T16:02:55.647Z"}
{"can":null,"level":"info","message":"ctx permission","reqId":"9deabad7-7edf-4eb4-997a-bddd3e9af7e0","skip":true,"timestamp":"2024-03-01T16:02:55.707Z"}
{"level":"info","message":"acl params","reqId":"9deabad7-7edf-4eb4-997a-bddd3e9af7e0","timestamp":"2024-03-01T16:02:55.708Z"}
{"level":"info","message":"acl parsedParams","reqId":"9deabad7-7edf-4eb4-997a-bddd3e9af7e0","timestamp":"2024-03-01T16:02:55.708Z"}
{"level":"info","message":"END: GET /api/app:getLang?locale=en-US","req":{"action":{"actionName":"getLang","params":{"actionName":"getLang","locale":"en-US","resourceName":"app"},"resourceName":"app"},"header":{"x-hostname":"cmreport.dsti.gov.sl","x-locale":"en-US","x-role":"ictHeads","x-timezone":"--8:00"}},"reqId":"9deabad7-7edf-4eb4-997a-bddd3e9af7e0","res":{"status":200},"responseTime":134,"timestamp":"2024-03-01T16:02:55.780Z"}
{"level":"info","message":"BEGIN: GET /api/app:getPlugins","reqId":"ab1e92e4-e4c7-4dcd-9a26-22c527131440","timestamp":"2024-03-01T16:02:56.189Z"}
{"can":null,"level":"info","message":"ctx permission","reqId":"ab1e92e4-e4c7-4dcd-9a26-22c527131440","skip":true,"timestamp":"2024-03-01T16:02:56.213Z"}
{"level":"info","message":"acl params","reqId":"ab1e92e4-e4c7-4dcd-9a26-22c527131440","timestamp":"2024-03-01T16:02:56.221Z"}
{"level":"info","message":"acl parsedParams","reqId":"ab1e92e4-e4c7-4dcd-9a26-22c527131440","timestamp":"2024-03-01T16:02:56.221Z"}
{"level":"info","message":"END: GET /api/app:getPlugins","req":{"action":{"actionName":"getPlugins","params":{"actionName":"getPlugins","resourceName":"app"},"resourceName":"app"},"header":{"x-hostname":"cmreport.dsti.gov.sl","x-locale":"en-US","x-role":"ictHeads","x-timezone":"--8:00"}},"reqId":"ab1e92e4-e4c7-4dcd-9a26-22c527131440","res":{"status":200},"responseTime":38,"timestamp":"2024-03-01T16:02:56.227Z"}
{"level":"info","message":"BEGIN: GET /api/plugins/client/@nocobase/plugin-ui-schema-storage/index.js","reqId":"276384db-145e-4be7-8023-6eaefb5afe63","timestamp":"2024-03-01T16:02:56.472Z"}
{"level":"info","message":"END: GET /api/plugins/client/@nocobase/plugin-ui-schema-storage/index.js","req":{},"reqId":"276384db-145e-4be7-8023-6eaefb5afe63","res":{"status":304},"responseTime":1,"timestamp":"2024-03-01T16:02:56.473Z"}
{"level":"info","message":"BEGIN: GET /api/plugins/client/@nocobase/plugin-ui-routes-storage/index.js","reqId":"481c6980-4307-4ff2-9722-eb36c97e30e9","timestamp":"2024-03-01T16:02:56.481Z"}
{"level":"info","message":"END: GET /api/plugins/client/@nocobase/plugin-ui-routes-storage/index.js","req":{},"reqId":"481c6980-4307-4ff2-9722-eb36c97e30e9","res":{"status":304},"responseTime":1,"timestamp":"2024-03-01T16:02:56.482Z"}
{"level":"info","message":"BEGIN: GET /api/plugins/client/@nocobase/plugin-file-manager/index.js","reqId":"8517c3cb-0c51-4537-9188-050db5dc3119","timestamp":"2024-03-01T16:02:56.613Z"}
{"level":"info","message":"END: GET /api/plugins/client/@nocobase/plugin-file-manager/index.js","req":{},"reqId":"8517c3cb-0c51-4537-9188-050db5dc3119","res":{"status":304},"responseTime":2,"timestamp":"2024-03-01T16:02:56.615Z"}
{"level":"info","message":"BEGIN: GET /api/plugins/client/@nocobase/plugin-system-settings/index.js","reqId":"f5510104-4e44-4c4c-91ac-514e49bde96c","timestamp":"2024-03-01T16:02:56.619Z"}
{"level":"info","message":"END: GET /api/plugins/client/@nocobase/plugin-system-settings/index.js","req":{},"reqId":"f5510104-4e44-4c4c-91ac-514e49bde96c","res":{"status":304},"responseTime":1,"timestamp":"2024-03-01T16:02:56.620Z"}
{"level":"info","message":"BEGIN: GET /api/plugins/client/@nocobase/plugin-error-handler/index.js","reqId":"ae45a013-fce7-4f50-b1bb-cbde92bb0f29","timestamp":"2024-03-01T16:02:56.734Z"}
{"level":"info","message":"END: GET /api/plugins/client/@nocobase/plugin-error-handler/index.js","req":{},"reqId":"ae45a013-fce7-4f50-b1bb-cbde92bb0f29","res":{"status":304},"responseTime":3,"timestamp":"2024-03-01T16:02:56.737Z"}
{"level":"info","message":"BEGIN: GET /api/plugins/client/@nocobase/plugin-collection-manager/index.js","reqId":"e91a7b1f-ecdc-4afb-849a-15d230e54fa6","timestamp":"2024-03-01T16:02:56.749Z"}
{"level":"info","message":"END: GET /api/plugins/client/@nocobase/plugin-collection-manager/index.js","req":{},"reqId":"e91a7b1f-ecdc-4afb-849a-15d230e54fa6","res":{"status":304},"responseTime":1,"timestamp":"2024-03-01T16:02:56.750Z"}
{"level":"info","message":"BEGIN: GET /api/plugins/client/@nocobase/plugin-verification/index.js","reqId":"3d5c6ca2-b648-418e-b4b5-b18cf21c6440","timestamp":"2024-03-01T16:02:56.754Z"}
{"level":"info","message":"END: GET /api/plugins/client/@nocobase/plugin-verification/index.js","req":{},"reqId":"3d5c6ca2-b648-418e-b4b5-b18cf21c6440","res":{"status":304},"responseTime":1,"timestamp":"2024-03-01T16:02:56.754Z"}
{"level":"info","message":"BEGIN: GET /api/plugins/client/@nocobase/plugin-sequence-field/index.js","reqId":"b6852cb4-132c-4aac-8399-9bc9158547bc","timestamp":"2024-03-01T16:02:56.757Z"}
{"level":"info","message":"END: GET /api/plugins/client/@nocobase/plugin-sequence-field/index.js","req":{},"reqId":"b6852cb4-132c-4aac-8399-9bc9158547bc","res":{"status":304},"responseTime":8,"timestamp":"2024-03-01T16:02:56.765Z"}
{"level":"info","message":"BEGIN: GET /api/plugins/client/@nocobase/plugin-acl/index.js","reqId":"05ac3a30-fde4-43f9-b274-0721538cafd3","timestamp":"2024-03-01T16:02:56.833Z"}
{"level":"info","message":"END: GET /api/plugins/client/@nocobase/plugin-acl/index.js","req":{},"reqId":"05ac3a30-fde4-43f9-b274-0721538cafd3","res":{"status":304},"responseTime":1,"timestamp":"2024-03-01T16:02:56.834Z"}
{"level":"info","message":"BEGIN: GET /api/plugins/client/@nocobase/plugin-china-region/index.js","reqId":"ae199ca7-a78a-434a-a625-c9f7c76d41a7","timestamp":"2024-03-01T16:02:56.857Z"}
{"level":"info","message":"END: GET /api/plugins/client/@nocobase/plugin-china-region/index.js","req":{},"reqId":"ae199ca7-a78a-434a-a625-c9f7c76d41a7","res":{"status":304},"responseTime":1,"timestamp":"2024-03-01T16:02:56.858Z"}
{"level":"info","message":"BEGIN: GET /api/plugins/client/@nocobase/plugin-export/index.js","reqId":"5a3abb3e-a4bb-4b57-8c40-8f4a5ef52654","timestamp":"2024-03-01T16:02:57.037Z"}
{"level":"info","message":"END: GET /api/plugins/client/@nocobase/plugin-export/index.js","req":{},"reqId":"5a3abb3e-a4bb-4b57-8c40-8f4a5ef52654","res":{"status":304},"responseTime":1,"timestamp":"2024-03-01T16:02:57.038Z"}
{"level":"info","message":"BEGIN: GET /api/plugins/client/@nocobase/plugin-import/index.js","reqId":"a371f01b-03bb-4243-8b47-aa43ebd15127","timestamp":"2024-03-01T16:02:57.045Z"}
{"level":"info","message":"END: GET /api/plugins/client/@nocobase/plugin-import/index.js","req":{},"reqId":"a371f01b-03bb-4243-8b47-aa43ebd15127","res":{"status":304},"responseTime":1,"timestamp":"2024-03-01T16:02:57.046Z"}
{"level":"info","message":"BEGIN: GET /api/plugins/client/@nocobase/plugin-workflow/index.js","reqId":"ed4822ae-a5f3-4dc9-81c1-68cbaf9cf0e0","timestamp":"2024-03-01T16:02:57.047Z"}
{"level":"info","message":"END: GET /api/plugins/client/@nocobase/plugin-workflow/index.js","req":{},"reqId":"ed4822ae-a5f3-4dc9-81c1-68cbaf9cf0e0","res":{"status":304},"responseTime":1,"timestamp":"2024-03-01T16:02:57.048Z"}
{"level":"info","message":"BEGIN: GET /api/plugins/client/@nocobase/plugin-client/index.js","reqId":"79eac794-f01d-4980-b8f0-419667d283da","timestamp":"2024-03-01T16:02:57.050Z"}
{"level":"info","message":"END: GET /api/plugins/client/@nocobase/plugin-client/index.js","req":{},"reqId":"79eac794-f01d-4980-b8f0-419667d283da","res":{"status":304},"responseTime":1,"timestamp":"2024-03-01T16:02:57.050Z"}
{"level":"info","message":"BEGIN: GET /api/plugins/client/@nocobase/plugin-audit-logs/index.js","reqId":"c8c47a66-762b-4fe0-9b91-c3eabac7e3d3","timestamp":"2024-03-01T16:02:57.055Z"}
{"level":"info","message":"BEGIN: GET /api/plugins/client/@nocobase/plugin-duplicator/index.js","reqId":"33c3dbc8-20e9-4715-833e-ab4f83a1a171","timestamp":"2024-03-01T16:02:57.060Z"}
{"level":"info","message":"END: GET /api/plugins/client/@nocobase/plugin-audit-logs/index.js","req":{},"reqId":"c8c47a66-762b-4fe0-9b91-c3eabac7e3d3","res":{"status":304},"responseTime":5,"timestamp":"2024-03-01T16:02:57.060Z"}
{"level":"info","message":"END: GET /api/plugins/client/@nocobase/plugin-duplicator/index.js","req":{},"reqId":"33c3dbc8-20e9-4715-833e-ab4f83a1a171","res":{"status":304},"responseTime":1,"timestamp":"2024-03-01T16:02:57.061Z"}
{"level":"info","message":"BEGIN: GET /api/plugins/client/@nocobase/plugin-iframe-block/index.js","reqId":"c5467d70-db1c-42be-aefa-5798f4051dcd","timestamp":"2024-03-01T16:02:57.230Z"}
{"level":"info","message":"BEGIN: GET /api/plugins/client/@nocobase/plugin-formula-field/index.js","reqId":"154ad564-eac4-49d2-837e-f686539c6cfb","timestamp":"2024-03-01T16:02:57.230Z"}
{"level":"info","message":"BEGIN: GET /api/plugins/client/@nocobase/plugin-auth/index.js","reqId":"990652cd-50a2-4910-bc9c-d52a9fdab7c8","timestamp":"2024-03-01T16:02:57.231Z"}
{"level":"info","message":"END: GET /api/plugins/client/@nocobase/plugin-iframe-block/index.js","req":{},"reqId":"c5467d70-db1c-42be-aefa-5798f4051dcd","res":{"status":304},"responseTime":3,"timestamp":"2024-03-01T16:02:57.232Z"}
{"level":"info","message":"END: GET /api/plugins/client/@nocobase/plugin-formula-field/index.js","req":{},"reqId":"154ad564-eac4-49d2-837e-f686539c6cfb","res":{"status":304},"responseTime":3,"timestamp":"2024-03-01T16:02:57.234Z"}
{"level":"info","message":"END: GET /api/plugins/client/@nocobase/plugin-auth/index.js","req":{},"reqId":"990652cd-50a2-4910-bc9c-d52a9fdab7c8","res":{"status":304},"responseTime":6,"timestamp":"2024-03-01T16:02:57.237Z"}
{"level":"info","message":"BEGIN: GET /api/plugins/client/@nocobase/plugin-charts/index.js","reqId":"7937165c-8488-406f-a19c-bc7daa0e707f","timestamp":"2024-03-01T16:02:57.239Z"}
{"level":"info","message":"END: GET /api/plugins/client/@nocobase/plugin-charts/index.js","req":{},"reqId":"7937165c-8488-406f-a19c-bc7daa0e707f","res":{"status":304},"responseTime":3,"timestamp":"2024-03-01T16:02:57.242Z"}
{"level":"info","message":"BEGIN: GET /api/plugins/client/@nocobase/plugin-data-visualization/index.js","reqId":"cd9e7865-dc76-4bee-bde3-d65f70ad285b","timestamp":"2024-03-01T16:02:57.258Z"}
{"level":"info","message":"BEGIN: GET /api/plugins/client/@nocobase/plugin-sms-auth/index.js","reqId":"5e6a8b3f-b862-4b3b-8a52-be288980b439","timestamp":"2024-03-01T16:02:57.259Z"}
{"level":"info","message":"END: GET /api/plugins/client/@nocobase/plugin-data-visualization/index.js","req":{},"reqId":"cd9e7865-dc76-4bee-bde3-d65f70ad285b","res":{"status":304},"responseTime":1,"timestamp":"2024-03-01T16:02:57.259Z"}
{"level":"info","message":"END: GET /api/plugins/client/@nocobase/plugin-sms-auth/index.js","req":{},"reqId":"5e6a8b3f-b862-4b3b-8a52-be288980b439","res":{"status":304},"responseTime":6,"timestamp":"2024-03-01T16:02:57.265Z"}
{"level":"info","message":"BEGIN: GET /api/plugins/client/@nocobase/plugin-multi-app-manager/index.js","reqId":"ccb6d772-534e-46b1-b1f6-f7dda1cba97e","timestamp":"2024-03-01T16:02:57.429Z"}
{"level":"info","message":"END: GET /api/plugins/client/@nocobase/plugin-multi-app-manager/index.js","req":{},"reqId":"ccb6d772-534e-46b1-b1f6-f7dda1cba97e","res":{"status":304},"responseTime":1,"timestamp":"2024-03-01T16:02:57.430Z"}
{"level":"info","message":"BEGIN: GET /api/plugins/client/@nocobase/plugin-snapshot-field/index.js","reqId":"a7005d2b-7e3e-411a-8801-18eefb00a3ff","timestamp":"2024-03-01T16:02:57.453Z"}
{"level":"info","message":"END: GET /api/plugins/client/@nocobase/plugin-snapshot-field/index.js","req":{},"reqId":"a7005d2b-7e3e-411a-8801-18eefb00a3ff","res":{"status":304},"responseTime":2,"timestamp":"2024-03-01T16:02:57.455Z"}
{"level":"info","message":"BEGIN: GET /api/plugins/client/@nocobase/plugin-map/index.js","reqId":"2fa5b8b3-5e09-4206-9baf-423d55e5b371","timestamp":"2024-03-01T16:02:57.463Z"}
{"level":"info","message":"END: GET /api/plugins/client/@nocobase/plugin-map/index.js","req":{},"reqId":"2fa5b8b3-5e09-4206-9baf-423d55e5b371","res":{"status":304},"responseTime":3,"timestamp":"2024-03-01T16:02:57.466Z"}
{"level":"info","message":"BEGIN: GET /api/plugins/client/@nocobase/plugin-graph-collection-manager/index.js","reqId":"3094f681-6397-4ca6-a7b4-2a80494e30b9","timestamp":"2024-03-01T16:02:57.567Z"}
{"level":"info","message":"END: GET /api/plugins/client/@nocobase/plugin-graph-collection-manager/index.js","req":{},"reqId":"3094f681-6397-4ca6-a7b4-2a80494e30b9","res":{"status":304},"responseTime":1,"timestamp":"2024-03-01T16:02:57.568Z"}
{"level":"info","message":"BEGIN: GET /api/plugins/client/@nocobase/plugin-mobile-client/index.js","reqId":"c8f0aaa8-0cac-4846-9f24-ee977798b841","timestamp":"2024-03-01T16:02:58.185Z"}
{"level":"info","message":"END: GET /api/plugins/client/@nocobase/plugin-mobile-client/index.js","req":{},"reqId":"c8f0aaa8-0cac-4846-9f24-ee977798b841","res":{"status":304},"responseTime":1,"timestamp":"2024-03-01T16:02:58.186Z"}
{"level":"info","message":"BEGIN: GET /api/plugins/client/@nocobase/plugin-theme-editor/index.js","reqId":"4145b0a1-938a-4fee-9e1e-2c3f73ea5ff6","timestamp":"2024-03-01T16:02:58.254Z"}
{"level":"info","message":"END: GET /api/plugins/client/@nocobase/plugin-theme-editor/index.js","req":{},"reqId":"4145b0a1-938a-4fee-9e1e-2c3f73ea5ff6","res":{"status":304},"responseTime":4,"timestamp":"2024-03-01T16:02:58.259Z"}
{"level":"info","message":"BEGIN: GET /api/plugins/client/@nocobase/plugin-api-keys/index.js","reqId":"8070e707-8d09-4085-ae0d-c404bdb84149","timestamp":"2024-03-01T16:02:58.270Z"}
{"level":"info","message":"END: GET /api/plugins/client/@nocobase/plugin-api-keys/index.js","req":{},"reqId":"8070e707-8d09-4085-ae0d-c404bdb84149","res":{"status":304},"responseTime":3,"timestamp":"2024-03-01T16:02:58.273Z"}
{"level":"info","message":"BEGIN: GET /api/auth:check","reqId":"e4e8347b-983b-40ca-9f80-d1dfa3a87e21","timestamp":"2024-03-01T16:03:00.111Z"}
{"can":null,"level":"info","message":"ctx permission","reqId":"e4e8347b-983b-40ca-9f80-d1dfa3a87e21","skip":true,"timestamp":"2024-03-01T16:03:00.137Z"}
{"level":"info","message":"acl params","reqId":"e4e8347b-983b-40ca-9f80-d1dfa3a87e21","timestamp":"2024-03-01T16:03:00.138Z"}
{"level":"info","message":"acl parsedParams","reqId":"e4e8347b-983b-40ca-9f80-d1dfa3a87e21","timestamp":"2024-03-01T16:03:00.138Z"}
{"level":"info","message":"END: GET /api/auth:check","req":{"action":{"actionName":"check","params":{"actionName":"check","resourceName":"auth"},"resourceName":"auth"},"header":{"x-hostname":"cmreport.dsti.gov.sl","x-locale":"en-US","x-role":"ictHeads","x-timezone":"--8:00"}},"reqId":"e4e8347b-983b-40ca-9f80-d1dfa3a87e21","res":{"status":200},"responseTime":28,"timestamp":"2024-03-01T16:03:00.139Z"}
{"level":"info","message":"BEGIN: GET /api/uiSchemaTemplates:list?appends%5B%5D=collection&paginate=false","reqId":"ae316d4d-2c54-476f-9b7d-bb232b22d1e4","timestamp":"2024-03-01T16:03:00.391Z"}
{"can":null,"level":"info","message":"ctx permission","reqId":"ae316d4d-2c54-476f-9b7d-bb232b22d1e4","skip":true,"timestamp":"2024-03-01T16:03:00.423Z"}
{"level":"info","message":"acl params","reqId":"ae316d4d-2c54-476f-9b7d-bb232b22d1e4","timestamp":"2024-03-01T16:03:00.423Z"}
{"level":"info","message":"acl parsedParams","reqId":"ae316d4d-2c54-476f-9b7d-bb232b22d1e4","timestamp":"2024-03-01T16:03:00.423Z"}
{"level":"info","message":"END: GET /api/uiSchemaTemplates:list?appends%5B%5D=collection&paginate=false","req":{"action":{"actionName":"list","params":{"actionName":"list","appends":["collection"],"paginate":"false","resourceName":"uiSchemaTemplates"},"resourceName":"uiSchemaTemplates"},"header":{"x-hostname":"cmreport.dsti.gov.sl","x-locale":"en-US","x-role":"ictHeads","x-timezone":"--8:00"}},"reqId":"ae316d4d-2c54-476f-9b7d-bb232b22d1e4","res":{"status":200},"responseTime":68,"timestamp":"2024-03-01T16:03:00.459Z"}
{"level":"info","message":"BEGIN: GET /api/systemSettings:get/1?appends=logo","reqId":"420e3272-2d2f-4c92-ae01-6708a2bd484b","timestamp":"2024-03-01T16:03:01.094Z"}
{"can":{"action":"get","resource":"systemSettings","role":"ictHeads"},"level":"info","message":"ctx permission","reqId":"420e3272-2d2f-4c92-ae01-6708a2bd484b","skip":true,"timestamp":"2024-03-01T16:03:01.119Z"}
{"level":"info","message":"acl params","reqId":"420e3272-2d2f-4c92-ae01-6708a2bd484b","timestamp":"2024-03-01T16:03:01.125Z"}
{"level":"info","message":"acl parsedParams","reqId":"420e3272-2d2f-4c92-ae01-6708a2bd484b","timestamp":"2024-03-01T16:03:01.126Z"}
{"level":"info","message":"END: GET /api/systemSettings:get/1?appends=logo","req":{"action":{"actionName":"get","params":{"actionName":"get","appends":["logo"],"filterByTk":"1","resourceIndex":"1","resourceName":"systemSettings"},"resourceName":"systemSettings"},"header":{"x-hostname":"cmreport.dsti.gov.sl","x-locale":"en-US","x-role":"ictHeads","x-timezone":"--8:00"}},"reqId":"420e3272-2d2f-4c92-ae01-6708a2bd484b","res":{"status":200},"responseTime":57,"timestamp":"2024-03-01T16:03:01.151Z"}
{"level":"info","message":"BEGIN: POST /api/chartsQueries:listMetadata?paginate=false&sort%5B%5D=-id","reqId":"bed12d25-25da-41b0-b4aa-3cc8621c1d77","timestamp":"2024-03-01T16:03:01.472Z"}
{"level":"info","message":"BEGIN: GET /api/app:getInfo","reqId":"4f8c4573-f9a7-46da-8309-f8bc21f13299","timestamp":"2024-03-01T16:03:01.519Z"}
{"can":null,"level":"info","message":"ctx permission","reqId":"bed12d25-25da-41b0-b4aa-3cc8621c1d77","skip":true,"timestamp":"2024-03-01T16:03:01.536Z"}
{"level":"info","message":"acl params","reqId":"bed12d25-25da-41b0-b4aa-3cc8621c1d77","timestamp":"2024-03-01T16:03:01.537Z"}
{"level":"info","message":"acl parsedParams","reqId":"bed12d25-25da-41b0-b4aa-3cc8621c1d77","timestamp":"2024-03-01T16:03:01.538Z"}
{"level":"info","message":"END: POST /api/chartsQueries:listMetadata?paginate=false&sort%5B%5D=-id","req":{"action":{"actionName":"listMetadata","params":{"actionName":"listMetadata","paginate":"false","resourceName":"chartsQueries","sort":["-id"]},"resourceName":"chartsQueries"},"header":{"x-hostname":"cmreport.dsti.gov.sl","x-locale":"en-US","x-role":"ictHeads","x-timezone":"--8:00"}},"reqId":"bed12d25-25da-41b0-b4aa-3cc8621c1d77","res":{"status":200},"responseTime":80,"timestamp":"2024-03-01T16:03:01.552Z"}
{"can":null,"level":"info","message":"ctx permission","reqId":"4f8c4573-f9a7-46da-8309-f8bc21f13299","skip":true,"timestamp":"2024-03-01T16:03:01.571Z"}
{"level":"info","message":"acl params","reqId":"4f8c4573-f9a7-46da-8309-f8bc21f13299","timestamp":"2024-03-01T16:03:01.572Z"}
{"level":"info","message":"acl parsedParams","reqId":"4f8c4573-f9a7-46da-8309-f8bc21f13299","timestamp":"2024-03-01T16:03:01.577Z"}
{"level":"info","message":"END: GET /api/app:getInfo","req":{"action":{"actionName":"getInfo","params":{"actionName":"getInfo","resourceName":"app"},"resourceName":"app"},"header":{"x-hostname":"cmreport.dsti.gov.sl","x-locale":"en-US","x-role":"ictHeads","x-timezone":"--8:00"}},"reqId":"4f8c4573-f9a7-46da-8309-f8bc21f13299","res":{"status":200},"responseTime":71,"timestamp":"2024-03-01T16:03:01.590Z"}
{"level":"info","message":"BEGIN: GET /api/app:getInfo","reqId":"4d4d8f2f-142d-43ec-81ab-35f7b8d0a489","timestamp":"2024-03-01T16:03:01.879Z"}
{"can":null,"level":"info","message":"ctx permission","reqId":"4d4d8f2f-142d-43ec-81ab-35f7b8d0a489","skip":true,"timestamp":"2024-03-01T16:03:01.923Z"}
{"level":"info","message":"acl params","reqId":"4d4d8f2f-142d-43ec-81ab-35f7b8d0a489","timestamp":"2024-03-01T16:03:01.924Z"}
{"level":"info","message":"acl parsedParams","reqId":"4d4d8f2f-142d-43ec-81ab-35f7b8d0a489","timestamp":"2024-03-01T16:03:01.924Z"}
{"level":"info","message":"END: GET /api/app:getInfo","req":{"action":{"actionName":"getInfo","params":{"actionName":"getInfo","resourceName":"app"},"resourceName":"app"},"header":{"x-hostname":"cmreport.dsti.gov.sl","x-locale":"en-US","x-role":"ictHeads","x-timezone":"--8:00"}},"reqId":"4d4d8f2f-142d-43ec-81ab-35f7b8d0a489","res":{"status":200},"responseTime":60,"timestamp":"2024-03-01T16:03:01.936Z"}
{"level":"info","message":"BEGIN: GET /api/themeConfig:list?sort=id&paginate=false","reqId":"554a8314-0e37-417f-bf2c-109e1e9efc02","timestamp":"2024-03-01T16:03:02.287Z"}
{"level":"info","message":"BEGIN: GET /api/app:getInfo","reqId":"ef6a270a-411c-4054-8d71-3c059811af34","timestamp":"2024-03-01T16:03:02.329Z"}
{"level":"info","message":"BEGIN: GET /api/collectionsHistory:list?paginate=false&appends%5B%5D=fields&sort%5B%5D=sort&filter=%7B%7D","reqId":"326d2ab0-6dbe-4ce1-b64b-6d8044d15df0","timestamp":"2024-03-01T16:03:02.332Z"}
{"can":{"action":"list","resource":"themeConfig","role":"ictHeads"},"level":"info","message":"ctx permission","reqId":"554a8314-0e37-417f-bf2c-109e1e9efc02","timestamp":"2024-03-01T16:03:02.389Z"}
{"level":"info","message":"acl params","reqId":"554a8314-0e37-417f-bf2c-109e1e9efc02","timestamp":"2024-03-01T16:03:02.390Z"}
{"level":"info","message":"acl parsedParams","reqId":"554a8314-0e37-417f-bf2c-109e1e9efc02","timestamp":"2024-03-01T16:03:02.390Z"}
{"can":null,"level":"info","message":"ctx permission","reqId":"ef6a270a-411c-4054-8d71-3c059811af34","skip":true,"timestamp":"2024-03-01T16:03:02.415Z"}
{"level":"info","message":"acl params","reqId":"ef6a270a-411c-4054-8d71-3c059811af34","timestamp":"2024-03-01T16:03:02.415Z"}
{"level":"info","message":"acl parsedParams","reqId":"ef6a270a-411c-4054-8d71-3c059811af34","timestamp":"2024-03-01T16:03:02.415Z"}
{"can":{"action":"list","resource":"collectionsHistory","role":"ictHeads"},"level":"info","message":"ctx permission","reqId":"326d2ab0-6dbe-4ce1-b64b-6d8044d15df0","skip":true,"timestamp":"2024-03-01T16:03:02.429Z"}
{"level":"info","message":"acl params","reqId":"326d2ab0-6dbe-4ce1-b64b-6d8044d15df0","timestamp":"2024-03-01T16:03:02.430Z"}
{"level":"info","message":"acl parsedParams","reqId":"326d2ab0-6dbe-4ce1-b64b-6d8044d15df0","timestamp":"2024-03-01T16:03:02.430Z"}
{"level":"info","message":"END: GET /api/themeConfig:list?sort=id&paginate=false","req":{"action":{"actionName":"list","params":{"actionName":"list","paginate":"false","resourceName":"themeConfig","sort":["id"]},"resourceName":"themeConfig"},"header":{"x-hostname":"cmreport.dsti.gov.sl","x-locale":"en-US","x-role":"ictHeads","x-timezone":"--8:00"}},"reqId":"554a8314-0e37-417f-bf2c-109e1e9efc02","res":{"status":200},"responseTime":174,"timestamp":"2024-03-01T16:03:02.461Z"}
{"level":"info","message":"END: GET /api/app:getInfo","req":{"action":{"actionName":"getInfo","params":{"actionName":"getInfo","resourceName":"app"},"resourceName":"app"},"header":{"x-hostname":"cmreport.dsti.gov.sl","x-locale":"en-US","x-role":"ictHeads","x-timezone":"--8:00"}},"reqId":"ef6a270a-411c-4054-8d71-3c059811af34","res":{"status":200},"responseTime":162,"timestamp":"2024-03-01T16:03:02.491Z"}
{"level":"info","message":"END: GET /api/collectionsHistory:list?paginate=false&appends%5B%5D=fields&sort%5B%5D=sort&filter=%7B%7D","req":{"action":{"actionName":"list","params":{"actionName":"list","appends":["fields"],"filter":{},"paginate":"false","resourceName":"collectionsHistory","sort":["sort"]},"resourceName":"collectionsHistory"},"header":{"x-hostname":"cmreport.dsti.gov.sl","x-locale":"en-US","x-role":"ictHeads","x-timezone":"--8:00"}},"reqId":"326d2ab0-6dbe-4ce1-b64b-6d8044d15df0","res":{"status":200},"responseTime":387,"timestamp":"2024-03-01T16:03:02.719Z"}
{"level":"info","message":"BEGIN: GET /api/app:getInfo","reqId":"c4c3d419-1a83-4dae-a64f-2eb54b020e9e","timestamp":"2024-03-01T16:03:03.523Z"}
{"level":"info","message":"BEGIN: GET /api/themeConfig:list?sort=id&paginate=false","reqId":"f06a26df-1f8f-4302-8698-cff029bbabf7","timestamp":"2024-03-01T16:03:03.529Z"}
{"can":null,"level":"info","message":"ctx permission","reqId":"c4c3d419-1a83-4dae-a64f-2eb54b020e9e","skip":true,"timestamp":"2024-03-01T16:03:03.557Z"}
{"level":"info","message":"acl params","reqId":"c4c3d419-1a83-4dae-a64f-2eb54b020e9e","timestamp":"2024-03-01T16:03:03.557Z"}
{"level":"info","message":"acl parsedParams","reqId":"c4c3d419-1a83-4dae-a64f-2eb54b020e9e","timestamp":"2024-03-01T16:03:03.557Z"}
{"can":{"action":"list","resource":"themeConfig","role":"ictHeads"},"level":"info","message":"ctx permission","reqId":"f06a26df-1f8f-4302-8698-cff029bbabf7","timestamp":"2024-03-01T16:03:03.558Z"}
{"level":"info","message":"acl params","reqId":"f06a26df-1f8f-4302-8698-cff029bbabf7","timestamp":"2024-03-01T16:03:03.558Z"}
{"level":"info","message":"acl parsedParams","reqId":"f06a26df-1f8f-4302-8698-cff029bbabf7","timestamp":"2024-03-01T16:03:03.558Z"}
{"level":"info","message":"END: GET /api/themeConfig:list?sort=id&paginate=false","req":{"action":{"actionName":"list","params":{"actionName":"list","paginate":"false","resourceName":"themeConfig","sort":["id"]},"resourceName":"themeConfig"},"header":{"x-hostname":"cmreport.dsti.gov.sl","x-locale":"en-US","x-role":"ictHeads","x-timezone":"--8:00"}},"reqId":"f06a26df-1f8f-4302-8698-cff029bbabf7","res":{"status":200},"responseTime":46,"timestamp":"2024-03-01T16:03:03.575Z"}
{"level":"info","message":"END: GET /api/app:getInfo","req":{"action":{"actionName":"getInfo","params":{"actionName":"getInfo","resourceName":"app"},"resourceName":"app"},"header":{"x-hostname":"cmreport.dsti.gov.sl","x-locale":"en-US","x-role":"ictHeads","x-timezone":"--8:00"}},"reqId":"c4c3d419-1a83-4dae-a64f-2eb54b020e9e","res":{"status":200},"responseTime":59,"timestamp":"2024-03-01T16:03:03.582Z"}
{"level":"info","message":"BEGIN: GET /api/app:getInfo","reqId":"0618fd39-8bec-4e6b-8ec3-d14a600c72cc","timestamp":"2024-03-01T16:03:03.862Z"}
{"can":null,"level":"info","message":"ctx permission","reqId":"0618fd39-8bec-4e6b-8ec3-d14a600c72cc","skip":true,"timestamp":"2024-03-01T16:03:03.904Z"}
{"level":"info","message":"acl params","reqId":"0618fd39-8bec-4e6b-8ec3-d14a600c72cc","timestamp":"2024-03-01T16:03:03.904Z"}
{"level":"info","message":"acl parsedParams","reqId":"0618fd39-8bec-4e6b-8ec3-d14a600c72cc","timestamp":"2024-03-01T16:03:03.905Z"}
{"level":"info","message":"END: GET /api/app:getInfo","req":{"action":{"actionName":"getInfo","params":{"actionName":"getInfo","resourceName":"app"},"resourceName":"app"},"header":{"x-hostname":"cmreport.dsti.gov.sl","x-locale":"en-US","x-role":"ictHeads","x-timezone":"--8:00"}},"reqId":"0618fd39-8bec-4e6b-8ec3-d14a600c72cc","res":{"status":200},"responseTime":45,"timestamp":"2024-03-01T16:03:03.907Z"}
{"level":"info","message":"BEGIN: GET /api/uiSchemaTemplates:list?appends%5B%5D=collection&paginate=false","reqId":"5dabf262-939d-4a52-8b36-bb892025cb14","timestamp":"2024-03-01T16:03:04.153Z"}
{"can":null,"level":"info","message":"ctx permission","reqId":"5dabf262-939d-4a52-8b36-bb892025cb14","skip":true,"timestamp":"2024-03-01T16:03:04.171Z"}
{"level":"info","message":"acl params","reqId":"5dabf262-939d-4a52-8b36-bb892025cb14","timestamp":"2024-03-01T16:03:04.171Z"}
{"level":"info","message":"acl parsedParams","reqId":"5dabf262-939d-4a52-8b36-bb892025cb14","timestamp":"2024-03-01T16:03:04.171Z"}
{"level":"info","message":"END: GET /api/uiSchemaTemplates:list?appends%5B%5D=collection&paginate=false","req":{"action":{"actionName":"list","params":{"actionName":"list","appends":["collection"],"paginate":"false","resourceName":"uiSchemaTemplates"},"resourceName":"uiSchemaTemplates"},"header":{"x-hostname":"cmreport.dsti.gov.sl","x-locale":"en-US","x-role":"ictHeads","x-timezone":"--8:00"}},"reqId":"5dabf262-939d-4a52-8b36-bb892025cb14","res":{"status":200},"responseTime":38,"timestamp":"2024-03-01T16:03:04.191Z"}
{"level":"info","message":"BEGIN: GET /api/collections:list?paginate=false&appends%5B%5D=fields&appends%5B%5D=category&sort%5B%5D=sort&filter=%7B%7D","reqId":"499f0af1-a477-49bc-aaa2-5b3d5cbfdf9e","timestamp":"2024-03-01T16:03:04.637Z"}
{"level":"info","message":"BEGIN: GET /api/collectionCategories:list?paginate=false&sort%5B%5D=sort","reqId":"204509a0-30f5-41f8-90e9-434465d1d816","timestamp":"2024-03-01T16:03:04.675Z"}
{"can":null,"level":"info","message":"ctx permission","reqId":"499f0af1-a477-49bc-aaa2-5b3d5cbfdf9e","skip":true,"timestamp":"2024-03-01T16:03:04.713Z"}
{"level":"info","message":"acl params","reqId":"499f0af1-a477-49bc-aaa2-5b3d5cbfdf9e","timestamp":"2024-03-01T16:03:04.713Z"}
{"level":"info","message":"acl parsedParams","reqId":"499f0af1-a477-49bc-aaa2-5b3d5cbfdf9e","timestamp":"2024-03-01T16:03:04.714Z"}
{"can":{"action":"list","resource":"collectionCategories","role":"ictHeads"},"level":"info","message":"ctx permission","reqId":"204509a0-30f5-41f8-90e9-434465d1d816","skip":true,"timestamp":"2024-03-01T16:03:04.734Z"}
{"level":"info","message":"acl params","reqId":"204509a0-30f5-41f8-90e9-434465d1d816","timestamp":"2024-03-01T16:03:04.735Z"}
{"level":"info","message":"acl parsedParams","reqId":"204509a0-30f5-41f8-90e9-434465d1d816","timestamp":"2024-03-01T16:03:04.735Z"}
{"level":"info","message":"END: GET /api/collectionCategories:list?paginate=false&sort%5B%5D=sort","req":{"action":{"actionName":"list","params":{"actionName":"list","paginate":"false","resourceName":"collectionCategories","sort":["sort"]},"resourceName":"collectionCategories"},"header":{"x-hostname":"cmreport.dsti.gov.sl","x-locale":"en-US","x-role":"ictHeads","x-timezone":"--8:00"}},"reqId":"204509a0-30f5-41f8-90e9-434465d1d816","res":{"status":200},"responseTime":323,"timestamp":"2024-03-01T16:03:04.998Z"}
{"level":"info","message":"END: GET /api/collections:list?paginate=false&appends%5B%5D=fields&appends%5B%5D=category&sort%5B%5D=sort&filter=%7B%7D","req":{"action":{"actionName":"list","params":{"actionName":"list","appends":["fields","category"],"filter":{},"paginate":"false","resourceName":"collections","sort":["sort"]},"resourceName":"collections"},"header":{"x-hostname":"cmreport.dsti.gov.sl","x-locale":"en-US","x-role":"ictHeads","x-timezone":"--8:00"}},"reqId":"499f0af1-a477-49bc-aaa2-5b3d5cbfdf9e","res":{"status":200},"responseTime":382,"timestamp":"2024-03-01T16:03:05.019Z"}
{"level":"info","message":"BEGIN: GET /api/roles:check","reqId":"7eaceda8-3538-407a-b67b-3f19d31bd423","timestamp":"2024-03-01T16:03:05.774Z"}
{"can":null,"level":"info","message":"ctx permission","reqId":"7eaceda8-3538-407a-b67b-3f19d31bd423","skip":true,"timestamp":"2024-03-01T16:03:05.804Z"}
{"level":"info","message":"acl params","reqId":"7eaceda8-3538-407a-b67b-3f19d31bd423","timestamp":"2024-03-01T16:03:05.805Z"}
{"level":"info","message":"acl parsedParams","reqId":"7eaceda8-3538-407a-b67b-3f19d31bd423","timestamp":"2024-03-01T16:03:05.805Z"}
{"level":"info","message":"END: GET /api/roles:check","req":{"action":{"actionName":"check","params":{"actionName":"check","resourceName":"roles"},"resourceName":"roles"},"header":{"x-hostname":"cmreport.dsti.gov.sl","x-locale":"en-US","x-role":"ictHeads","x-timezone":"--8:00"}},"reqId":"7eaceda8-3538-407a-b67b-3f19d31bd423","res":{"status":200},"responseTime":52,"timestamp":"2024-03-01T16:03:05.826Z"}
{"level":"info","message":"BEGIN: GET /api/uiSchemas:getJsonSchema/kajnqv7hagl","reqId":"98f7f94e-87ae-435d-9b83-dcdaab909fe4","timestamp":"2024-03-01T16:03:06.238Z"}
{"level":"info","message":"BEGIN: GET /api/uiSchemas:getProperties/ic05qq3jmex","reqId":"188f2a81-6260-44d7-87cb-01012f7cbdf2","timestamp":"2024-03-01T16:03:06.247Z"}
{"can":null,"level":"info","message":"ctx permission","reqId":"98f7f94e-87ae-435d-9b83-dcdaab909fe4","skip":true,"timestamp":"2024-03-01T16:03:06.269Z"}
{"level":"info","message":"acl params","reqId":"98f7f94e-87ae-435d-9b83-dcdaab909fe4","timestamp":"2024-03-01T16:03:06.270Z"}
{"level":"info","message":"acl parsedParams","reqId":"98f7f94e-87ae-435d-9b83-dcdaab909fe4","timestamp":"2024-03-01T16:03:06.270Z"}
{"level":"info","message":"END: GET /api/uiSchemas:getJsonSchema/kajnqv7hagl","req":{"action":{"actionName":"getJsonSchema","params":{"actionName":"getJsonSchema","filterByTk":"kajnqv7hagl","resourceIndex":"kajnqv7hagl","resourceName":"uiSchemas"},"resourceName":"uiSchemas"},"header":{"x-hostname":"cmreport.dsti.gov.sl","x-locale":"en-US","x-role":"ictHeads","x-timezone":"--8:00"}},"reqId":"98f7f94e-87ae-435d-9b83-dcdaab909fe4","res":{"status":200},"responseTime":32,"timestamp":"2024-03-01T16:03:06.270Z"}
{"can":null,"level":"info","message":"ctx permission","reqId":"188f2a81-6260-44d7-87cb-01012f7cbdf2","skip":true,"timestamp":"2024-03-01T16:03:06.280Z"}
{"level":"info","message":"acl params","reqId":"188f2a81-6260-44d7-87cb-01012f7cbdf2","timestamp":"2024-03-01T16:03:06.285Z"}
{"level":"info","message":"acl parsedParams","reqId":"188f2a81-6260-44d7-87cb-01012f7cbdf2","timestamp":"2024-03-01T16:03:06.285Z"}
{"level":"info","message":"END: GET /api/uiSchemas:getProperties/ic05qq3jmex","req":{"action":{"actionName":"getProperties","params":{"actionName":"getProperties","filterByTk":"ic05qq3jmex","resourceIndex":"ic05qq3jmex","resourceName":"uiSchemas"},"resourceName":"uiSchemas"},"header":{"x-hostname":"cmreport.dsti.gov.sl","x-locale":"en-US","x-role":"ictHeads","x-timezone":"--8:00"}},"reqId":"188f2a81-6260-44d7-87cb-01012f7cbdf2","res":{"status":200},"responseTime":39,"timestamp":"2024-03-01T16:03:06.286Z"}
{"level":"info","message":"BEGIN: GET /api/app:getLang?locale=en-US","reqId":"c5c3b57f-71aa-4265-8da8-3a35de963905","timestamp":"2024-03-01T16:43:41.193Z"}
{"can":null,"level":"info","message":"ctx permission","reqId":"c5c3b57f-71aa-4265-8da8-3a35de963905","skip":true,"timestamp":"2024-03-01T16:43:41.220Z"}
{"level":"info","message":"acl params","reqId":"c5c3b57f-71aa-4265-8da8-3a35de963905","timestamp":"2024-03-01T16:43:41.220Z"}
{"level":"info","message":"acl parsedParams","reqId":"c5c3b57f-71aa-4265-8da8-3a35de963905","timestamp":"2024-03-01T16:43:41.221Z"}
{"level":"info","message":"END: GET /api/app:getLang?locale=en-US","req":{"action":{"actionName":"getLang","params":{"actionName":"getLang","locale":"en-US","resourceName":"app"},"resourceName":"app"},"header":{"x-hostname":"cmreport.dsti.gov.sl","x-locale":"en-US","x-role":"ictHeads","x-timezone":"-00:00"}},"reqId":"c5c3b57f-71aa-4265-8da8-3a35de963905","res":{"status":200},"responseTime":37,"timestamp":"2024-03-01T16:43:41.231Z"}
{"level":"info","message":"BEGIN: GET /api/app:getPlugins","reqId":"a981186e-2a59-4eb4-a1a5-e11740d4030b","timestamp":"2024-03-01T16:43:41.559Z"}
{"can":null,"level":"info","message":"ctx permission","reqId":"a981186e-2a59-4eb4-a1a5-e11740d4030b","skip":true,"timestamp":"2024-03-01T16:43:41.589Z"}
{"level":"info","message":"acl params","reqId":"a981186e-2a59-4eb4-a1a5-e11740d4030b","timestamp":"2024-03-01T16:43:41.592Z"}
{"level":"info","message":"acl parsedParams","reqId":"a981186e-2a59-4eb4-a1a5-e11740d4030b","timestamp":"2024-03-01T16:43:41.593Z"}
{"level":"info","message":"END: GET /api/app:getPlugins","req":{"action":{"actionName":"getPlugins","params":{"actionName":"getPlugins","resourceName":"app"},"resourceName":"app"},"header":{"x-hostname":"cmreport.dsti.gov.sl","x-locale":"en-US","x-role":"ictHeads","x-timezone":"-00:00"}},"reqId":"a981186e-2a59-4eb4-a1a5-e11740d4030b","res":{"status":200},"responseTime":44,"timestamp":"2024-03-01T16:43:41.603Z"}
{"level":"info","message":"BEGIN: GET /api/plugins/client/@nocobase/plugin-collection-manager/index.js","reqId":"771585b0-e0bf-400e-9370-3307781b7257","timestamp":"2024-03-01T16:43:41.849Z"}
{"level":"info","message":"END: GET /api/plugins/client/@nocobase/plugin-collection-manager/index.js","req":{},"reqId":"771585b0-e0bf-400e-9370-3307781b7257","res":{"status":304},"responseTime":1,"timestamp":"2024-03-01T16:43:41.850Z"}
{"level":"info","message":"BEGIN: GET /api/plugins/client/@nocobase/plugin-error-handler/index.js","reqId":"51340ce4-1744-4efb-a814-48cdbaae9092","timestamp":"2024-03-01T16:43:42.033Z"}
{"level":"info","message":"END: GET /api/plugins/client/@nocobase/plugin-error-handler/index.js","req":{},"reqId":"51340ce4-1744-4efb-a814-48cdbaae9092","res":{"status":304},"responseTime":1,"timestamp":"2024-03-01T16:43:42.034Z"}
{"level":"info","message":"BEGIN: GET /api/plugins/client/@nocobase/plugin-ui-schema-storage/index.js","reqId":"cc791d96-59bc-42cb-b462-7a31c6f87bed","timestamp":"2024-03-01T16:43:42.151Z"}
{"level":"info","message":"END: GET /api/plugins/client/@nocobase/plugin-ui-schema-storage/index.js","req":{},"reqId":"cc791d96-59bc-42cb-b462-7a31c6f87bed","res":{"status":304},"responseTime":1,"timestamp":"2024-03-01T16:43:42.153Z"}
{"level":"info","message":"BEGIN: GET /api/plugins/client/@nocobase/plugin-ui-routes-storage/index.js","reqId":"65208ea6-17f5-4919-a590-a52d55332eb0","timestamp":"2024-03-01T16:43:42.161Z"}
{"level":"info","message":"END: GET /api/plugins/client/@nocobase/plugin-ui-routes-storage/index.js","req":{},"reqId":"65208ea6-17f5-4919-a590-a52d55332eb0","res":{"status":304},"responseTime":1,"timestamp":"2024-03-01T16:43:42.162Z"}
{"level":"info","message":"BEGIN: GET /api/plugins/client/@nocobase/plugin-file-manager/index.js","reqId":"05e06469-4179-40c3-814a-5dd6bfc9460d","timestamp":"2024-03-01T16:43:42.177Z"}
{"level":"info","message":"END: GET /api/plugins/client/@nocobase/plugin-file-manager/index.js","req":{},"reqId":"05e06469-4179-40c3-814a-5dd6bfc9460d","res":{"status":304},"responseTime":0,"timestamp":"2024-03-01T16:43:42.177Z"}
{"level":"info","message":"BEGIN: GET /api/plugins/client/@nocobase/plugin-system-settings/index.js","reqId":"56a50aa5-90f7-4b81-af98-2976be575133","timestamp":"2024-03-01T16:43:42.182Z"}
{"level":"info","message":"END: GET /api/plugins/client/@nocobase/plugin-system-settings/index.js","req":{},"reqId":"56a50aa5-90f7-4b81-af98-2976be575133","res":{"status":304},"responseTime":1,"timestamp":"2024-03-01T16:43:42.183Z"}
{"level":"info","message":"BEGIN: GET /api/plugins/client/@nocobase/plugin-sequence-field/index.js","reqId":"54835dc4-2985-4d52-b88d-ceedd939d322","timestamp":"2024-03-01T16:43:42.209Z"}
{"level":"info","message":"END: GET /api/plugins/client/@nocobase/plugin-sequence-field/index.js","req":{},"reqId":"54835dc4-2985-4d52-b88d-ceedd939d322","res":{"status":304},"responseTime":1,"timestamp":"2024-03-01T16:43:42.210Z"}
{"level":"info","message":"BEGIN: GET /api/plugins/client/@nocobase/plugin-verification/index.js","reqId":"ca657c45-e65f-4fdc-808e-91107c8cb8c2","timestamp":"2024-03-01T16:43:42.229Z"}
{"level":"info","message":"END: GET /api/plugins/client/@nocobase/plugin-verification/index.js","req":{},"reqId":"ca657c45-e65f-4fdc-808e-91107c8cb8c2","res":{"status":304},"responseTime":1,"timestamp":"2024-03-01T16:43:42.230Z"}
{"level":"info","message":"BEGIN: GET /api/plugins/client/@nocobase/plugin-acl/index.js","reqId":"649422d6-a179-43f6-ab82-a4bb1e1588c0","timestamp":"2024-03-01T16:43:42.593Z"}
{"level":"info","message":"END: GET /api/plugins/client/@nocobase/plugin-acl/index.js","req":{},"reqId":"649422d6-a179-43f6-ab82-a4bb1e1588c0","res":{"status":304},"responseTime":4,"timestamp":"2024-03-01T16:43:42.597Z"}
{"level":"info","message":"BEGIN: GET /api/plugins/client/@nocobase/plugin-china-region/index.js","reqId":"7b4d01d6-ebed-4d48-9289-7e3c139904ba","timestamp":"2024-03-01T16:43:42.601Z"}
{"level":"info","message":"END: GET /api/plugins/client/@nocobase/plugin-china-region/index.js","req":{},"reqId":"7b4d01d6-ebed-4d48-9289-7e3c139904ba","res":{"status":304},"responseTime":1,"timestamp":"2024-03-01T16:43:42.602Z"}
{"level":"info","message":"BEGIN: GET /api/plugins/client/@nocobase/plugin-client/index.js","reqId":"bcf1b8da-a6b5-4f58-b01d-a3cc4467251b","timestamp":"2024-03-01T16:43:42.685Z"}
{"level":"info","message":"END: GET /api/plugins/client/@nocobase/plugin-client/index.js","req":{},"reqId":"bcf1b8da-a6b5-4f58-b01d-a3cc4467251b","res":{"status":304},"responseTime":1,"timestamp":"2024-03-01T16:43:42.686Z"}
{"level":"info","message":"BEGIN: GET /api/plugins/client/@nocobase/plugin-export/index.js","reqId":"11e61b9d-519f-4120-9c91-85258b418441","timestamp":"2024-03-01T16:43:42.688Z"}
{"level":"info","message":"END: GET /api/plugins/client/@nocobase/plugin-export/index.js","req":{},"reqId":"11e61b9d-519f-4120-9c91-85258b418441","res":{"status":304},"responseTime":1,"timestamp":"2024-03-01T16:43:42.689Z"}
{"level":"info","message":"BEGIN: GET /api/plugins/client/@nocobase/plugin-workflow/index.js","reqId":"32017135-6100-427a-871e-551cebe8549a","timestamp":"2024-03-01T16:43:42.693Z"}
{"level":"info","message":"END: GET /api/plugins/client/@nocobase/plugin-workflow/index.js","req":{},"reqId":"32017135-6100-427a-871e-551cebe8549a","res":{"status":304},"responseTime":1,"timestamp":"2024-03-01T16:43:42.694Z"}
{"level":"info","message":"BEGIN: GET /api/plugins/client/@nocobase/plugin-import/index.js","reqId":"2eacb39c-813d-469f-bfce-ea162915338a","timestamp":"2024-03-01T16:43:42.701Z"}
{"level":"info","message":"END: GET /api/plugins/client/@nocobase/plugin-import/index.js","req":{},"reqId":"2eacb39c-813d-469f-bfce-ea162915338a","res":{"status":304},"responseTime":1,"timestamp":"2024-03-01T16:43:42.702Z"}
{"level":"info","message":"BEGIN: GET /api/plugins/client/@nocobase/plugin-audit-logs/index.js","reqId":"df11a2fb-18be-4d60-83ad-f75ebca65c79","timestamp":"2024-03-01T16:43:42.795Z"}
{"level":"info","message":"BEGIN: GET /api/plugins/client/@nocobase/plugin-duplicator/index.js","reqId":"8016b404-e347-4116-9810-28de70ab4c0a","timestamp":"2024-03-01T16:43:42.796Z"}
{"level":"info","message":"END: GET /api/plugins/client/@nocobase/plugin-audit-logs/index.js","req":{},"reqId":"df11a2fb-18be-4d60-83ad-f75ebca65c79","res":{"status":304},"responseTime":1,"timestamp":"2024-03-01T16:43:42.796Z"}
{"level":"info","message":"END: GET /api/plugins/client/@nocobase/plugin-duplicator/index.js","req":{},"reqId":"8016b404-e347-4116-9810-28de70ab4c0a","res":{"status":304},"responseTime":1,"timestamp":"2024-03-01T16:43:42.797Z"}
{"level":"info","message":"BEGIN: GET /api/plugins/client/@nocobase/plugin-formula-field/index.js","reqId":"bb405fff-31dc-42d7-a5ea-fde4ea191b01","timestamp":"2024-03-01T16:43:42.851Z"}
{"level":"info","message":"END: GET /api/plugins/client/@nocobase/plugin-formula-field/index.js","req":{},"reqId":"bb405fff-31dc-42d7-a5ea-fde4ea191b01","res":{"status":304},"responseTime":1,"timestamp":"2024-03-01T16:43:42.852Z"}
{"level":"info","message":"BEGIN: GET /api/plugins/client/@nocobase/plugin-iframe-block/index.js","reqId":"14edc29c-a598-44d2-8b28-c49b03107768","timestamp":"2024-03-01T16:43:42.855Z"}
{"level":"info","message":"END: GET /api/plugins/client/@nocobase/plugin-iframe-block/index.js","req":{},"reqId":"14edc29c-a598-44d2-8b28-c49b03107768","res":{"status":304},"responseTime":0,"timestamp":"2024-03-01T16:43:42.855Z"}
{"level":"info","message":"BEGIN: GET /api/plugins/client/@nocobase/plugin-data-visualization/index.js","reqId":"a46c663e-4274-4545-a95f-828e2abbf0c5","timestamp":"2024-03-01T16:43:42.885Z"}
{"level":"info","message":"BEGIN: GET /api/plugins/client/@nocobase/plugin-charts/index.js","reqId":"9fdbf8a2-abbd-46dd-9183-b01397553ce3","timestamp":"2024-03-01T16:43:42.886Z"}
{"level":"info","message":"END: GET /api/plugins/client/@nocobase/plugin-data-visualization/index.js","req":{},"reqId":"a46c663e-4274-4545-a95f-828e2abbf0c5","res":{"status":304},"responseTime":1,"timestamp":"2024-03-01T16:43:42.886Z"}
{"level":"info","message":"END: GET /api/plugins/client/@nocobase/plugin-charts/index.js","req":{},"reqId":"9fdbf8a2-abbd-46dd-9183-b01397553ce3","res":{"status":304},"responseTime":1,"timestamp":"2024-03-01T16:43:42.887Z"}
{"level":"info","message":"BEGIN: GET /api/plugins/client/@nocobase/plugin-auth/index.js","reqId":"13467e35-1867-4df3-b0e2-e9f4312ba83a","timestamp":"2024-03-01T16:43:42.957Z"}
{"level":"info","message":"END: GET /api/plugins/client/@nocobase/plugin-auth/index.js","req":{},"reqId":"13467e35-1867-4df3-b0e2-e9f4312ba83a","res":{"status":304},"responseTime":1,"timestamp":"2024-03-01T16:43:42.958Z"}
{"level":"info","message":"BEGIN: GET /api/plugins/client/@nocobase/plugin-sms-auth/index.js","reqId":"824a821a-c2ef-42af-9297-756922fc4713","timestamp":"2024-03-01T16:43:42.977Z"}
{"level":"info","message":"END: GET /api/plugins/client/@nocobase/plugin-sms-auth/index.js","req":{},"reqId":"824a821a-c2ef-42af-9297-756922fc4713","res":{"status":304},"responseTime":1,"timestamp":"2024-03-01T16:43:42.978Z"}
{"level":"info","message":"BEGIN: GET /api/plugins/client/@nocobase/plugin-map/index.js","reqId":"256ee723-a00e-440e-aa28-518eefae699e","timestamp":"2024-03-01T16:43:43.017Z"}
{"level":"info","message":"END: GET /api/plugins/client/@nocobase/plugin-map/index.js","req":{},"reqId":"256ee723-a00e-440e-aa28-518eefae699e","res":{"status":304},"responseTime":1,"timestamp":"2024-03-01T16:43:43.018Z"}
{"level":"info","message":"BEGIN: GET /api/plugins/client/@nocobase/plugin-multi-app-manager/index.js","reqId":"093a4469-beb1-4775-a2d8-e3fdba4260c7","timestamp":"2024-03-01T16:43:43.019Z"}
{"level":"info","message":"END: GET /api/plugins/client/@nocobase/plugin-multi-app-manager/index.js","req":{},"reqId":"093a4469-beb1-4775-a2d8-e3fdba4260c7","res":{"status":304},"responseTime":1,"timestamp":"2024-03-01T16:43:43.020Z"}
{"level":"info","message":"BEGIN: GET /api/plugins/client/@nocobase/plugin-snapshot-field/index.js","reqId":"96007150-77ad-4fb3-9014-74fd9f688ecb","timestamp":"2024-03-01T16:43:43.078Z"}
{"level":"info","message":"END: GET /api/plugins/client/@nocobase/plugin-snapshot-field/index.js","req":{},"reqId":"96007150-77ad-4fb3-9014-74fd9f688ecb","res":{"status":304},"responseTime":1,"timestamp":"2024-03-01T16:43:43.079Z"}
{"level":"info","message":"BEGIN: GET /api/plugins/client/@nocobase/plugin-graph-collection-manager/index.js","reqId":"413ff5cf-07c7-4cff-a8b0-ed2b68a0e703","timestamp":"2024-03-01T16:43:43.092Z"}
{"level":"info","message":"END: GET /api/plugins/client/@nocobase/plugin-graph-collection-manager/index.js","req":{},"reqId":"413ff5cf-07c7-4cff-a8b0-ed2b68a0e703","res":{"status":304},"responseTime":3,"timestamp":"2024-03-01T16:43:43.095Z"}
{"level":"info","message":"BEGIN: GET /api/plugins/client/@nocobase/plugin-mobile-client/index.js","reqId":"a4bf0330-ebb3-471e-8c0a-60985d257009","timestamp":"2024-03-01T16:43:43.117Z"}
{"level":"info","message":"END: GET /api/plugins/client/@nocobase/plugin-mobile-client/index.js","req":{},"reqId":"a4bf0330-ebb3-471e-8c0a-60985d257009","res":{"status":304},"responseTime":1,"timestamp":"2024-03-01T16:43:43.118Z"}
{"level":"info","message":"BEGIN: GET /api/plugins/client/@nocobase/plugin-api-keys/index.js","reqId":"6b1ee7a6-413e-4995-b5bf-f150b448ec26","timestamp":"2024-03-01T16:43:43.141Z"}
{"level":"info","message":"END: GET /api/plugins/client/@nocobase/plugin-api-keys/index.js","req":{},"reqId":"6b1ee7a6-413e-4995-b5bf-f150b448ec26","res":{"status":304},"responseTime":1,"timestamp":"2024-03-01T16:43:43.142Z"}
{"level":"info","message":"BEGIN: GET /api/plugins/client/@nocobase/plugin-theme-editor/index.js","reqId":"4dd14eff-9ea0-4dfd-8efc-80d49c7e222c","timestamp":"2024-03-01T16:43:43.195Z"}
{"level":"info","message":"END: GET /api/plugins/client/@nocobase/plugin-theme-editor/index.js","req":{},"reqId":"4dd14eff-9ea0-4dfd-8efc-80d49c7e222c","res":{"status":304},"responseTime":2,"timestamp":"2024-03-01T16:43:43.197Z"}
{"level":"info","message":"BEGIN: GET /api/auth:check","reqId":"d1bc4cce-480d-47ef-b817-897118591684","timestamp":"2024-03-01T16:43:44.731Z"}
{"can":null,"level":"info","message":"ctx permission","reqId":"d1bc4cce-480d-47ef-b817-897118591684","skip":true,"timestamp":"2024-03-01T16:43:44.766Z"}
{"level":"info","message":"acl params","reqId":"d1bc4cce-480d-47ef-b817-897118591684","timestamp":"2024-03-01T16:43:44.767Z"}
{"level":"info","message":"acl parsedParams","reqId":"d1bc4cce-480d-47ef-b817-897118591684","timestamp":"2024-03-01T16:43:44.767Z"}
{"level":"info","message":"END: GET /api/auth:check","req":{"action":{"actionName":"check","params":{"actionName":"check","resourceName":"auth"},"resourceName":"auth"},"header":{"x-hostname":"cmreport.dsti.gov.sl","x-locale":"en-US","x-role":"ictHeads","x-timezone":"-00:00"}},"reqId":"d1bc4cce-480d-47ef-b817-897118591684","res":{"status":200},"responseTime":37,"timestamp":"2024-03-01T16:43:44.768Z"}
{"level":"info","message":"BEGIN: GET /api/uiSchemaTemplates:list?appends%5B%5D=collection&paginate=false","reqId":"e7e11e40-c7ca-47e7-9a42-4a3c3d1f2d76","timestamp":"2024-03-01T16:43:45.123Z"}
{"can":null,"level":"info","message":"ctx permission","reqId":"e7e11e40-c7ca-47e7-9a42-4a3c3d1f2d76","skip":true,"timestamp":"2024-03-01T16:43:45.146Z"}
{"level":"info","message":"acl params","reqId":"e7e11e40-c7ca-47e7-9a42-4a3c3d1f2d76","timestamp":"2024-03-01T16:43:45.146Z"}
{"level":"info","message":"acl parsedParams","reqId":"e7e11e40-c7ca-47e7-9a42-4a3c3d1f2d76","timestamp":"2024-03-01T16:43:45.147Z"}
{"level":"info","message":"END: GET /api/uiSchemaTemplates:list?appends%5B%5D=collection&paginate=false","req":{"action":{"actionName":"list","params":{"actionName":"list","appends":["collection"],"paginate":"false","resourceName":"uiSchemaTemplates"},"resourceName":"uiSchemaTemplates"},"header":{"x-hostname":"cmreport.dsti.gov.sl","x-locale":"en-US","x-role":"ictHeads","x-timezone":"-00:00"}},"reqId":"e7e11e40-c7ca-47e7-9a42-4a3c3d1f2d76","res":{"status":200},"responseTime":65,"timestamp":"2024-03-01T16:43:45.188Z"}
{"level":"info","message":"BEGIN: GET /api/systemSettings:get/1?appends=logo","reqId":"f4222474-36fb-4c4b-9b22-9e069f48dc54","timestamp":"2024-03-01T16:43:45.431Z"}
{"can":{"action":"get","resource":"systemSettings","role":"ictHeads"},"level":"info","message":"ctx permission","reqId":"f4222474-36fb-4c4b-9b22-9e069f48dc54","skip":true,"timestamp":"2024-03-01T16:43:45.447Z"}
{"level":"info","message":"acl params","reqId":"f4222474-36fb-4c4b-9b22-9e069f48dc54","timestamp":"2024-03-01T16:43:45.448Z"}
{"level":"info","message":"acl parsedParams","reqId":"f4222474-36fb-4c4b-9b22-9e069f48dc54","timestamp":"2024-03-01T16:43:45.448Z"}
{"level":"info","message":"END: GET /api/systemSettings:get/1?appends=logo","req":{"action":{"actionName":"get","params":{"actionName":"get","appends":["logo"],"filterByTk":"1","resourceIndex":"1","resourceName":"systemSettings"},"resourceName":"systemSettings"},"header":{"x-hostname":"cmreport.dsti.gov.sl","x-locale":"en-US","x-role":"ictHeads","x-timezone":"-00:00"}},"reqId":"f4222474-36fb-4c4b-9b22-9e069f48dc54","res":{"status":200},"responseTime":38,"timestamp":"2024-03-01T16:43:45.469Z"}
{"level":"info","message":"BEGIN: GET /api/app:getInfo","reqId":"9bd53307-6982-4a1e-aeec-006747183a31","timestamp":"2024-03-01T16:43:45.817Z"}
{"can":null,"level":"info","message":"ctx permission","reqId":"9bd53307-6982-4a1e-aeec-006747183a31","skip":true,"timestamp":"2024-03-01T16:43:45.834Z"}
{"level":"info","message":"acl params","reqId":"9bd53307-6982-4a1e-aeec-006747183a31","timestamp":"2024-03-01T16:43:45.835Z"}
{"level":"info","message":"acl parsedParams","reqId":"9bd53307-6982-4a1e-aeec-006747183a31","timestamp":"2024-03-01T16:43:45.835Z"}
{"level":"info","message":"END: GET /api/app:getInfo","req":{"action":{"actionName":"getInfo","params":{"actionName":"getInfo","resourceName":"app"},"resourceName":"app"},"header":{"x-hostname":"cmreport.dsti.gov.sl","x-locale":"en-US","x-role":"ictHeads","x-timezone":"-00:00"}},"reqId":"9bd53307-6982-4a1e-aeec-006747183a31","res":{"status":200},"responseTime":27,"timestamp":"2024-03-01T16:43:45.844Z"}
{"level":"info","message":"BEGIN: GET /api/themeConfig:list?sort=id&paginate=false","reqId":"4df989e2-e103-48aa-b608-1952dbbc8c5b","timestamp":"2024-03-01T16:43:46.152Z"}
{"can":{"action":"list","resource":"themeConfig","role":"ictHeads"},"level":"info","message":"ctx permission","reqId":"4df989e2-e103-48aa-b608-1952dbbc8c5b","timestamp":"2024-03-01T16:43:46.180Z"}
{"level":"info","message":"acl params","reqId":"4df989e2-e103-48aa-b608-1952dbbc8c5b","timestamp":"2024-03-01T16:43:46.185Z"}
{"level":"info","message":"acl parsedParams","reqId":"4df989e2-e103-48aa-b608-1952dbbc8c5b","timestamp":"2024-03-01T16:43:46.185Z"}
{"level":"info","message":"END: GET /api/themeConfig:list?sort=id&paginate=false","req":{"action":{"actionName":"list","params":{"actionName":"list","paginate":"false","resourceName":"themeConfig","sort":["id"]},"resourceName":"themeConfig"},"header":{"x-hostname":"cmreport.dsti.gov.sl","x-locale":"en-US","x-role":"ictHeads","x-timezone":"-00:00"}},"reqId":"4df989e2-e103-48aa-b608-1952dbbc8c5b","res":{"status":200},"responseTime":49,"timestamp":"2024-03-01T16:43:46.201Z"}
{"level":"info","message":"BEGIN: POST /api/chartsQueries:listMetadata?paginate=false&sort%5B%5D=-id","reqId":"e3b99609-5a56-4eb3-bd1d-26ed3a585978","timestamp":"2024-03-01T16:43:46.275Z"}
{"level":"info","message":"BEGIN: GET /api/collectionsHistory:list?paginate=false&appends%5B%5D=fields&sort%5B%5D=sort&filter=%7B%7D","reqId":"6b844dc2-50c7-40a1-8eb0-3dd405353faf","timestamp":"2024-03-01T16:43:46.292Z"}
{"can":null,"level":"info","message":"ctx permission","reqId":"e3b99609-5a56-4eb3-bd1d-26ed3a585978","skip":true,"timestamp":"2024-03-01T16:43:46.332Z"}
{"level":"info","message":"acl params","reqId":"e3b99609-5a56-4eb3-bd1d-26ed3a585978","timestamp":"2024-03-01T16:43:46.341Z"}
{"level":"info","message":"acl parsedParams","reqId":"e3b99609-5a56-4eb3-bd1d-26ed3a585978","timestamp":"2024-03-01T16:43:46.342Z"}
{"level":"info","message":"END: POST /api/chartsQueries:listMetadata?paginate=false&sort%5B%5D=-id","req":{"action":{"actionName":"listMetadata","params":{"actionName":"listMetadata","paginate":"false","resourceName":"chartsQueries","sort":["-id"]},"resourceName":"chartsQueries"},"header":{"x-hostname":"cmreport.dsti.gov.sl","x-locale":"en-US","x-role":"ictHeads","x-timezone":"-00:00"}},"reqId":"e3b99609-5a56-4eb3-bd1d-26ed3a585978","res":{"status":200},"responseTime":72,"timestamp":"2024-03-01T16:43:46.346Z"}
{"can":{"action":"list","resource":"collectionsHistory","role":"ictHeads"},"level":"info","message":"ctx permission","reqId":"6b844dc2-50c7-40a1-8eb0-3dd405353faf","skip":true,"timestamp":"2024-03-01T16:43:46.353Z"}
{"level":"info","message":"acl params","reqId":"6b844dc2-50c7-40a1-8eb0-3dd405353faf","timestamp":"2024-03-01T16:43:46.354Z"}
{"level":"info","message":"acl parsedParams","reqId":"6b844dc2-50c7-40a1-8eb0-3dd405353faf","timestamp":"2024-03-01T16:43:46.354Z"}
{"level":"info","message":"END: GET /api/collectionsHistory:list?paginate=false&appends%5B%5D=fields&sort%5B%5D=sort&filter=%7B%7D","req":{"action":{"actionName":"list","params":{"actionName":"list","appends":["fields"],"filter":{},"paginate":"false","resourceName":"collectionsHistory","sort":["sort"]},"resourceName":"collectionsHistory"},"header":{"x-hostname":"cmreport.dsti.gov.sl","x-locale":"en-US","x-role":"ictHeads","x-timezone":"-00:00"}},"reqId":"6b844dc2-50c7-40a1-8eb0-3dd405353faf","res":{"status":200},"responseTime":302,"timestamp":"2024-03-01T16:43:46.594Z"}
{"level":"info","message":"BEGIN: GET /api/app:getInfo","reqId":"1eff2dee-0c93-4ffe-a102-6350076a28ce","timestamp":"2024-03-01T16:43:46.754Z"}
{"can":null,"level":"info","message":"ctx permission","reqId":"1eff2dee-0c93-4ffe-a102-6350076a28ce","skip":true,"timestamp":"2024-03-01T16:43:46.797Z"}
{"level":"info","message":"acl params","reqId":"1eff2dee-0c93-4ffe-a102-6350076a28ce","timestamp":"2024-03-01T16:43:46.798Z"}
{"level":"info","message":"acl parsedParams","reqId":"1eff2dee-0c93-4ffe-a102-6350076a28ce","timestamp":"2024-03-01T16:43:46.798Z"}
{"level":"info","message":"END: GET /api/app:getInfo","req":{"action":{"actionName":"getInfo","params":{"actionName":"getInfo","resourceName":"app"},"resourceName":"app"},"header":{"x-hostname":"cmreport.dsti.gov.sl","x-locale":"en-US","x-role":"ictHeads","x-timezone":"-00:00"}},"reqId":"1eff2dee-0c93-4ffe-a102-6350076a28ce","res":{"status":200},"responseTime":60,"timestamp":"2024-03-01T16:43:46.814Z"}
{"level":"info","message":"BEGIN: GET /api/app:getInfo","reqId":"d0b0e4ab-9499-4add-9e20-b518a3185fde","timestamp":"2024-03-01T16:43:47.074Z"}
{"can":null,"level":"info","message":"ctx permission","reqId":"d0b0e4ab-9499-4add-9e20-b518a3185fde","skip":true,"timestamp":"2024-03-01T16:43:47.089Z"}
{"level":"info","message":"acl params","reqId":"d0b0e4ab-9499-4add-9e20-b518a3185fde","timestamp":"2024-03-01T16:43:47.090Z"}
{"level":"info","message":"acl parsedParams","reqId":"d0b0e4ab-9499-4add-9e20-b518a3185fde","timestamp":"2024-03-01T16:43:47.090Z"}
{"level":"info","message":"BEGIN: GET /api/collectionsHistory:list?paginate=false&appends%5B%5D=fields&sort%5B%5D=sort&filter=%7B%7D","reqId":"c4286558-5ba0-443b-89a1-7707615210ab","timestamp":"2024-03-01T16:43:47.101Z"}
{"level":"info","message":"BEGIN: GET /api/themeConfig:list?sort=id&paginate=false","reqId":"a160e1ac-3dcf-4a2c-8da5-7a839326d5e4","timestamp":"2024-03-01T16:43:47.109Z"}
{"level":"info","message":"END: GET /api/app:getInfo","req":{"action":{"actionName":"getInfo","params":{"actionName":"getInfo","resourceName":"app"},"resourceName":"app"},"header":{"x-hostname":"cmreport.dsti.gov.sl","x-locale":"en-US","x-role":"ictHeads","x-timezone":"-00:00"}},"reqId":"d0b0e4ab-9499-4add-9e20-b518a3185fde","res":{"status":200},"responseTime":85,"timestamp":"2024-03-01T16:43:47.159Z"}
{"can":{"action":"list","resource":"collectionsHistory","role":"ictHeads"},"level":"info","message":"ctx permission","reqId":"c4286558-5ba0-443b-89a1-7707615210ab","skip":true,"timestamp":"2024-03-01T16:43:47.408Z"}
{"level":"info","message":"acl params","reqId":"c4286558-5ba0-443b-89a1-7707615210ab","timestamp":"2024-03-01T16:43:47.409Z"}
{"level":"info","message":"acl parsedParams","reqId":"c4286558-5ba0-443b-89a1-7707615210ab","timestamp":"2024-03-01T16:43:47.409Z"}
{"can":{"action":"list","resource":"themeConfig","role":"ictHeads"},"level":"info","message":"ctx permission","reqId":"a160e1ac-3dcf-4a2c-8da5-7a839326d5e4","timestamp":"2024-03-01T16:43:47.411Z"}
{"level":"info","message":"acl params","reqId":"a160e1ac-3dcf-4a2c-8da5-7a839326d5e4","timestamp":"2024-03-01T16:43:47.411Z"}
{"level":"info","message":"acl parsedParams","reqId":"a160e1ac-3dcf-4a2c-8da5-7a839326d5e4","timestamp":"2024-03-01T16:43:47.411Z"}
{"level":"info","message":"END: GET /api/themeConfig:list?sort=id&paginate=false","req":{"action":{"actionName":"list","params":{"actionName":"list","paginate":"false","resourceName":"themeConfig","sort":["id"]},"resourceName":"themeConfig"},"header":{"x-hostname":"cmreport.dsti.gov.sl","x-locale":"en-US","x-role":"ictHeads","x-timezone":"-00:00"}},"reqId":"a160e1ac-3dcf-4a2c-8da5-7a839326d5e4","res":{"status":200},"responseTime":326,"timestamp":"2024-03-01T16:43:47.435Z"}
{"level":"info","message":"END: GET /api/collectionsHistory:list?paginate=false&appends%5B%5D=fields&sort%5B%5D=sort&filter=%7B%7D","req":{"action":{"actionName":"list","params":{"actionName":"list","appends":["fields"],"filter":{},"paginate":"false","resourceName":"collectionsHistory","sort":["sort"]},"resourceName":"collectionsHistory"},"header":{"x-hostname":"cmreport.dsti.gov.sl","x-locale":"en-US","x-role":"ictHeads","x-timezone":"-00:00"}},"reqId":"c4286558-5ba0-443b-89a1-7707615210ab","res":{"status":200},"responseTime":498,"timestamp":"2024-03-01T16:43:47.598Z"}
{"level":"info","message":"BEGIN: GET /api/app:getInfo","reqId":"1f914809-8157-42c8-ae15-4286494f5f95","timestamp":"2024-03-01T16:43:48.165Z"}
{"level":"info","message":"BEGIN: GET /api/themeConfig:list?sort=id&paginate=false","reqId":"aacc3b86-721c-4af6-8d29-196c9907b8f6","timestamp":"2024-03-01T16:43:48.185Z"}
{"can":null,"level":"info","message":"ctx permission","reqId":"1f914809-8157-42c8-ae15-4286494f5f95","skip":true,"timestamp":"2024-03-01T16:43:48.206Z"}
{"level":"info","message":"acl params","reqId":"1f914809-8157-42c8-ae15-4286494f5f95","timestamp":"2024-03-01T16:43:48.206Z"}
{"level":"info","message":"acl parsedParams","reqId":"1f914809-8157-42c8-ae15-4286494f5f95","timestamp":"2024-03-01T16:43:48.207Z"}
{"can":{"action":"list","resource":"themeConfig","role":"ictHeads"},"level":"info","message":"ctx permission","reqId":"aacc3b86-721c-4af6-8d29-196c9907b8f6","timestamp":"2024-03-01T16:43:48.222Z"}
{"level":"info","message":"acl params","reqId":"aacc3b86-721c-4af6-8d29-196c9907b8f6","timestamp":"2024-03-01T16:43:48.223Z"}
{"level":"info","message":"acl parsedParams","reqId":"aacc3b86-721c-4af6-8d29-196c9907b8f6","timestamp":"2024-03-01T16:43:48.223Z"}
{"level":"info","message":"END: GET /api/app:getInfo","req":{"action":{"actionName":"getInfo","params":{"actionName":"getInfo","resourceName":"app"},"resourceName":"app"},"header":{"x-hostname":"cmreport.dsti.gov.sl","x-locale":"en-US","x-role":"ictHeads","x-timezone":"-00:00"}},"reqId":"1f914809-8157-42c8-ae15-4286494f5f95","res":{"status":200},"responseTime":64,"timestamp":"2024-03-01T16:43:48.229Z"}
{"level":"info","message":"END: GET /api/themeConfig:list?sort=id&paginate=false","req":{"action":{"actionName":"list","params":{"actionName":"list","paginate":"false","resourceName":"themeConfig","sort":["id"]},"resourceName":"themeConfig"},"header":{"x-hostname":"cmreport.dsti.gov.sl","x-locale":"en-US","x-role":"ictHeads","x-timezone":"-00:00"}},"reqId":"aacc3b86-721c-4af6-8d29-196c9907b8f6","res":{"status":200},"responseTime":65,"timestamp":"2024-03-01T16:43:48.250Z"}
{"level":"info","message":"BEGIN: GET /api/app:getInfo","reqId":"d14f07be-b9fe-43b8-b716-824635daecaa","timestamp":"2024-03-01T16:43:48.527Z"}
{"can":null,"level":"info","message":"ctx permission","reqId":"d14f07be-b9fe-43b8-b716-824635daecaa","skip":true,"timestamp":"2024-03-01T16:43:48.544Z"}
{"level":"info","message":"acl params","reqId":"d14f07be-b9fe-43b8-b716-824635daecaa","timestamp":"2024-03-01T16:43:48.553Z"}
{"level":"info","message":"acl parsedParams","reqId":"d14f07be-b9fe-43b8-b716-824635daecaa","timestamp":"2024-03-01T16:43:48.553Z"}
{"level":"info","message":"END: GET /api/app:getInfo","req":{"action":{"actionName":"getInfo","params":{"actionName":"getInfo","resourceName":"app"},"resourceName":"app"},"header":{"x-hostname":"cmreport.dsti.gov.sl","x-locale":"en-US","x-role":"ictHeads","x-timezone":"-00:00"}},"reqId":"d14f07be-b9fe-43b8-b716-824635daecaa","res":{"status":200},"responseTime":29,"timestamp":"2024-03-01T16:43:48.556Z"}
{"level":"info","message":"BEGIN: GET /api/uiSchemaTemplates:list?appends%5B%5D=collection&paginate=false","reqId":"2e0eacaa-4794-403d-a623-6b7c5db35c81","timestamp":"2024-03-01T16:43:48.761Z"}
{"can":null,"level":"info","message":"ctx permission","reqId":"2e0eacaa-4794-403d-a623-6b7c5db35c81","skip":true,"timestamp":"2024-03-01T16:43:48.815Z"}
{"level":"info","message":"acl params","reqId":"2e0eacaa-4794-403d-a623-6b7c5db35c81","timestamp":"2024-03-01T16:43:48.815Z"}
{"level":"info","message":"acl parsedParams","reqId":"2e0eacaa-4794-403d-a623-6b7c5db35c81","timestamp":"2024-03-01T16:43:48.816Z"}
{"level":"info","message":"END: GET /api/uiSchemaTemplates:list?appends%5B%5D=collection&paginate=false","req":{"action":{"actionName":"list","params":{"actionName":"list","appends":["collection"],"paginate":"false","resourceName":"uiSchemaTemplates"},"resourceName":"uiSchemaTemplates"},"header":{"x-hostname":"cmreport.dsti.gov.sl","x-locale":"en-US","x-role":"ictHeads","x-timezone":"-00:00"}},"reqId":"2e0eacaa-4794-403d-a623-6b7c5db35c81","res":{"status":200},"responseTime":73,"timestamp":"2024-03-01T16:43:48.834Z"}
{"level":"info","message":"BEGIN: GET /api/collectionCategories:list?paginate=false&sort%5B%5D=sort","reqId":"ccc91a17-c2ad-4595-a7f9-e4e6ab0e6714","timestamp":"2024-03-01T16:43:49.053Z"}
{"level":"info","message":"BEGIN: GET /api/collections:list?paginate=false&appends%5B%5D=fields&appends%5B%5D=category&sort%5B%5D=sort&filter=%7B%7D","reqId":"8a650e39-282f-4366-ba67-32d27648468e","timestamp":"2024-03-01T16:43:49.064Z"}
{"can":{"action":"list","resource":"collectionCategories","role":"ictHeads"},"level":"info","message":"ctx permission","reqId":"ccc91a17-c2ad-4595-a7f9-e4e6ab0e6714","skip":true,"timestamp":"2024-03-01T16:43:49.094Z"}
{"level":"info","message":"acl params","reqId":"ccc91a17-c2ad-4595-a7f9-e4e6ab0e6714","timestamp":"2024-03-01T16:43:49.105Z"}
{"level":"info","message":"acl parsedParams","reqId":"ccc91a17-c2ad-4595-a7f9-e4e6ab0e6714","timestamp":"2024-03-01T16:43:49.105Z"}
{"can":null,"level":"info","message":"ctx permission","reqId":"8a650e39-282f-4366-ba67-32d27648468e","skip":true,"timestamp":"2024-03-01T16:43:49.114Z"}
{"level":"info","message":"acl params","reqId":"8a650e39-282f-4366-ba67-32d27648468e","timestamp":"2024-03-01T16:43:49.121Z"}
{"level":"info","message":"acl parsedParams","reqId":"8a650e39-282f-4366-ba67-32d27648468e","timestamp":"2024-03-01T16:43:49.121Z"}
{"level":"info","message":"END: GET /api/collectionCategories:list?paginate=false&sort%5B%5D=sort","req":{"action":{"actionName":"list","params":{"actionName":"list","paginate":"false","resourceName":"collectionCategories","sort":["sort"]},"resourceName":"collectionCategories"},"header":{"x-hostname":"cmreport.dsti.gov.sl","x-locale":"en-US","x-role":"ictHeads","x-timezone":"-00:00"}},"reqId":"ccc91a17-c2ad-4595-a7f9-e4e6ab0e6714","res":{"status":200},"responseTime":69,"timestamp":"2024-03-01T16:43:49.122Z"}
{"level":"info","message":"END: GET /api/collections:list?paginate=false&appends%5B%5D=fields&appends%5B%5D=category&sort%5B%5D=sort&filter=%7B%7D","req":{"action":{"actionName":"list","params":{"actionName":"list","appends":["fields","category"],"filter":{},"paginate":"false","resourceName":"collections","sort":["sort"]},"resourceName":"collections"},"header":{"x-hostname":"cmreport.dsti.gov.sl","x-locale":"en-US","x-role":"ictHeads","x-timezone":"-00:00"}},"reqId":"8a650e39-282f-4366-ba67-32d27648468e","res":{"status":200},"responseTime":214,"timestamp":"2024-03-01T16:43:49.278Z"}
{"level":"info","message":"BEGIN: GET /api/roles:check","reqId":"b52808e1-7370-44b6-a0f3-b7e2a02e37d1","timestamp":"2024-03-01T16:43:50.039Z"}
{"can":null,"level":"info","message":"ctx permission","reqId":"b52808e1-7370-44b6-a0f3-b7e2a02e37d1","skip":true,"timestamp":"2024-03-01T16:43:50.067Z"}
{"level":"info","message":"acl params","reqId":"b52808e1-7370-44b6-a0f3-b7e2a02e37d1","timestamp":"2024-03-01T16:43:50.067Z"}
{"level":"info","message":"acl parsedParams","reqId":"b52808e1-7370-44b6-a0f3-b7e2a02e37d1","timestamp":"2024-03-01T16:43:50.067Z"}
{"level":"info","message":"END: GET /api/roles:check","req":{"action":{"actionName":"check","params":{"actionName":"check","resourceName":"roles"},"resourceName":"roles"},"header":{"x-hostname":"cmreport.dsti.gov.sl","x-locale":"en-US","x-role":"ictHeads","x-timezone":"-00:00"}},"reqId":"b52808e1-7370-44b6-a0f3-b7e2a02e37d1","res":{"status":200},"responseTime":51,"timestamp":"2024-03-01T16:43:50.090Z"}
{"level":"info","message":"BEGIN: GET /api/uiSchemas:getJsonSchema/kajnqv7hagl","reqId":"2bffbd8d-fbb8-4bc7-8c9f-5f02299f5fb4","timestamp":"2024-03-01T16:43:50.470Z"}
{"can":null,"level":"info","message":"ctx permission","reqId":"2bffbd8d-fbb8-4bc7-8c9f-5f02299f5fb4","skip":true,"timestamp":"2024-03-01T16:43:50.487Z"}
{"level":"info","message":"acl params","reqId":"2bffbd8d-fbb8-4bc7-8c9f-5f02299f5fb4","timestamp":"2024-03-01T16:43:50.487Z"}
{"level":"info","message":"acl parsedParams","reqId":"2bffbd8d-fbb8-4bc7-8c9f-5f02299f5fb4","timestamp":"2024-03-01T16:43:50.493Z"}
{"level":"info","message":"END: GET /api/uiSchemas:getJsonSchema/kajnqv7hagl","req":{"action":{"actionName":"getJsonSchema","params":{"actionName":"getJsonSchema","filterByTk":"kajnqv7hagl","resourceIndex":"kajnqv7hagl","resourceName":"uiSchemas"},"resourceName":"uiSchemas"},"header":{"x-hostname":"cmreport.dsti.gov.sl","x-locale":"en-US","x-role":"ictHeads","x-timezone":"-00:00"}},"reqId":"2bffbd8d-fbb8-4bc7-8c9f-5f02299f5fb4","res":{"status":200},"responseTime":24,"timestamp":"2024-03-01T16:43:50.494Z"}
{"level":"info","message":"BEGIN: GET /api/uiSchemas:getProperties/ic05qq3jmex","reqId":"0b51cd3f-91ec-4bb5-8cff-2abc30d36b4e","timestamp":"2024-03-01T16:43:50.997Z"}
{"can":null,"level":"info","message":"ctx permission","reqId":"0b51cd3f-91ec-4bb5-8cff-2abc30d36b4e","skip":true,"timestamp":"2024-03-01T16:43:51.018Z"}
{"level":"info","message":"acl params","reqId":"0b51cd3f-91ec-4bb5-8cff-2abc30d36b4e","timestamp":"2024-03-01T16:43:51.018Z"}
{"level":"info","message":"acl parsedParams","reqId":"0b51cd3f-91ec-4bb5-8cff-2abc30d36b4e","timestamp":"2024-03-01T16:43:51.019Z"}
{"level":"info","message":"END: GET /api/uiSchemas:getProperties/ic05qq3jmex","req":{"action":{"actionName":"getProperties","params":{"actionName":"getProperties","filterByTk":"ic05qq3jmex","resourceIndex":"ic05qq3jmex","resourceName":"uiSchemas"},"resourceName":"uiSchemas"},"header":{"x-hostname":"cmreport.dsti.gov.sl","x-locale":"en-US","x-role":"ictHeads","x-timezone":"-00:00"}},"reqId":"0b51cd3f-91ec-4bb5-8cff-2abc30d36b4e","res":{"status":200},"responseTime":23,"timestamp":"2024-03-01T16:43:51.019Z"}
{"level":"info","message":"BEGIN: POST /api/auth:signOut","reqId":"f8e2287c-6ddb-40e6-94a5-10f99016609a","timestamp":"2024-03-01T16:44:42.995Z"}
{"can":null,"level":"info","message":"ctx permission","reqId":"f8e2287c-6ddb-40e6-94a5-10f99016609a","skip":true,"timestamp":"2024-03-01T16:44:43.017Z"}
{"level":"info","message":"acl params","reqId":"f8e2287c-6ddb-40e6-94a5-10f99016609a","timestamp":"2024-03-01T16:44:43.018Z"}
{"level":"info","message":"acl parsedParams","reqId":"f8e2287c-6ddb-40e6-94a5-10f99016609a","timestamp":"2024-03-01T16:44:43.018Z"}
{"level":"info","message":"END: POST /api/auth:signOut","req":{"action":{"actionName":"signOut","params":{"actionName":"signOut","resourceName":"auth"},"resourceName":"auth"},"header":{"x-hostname":"cmreport.dsti.gov.sl","x-locale":"en-US","x-role":"ictHeads","x-timezone":"-00:00"}},"reqId":"f8e2287c-6ddb-40e6-94a5-10f99016609a","res":{"status":200},"responseTime":68,"timestamp":"2024-03-01T16:44:43.063Z"}
{"level":"info","message":"BEGIN: POST /api/authenticators:publicList","reqId":"dd41a12b-fddb-4312-b03f-4373664ed8fe","timestamp":"2024-03-01T16:44:43.399Z"}
{"can":null,"level":"info","message":"ctx permission","reqId":"dd41a12b-fddb-4312-b03f-4373664ed8fe","skip":true,"timestamp":"2024-03-01T16:44:43.410Z"}
{"level":"info","message":"acl params","reqId":"dd41a12b-fddb-4312-b03f-4373664ed8fe","timestamp":"2024-03-01T16:44:43.410Z"}
{"level":"info","message":"acl parsedParams","reqId":"dd41a12b-fddb-4312-b03f-4373664ed8fe","timestamp":"2024-03-01T16:44:43.411Z"}
{"level":"info","message":"END: POST /api/authenticators:publicList","req":{"action":{"actionName":"publicList","params":{"actionName":"publicList","resourceName":"authenticators"},"resourceName":"authenticators"},"header":{"x-hostname":"cmreport.dsti.gov.sl","x-locale":"en-US","x-timezone":"-00:00"}},"reqId":"dd41a12b-fddb-4312-b03f-4373664ed8fe","res":{"status":200},"responseTime":18,"timestamp":"2024-03-01T16:44:43.417Z"}
{"level":"info","message":"BEGIN: POST /api/auth:signIn","reqId":"dd706d10-f63b-4770-9ec7-d39415b83ecc","timestamp":"2024-03-01T16:45:21.502Z"}
{"can":null,"level":"info","message":"ctx permission","reqId":"dd706d10-f63b-4770-9ec7-d39415b83ecc","skip":true,"timestamp":"2024-03-01T16:45:21.514Z"}
{"level":"info","message":"acl params","reqId":"dd706d10-f63b-4770-9ec7-d39415b83ecc","timestamp":"2024-03-01T16:45:21.514Z"}
{"level":"info","message":"acl parsedParams","reqId":"dd706d10-f63b-4770-9ec7-d39415b83ecc","timestamp":"2024-03-01T16:45:21.514Z"}
{"headers":{"Access-Control-Allow-Origin":"https://cmreport.dsti.gov.sl","Access-Control-Expose-Headers":"content-disposition","vary":"Origin"},"level":"error","message":"The email is incorrect, please re-enter","reqId":"dd706d10-f63b-4770-9ec7-d39415b83ecc","stack":"UnauthorizedError: The email is incorrect, please re-enter\n    at Object.throw (/root/my-nocobase-app/node_modules/koa/lib/context.js:97:11)\n    at /root/my-nocobase-app/node_modules/@nocobase/auth/lib/base/auth.js:71:25\n    at Generator.throw (<anonymous>)\n    at asyncGeneratorStep (/root/my-nocobase-app/node_modules/@nocobase/auth/lib/base/auth.js:8:103)\n    at _throw (/root/my-nocobase-app/node_modules/@nocobase/auth/lib/base/auth.js:9:291)","timestamp":"2024-03-01T16:45:21.526Z"}
{"errors":[{"message":"The email is incorrect, please re-enter"}],"level":"warn","message":"END: POST /api/auth:signIn","req":{"action":{"actionName":"signIn","params":{"actionName":"signIn","resourceName":"auth","values":{"email":"basiru.jusufu@govmail.gov.sl","password":"R3$t0r3#"}},"resourceName":"auth"},"header":{"x-hostname":"cmreport.dsti.gov.sl","x-locale":"en-US","x-timezone":"-00:00"}},"reqId":"dd706d10-f63b-4770-9ec7-d39415b83ecc","res":{"status":401},"responseTime":25,"timestamp":"2024-03-01T16:45:21.527Z"}
{"level":"info","message":"BEGIN: POST /api/auth:signIn","reqId":"89cade91-b8b8-4e55-83c9-30b571b01051","timestamp":"2024-03-01T16:45:35.276Z"}
{"can":null,"level":"info","message":"ctx permission","reqId":"89cade91-b8b8-4e55-83c9-30b571b01051","skip":true,"timestamp":"2024-03-01T16:45:35.279Z"}
{"level":"info","message":"acl params","reqId":"89cade91-b8b8-4e55-83c9-30b571b01051","timestamp":"2024-03-01T16:45:35.285Z"}
{"level":"info","message":"acl parsedParams","reqId":"89cade91-b8b8-4e55-83c9-30b571b01051","timestamp":"2024-03-01T16:45:35.286Z"}
{"headers":{"Access-Control-Allow-Origin":"https://cmreport.dsti.gov.sl","Access-Control-Expose-Headers":"content-disposition","vary":"Origin"},"level":"error","message":"The password is incorrect, please re-enter","reqId":"89cade91-b8b8-4e55-83c9-30b571b01051","stack":"UnauthorizedError: The password is incorrect, please re-enter\n    at Object.throw (/root/my-nocobase-app/node_modules/koa/lib/context.js:97:11)\n    at /root/my-nocobase-app/node_modules/@nocobase/auth/lib/base/auth.js:71:25\n    at Generator.throw (<anonymous>)\n    at asyncGeneratorStep (/root/my-nocobase-app/node_modules/@nocobase/auth/lib/base/auth.js:8:103)\n    at _throw (/root/my-nocobase-app/node_modules/@nocobase/auth/lib/base/auth.js:9:291)","timestamp":"2024-03-01T16:45:35.402Z"}
{"errors":[{"message":"The password is incorrect, please re-enter"}],"level":"warn","message":"END: POST /api/auth:signIn","req":{"action":{"actionName":"signIn","params":{"actionName":"signIn","resourceName":"auth","values":{"email":"bashiru.jusufu@govmail.gov.sl","password":"R3$t0r3#"}},"resourceName":"auth"},"header":{"x-hostname":"cmreport.dsti.gov.sl","x-locale":"en-US","x-timezone":"-00:00"}},"reqId":"89cade91-b8b8-4e55-83c9-30b571b01051","res":{"status":401},"responseTime":126,"timestamp":"2024-03-01T16:45:35.402Z"}
{"level":"info","message":"BEGIN: POST /api/auth:signIn","reqId":"dcfce54c-b7c0-4eb6-b513-fb84f8ca61e6","timestamp":"2024-03-01T16:45:57.289Z"}
{"can":null,"level":"info","message":"ctx permission","reqId":"dcfce54c-b7c0-4eb6-b513-fb84f8ca61e6","skip":true,"timestamp":"2024-03-01T16:45:57.306Z"}
{"level":"info","message":"acl params","reqId":"dcfce54c-b7c0-4eb6-b513-fb84f8ca61e6","timestamp":"2024-03-01T16:45:57.321Z"}
{"level":"info","message":"acl parsedParams","reqId":"dcfce54c-b7c0-4eb6-b513-fb84f8ca61e6","timestamp":"2024-03-01T16:45:57.321Z"}
{"headers":{"Access-Control-Allow-Origin":"https://cmreport.dsti.gov.sl","Access-Control-Expose-Headers":"content-disposition","vary":"Origin"},"level":"error","message":"The email is incorrect, please re-enter","reqId":"dcfce54c-b7c0-4eb6-b513-fb84f8ca61e6","stack":"UnauthorizedError: The email is incorrect, please re-enter\n    at Object.throw (/root/my-nocobase-app/node_modules/koa/lib/context.js:97:11)\n    at /root/my-nocobase-app/node_modules/@nocobase/auth/lib/base/auth.js:71:25\n    at Generator.throw (<anonymous>)\n    at asyncGeneratorStep (/root/my-nocobase-app/node_modules/@nocobase/auth/lib/base/auth.js:8:103)\n    at _throw (/root/my-nocobase-app/node_modules/@nocobase/auth/lib/base/auth.js:9:291)","timestamp":"2024-03-01T16:45:57.333Z"}
{"errors":[{"message":"The email is incorrect, please re-enter"}],"level":"warn","message":"END: POST /api/auth:signIn","req":{"action":{"actionName":"signIn","params":{"actionName":"signIn","resourceName":"auth","values":{"email":"basiru.jusufu@govmail.gov.sl","password":"R3$t0r3#"}},"resourceName":"auth"},"header":{"x-hostname":"cmreport.dsti.gov.sl","x-locale":"en-US","x-timezone":"-00:00"}},"reqId":"dcfce54c-b7c0-4eb6-b513-fb84f8ca61e6","res":{"status":401},"responseTime":45,"timestamp":"2024-03-01T16:45:57.334Z"}
{"level":"info","message":"BEGIN: GET /api/app:getInfo","reqId":"5dd59b0c-df7d-4ae8-9162-931bc656b127","timestamp":"2024-03-01T16:45:59.617Z"}
{"can":null,"level":"info","message":"ctx permission","reqId":"5dd59b0c-df7d-4ae8-9162-931bc656b127","skip":true,"timestamp":"2024-03-01T16:45:59.624Z"}
{"level":"info","message":"acl params","reqId":"5dd59b0c-df7d-4ae8-9162-931bc656b127","timestamp":"2024-03-01T16:45:59.625Z"}
{"level":"info","message":"acl parsedParams","reqId":"5dd59b0c-df7d-4ae8-9162-931bc656b127","timestamp":"2024-03-01T16:45:59.625Z"}
{"level":"info","message":"END: GET /api/app:getInfo","req":{"action":{"actionName":"getInfo","params":{"actionName":"getInfo","resourceName":"app"},"resourceName":"app"},"header":{"x-hostname":"cmreport.dsti.gov.sl","x-locale":"en-US","x-timezone":"-00:00"}},"reqId":"5dd59b0c-df7d-4ae8-9162-931bc656b127","res":{"status":200},"responseTime":20,"timestamp":"2024-03-01T16:45:59.637Z"}
{"level":"info","message":"BEGIN: GET /api/uiSchemaTemplates:list?appends%5B%5D=collection&paginate=false","reqId":"138682ef-e56e-423b-9c26-07fbc91003cc","timestamp":"2024-03-01T16:45:59.849Z"}
{"can":null,"level":"info","message":"ctx permission","reqId":"138682ef-e56e-423b-9c26-07fbc91003cc","timestamp":"2024-03-01T16:45:59.853Z"}
{"level":"error","message":"No permissions","reqId":"138682ef-e56e-423b-9c26-07fbc91003cc","stack":"ForbiddenError: No permissions\n    at Object.throw (/root/my-nocobase-app/node_modules/koa/lib/context.js:97:11)\n    at /root/my-nocobase-app/node_modules/@nocobase/acl/lib/acl.js:358:20\n    at Generator.next (<anonymous>)\n    at asyncGeneratorStep (/root/my-nocobase-app/node_modules/@nocobase/acl/lib/acl.js:42:103)\n    at _next (/root/my-nocobase-app/node_modules/@nocobase/acl/lib/acl.js:43:194)\n    at /root/my-nocobase-app/node_modules/@nocobase/acl/lib/acl.js:43:364\n    at new Promise (<anonymous>)\n    at /root/my-nocobase-app/node_modules/@nocobase/acl/lib/acl.js:43:97\n    at /root/my-nocobase-app/node_modules/@nocobase/acl/lib/acl.js:386:22\n    at dispatch (/root/my-nocobase-app/node_modules/koa-compose/index.js:42:32)","timestamp":"2024-03-01T16:45:59.854Z"}
{"errors":[{"message":"No permissions"}],"level":"warn","message":"END: GET /api/uiSchemaTemplates:list?appends%5B%5D=collection&paginate=false","req":{"action":{"actionName":"list","params":{"actionName":"list","appends":["collection"],"paginate":"false","resourceName":"uiSchemaTemplates"},"resourceName":"uiSchemaTemplates"},"header":{"x-hostname":"cmreport.dsti.gov.sl","x-locale":"en-US","x-timezone":"-00:00"}},"reqId":"138682ef-e56e-423b-9c26-07fbc91003cc","res":{"status":403},"responseTime":6,"timestamp":"2024-03-01T16:45:59.855Z"}
{"level":"info","message":"BEGIN: GET /api/collections:list?paginate=false&appends%5B%5D=fields&appends%5B%5D=category&sort%5B%5D=sort&filter=%7B%7D","reqId":"e4c50335-2141-4b85-84c2-09e15fe9fa6a","timestamp":"2024-03-01T16:46:00.175Z"}
{"can":null,"level":"info","message":"ctx permission","reqId":"e4c50335-2141-4b85-84c2-09e15fe9fa6a","timestamp":"2024-03-01T16:46:00.178Z"}
{"level":"error","message":"No permissions","reqId":"e4c50335-2141-4b85-84c2-09e15fe9fa6a","stack":"ForbiddenError: No permissions\n    at Object.throw (/root/my-nocobase-app/node_modules/koa/lib/context.js:97:11)\n    at /root/my-nocobase-app/node_modules/@nocobase/acl/lib/acl.js:358:20\n    at Generator.next (<anonymous>)\n    at asyncGeneratorStep (/root/my-nocobase-app/node_modules/@nocobase/acl/lib/acl.js:42:103)\n    at _next (/root/my-nocobase-app/node_modules/@nocobase/acl/lib/acl.js:43:194)\n    at /root/my-nocobase-app/node_modules/@nocobase/acl/lib/acl.js:43:364\n    at new Promise (<anonymous>)\n    at /root/my-nocobase-app/node_modules/@nocobase/acl/lib/acl.js:43:97\n    at /root/my-nocobase-app/node_modules/@nocobase/acl/lib/acl.js:386:22\n    at dispatch (/root/my-nocobase-app/node_modules/koa-compose/index.js:42:32)","timestamp":"2024-03-01T16:46:00.179Z"}
{"errors":[{"message":"No permissions"}],"level":"warn","message":"END: GET /api/collections:list?paginate=false&appends%5B%5D=fields&appends%5B%5D=category&sort%5B%5D=sort&filter=%7B%7D","req":{"action":{"actionName":"list","params":{"actionName":"list","appends":["fields","category"],"filter":{},"paginate":"false","resourceName":"collections","sort":["sort"]},"resourceName":"collections"},"header":{"x-hostname":"cmreport.dsti.gov.sl","x-locale":"en-US","x-timezone":"-00:00"}},"reqId":"e4c50335-2141-4b85-84c2-09e15fe9fa6a","res":{"status":403},"responseTime":5,"timestamp":"2024-03-01T16:46:00.179Z"}
{"level":"info","message":"BEGIN: GET /api/collectionCategories:list?paginate=false&sort%5B%5D=sort","reqId":"a8b6e870-8ef2-4eee-9596-8619c08cb8bd","timestamp":"2024-03-01T16:46:00.381Z"}
{"can":null,"level":"info","message":"ctx permission","reqId":"a8b6e870-8ef2-4eee-9596-8619c08cb8bd","timestamp":"2024-03-01T16:46:00.401Z"}
{"level":"error","message":"No permissions","reqId":"a8b6e870-8ef2-4eee-9596-8619c08cb8bd","stack":"ForbiddenError: No permissions\n    at Object.throw (/root/my-nocobase-app/node_modules/koa/lib/context.js:97:11)\n    at /root/my-nocobase-app/node_modules/@nocobase/acl/lib/acl.js:358:20\n    at Generator.next (<anonymous>)\n    at asyncGeneratorStep (/root/my-nocobase-app/node_modules/@nocobase/acl/lib/acl.js:42:103)\n    at _next (/root/my-nocobase-app/node_modules/@nocobase/acl/lib/acl.js:43:194)\n    at /root/my-nocobase-app/node_modules/@nocobase/acl/lib/acl.js:43:364\n    at new Promise (<anonymous>)\n    at /root/my-nocobase-app/node_modules/@nocobase/acl/lib/acl.js:43:97\n    at /root/my-nocobase-app/node_modules/@nocobase/acl/lib/acl.js:386:22\n    at dispatch (/root/my-nocobase-app/node_modules/koa-compose/index.js:42:32)","timestamp":"2024-03-01T16:46:00.402Z"}
{"errors":[{"message":"No permissions"}],"level":"warn","message":"END: GET /api/collectionCategories:list?paginate=false&sort%5B%5D=sort","req":{"action":{"actionName":"list","params":{"actionName":"list","paginate":"false","resourceName":"collectionCategories","sort":["sort"]},"resourceName":"collectionCategories"},"header":{"x-hostname":"cmreport.dsti.gov.sl","x-locale":"en-US","x-timezone":"-00:00"}},"reqId":"a8b6e870-8ef2-4eee-9596-8619c08cb8bd","res":{"status":403},"responseTime":22,"timestamp":"2024-03-01T16:46:00.403Z"}
{"level":"info","message":"BEGIN: GET /api/roles:check","reqId":"381b2bb9-10c2-44ab-9c4b-42c0cc439282","timestamp":"2024-03-01T16:46:00.766Z"}
{"can":null,"level":"info","message":"ctx permission","reqId":"381b2bb9-10c2-44ab-9c4b-42c0cc439282","timestamp":"2024-03-01T16:46:00.774Z"}
{"level":"error","message":"No permissions","reqId":"381b2bb9-10c2-44ab-9c4b-42c0cc439282","stack":"ForbiddenError: No permissions\n    at Object.throw (/root/my-nocobase-app/node_modules/koa/lib/context.js:97:11)\n    at /root/my-nocobase-app/node_modules/@nocobase/acl/lib/acl.js:358:20\n    at Generator.next (<anonymous>)\n    at asyncGeneratorStep (/root/my-nocobase-app/node_modules/@nocobase/acl/lib/acl.js:42:103)\n    at _next (/root/my-nocobase-app/node_modules/@nocobase/acl/lib/acl.js:43:194)\n    at /root/my-nocobase-app/node_modules/@nocobase/acl/lib/acl.js:43:364\n    at new Promise (<anonymous>)\n    at /root/my-nocobase-app/node_modules/@nocobase/acl/lib/acl.js:43:97\n    at /root/my-nocobase-app/node_modules/@nocobase/acl/lib/acl.js:386:22\n    at dispatch (/root/my-nocobase-app/node_modules/koa-compose/index.js:42:32)","timestamp":"2024-03-01T16:46:00.775Z"}
{"errors":[{"message":"No permissions"}],"level":"warn","message":"END: GET /api/roles:check","req":{"action":{"actionName":"check","params":{"actionName":"check","resourceName":"roles"},"resourceName":"roles"},"header":{"x-hostname":"cmreport.dsti.gov.sl","x-locale":"en-US","x-timezone":"-00:00"}},"reqId":"381b2bb9-10c2-44ab-9c4b-42c0cc439282","res":{"status":403},"responseTime":9,"timestamp":"2024-03-01T16:46:00.775Z"}
{"level":"info","message":"BEGIN: POST /api/authenticators:publicList","reqId":"9b964008-1c2b-4f21-8265-040ad8a75c48","timestamp":"2024-03-01T16:46:00.998Z"}
{"can":null,"level":"info","message":"ctx permission","reqId":"9b964008-1c2b-4f21-8265-040ad8a75c48","skip":true,"timestamp":"2024-03-01T16:46:01.001Z"}
{"level":"info","message":"acl params","reqId":"9b964008-1c2b-4f21-8265-040ad8a75c48","timestamp":"2024-03-01T16:46:01.001Z"}
{"level":"info","message":"acl parsedParams","reqId":"9b964008-1c2b-4f21-8265-040ad8a75c48","timestamp":"2024-03-01T16:46:01.001Z"}
{"level":"info","message":"END: POST /api/authenticators:publicList","req":{"action":{"actionName":"publicList","params":{"actionName":"publicList","resourceName":"authenticators"},"resourceName":"authenticators"},"header":{"x-hostname":"cmreport.dsti.gov.sl","x-locale":"en-US","x-timezone":"-00:00"}},"reqId":"9b964008-1c2b-4f21-8265-040ad8a75c48","res":{"status":200},"responseTime":16,"timestamp":"2024-03-01T16:46:01.014Z"}
{"level":"info","message":"BEGIN: POST /api/auth:signIn","reqId":"0abbb18d-19ce-4fde-8354-07ac62369f8a","timestamp":"2024-03-01T16:46:11.415Z"}
{"can":null,"level":"info","message":"ctx permission","reqId":"0abbb18d-19ce-4fde-8354-07ac62369f8a","skip":true,"timestamp":"2024-03-01T16:46:11.418Z"}
{"level":"info","message":"acl params","reqId":"0abbb18d-19ce-4fde-8354-07ac62369f8a","timestamp":"2024-03-01T16:46:11.419Z"}
{"level":"info","message":"acl parsedParams","reqId":"0abbb18d-19ce-4fde-8354-07ac62369f8a","timestamp":"2024-03-01T16:46:11.419Z"}
{"level":"info","message":"END: POST /api/auth:signIn","req":{"action":{"actionName":"signIn","params":{"actionName":"signIn","resourceName":"auth","values":{"email":"ict@mowreg.gov.sl","password":"R3$t0r3#"}},"resourceName":"auth"},"header":{"x-hostname":"cmreport.dsti.gov.sl","x-locale":"en-US","x-timezone":"-00:00"}},"reqId":"0abbb18d-19ce-4fde-8354-07ac62369f8a","res":{"status":200},"responseTime":142,"timestamp":"2024-03-01T16:46:11.557Z"}
{"level":"info","message":"BEGIN: GET /api/auth:check","reqId":"e59afb4c-489a-49b5-a311-9baa48f0881c","timestamp":"2024-03-01T16:46:11.783Z"}
{"can":null,"level":"info","message":"ctx permission","reqId":"e59afb4c-489a-49b5-a311-9baa48f0881c","skip":true,"timestamp":"2024-03-01T16:46:11.815Z"}
{"level":"info","message":"acl params","reqId":"e59afb4c-489a-49b5-a311-9baa48f0881c","timestamp":"2024-03-01T16:46:11.817Z"}
{"level":"info","message":"acl parsedParams","reqId":"e59afb4c-489a-49b5-a311-9baa48f0881c","timestamp":"2024-03-01T16:46:11.821Z"}
{"level":"info","message":"END: GET /api/auth:check","req":{"action":{"actionName":"check","params":{"actionName":"check","resourceName":"auth"},"resourceName":"auth"},"header":{"x-hostname":"cmreport.dsti.gov.sl","x-locale":"en-US","x-timezone":"-00:00"}},"reqId":"e59afb4c-489a-49b5-a311-9baa48f0881c","res":{"status":200},"responseTime":38,"timestamp":"2024-03-01T16:46:11.821Z"}
{"level":"info","message":"BEGIN: GET /api/uiSchemaTemplates:list?appends%5B%5D=collection&paginate=false","reqId":"2d2ba301-7b7c-4fb0-a523-5c2d656a17ee","timestamp":"2024-03-01T16:46:12.471Z"}
{"can":null,"level":"info","message":"ctx permission","reqId":"2d2ba301-7b7c-4fb0-a523-5c2d656a17ee","skip":true,"timestamp":"2024-03-01T16:46:12.492Z"}
{"level":"info","message":"acl params","reqId":"2d2ba301-7b7c-4fb0-a523-5c2d656a17ee","timestamp":"2024-03-01T16:46:12.493Z"}
{"level":"info","message":"acl parsedParams","reqId":"2d2ba301-7b7c-4fb0-a523-5c2d656a17ee","timestamp":"2024-03-01T16:46:12.493Z"}
{"level":"info","message":"END: GET /api/uiSchemaTemplates:list?appends%5B%5D=collection&paginate=false","req":{"action":{"actionName":"list","params":{"actionName":"list","appends":["collection"],"paginate":"false","resourceName":"uiSchemaTemplates"},"resourceName":"uiSchemaTemplates"},"header":{"x-hostname":"cmreport.dsti.gov.sl","x-locale":"en-US","x-timezone":"-00:00"}},"reqId":"2d2ba301-7b7c-4fb0-a523-5c2d656a17ee","res":{"status":200},"responseTime":87,"timestamp":"2024-03-01T16:46:12.558Z"}
{"level":"info","message":"BEGIN: GET /api/systemSettings:get/1?appends=logo","reqId":"f0f22dbb-4a6f-41ef-807f-fb39a9abbec7","timestamp":"2024-03-01T16:46:12.785Z"}
{"can":{"action":"get","resource":"systemSettings","role":"ictHeads"},"level":"info","message":"ctx permission","reqId":"f0f22dbb-4a6f-41ef-807f-fb39a9abbec7","skip":true,"timestamp":"2024-03-01T16:46:12.820Z"}
{"level":"info","message":"acl params","reqId":"f0f22dbb-4a6f-41ef-807f-fb39a9abbec7","timestamp":"2024-03-01T16:46:12.820Z"}
{"level":"info","message":"acl parsedParams","reqId":"f0f22dbb-4a6f-41ef-807f-fb39a9abbec7","timestamp":"2024-03-01T16:46:12.821Z"}
{"level":"info","message":"END: GET /api/systemSettings:get/1?appends=logo","req":{"action":{"actionName":"get","params":{"actionName":"get","appends":["logo"],"filterByTk":"1","resourceIndex":"1","resourceName":"systemSettings"},"resourceName":"systemSettings"},"header":{"x-hostname":"cmreport.dsti.gov.sl","x-locale":"en-US","x-timezone":"-00:00"}},"reqId":"f0f22dbb-4a6f-41ef-807f-fb39a9abbec7","res":{"status":200},"responseTime":68,"timestamp":"2024-03-01T16:46:12.853Z"}
{"level":"info","message":"BEGIN: POST /api/chartsQueries:listMetadata?paginate=false&sort%5B%5D=-id","reqId":"3ff9587f-d9b7-4e94-b804-8707fdf01d87","timestamp":"2024-03-01T16:46:13.260Z"}
{"level":"info","message":"BEGIN: GET /api/app:getInfo","reqId":"48ca815d-8bbd-442f-9eb1-da1b72a732e4","timestamp":"2024-03-01T16:46:13.274Z"}
{"can":null,"level":"info","message":"ctx permission","reqId":"3ff9587f-d9b7-4e94-b804-8707fdf01d87","skip":true,"timestamp":"2024-03-01T16:46:13.337Z"}
{"level":"info","message":"acl params","reqId":"3ff9587f-d9b7-4e94-b804-8707fdf01d87","timestamp":"2024-03-01T16:46:13.337Z"}
{"level":"info","message":"acl parsedParams","reqId":"3ff9587f-d9b7-4e94-b804-8707fdf01d87","timestamp":"2024-03-01T16:46:13.337Z"}
{"level":"info","message":"END: POST /api/chartsQueries:listMetadata?paginate=false&sort%5B%5D=-id","req":{"action":{"actionName":"listMetadata","params":{"actionName":"listMetadata","paginate":"false","resourceName":"chartsQueries","sort":["-id"]},"resourceName":"chartsQueries"},"header":{"x-hostname":"cmreport.dsti.gov.sl","x-locale":"en-US","x-timezone":"-00:00"}},"reqId":"3ff9587f-d9b7-4e94-b804-8707fdf01d87","res":{"status":200},"responseTime":85,"timestamp":"2024-03-01T16:46:13.345Z"}
{"can":null,"level":"info","message":"ctx permission","reqId":"48ca815d-8bbd-442f-9eb1-da1b72a732e4","skip":true,"timestamp":"2024-03-01T16:46:13.346Z"}
{"level":"info","message":"acl params","reqId":"48ca815d-8bbd-442f-9eb1-da1b72a732e4","timestamp":"2024-03-01T16:46:13.347Z"}
{"level":"info","message":"acl parsedParams","reqId":"48ca815d-8bbd-442f-9eb1-da1b72a732e4","timestamp":"2024-03-01T16:46:13.348Z"}
{"level":"info","message":"END: GET /api/app:getInfo","req":{"action":{"actionName":"getInfo","params":{"actionName":"getInfo","resourceName":"app"},"resourceName":"app"},"header":{"x-hostname":"cmreport.dsti.gov.sl","x-locale":"en-US","x-timezone":"-00:00"}},"reqId":"48ca815d-8bbd-442f-9eb1-da1b72a732e4","res":{"status":200},"responseTime":100,"timestamp":"2024-03-01T16:46:13.374Z"}
{"level":"info","message":"BEGIN: GET /api/app:getInfo","reqId":"9bd570f4-1336-4966-894d-c56a2a774559","timestamp":"2024-03-01T16:46:13.567Z"}
{"can":null,"level":"info","message":"ctx permission","reqId":"9bd570f4-1336-4966-894d-c56a2a774559","skip":true,"timestamp":"2024-03-01T16:46:13.590Z"}
{"level":"info","message":"acl params","reqId":"9bd570f4-1336-4966-894d-c56a2a774559","timestamp":"2024-03-01T16:46:13.590Z"}
{"level":"info","message":"acl parsedParams","reqId":"9bd570f4-1336-4966-894d-c56a2a774559","timestamp":"2024-03-01T16:46:13.590Z"}
{"level":"info","message":"END: GET /api/app:getInfo","req":{"action":{"actionName":"getInfo","params":{"actionName":"getInfo","resourceName":"app"},"resourceName":"app"},"header":{"x-hostname":"cmreport.dsti.gov.sl","x-locale":"en-US","x-timezone":"-00:00"}},"reqId":"9bd570f4-1336-4966-894d-c56a2a774559","res":{"status":200},"responseTime":34,"timestamp":"2024-03-01T16:46:13.601Z"}
{"level":"info","message":"BEGIN: GET /api/themeConfig:list?sort=id&paginate=false","reqId":"fab9c7fc-86fb-4083-b685-c066c6379058","timestamp":"2024-03-01T16:46:13.948Z"}
{"level":"info","message":"BEGIN: GET /api/app:getInfo","reqId":"8283080c-b21d-4a43-942f-1ccaf5986baf","timestamp":"2024-03-01T16:46:13.950Z"}
{"level":"info","message":"BEGIN: GET /api/collectionsHistory:list?paginate=false&appends%5B%5D=fields&sort%5B%5D=sort&filter=%7B%7D","reqId":"8ab805e5-2e0a-4c36-9b21-45c6015660f3","timestamp":"2024-03-01T16:46:13.972Z"}
{"can":null,"level":"info","message":"ctx permission","reqId":"8283080c-b21d-4a43-942f-1ccaf5986baf","skip":true,"timestamp":"2024-03-01T16:46:14.019Z"}
{"level":"info","message":"acl params","reqId":"8283080c-b21d-4a43-942f-1ccaf5986baf","timestamp":"2024-03-01T16:46:14.024Z"}
{"level":"info","message":"acl parsedParams","reqId":"8283080c-b21d-4a43-942f-1ccaf5986baf","timestamp":"2024-03-01T16:46:14.024Z"}
{"can":{"action":"list","resource":"themeConfig","role":"ictHeads"},"level":"info","message":"ctx permission","reqId":"fab9c7fc-86fb-4083-b685-c066c6379058","timestamp":"2024-03-01T16:46:14.026Z"}
{"level":"info","message":"acl params","reqId":"fab9c7fc-86fb-4083-b685-c066c6379058","timestamp":"2024-03-01T16:46:14.026Z"}
{"level":"info","message":"acl parsedParams","reqId":"fab9c7fc-86fb-4083-b685-c066c6379058","timestamp":"2024-03-01T16:46:14.026Z"}
{"level":"info","message":"END: GET /api/themeConfig:list?sort=id&paginate=false","req":{"action":{"actionName":"list","params":{"actionName":"list","paginate":"false","resourceName":"themeConfig","sort":["id"]},"resourceName":"themeConfig"},"header":{"x-hostname":"cmreport.dsti.gov.sl","x-locale":"en-US","x-timezone":"-00:00"}},"reqId":"fab9c7fc-86fb-4083-b685-c066c6379058","res":{"status":200},"responseTime":146,"timestamp":"2024-03-01T16:46:14.094Z"}
{"level":"info","message":"END: GET /api/app:getInfo","req":{"action":{"actionName":"getInfo","params":{"actionName":"getInfo","resourceName":"app"},"resourceName":"app"},"header":{"x-hostname":"cmreport.dsti.gov.sl","x-locale":"en-US","x-timezone":"-00:00"}},"reqId":"8283080c-b21d-4a43-942f-1ccaf5986baf","res":{"status":200},"responseTime":180,"timestamp":"2024-03-01T16:46:14.130Z"}
{"can":{"action":"list","resource":"collectionsHistory","role":"ictHeads"},"level":"info","message":"ctx permission","reqId":"8ab805e5-2e0a-4c36-9b21-45c6015660f3","skip":true,"timestamp":"2024-03-01T16:46:14.132Z"}
{"level":"info","message":"acl params","reqId":"8ab805e5-2e0a-4c36-9b21-45c6015660f3","timestamp":"2024-03-01T16:46:14.132Z"}
{"level":"info","message":"acl parsedParams","reqId":"8ab805e5-2e0a-4c36-9b21-45c6015660f3","timestamp":"2024-03-01T16:46:14.132Z"}
{"level":"info","message":"END: GET /api/collectionsHistory:list?paginate=false&appends%5B%5D=fields&sort%5B%5D=sort&filter=%7B%7D","req":{"action":{"actionName":"list","params":{"actionName":"list","appends":["fields"],"filter":{},"paginate":"false","resourceName":"collectionsHistory","sort":["sort"]},"resourceName":"collectionsHistory"},"header":{"x-hostname":"cmreport.dsti.gov.sl","x-locale":"en-US","x-timezone":"-00:00"}},"reqId":"8ab805e5-2e0a-4c36-9b21-45c6015660f3","res":{"status":200},"responseTime":394,"timestamp":"2024-03-01T16:46:14.366Z"}
{"level":"info","message":"BEGIN: GET /api/app:getInfo","reqId":"a5b57a9f-5510-4c1f-bae2-b7cd6d24c5fe","timestamp":"2024-03-01T16:46:15.162Z"}
{"level":"info","message":"BEGIN: GET /api/themeConfig:list?sort=id&paginate=false","reqId":"a861093b-9564-42d1-bab7-c7572c127b5d","timestamp":"2024-03-01T16:46:15.173Z"}
{"can":null,"level":"info","message":"ctx permission","reqId":"a5b57a9f-5510-4c1f-bae2-b7cd6d24c5fe","skip":true,"timestamp":"2024-03-01T16:46:15.248Z"}
{"level":"info","message":"acl params","reqId":"a5b57a9f-5510-4c1f-bae2-b7cd6d24c5fe","timestamp":"2024-03-01T16:46:15.249Z"}
{"level":"info","message":"acl parsedParams","reqId":"a5b57a9f-5510-4c1f-bae2-b7cd6d24c5fe","timestamp":"2024-03-01T16:46:15.249Z"}
{"can":{"action":"list","resource":"themeConfig","role":"ictHeads"},"level":"info","message":"ctx permission","reqId":"a861093b-9564-42d1-bab7-c7572c127b5d","timestamp":"2024-03-01T16:46:15.275Z"}
{"level":"info","message":"acl params","reqId":"a861093b-9564-42d1-bab7-c7572c127b5d","timestamp":"2024-03-01T16:46:15.276Z"}
{"level":"info","message":"acl parsedParams","reqId":"a861093b-9564-42d1-bab7-c7572c127b5d","timestamp":"2024-03-01T16:46:15.276Z"}
{"level":"info","message":"END: GET /api/app:getInfo","req":{"action":{"actionName":"getInfo","params":{"actionName":"getInfo","resourceName":"app"},"resourceName":"app"},"header":{"x-hostname":"cmreport.dsti.gov.sl","x-locale":"en-US","x-timezone":"-00:00"}},"reqId":"a5b57a9f-5510-4c1f-bae2-b7cd6d24c5fe","res":{"status":200},"responseTime":128,"timestamp":"2024-03-01T16:46:15.289Z"}
{"level":"info","message":"END: GET /api/themeConfig:list?sort=id&paginate=false","req":{"action":{"actionName":"list","params":{"actionName":"list","paginate":"false","resourceName":"themeConfig","sort":["id"]},"resourceName":"themeConfig"},"header":{"x-hostname":"cmreport.dsti.gov.sl","x-locale":"en-US","x-timezone":"-00:00"}},"reqId":"a861093b-9564-42d1-bab7-c7572c127b5d","res":{"status":200},"responseTime":129,"timestamp":"2024-03-01T16:46:15.302Z"}
{"level":"info","message":"BEGIN: GET /api/app:getInfo","reqId":"9f60f111-519a-4a83-9f67-48f1d0a5f5cf","timestamp":"2024-03-01T16:46:18.888Z"}
{"can":null,"level":"info","message":"ctx permission","reqId":"9f60f111-519a-4a83-9f67-48f1d0a5f5cf","skip":true,"timestamp":"2024-03-01T16:46:18.919Z"}
{"level":"info","message":"acl params","reqId":"9f60f111-519a-4a83-9f67-48f1d0a5f5cf","timestamp":"2024-03-01T16:46:18.920Z"}
{"level":"info","message":"acl parsedParams","reqId":"9f60f111-519a-4a83-9f67-48f1d0a5f5cf","timestamp":"2024-03-01T16:46:18.921Z"}
{"level":"info","message":"END: GET /api/app:getInfo","req":{"action":{"actionName":"getInfo","params":{"actionName":"getInfo","resourceName":"app"},"resourceName":"app"},"header":{"x-hostname":"cmreport.dsti.gov.sl","x-locale":"en-US","x-timezone":"-00:00"}},"reqId":"9f60f111-519a-4a83-9f67-48f1d0a5f5cf","res":{"status":200},"responseTime":48,"timestamp":"2024-03-01T16:46:18.937Z"}
{"level":"info","message":"BEGIN: GET /api/uiSchemaTemplates:list?appends%5B%5D=collection&paginate=false","reqId":"84458241-c0f9-414d-9764-d99c4fa05a6e","timestamp":"2024-03-01T16:46:19.170Z"}
{"can":null,"level":"info","message":"ctx permission","reqId":"84458241-c0f9-414d-9764-d99c4fa05a6e","skip":true,"timestamp":"2024-03-01T16:46:19.186Z"}
{"level":"info","message":"acl params","reqId":"84458241-c0f9-414d-9764-d99c4fa05a6e","timestamp":"2024-03-01T16:46:19.187Z"}
{"level":"info","message":"acl parsedParams","reqId":"84458241-c0f9-414d-9764-d99c4fa05a6e","timestamp":"2024-03-01T16:46:19.193Z"}
{"level":"info","message":"END: GET /api/uiSchemaTemplates:list?appends%5B%5D=collection&paginate=false","req":{"action":{"actionName":"list","params":{"actionName":"list","appends":["collection"],"paginate":"false","resourceName":"uiSchemaTemplates"},"resourceName":"uiSchemaTemplates"},"header":{"x-hostname":"cmreport.dsti.gov.sl","x-locale":"en-US","x-timezone":"-00:00"}},"reqId":"84458241-c0f9-414d-9764-d99c4fa05a6e","res":{"status":200},"responseTime":43,"timestamp":"2024-03-01T16:46:19.213Z"}
