{"level":"info","message":"BEGIN: GET /api/app:getLang?locale=en-US","reqId":"546cad18-2a51-4e8a-bbba-8a4ab6c27770","timestamp":"2024-02-21T10:28:10.967Z"}
{"can":null,"level":"info","message":"ctx permission","reqId":"546cad18-2a51-4e8a-bbba-8a4ab6c27770","skip":true,"timestamp":"2024-02-21T10:28:10.995Z"}
{"level":"info","message":"acl params","reqId":"546cad18-2a51-4e8a-bbba-8a4ab6c27770","timestamp":"2024-02-21T10:28:10.995Z"}
{"level":"info","message":"acl parsedParams","reqId":"546cad18-2a51-4e8a-bbba-8a4ab6c27770","timestamp":"2024-02-21T10:28:10.995Z"}
{"level":"info","message":"END: GET /api/app:getLang?locale=en-US","req":{"action":{"actionName":"getLang","params":{"actionName":"getLang","locale":"en-US","resourceName":"app"},"resourceName":"app"},"header":{"x-hostname":"cmreport.dsti.gov.sl","x-locale":"en-US","x-role":"ictAdmin","x-timezone":"-00:00"}},"reqId":"546cad18-2a51-4e8a-bbba-8a4ab6c27770","res":{"status":200},"responseTime":39,"timestamp":"2024-02-21T10:28:11.006Z"}
{"level":"info","message":"BEGIN: GET /api/app:getPlugins","reqId":"019fb60d-bf07-4c62-ba37-80d1913accc6","timestamp":"2024-02-21T10:28:11.320Z"}
{"can":null,"level":"info","message":"ctx permission","reqId":"019fb60d-bf07-4c62-ba37-80d1913accc6","skip":true,"timestamp":"2024-02-21T10:28:11.345Z"}
{"level":"info","message":"acl params","reqId":"019fb60d-bf07-4c62-ba37-80d1913accc6","timestamp":"2024-02-21T10:28:11.345Z"}
{"level":"info","message":"acl parsedParams","reqId":"019fb60d-bf07-4c62-ba37-80d1913accc6","timestamp":"2024-02-21T10:28:11.353Z"}
{"level":"info","message":"END: GET /api/app:getPlugins","req":{"action":{"actionName":"getPlugins","params":{"actionName":"getPlugins","resourceName":"app"},"resourceName":"app"},"header":{"x-hostname":"cmreport.dsti.gov.sl","x-locale":"en-US","x-role":"ictAdmin","x-timezone":"-00:00"}},"reqId":"019fb60d-bf07-4c62-ba37-80d1913accc6","res":{"status":200},"responseTime":58,"timestamp":"2024-02-21T10:28:11.379Z"}
{"level":"info","message":"BEGIN: GET /api/plugins/client/@nocobase/plugin-error-handler/index.js","reqId":"1d4fcf18-848b-4066-88f4-50e5aaaf6bbd","timestamp":"2024-02-21T10:28:11.584Z"}
{"level":"info","message":"END: GET /api/plugins/client/@nocobase/plugin-error-handler/index.js","req":{},"reqId":"1d4fcf18-848b-4066-88f4-50e5aaaf6bbd","res":{"status":200},"responseTime":4,"timestamp":"2024-02-21T10:28:11.588Z"}
{"level":"info","message":"BEGIN: GET /api/plugins/client/@nocobase/plugin-china-region/index.js","reqId":"8ab495bd-d394-4374-bd13-559111005419","timestamp":"2024-02-21T10:28:11.733Z"}
{"level":"info","message":"END: GET /api/plugins/client/@nocobase/plugin-china-region/index.js","req":{},"reqId":"8ab495bd-d394-4374-bd13-559111005419","res":{"status":200},"responseTime":6,"timestamp":"2024-02-21T10:28:11.739Z"}
{"level":"info","message":"BEGIN: GET /api/plugins/client/@nocobase/plugin-verification/index.js","reqId":"0c031ff4-d2f1-4081-91e9-0bf59b950ae6","timestamp":"2024-02-21T10:28:11.865Z"}
{"level":"info","message":"BEGIN: GET /api/plugins/client/@nocobase/plugin-ui-routes-storage/index.js","reqId":"62c79c9f-9146-43e5-bf7d-529d825b6d05","timestamp":"2024-02-21T10:28:11.865Z"}
{"level":"info","message":"END: GET /api/plugins/client/@nocobase/plugin-ui-routes-storage/index.js","req":{},"reqId":"62c79c9f-9146-43e5-bf7d-529d825b6d05","res":{"status":200},"responseTime":8,"timestamp":"2024-02-21T10:28:11.873Z"}
{"level":"info","message":"END: GET /api/plugins/client/@nocobase/plugin-verification/index.js","req":{},"reqId":"0c031ff4-d2f1-4081-91e9-0bf59b950ae6","res":{"status":200},"responseTime":9,"timestamp":"2024-02-21T10:28:11.874Z"}
{"level":"info","message":"BEGIN: GET /api/plugins/client/@nocobase/plugin-file-manager/index.js","reqId":"0e49dd7e-a22a-4fbb-bcf0-56111a23c7ac","timestamp":"2024-02-21T10:28:11.875Z"}
{"level":"info","message":"BEGIN: GET /api/plugins/client/@nocobase/plugin-ui-schema-storage/index.js","reqId":"a6956fed-fb39-45ca-9baf-a3783b27f383","timestamp":"2024-02-21T10:28:11.876Z"}
{"level":"info","message":"END: GET /api/plugins/client/@nocobase/plugin-file-manager/index.js","req":{},"reqId":"0e49dd7e-a22a-4fbb-bcf0-56111a23c7ac","res":{"status":200},"responseTime":8,"timestamp":"2024-02-21T10:28:11.883Z"}
{"level":"info","message":"END: GET /api/plugins/client/@nocobase/plugin-ui-schema-storage/index.js","req":{},"reqId":"a6956fed-fb39-45ca-9baf-a3783b27f383","res":{"status":200},"responseTime":9,"timestamp":"2024-02-21T10:28:11.885Z"}
{"level":"info","message":"BEGIN: GET /api/plugins/client/@nocobase/plugin-system-settings/index.js","reqId":"a8d24fb2-044a-4ed1-9fc6-84920445e5f4","timestamp":"2024-02-21T10:28:11.895Z"}
{"level":"info","message":"BEGIN: GET /api/plugins/client/@nocobase/plugin-workflow/index.js","reqId":"c259ee18-4cc8-4b13-8687-a9238872ef61","timestamp":"2024-02-21T10:28:11.896Z"}
{"level":"info","message":"END: GET /api/plugins/client/@nocobase/plugin-system-settings/index.js","req":{},"reqId":"a8d24fb2-044a-4ed1-9fc6-84920445e5f4","res":{"status":200},"responseTime":4,"timestamp":"2024-02-21T10:28:11.899Z"}
{"level":"info","message":"END: GET /api/plugins/client/@nocobase/plugin-workflow/index.js","req":{},"reqId":"c259ee18-4cc8-4b13-8687-a9238872ef61","res":{"status":200},"responseTime":10,"timestamp":"2024-02-21T10:28:11.906Z"}
{"level":"info","message":"BEGIN: GET /api/plugins/client/@nocobase/plugin-client/index.js","reqId":"689cda3a-a8c2-422d-9008-377b5a3c6b3b","timestamp":"2024-02-21T10:28:12.032Z"}
{"level":"info","message":"BEGIN: GET /api/plugins/client/@nocobase/plugin-collection-manager/index.js","reqId":"15bd6b2b-449c-411d-bc4e-247f99fd7a70","timestamp":"2024-02-21T10:28:12.037Z"}
{"level":"info","message":"BEGIN: GET /api/plugins/client/@nocobase/plugin-duplicator/index.js","reqId":"34aba67e-3842-4781-b24d-d91730cd7e62","timestamp":"2024-02-21T10:28:12.038Z"}
{"level":"info","message":"END: GET /api/plugins/client/@nocobase/plugin-collection-manager/index.js","req":{},"reqId":"15bd6b2b-449c-411d-bc4e-247f99fd7a70","res":{"status":304},"responseTime":2,"timestamp":"2024-02-21T10:28:12.039Z"}
{"level":"info","message":"BEGIN: GET /api/plugins/client/@nocobase/plugin-iframe-block/index.js","reqId":"556b6ffa-7979-4b52-b5ec-176d1adad356","timestamp":"2024-02-21T10:28:12.040Z"}
{"level":"info","message":"END: GET /api/plugins/client/@nocobase/plugin-client/index.js","req":{},"reqId":"689cda3a-a8c2-422d-9008-377b5a3c6b3b","res":{"status":200},"responseTime":15,"timestamp":"2024-02-21T10:28:12.047Z"}
{"level":"info","message":"END: GET /api/plugins/client/@nocobase/plugin-duplicator/index.js","req":{},"reqId":"34aba67e-3842-4781-b24d-d91730cd7e62","res":{"status":200},"responseTime":12,"timestamp":"2024-02-21T10:28:12.050Z"}
{"level":"info","message":"END: GET /api/plugins/client/@nocobase/plugin-iframe-block/index.js","req":{},"reqId":"556b6ffa-7979-4b52-b5ec-176d1adad356","res":{"status":200},"responseTime":22,"timestamp":"2024-02-21T10:28:12.062Z"}
{"level":"info","message":"BEGIN: GET /api/plugins/client/@nocobase/plugin-formula-field/index.js","reqId":"b4ea9eac-7ea3-4cc4-8793-5524ee34d8d6","timestamp":"2024-02-21T10:28:12.063Z"}
{"level":"info","message":"END: GET /api/plugins/client/@nocobase/plugin-formula-field/index.js","req":{},"reqId":"b4ea9eac-7ea3-4cc4-8793-5524ee34d8d6","res":{"status":200},"responseTime":7,"timestamp":"2024-02-21T10:28:12.070Z"}
{"level":"info","message":"BEGIN: GET /api/plugins/client/@nocobase/plugin-charts/index.js","reqId":"6939f669-a7ff-4eaa-8585-3b3cc15a8f86","timestamp":"2024-02-21T10:28:12.177Z"}
{"level":"info","message":"END: GET /api/plugins/client/@nocobase/plugin-charts/index.js","req":{},"reqId":"6939f669-a7ff-4eaa-8585-3b3cc15a8f86","res":{"status":200},"responseTime":4,"timestamp":"2024-02-21T10:28:12.181Z"}
{"level":"info","message":"BEGIN: GET /api/plugins/client/@nocobase/plugin-sequence-field/index.js","reqId":"b08b9948-9c13-47d4-8d32-36bbe4957c17","timestamp":"2024-02-21T10:28:12.185Z"}
{"level":"info","message":"END: GET /api/plugins/client/@nocobase/plugin-sequence-field/index.js","req":{},"reqId":"b08b9948-9c13-47d4-8d32-36bbe4957c17","res":{"status":304},"responseTime":8,"timestamp":"2024-02-21T10:28:12.193Z"}
{"level":"info","message":"BEGIN: GET /api/plugins/client/@nocobase/plugin-auth/index.js","reqId":"be06642c-8de1-40be-9fd5-5aca43d5643f","timestamp":"2024-02-21T10:28:12.196Z"}
{"level":"info","message":"END: GET /api/plugins/client/@nocobase/plugin-auth/index.js","req":{},"reqId":"be06642c-8de1-40be-9fd5-5aca43d5643f","res":{"status":200},"responseTime":8,"timestamp":"2024-02-21T10:28:12.204Z"}
{"level":"info","message":"BEGIN: GET /api/plugins/client/@nocobase/plugin-acl/index.js","reqId":"fa2e9483-e2e5-489f-abed-55cfa56af0f7","timestamp":"2024-02-21T10:28:12.219Z"}
{"level":"info","message":"BEGIN: GET /api/plugins/client/@nocobase/plugin-sms-auth/index.js","reqId":"78d9172c-a47c-4941-808a-cfb299d0577b","timestamp":"2024-02-21T10:28:12.220Z"}
{"level":"info","message":"END: GET /api/plugins/client/@nocobase/plugin-acl/index.js","req":{},"reqId":"fa2e9483-e2e5-489f-abed-55cfa56af0f7","res":{"status":304},"responseTime":2,"timestamp":"2024-02-21T10:28:12.221Z"}
{"level":"info","message":"END: GET /api/plugins/client/@nocobase/plugin-sms-auth/index.js","req":{},"reqId":"78d9172c-a47c-4941-808a-cfb299d0577b","res":{"status":200},"responseTime":3,"timestamp":"2024-02-21T10:28:12.223Z"}
{"level":"info","message":"BEGIN: GET /api/plugins/client/@nocobase/plugin-graph-collection-manager/index.js","reqId":"a4f8dd39-45c9-496b-a562-8fd7e5c8c01b","timestamp":"2024-02-21T10:28:12.234Z"}
{"level":"info","message":"END: GET /api/plugins/client/@nocobase/plugin-graph-collection-manager/index.js","req":{},"reqId":"a4f8dd39-45c9-496b-a562-8fd7e5c8c01b","res":{"status":200},"responseTime":4,"timestamp":"2024-02-21T10:28:12.238Z"}
{"level":"info","message":"BEGIN: GET /api/plugins/client/@nocobase/plugin-theme-editor/index.js","reqId":"6d2e3066-1239-46ac-a1ad-2119b25018a2","timestamp":"2024-02-21T10:28:12.351Z"}
{"level":"info","message":"BEGIN: GET /api/plugins/client/@nocobase/plugin-export/index.js","reqId":"f987ca66-bff5-4dd8-a93e-c8969b537fa9","timestamp":"2024-02-21T10:28:12.356Z"}
{"level":"info","message":"END: GET /api/plugins/client/@nocobase/plugin-export/index.js","req":{},"reqId":"f987ca66-bff5-4dd8-a93e-c8969b537fa9","res":{"status":304},"responseTime":1,"timestamp":"2024-02-21T10:28:12.358Z"}
{"level":"info","message":"END: GET /api/plugins/client/@nocobase/plugin-theme-editor/index.js","req":{},"reqId":"6d2e3066-1239-46ac-a1ad-2119b25018a2","res":{"status":200},"responseTime":8,"timestamp":"2024-02-21T10:28:12.359Z"}
{"level":"info","message":"BEGIN: GET /api/plugins/client/@nocobase/plugin-import/index.js","reqId":"834352bd-a6d3-4005-8c13-3001db7fb974","timestamp":"2024-02-21T10:28:12.374Z"}
{"level":"info","message":"END: GET /api/plugins/client/@nocobase/plugin-import/index.js","req":{},"reqId":"834352bd-a6d3-4005-8c13-3001db7fb974","res":{"status":304},"responseTime":3,"timestamp":"2024-02-21T10:28:12.377Z"}
{"level":"info","message":"BEGIN: GET /api/plugins/client/@nocobase/plugin-audit-logs/index.js","reqId":"aea96cf5-3e5a-43e1-807f-92648db857f0","timestamp":"2024-02-21T10:28:12.379Z"}
{"level":"info","message":"END: GET /api/plugins/client/@nocobase/plugin-audit-logs/index.js","req":{},"reqId":"aea96cf5-3e5a-43e1-807f-92648db857f0","res":{"status":304},"responseTime":7,"timestamp":"2024-02-21T10:28:12.386Z"}
{"level":"info","message":"BEGIN: GET /api/plugins/client/@nocobase/plugin-multi-app-manager/index.js","reqId":"4aead889-44e0-4704-8155-e2d5fa423caf","timestamp":"2024-02-21T10:28:12.465Z"}
{"level":"info","message":"END: GET /api/plugins/client/@nocobase/plugin-multi-app-manager/index.js","req":{},"reqId":"4aead889-44e0-4704-8155-e2d5fa423caf","res":{"status":304},"responseTime":4,"timestamp":"2024-02-21T10:28:12.469Z"}
{"level":"info","message":"BEGIN: GET /api/plugins/client/@nocobase/plugin-snapshot-field/index.js","reqId":"50d9da82-03b1-4e61-84d8-7da08c9c0a45","timestamp":"2024-02-21T10:28:12.504Z"}
{"level":"info","message":"END: GET /api/plugins/client/@nocobase/plugin-snapshot-field/index.js","req":{},"reqId":"50d9da82-03b1-4e61-84d8-7da08c9c0a45","res":{"status":304},"responseTime":5,"timestamp":"2024-02-21T10:28:12.509Z"}
{"level":"info","message":"BEGIN: GET /api/plugins/client/@nocobase/plugin-map/index.js","reqId":"193cd8ea-f25b-4567-9586-4f6c2336e408","timestamp":"2024-02-21T10:28:12.537Z"}
{"level":"info","message":"BEGIN: GET /api/plugins/client/@nocobase/plugin-api-keys/index.js","reqId":"244a3b7b-2c09-45bd-a4c3-df878658b0be","timestamp":"2024-02-21T10:28:12.541Z"}
{"level":"info","message":"END: GET /api/plugins/client/@nocobase/plugin-map/index.js","req":{},"reqId":"193cd8ea-f25b-4567-9586-4f6c2336e408","res":{"status":304},"responseTime":5,"timestamp":"2024-02-21T10:28:12.542Z"}
{"level":"info","message":"END: GET /api/plugins/client/@nocobase/plugin-api-keys/index.js","req":{},"reqId":"244a3b7b-2c09-45bd-a4c3-df878658b0be","res":{"status":304},"responseTime":1,"timestamp":"2024-02-21T10:28:12.542Z"}
{"level":"info","message":"BEGIN: GET /api/plugins/client/@nocobase/plugin-mobile-client/index.js","reqId":"c1a609f9-5814-401b-9885-cea0f8bdd7be","timestamp":"2024-02-21T10:28:12.603Z"}
{"level":"info","message":"END: GET /api/plugins/client/@nocobase/plugin-mobile-client/index.js","req":{},"reqId":"c1a609f9-5814-401b-9885-cea0f8bdd7be","res":{"status":304},"responseTime":3,"timestamp":"2024-02-21T10:28:12.606Z"}
{"level":"info","message":"BEGIN: GET /api/plugins/client/@nocobase/plugin-data-visualization/index.js","reqId":"fd08e6f1-150b-4480-873f-e00c51787840","timestamp":"2024-02-21T10:28:12.653Z"}
{"level":"info","message":"END: GET /api/plugins/client/@nocobase/plugin-data-visualization/index.js","req":{},"reqId":"fd08e6f1-150b-4480-873f-e00c51787840","res":{"status":304},"responseTime":2,"timestamp":"2024-02-21T10:28:12.655Z"}
{"level":"info","message":"BEGIN: GET /api/auth:check","reqId":"3708a43b-a3ab-4ef8-b4d7-0d46ecfa5d9e","timestamp":"2024-02-21T10:28:13.304Z"}
{"can":null,"level":"info","message":"ctx permission","reqId":"3708a43b-a3ab-4ef8-b4d7-0d46ecfa5d9e","skip":true,"timestamp":"2024-02-21T10:28:13.350Z"}
{"level":"info","message":"acl params","reqId":"3708a43b-a3ab-4ef8-b4d7-0d46ecfa5d9e","timestamp":"2024-02-21T10:28:13.350Z"}
{"level":"info","message":"acl parsedParams","reqId":"3708a43b-a3ab-4ef8-b4d7-0d46ecfa5d9e","timestamp":"2024-02-21T10:28:13.350Z"}
{"level":"info","message":"END: GET /api/auth:check","req":{"action":{"actionName":"check","params":{"actionName":"check","resourceName":"auth"},"resourceName":"auth"},"header":{"x-hostname":"cmreport.dsti.gov.sl","x-locale":"en-US","x-role":"ictAdmin","x-timezone":"-00:00"}},"reqId":"3708a43b-a3ab-4ef8-b4d7-0d46ecfa5d9e","res":{"status":200},"responseTime":47,"timestamp":"2024-02-21T10:28:13.351Z"}
{"level":"info","message":"BEGIN: GET /api/uiSchemaTemplates:list?appends%5B%5D=collection&paginate=false","reqId":"8d28d137-852e-4598-953d-96d84bed951f","timestamp":"2024-02-21T10:28:13.537Z"}
{"can":null,"level":"info","message":"ctx permission","reqId":"8d28d137-852e-4598-953d-96d84bed951f","skip":true,"timestamp":"2024-02-21T10:28:13.587Z"}
{"level":"info","message":"acl params","reqId":"8d28d137-852e-4598-953d-96d84bed951f","timestamp":"2024-02-21T10:28:13.587Z"}
{"level":"info","message":"acl parsedParams","reqId":"8d28d137-852e-4598-953d-96d84bed951f","timestamp":"2024-02-21T10:28:13.587Z"}
{"level":"info","message":"END: GET /api/uiSchemaTemplates:list?appends%5B%5D=collection&paginate=false","req":{"action":{"actionName":"list","params":{"actionName":"list","appends":["collection"],"paginate":"false","resourceName":"uiSchemaTemplates"},"resourceName":"uiSchemaTemplates"},"header":{"x-hostname":"cmreport.dsti.gov.sl","x-locale":"en-US","x-role":"ictAdmin","x-timezone":"-00:00"}},"reqId":"8d28d137-852e-4598-953d-96d84bed951f","res":{"status":200},"responseTime":88,"timestamp":"2024-02-21T10:28:13.625Z"}
{"level":"info","message":"BEGIN: GET /api/systemSettings:get/1?appends=logo","reqId":"fe5253eb-6d2b-484a-acfc-59ac7b4496b0","timestamp":"2024-02-21T10:28:13.786Z"}
{"can":{"action":"get","resource":"systemSettings","role":"ictAdmin"},"level":"info","message":"ctx permission","reqId":"fe5253eb-6d2b-484a-acfc-59ac7b4496b0","skip":true,"timestamp":"2024-02-21T10:28:13.815Z"}
{"level":"info","message":"acl params","reqId":"fe5253eb-6d2b-484a-acfc-59ac7b4496b0","timestamp":"2024-02-21T10:28:13.815Z"}
{"level":"info","message":"acl parsedParams","reqId":"fe5253eb-6d2b-484a-acfc-59ac7b4496b0","timestamp":"2024-02-21T10:28:13.816Z"}
{"level":"info","message":"END: GET /api/systemSettings:get/1?appends=logo","req":{"action":{"actionName":"get","params":{"actionName":"get","appends":["logo"],"filterByTk":"1","resourceIndex":"1","resourceName":"systemSettings"},"resourceName":"systemSettings"},"header":{"x-hostname":"cmreport.dsti.gov.sl","x-locale":"en-US","x-role":"ictAdmin","x-timezone":"-00:00"}},"reqId":"fe5253eb-6d2b-484a-acfc-59ac7b4496b0","res":{"status":200},"responseTime":94,"timestamp":"2024-02-21T10:28:13.881Z"}
{"level":"info","message":"BEGIN: GET /api/app:getInfo","reqId":"9c1ecd38-bc13-4005-9e16-c25140c706f9","timestamp":"2024-02-21T10:28:14.087Z"}
{"level":"info","message":"BEGIN: POST /api/chartsQueries:listMetadata?paginate=false&sort%5B%5D=-id","reqId":"dd1be63d-7f5a-4844-b4bd-48231f177ea4","timestamp":"2024-02-21T10:28:14.102Z"}
{"can":null,"level":"info","message":"ctx permission","reqId":"9c1ecd38-bc13-4005-9e16-c25140c706f9","skip":true,"timestamp":"2024-02-21T10:28:14.121Z"}
{"level":"info","message":"acl params","reqId":"9c1ecd38-bc13-4005-9e16-c25140c706f9","timestamp":"2024-02-21T10:28:14.121Z"}
{"level":"info","message":"acl parsedParams","reqId":"9c1ecd38-bc13-4005-9e16-c25140c706f9","timestamp":"2024-02-21T10:28:14.121Z"}
{"can":null,"level":"info","message":"ctx permission","reqId":"dd1be63d-7f5a-4844-b4bd-48231f177ea4","skip":true,"timestamp":"2024-02-21T10:28:14.135Z"}
{"level":"info","message":"acl params","reqId":"dd1be63d-7f5a-4844-b4bd-48231f177ea4","timestamp":"2024-02-21T10:28:14.135Z"}
{"level":"info","message":"acl parsedParams","reqId":"dd1be63d-7f5a-4844-b4bd-48231f177ea4","timestamp":"2024-02-21T10:28:14.136Z"}
{"level":"info","message":"END: GET /api/app:getInfo","req":{"action":{"actionName":"getInfo","params":{"actionName":"getInfo","resourceName":"app"},"resourceName":"app"},"header":{"x-hostname":"cmreport.dsti.gov.sl","x-locale":"en-US","x-role":"ictAdmin","x-timezone":"-00:00"}},"reqId":"9c1ecd38-bc13-4005-9e16-c25140c706f9","res":{"status":200},"responseTime":51,"timestamp":"2024-02-21T10:28:14.138Z"}
{"level":"info","message":"END: POST /api/chartsQueries:listMetadata?paginate=false&sort%5B%5D=-id","req":{"action":{"actionName":"listMetadata","params":{"actionName":"listMetadata","paginate":"false","resourceName":"chartsQueries","sort":["-id"]},"resourceName":"chartsQueries"},"header":{"x-hostname":"cmreport.dsti.gov.sl","x-locale":"en-US","x-role":"ictAdmin","x-timezone":"-00:00"}},"reqId":"dd1be63d-7f5a-4844-b4bd-48231f177ea4","res":{"status":200},"responseTime":40,"timestamp":"2024-02-21T10:28:14.142Z"}
{"level":"info","message":"BEGIN: GET /api/app:getInfo","reqId":"5ded1ec1-8357-4861-80ac-f301cec1904a","timestamp":"2024-02-21T10:28:14.301Z"}
{"can":null,"level":"info","message":"ctx permission","reqId":"5ded1ec1-8357-4861-80ac-f301cec1904a","skip":true,"timestamp":"2024-02-21T10:28:14.332Z"}
{"level":"info","message":"acl params","reqId":"5ded1ec1-8357-4861-80ac-f301cec1904a","timestamp":"2024-02-21T10:28:14.332Z"}
{"level":"info","message":"acl parsedParams","reqId":"5ded1ec1-8357-4861-80ac-f301cec1904a","timestamp":"2024-02-21T10:28:14.332Z"}
{"level":"info","message":"END: GET /api/app:getInfo","req":{"action":{"actionName":"getInfo","params":{"actionName":"getInfo","resourceName":"app"},"resourceName":"app"},"header":{"x-hostname":"cmreport.dsti.gov.sl","x-locale":"en-US","x-role":"ictAdmin","x-timezone":"-00:00"}},"reqId":"5ded1ec1-8357-4861-80ac-f301cec1904a","res":{"status":200},"responseTime":41,"timestamp":"2024-02-21T10:28:14.343Z"}
{"level":"info","message":"BEGIN: GET /api/app:getInfo","reqId":"6b32e76d-8d26-4856-b2fb-248dbd053498","timestamp":"2024-02-21T10:28:14.544Z"}
{"level":"info","message":"BEGIN: GET /api/themeConfig:list?sort=id&paginate=false","reqId":"9c6fe0c6-67f0-4707-954a-242855b42bf7","timestamp":"2024-02-21T10:28:14.546Z"}
{"level":"info","message":"BEGIN: GET /api/collectionsHistory:list?paginate=false&appends%5B%5D=fields&sort%5B%5D=sort&filter=%7B%7D","reqId":"617f4691-bac3-489f-be04-d90018e73e98","timestamp":"2024-02-21T10:28:14.557Z"}
{"can":null,"level":"info","message":"ctx permission","reqId":"6b32e76d-8d26-4856-b2fb-248dbd053498","skip":true,"timestamp":"2024-02-21T10:28:14.640Z"}
{"level":"info","message":"acl params","reqId":"6b32e76d-8d26-4856-b2fb-248dbd053498","timestamp":"2024-02-21T10:28:14.640Z"}
{"level":"info","message":"acl parsedParams","reqId":"6b32e76d-8d26-4856-b2fb-248dbd053498","timestamp":"2024-02-21T10:28:14.641Z"}
{"can":{"action":"list","resource":"themeConfig","role":"ictAdmin"},"level":"info","message":"ctx permission","reqId":"9c6fe0c6-67f0-4707-954a-242855b42bf7","timestamp":"2024-02-21T10:28:14.642Z"}
{"level":"info","message":"acl params","reqId":"9c6fe0c6-67f0-4707-954a-242855b42bf7","timestamp":"2024-02-21T10:28:14.643Z"}
{"level":"info","message":"acl parsedParams","reqId":"9c6fe0c6-67f0-4707-954a-242855b42bf7","timestamp":"2024-02-21T10:28:14.643Z"}
{"can":{"action":"list","resource":"collectionsHistory","role":"ictAdmin"},"level":"info","message":"ctx permission","reqId":"617f4691-bac3-489f-be04-d90018e73e98","skip":true,"timestamp":"2024-02-21T10:28:14.651Z"}
{"level":"info","message":"acl params","reqId":"617f4691-bac3-489f-be04-d90018e73e98","timestamp":"2024-02-21T10:28:14.651Z"}
{"level":"info","message":"acl parsedParams","reqId":"617f4691-bac3-489f-be04-d90018e73e98","timestamp":"2024-02-21T10:28:14.651Z"}
{"level":"info","message":"END: GET /api/app:getInfo","req":{"action":{"actionName":"getInfo","params":{"actionName":"getInfo","resourceName":"app"},"resourceName":"app"},"header":{"x-hostname":"cmreport.dsti.gov.sl","x-locale":"en-US","x-role":"ictAdmin","x-timezone":"-00:00"}},"reqId":"6b32e76d-8d26-4856-b2fb-248dbd053498","res":{"status":200},"responseTime":173,"timestamp":"2024-02-21T10:28:14.717Z"}
{"level":"info","message":"END: GET /api/themeConfig:list?sort=id&paginate=false","req":{"action":{"actionName":"list","params":{"actionName":"list","paginate":"false","resourceName":"themeConfig","sort":["id"]},"resourceName":"themeConfig"},"header":{"x-hostname":"cmreport.dsti.gov.sl","x-locale":"en-US","x-role":"ictAdmin","x-timezone":"-00:00"}},"reqId":"9c6fe0c6-67f0-4707-954a-242855b42bf7","res":{"status":200},"responseTime":341,"timestamp":"2024-02-21T10:28:14.887Z"}
{"level":"info","message":"END: GET /api/collectionsHistory:list?paginate=false&appends%5B%5D=fields&sort%5B%5D=sort&filter=%7B%7D","req":{"action":{"actionName":"list","params":{"actionName":"list","appends":["fields"],"filter":{},"paginate":"false","resourceName":"collectionsHistory","sort":["sort"]},"resourceName":"collectionsHistory"},"header":{"x-hostname":"cmreport.dsti.gov.sl","x-locale":"en-US","x-role":"ictAdmin","x-timezone":"-00:00"}},"reqId":"617f4691-bac3-489f-be04-d90018e73e98","res":{"status":200},"responseTime":342,"timestamp":"2024-02-21T10:28:14.899Z"}
{"level":"info","message":"BEGIN: GET /api/app:getInfo","reqId":"7b249445-a2e8-4f8f-9d43-1c6d93604f76","timestamp":"2024-02-21T10:28:15.305Z"}
{"level":"info","message":"BEGIN: GET /api/themeConfig:list?sort=id&paginate=false","reqId":"fdf154f8-ce72-44b3-bf13-3cb70a364acd","timestamp":"2024-02-21T10:28:15.307Z"}
{"can":null,"level":"info","message":"ctx permission","reqId":"7b249445-a2e8-4f8f-9d43-1c6d93604f76","skip":true,"timestamp":"2024-02-21T10:28:15.350Z"}
{"level":"info","message":"acl params","reqId":"7b249445-a2e8-4f8f-9d43-1c6d93604f76","timestamp":"2024-02-21T10:28:15.350Z"}
{"level":"info","message":"acl parsedParams","reqId":"7b249445-a2e8-4f8f-9d43-1c6d93604f76","timestamp":"2024-02-21T10:28:15.350Z"}
{"can":{"action":"list","resource":"themeConfig","role":"ictAdmin"},"level":"info","message":"ctx permission","reqId":"fdf154f8-ce72-44b3-bf13-3cb70a364acd","timestamp":"2024-02-21T10:28:15.352Z"}
{"level":"info","message":"acl params","reqId":"fdf154f8-ce72-44b3-bf13-3cb70a364acd","timestamp":"2024-02-21T10:28:15.359Z"}
{"level":"info","message":"acl parsedParams","reqId":"fdf154f8-ce72-44b3-bf13-3cb70a364acd","timestamp":"2024-02-21T10:28:15.359Z"}
{"level":"info","message":"END: GET /api/app:getInfo","req":{"action":{"actionName":"getInfo","params":{"actionName":"getInfo","resourceName":"app"},"resourceName":"app"},"header":{"x-hostname":"cmreport.dsti.gov.sl","x-locale":"en-US","x-role":"ictAdmin","x-timezone":"-00:00"}},"reqId":"7b249445-a2e8-4f8f-9d43-1c6d93604f76","res":{"status":200},"responseTime":77,"timestamp":"2024-02-21T10:28:15.382Z"}
{"level":"info","message":"END: GET /api/themeConfig:list?sort=id&paginate=false","req":{"action":{"actionName":"list","params":{"actionName":"list","paginate":"false","resourceName":"themeConfig","sort":["id"]},"resourceName":"themeConfig"},"header":{"x-hostname":"cmreport.dsti.gov.sl","x-locale":"en-US","x-role":"ictAdmin","x-timezone":"-00:00"}},"reqId":"fdf154f8-ce72-44b3-bf13-3cb70a364acd","res":{"status":200},"responseTime":82,"timestamp":"2024-02-21T10:28:15.389Z"}
{"level":"info","message":"BEGIN: GET /api/app:getInfo","reqId":"dde9391d-f3b7-4baf-9e50-789fd0a14f8c","timestamp":"2024-02-21T10:28:15.541Z"}
{"can":null,"level":"info","message":"ctx permission","reqId":"dde9391d-f3b7-4baf-9e50-789fd0a14f8c","skip":true,"timestamp":"2024-02-21T10:28:15.565Z"}
{"level":"info","message":"acl params","reqId":"dde9391d-f3b7-4baf-9e50-789fd0a14f8c","timestamp":"2024-02-21T10:28:15.566Z"}
{"level":"info","message":"acl parsedParams","reqId":"dde9391d-f3b7-4baf-9e50-789fd0a14f8c","timestamp":"2024-02-21T10:28:15.566Z"}
{"level":"info","message":"END: GET /api/app:getInfo","req":{"action":{"actionName":"getInfo","params":{"actionName":"getInfo","resourceName":"app"},"resourceName":"app"},"header":{"x-hostname":"cmreport.dsti.gov.sl","x-locale":"en-US","x-role":"ictAdmin","x-timezone":"-00:00"}},"reqId":"dde9391d-f3b7-4baf-9e50-789fd0a14f8c","res":{"status":200},"responseTime":34,"timestamp":"2024-02-21T10:28:15.575Z"}
{"level":"info","message":"BEGIN: GET /api/uiSchemaTemplates:list?appends%5B%5D=collection&paginate=false","reqId":"9a867e50-cc26-4597-a75d-c517c8a3ec61","timestamp":"2024-02-21T10:28:15.731Z"}
{"can":null,"level":"info","message":"ctx permission","reqId":"9a867e50-cc26-4597-a75d-c517c8a3ec61","skip":true,"timestamp":"2024-02-21T10:28:15.762Z"}
{"level":"info","message":"acl params","reqId":"9a867e50-cc26-4597-a75d-c517c8a3ec61","timestamp":"2024-02-21T10:28:15.762Z"}
{"level":"info","message":"acl parsedParams","reqId":"9a867e50-cc26-4597-a75d-c517c8a3ec61","timestamp":"2024-02-21T10:28:15.762Z"}
{"level":"info","message":"END: GET /api/uiSchemaTemplates:list?appends%5B%5D=collection&paginate=false","req":{"action":{"actionName":"list","params":{"actionName":"list","appends":["collection"],"paginate":"false","resourceName":"uiSchemaTemplates"},"resourceName":"uiSchemaTemplates"},"header":{"x-hostname":"cmreport.dsti.gov.sl","x-locale":"en-US","x-role":"ictAdmin","x-timezone":"-00:00"}},"reqId":"9a867e50-cc26-4597-a75d-c517c8a3ec61","res":{"status":200},"responseTime":54,"timestamp":"2024-02-21T10:28:15.785Z"}
{"level":"info","message":"BEGIN: GET /api/collectionCategories:list?paginate=false&sort%5B%5D=sort","reqId":"bc7620fe-1e78-4ba2-b2fb-d9b25790b7c7","timestamp":"2024-02-21T10:28:15.957Z"}
{"level":"info","message":"BEGIN: GET /api/collections:list?paginate=false&appends%5B%5D=fields&appends%5B%5D=category&sort%5B%5D=sort&filter=%7B%7D","reqId":"c3ec7230-b7b7-4124-8da2-3b7e156eefb4","timestamp":"2024-02-21T10:28:15.959Z"}
{"can":{"action":"list","resource":"collectionCategories","role":"ictAdmin"},"level":"info","message":"ctx permission","reqId":"bc7620fe-1e78-4ba2-b2fb-d9b25790b7c7","skip":true,"timestamp":"2024-02-21T10:28:16.301Z"}
{"level":"info","message":"acl params","reqId":"bc7620fe-1e78-4ba2-b2fb-d9b25790b7c7","timestamp":"2024-02-21T10:28:16.302Z"}
{"level":"info","message":"acl parsedParams","reqId":"bc7620fe-1e78-4ba2-b2fb-d9b25790b7c7","timestamp":"2024-02-21T10:28:16.303Z"}
{"can":null,"level":"info","message":"ctx permission","reqId":"c3ec7230-b7b7-4124-8da2-3b7e156eefb4","skip":true,"timestamp":"2024-02-21T10:28:16.309Z"}
{"level":"info","message":"acl params","reqId":"c3ec7230-b7b7-4124-8da2-3b7e156eefb4","timestamp":"2024-02-21T10:28:16.310Z"}
{"level":"info","message":"acl parsedParams","reqId":"c3ec7230-b7b7-4124-8da2-3b7e156eefb4","timestamp":"2024-02-21T10:28:16.310Z"}
{"level":"info","message":"END: GET /api/collectionCategories:list?paginate=false&sort%5B%5D=sort","req":{"action":{"actionName":"list","params":{"actionName":"list","paginate":"false","resourceName":"collectionCategories","sort":["sort"]},"resourceName":"collectionCategories"},"header":{"x-hostname":"cmreport.dsti.gov.sl","x-locale":"en-US","x-role":"ictAdmin","x-timezone":"-00:00"}},"reqId":"bc7620fe-1e78-4ba2-b2fb-d9b25790b7c7","res":{"status":200},"responseTime":401,"timestamp":"2024-02-21T10:28:16.358Z"}
{"level":"info","message":"END: GET /api/collections:list?paginate=false&appends%5B%5D=fields&appends%5B%5D=category&sort%5B%5D=sort&filter=%7B%7D","req":{"action":{"actionName":"list","params":{"actionName":"list","appends":["fields","category"],"filter":{},"paginate":"false","resourceName":"collections","sort":["sort"]},"resourceName":"collections"},"header":{"x-hostname":"cmreport.dsti.gov.sl","x-locale":"en-US","x-role":"ictAdmin","x-timezone":"-00:00"}},"reqId":"c3ec7230-b7b7-4124-8da2-3b7e156eefb4","res":{"status":200},"responseTime":535,"timestamp":"2024-02-21T10:28:16.495Z"}
{"level":"info","message":"BEGIN: GET /api/roles:check","reqId":"2261a313-de78-45bc-979f-e72f2e2fce63","timestamp":"2024-02-21T10:28:16.945Z"}
{"can":null,"level":"info","message":"ctx permission","reqId":"2261a313-de78-45bc-979f-e72f2e2fce63","skip":true,"timestamp":"2024-02-21T10:28:16.988Z"}
{"level":"info","message":"acl params","reqId":"2261a313-de78-45bc-979f-e72f2e2fce63","timestamp":"2024-02-21T10:28:16.989Z"}
{"level":"info","message":"acl parsedParams","reqId":"2261a313-de78-45bc-979f-e72f2e2fce63","timestamp":"2024-02-21T10:28:16.990Z"}
{"level":"info","message":"END: GET /api/roles:check","req":{"action":{"actionName":"check","params":{"actionName":"check","resourceName":"roles"},"resourceName":"roles"},"header":{"x-hostname":"cmreport.dsti.gov.sl","x-locale":"en-US","x-role":"ictAdmin","x-timezone":"-00:00"}},"reqId":"2261a313-de78-45bc-979f-e72f2e2fce63","res":{"status":200},"responseTime":72,"timestamp":"2024-02-21T10:28:17.017Z"}
{"level":"info","message":"BEGIN: GET /api/uiSchemas:getJsonSchema/kajnqv7hagl","reqId":"f89910a2-3e6b-4292-b29d-4d2eb2d1a32a","timestamp":"2024-02-21T10:28:17.242Z"}
{"level":"info","message":"BEGIN: GET /api/uiSchemas:getProperties/ic05qq3jmex","reqId":"8b2d70d7-7bec-42a1-ad26-5d3df62b268d","timestamp":"2024-02-21T10:28:17.250Z"}
{"can":null,"level":"info","message":"ctx permission","reqId":"f89910a2-3e6b-4292-b29d-4d2eb2d1a32a","skip":true,"timestamp":"2024-02-21T10:28:17.277Z"}
{"level":"info","message":"acl params","reqId":"f89910a2-3e6b-4292-b29d-4d2eb2d1a32a","timestamp":"2024-02-21T10:28:17.277Z"}
{"level":"info","message":"acl parsedParams","reqId":"f89910a2-3e6b-4292-b29d-4d2eb2d1a32a","timestamp":"2024-02-21T10:28:17.277Z"}
{"level":"info","message":"END: GET /api/uiSchemas:getJsonSchema/kajnqv7hagl","req":{"action":{"actionName":"getJsonSchema","params":{"actionName":"getJsonSchema","filterByTk":"kajnqv7hagl","resourceIndex":"kajnqv7hagl","resourceName":"uiSchemas"},"resourceName":"uiSchemas"},"header":{"x-hostname":"cmreport.dsti.gov.sl","x-locale":"en-US","x-role":"ictAdmin","x-timezone":"-00:00"}},"reqId":"f89910a2-3e6b-4292-b29d-4d2eb2d1a32a","res":{"status":200},"responseTime":36,"timestamp":"2024-02-21T10:28:17.278Z"}
{"can":null,"level":"info","message":"ctx permission","reqId":"8b2d70d7-7bec-42a1-ad26-5d3df62b268d","skip":true,"timestamp":"2024-02-21T10:28:17.299Z"}
{"level":"info","message":"acl params","reqId":"8b2d70d7-7bec-42a1-ad26-5d3df62b268d","timestamp":"2024-02-21T10:28:17.299Z"}
{"level":"info","message":"acl parsedParams","reqId":"8b2d70d7-7bec-42a1-ad26-5d3df62b268d","timestamp":"2024-02-21T10:28:17.300Z"}
{"level":"info","message":"END: GET /api/uiSchemas:getProperties/ic05qq3jmex","req":{"action":{"actionName":"getProperties","params":{"actionName":"getProperties","filterByTk":"ic05qq3jmex","resourceIndex":"ic05qq3jmex","resourceName":"uiSchemas"},"resourceName":"uiSchemas"},"header":{"x-hostname":"cmreport.dsti.gov.sl","x-locale":"en-US","x-role":"ictAdmin","x-timezone":"-00:00"}},"reqId":"8b2d70d7-7bec-42a1-ad26-5d3df62b268d","res":{"status":200},"responseTime":50,"timestamp":"2024-02-21T10:28:17.300Z"}
