{"level":"info","message":"BEGIN: GET /api/app:getLang?locale","reqId":"d1db8602-8c97-442b-a712-952a9b890245","timestamp":"2024-02-23T00:46:17.208Z"}
{"can":null,"level":"info","message":"ctx permission","reqId":"d1db8602-8c97-442b-a712-952a9b890245","skip":true,"timestamp":"2024-02-23T00:46:17.228Z"}
{"level":"info","message":"acl params","reqId":"d1db8602-8c97-442b-a712-952a9b890245","timestamp":"2024-02-23T00:46:17.228Z"}
{"level":"info","message":"acl parsedParams","reqId":"d1db8602-8c97-442b-a712-952a9b890245","timestamp":"2024-02-23T00:46:17.228Z"}
{"level":"info","message":"END: GET /api/app:getLang?locale","req":{"action":{"actionName":"getLang","params":{"actionName":"getLang","locale":null,"resourceName":"app"},"resourceName":"app"},"header":{"x-hostname":"cmreport.dsti.gov.sl","x-timezone":"-00:00"}},"reqId":"d1db8602-8c97-442b-a712-952a9b890245","res":{"status":200},"responseTime":103,"timestamp":"2024-02-23T00:46:17.311Z"}
{"level":"info","message":"BEGIN: GET /api/app:getPlugins","reqId":"1a010015-9fd6-4398-8425-02618405946d","timestamp":"2024-02-23T00:46:18.166Z"}
{"can":null,"level":"info","message":"ctx permission","reqId":"1a010015-9fd6-4398-8425-02618405946d","skip":true,"timestamp":"2024-02-23T00:46:18.176Z"}
{"level":"info","message":"acl params","reqId":"1a010015-9fd6-4398-8425-02618405946d","timestamp":"2024-02-23T00:46:18.177Z"}
{"level":"info","message":"acl parsedParams","reqId":"1a010015-9fd6-4398-8425-02618405946d","timestamp":"2024-02-23T00:46:18.177Z"}
{"level":"info","message":"END: GET /api/app:getPlugins","req":{"action":{"actionName":"getPlugins","params":{"actionName":"getPlugins","resourceName":"app"},"resourceName":"app"},"header":{"x-hostname":"cmreport.dsti.gov.sl","x-locale":"en-US","x-timezone":"-00:00"}},"reqId":"1a010015-9fd6-4398-8425-02618405946d","res":{"status":200},"responseTime":32,"timestamp":"2024-02-23T00:46:18.198Z"}
{"level":"info","message":"BEGIN: GET /api/plugins/client/@nocobase/plugin-collection-manager/index.js","reqId":"4c2c76fc-ff45-43c5-b9fd-d83b45adfa09","timestamp":"2024-02-23T00:46:18.358Z"}
{"level":"info","message":"BEGIN: GET /api/plugins/client/@nocobase/plugin-ui-schema-storage/index.js","reqId":"46e736b4-dbea-46a4-81e5-7ac0664af3ce","timestamp":"2024-02-23T00:46:18.359Z"}
{"level":"info","message":"END: GET /api/plugins/client/@nocobase/plugin-collection-manager/index.js","req":{},"reqId":"4c2c76fc-ff45-43c5-b9fd-d83b45adfa09","res":{"status":200},"responseTime":3,"timestamp":"2024-02-23T00:46:18.361Z"}
{"level":"info","message":"END: GET /api/plugins/client/@nocobase/plugin-ui-schema-storage/index.js","req":{},"reqId":"46e736b4-dbea-46a4-81e5-7ac0664af3ce","res":{"status":200},"responseTime":4,"timestamp":"2024-02-23T00:46:18.363Z"}
{"level":"info","message":"BEGIN: GET /api/plugins/client/@nocobase/plugin-error-handler/index.js","reqId":"ce1d30ae-9d97-48a3-aec4-3a76f306c6b6","timestamp":"2024-02-23T00:46:18.369Z"}
{"level":"info","message":"BEGIN: GET /api/plugins/client/@nocobase/plugin-ui-routes-storage/index.js","reqId":"2d1fc7a1-c995-4902-b586-fa27cf9665ef","timestamp":"2024-02-23T00:46:18.370Z"}
{"level":"info","message":"BEGIN: GET /api/plugins/client/@nocobase/plugin-file-manager/index.js","reqId":"c525a9d0-c5b8-42c3-9b7b-3f6cf3458038","timestamp":"2024-02-23T00:46:18.370Z"}
{"level":"info","message":"END: GET /api/plugins/client/@nocobase/plugin-error-handler/index.js","req":{},"reqId":"ce1d30ae-9d97-48a3-aec4-3a76f306c6b6","res":{"status":200},"responseTime":2,"timestamp":"2024-02-23T00:46:18.372Z"}
{"level":"info","message":"END: GET /api/plugins/client/@nocobase/plugin-ui-routes-storage/index.js","req":{},"reqId":"2d1fc7a1-c995-4902-b586-fa27cf9665ef","res":{"status":200},"responseTime":2,"timestamp":"2024-02-23T00:46:18.372Z"}
{"level":"info","message":"END: GET /api/plugins/client/@nocobase/plugin-file-manager/index.js","req":{},"reqId":"c525a9d0-c5b8-42c3-9b7b-3f6cf3458038","res":{"status":200},"responseTime":4,"timestamp":"2024-02-23T00:46:18.374Z"}
{"level":"info","message":"BEGIN: GET /api/plugins/client/@nocobase/plugin-system-settings/index.js","reqId":"86934dc4-eaa7-4d51-80a3-3f70589081e5","timestamp":"2024-02-23T00:46:18.521Z"}
{"level":"info","message":"END: GET /api/plugins/client/@nocobase/plugin-system-settings/index.js","req":{},"reqId":"86934dc4-eaa7-4d51-80a3-3f70589081e5","res":{"status":200},"responseTime":5,"timestamp":"2024-02-23T00:46:18.526Z"}
{"level":"info","message":"BEGIN: GET /api/plugins/client/@nocobase/plugin-sequence-field/index.js","reqId":"030fcf8f-9bd7-46bd-8967-dea89234076c","timestamp":"2024-02-23T00:46:18.529Z"}
{"level":"info","message":"END: GET /api/plugins/client/@nocobase/plugin-sequence-field/index.js","req":{},"reqId":"030fcf8f-9bd7-46bd-8967-dea89234076c","res":{"status":200},"responseTime":5,"timestamp":"2024-02-23T00:46:18.534Z"}
{"level":"info","message":"BEGIN: GET /api/plugins/client/@nocobase/plugin-verification/index.js","reqId":"960cf205-ace6-40a8-9e40-6b04de086228","timestamp":"2024-02-23T00:46:18.537Z"}
{"level":"info","message":"BEGIN: GET /api/plugins/client/@nocobase/plugin-acl/index.js","reqId":"6e3b92c6-aca5-4dc0-9350-2d054c13fbc8","timestamp":"2024-02-23T00:46:18.541Z"}
{"level":"info","message":"END: GET /api/plugins/client/@nocobase/plugin-verification/index.js","req":{},"reqId":"960cf205-ace6-40a8-9e40-6b04de086228","res":{"status":200},"responseTime":8,"timestamp":"2024-02-23T00:46:18.545Z"}
{"level":"info","message":"END: GET /api/plugins/client/@nocobase/plugin-acl/index.js","req":{},"reqId":"6e3b92c6-aca5-4dc0-9350-2d054c13fbc8","res":{"status":200},"responseTime":5,"timestamp":"2024-02-23T00:46:18.546Z"}
{"level":"info","message":"BEGIN: GET /api/plugins/client/@nocobase/plugin-china-region/index.js","reqId":"a390f85e-ea6e-4778-841b-d3389924a218","timestamp":"2024-02-23T00:46:18.661Z"}
{"level":"info","message":"END: GET /api/plugins/client/@nocobase/plugin-china-region/index.js","req":{},"reqId":"a390f85e-ea6e-4778-841b-d3389924a218","res":{"status":200},"responseTime":2,"timestamp":"2024-02-23T00:46:18.663Z"}
{"level":"info","message":"BEGIN: GET /api/plugins/client/@nocobase/plugin-workflow/index.js","reqId":"ceffdb1b-2366-4d15-901e-e28fac24de3a","timestamp":"2024-02-23T00:46:18.679Z"}
{"level":"info","message":"END: GET /api/plugins/client/@nocobase/plugin-workflow/index.js","req":{},"reqId":"ceffdb1b-2366-4d15-901e-e28fac24de3a","res":{"status":200},"responseTime":2,"timestamp":"2024-02-23T00:46:18.681Z"}
{"level":"info","message":"BEGIN: GET /api/plugins/client/@nocobase/plugin-client/index.js","reqId":"e60438aa-20f6-4d5a-94e9-37a1ba723597","timestamp":"2024-02-23T00:46:18.695Z"}
{"level":"info","message":"BEGIN: GET /api/plugins/client/@nocobase/plugin-export/index.js","reqId":"164a1216-847d-4811-b2d2-4b53cf89210d","timestamp":"2024-02-23T00:46:18.697Z"}
{"level":"info","message":"END: GET /api/plugins/client/@nocobase/plugin-client/index.js","req":{},"reqId":"e60438aa-20f6-4d5a-94e9-37a1ba723597","res":{"status":200},"responseTime":3,"timestamp":"2024-02-23T00:46:18.698Z"}
{"level":"info","message":"END: GET /api/plugins/client/@nocobase/plugin-export/index.js","req":{},"reqId":"164a1216-847d-4811-b2d2-4b53cf89210d","res":{"status":200},"responseTime":3,"timestamp":"2024-02-23T00:46:18.700Z"}
{"level":"info","message":"BEGIN: GET /api/plugins/client/@nocobase/plugin-import/index.js","reqId":"503e70cf-e7c6-46e2-a5c3-4be882cd7c9a","timestamp":"2024-02-23T00:46:18.705Z"}
{"level":"info","message":"BEGIN: GET /api/plugins/client/@nocobase/plugin-audit-logs/index.js","reqId":"a73ed5bb-fa26-4db5-9b80-89c18445e1e2","timestamp":"2024-02-23T00:46:18.706Z"}
{"level":"info","message":"END: GET /api/plugins/client/@nocobase/plugin-import/index.js","req":{},"reqId":"503e70cf-e7c6-46e2-a5c3-4be882cd7c9a","res":{"status":200},"responseTime":5,"timestamp":"2024-02-23T00:46:18.710Z"}
{"level":"info","message":"END: GET /api/plugins/client/@nocobase/plugin-audit-logs/index.js","req":{},"reqId":"a73ed5bb-fa26-4db5-9b80-89c18445e1e2","res":{"status":200},"responseTime":15,"timestamp":"2024-02-23T00:46:18.721Z"}
{"level":"info","message":"BEGIN: GET /api/plugins/client/@nocobase/plugin-duplicator/index.js","reqId":"6e28a19c-d420-4399-845b-13e1e7775dd0","timestamp":"2024-02-23T00:46:18.837Z"}
{"level":"info","message":"END: GET /api/plugins/client/@nocobase/plugin-duplicator/index.js","req":{},"reqId":"6e28a19c-d420-4399-845b-13e1e7775dd0","res":{"status":200},"responseTime":5,"timestamp":"2024-02-23T00:46:18.842Z"}
{"level":"info","message":"BEGIN: GET /api/plugins/client/@nocobase/plugin-iframe-block/index.js","reqId":"8a53f824-0535-41f1-9782-771114fbe2fc","timestamp":"2024-02-23T00:46:18.886Z"}
{"level":"info","message":"BEGIN: GET /api/plugins/client/@nocobase/plugin-formula-field/index.js","reqId":"102b7e3f-ebd5-4b48-8f6d-f7bac05f4412","timestamp":"2024-02-23T00:46:18.887Z"}
{"level":"info","message":"END: GET /api/plugins/client/@nocobase/plugin-iframe-block/index.js","req":{},"reqId":"8a53f824-0535-41f1-9782-771114fbe2fc","res":{"status":200},"responseTime":15,"timestamp":"2024-02-23T00:46:18.901Z"}
{"level":"info","message":"END: GET /api/plugins/client/@nocobase/plugin-formula-field/index.js","req":{},"reqId":"102b7e3f-ebd5-4b48-8f6d-f7bac05f4412","res":{"status":200},"responseTime":17,"timestamp":"2024-02-23T00:46:18.904Z"}
{"level":"info","message":"BEGIN: GET /api/plugins/client/@nocobase/plugin-charts/index.js","reqId":"1678d072-3b2c-4ac6-9814-86599e33f655","timestamp":"2024-02-23T00:46:18.921Z"}
{"level":"info","message":"END: GET /api/plugins/client/@nocobase/plugin-charts/index.js","req":{},"reqId":"1678d072-3b2c-4ac6-9814-86599e33f655","res":{"status":200},"responseTime":25,"timestamp":"2024-02-23T00:46:18.946Z"}
{"level":"info","message":"BEGIN: GET /api/plugins/client/@nocobase/plugin-data-visualization/index.js","reqId":"3e2b3cda-9eac-45e4-af74-d1419f70bff6","timestamp":"2024-02-23T00:46:19.062Z"}
{"level":"info","message":"END: GET /api/plugins/client/@nocobase/plugin-data-visualization/index.js","req":{},"reqId":"3e2b3cda-9eac-45e4-af74-d1419f70bff6","res":{"status":200},"responseTime":7,"timestamp":"2024-02-23T00:46:19.069Z"}
{"level":"info","message":"BEGIN: GET /api/plugins/client/@nocobase/plugin-sms-auth/index.js","reqId":"b27cffb2-6a13-4d12-8475-1514e889b2c0","timestamp":"2024-02-23T00:46:19.102Z"}
{"level":"info","message":"END: GET /api/plugins/client/@nocobase/plugin-sms-auth/index.js","req":{},"reqId":"b27cffb2-6a13-4d12-8475-1514e889b2c0","res":{"status":200},"responseTime":3,"timestamp":"2024-02-23T00:46:19.105Z"}
{"level":"info","message":"BEGIN: GET /api/plugins/client/@nocobase/plugin-auth/index.js","reqId":"84e69d7d-5aa8-485a-8b6a-1d61411282df","timestamp":"2024-02-23T00:46:19.112Z"}
{"level":"info","message":"END: GET /api/plugins/client/@nocobase/plugin-auth/index.js","req":{},"reqId":"84e69d7d-5aa8-485a-8b6a-1d61411282df","res":{"status":200},"responseTime":2,"timestamp":"2024-02-23T00:46:19.114Z"}
{"level":"info","message":"BEGIN: GET /api/plugins/client/@nocobase/plugin-multi-app-manager/index.js","reqId":"cf28fc0e-2ea4-45eb-aad8-27f31cd6d0ff","timestamp":"2024-02-23T00:46:19.186Z"}
{"level":"info","message":"END: GET /api/plugins/client/@nocobase/plugin-multi-app-manager/index.js","req":{},"reqId":"cf28fc0e-2ea4-45eb-aad8-27f31cd6d0ff","res":{"status":200},"responseTime":2,"timestamp":"2024-02-23T00:46:19.188Z"}
{"level":"info","message":"BEGIN: GET /api/plugins/client/@nocobase/plugin-map/index.js","reqId":"98ce2663-afcd-4ab3-b35d-bc4e5afec7d0","timestamp":"2024-02-23T00:46:19.221Z"}
{"level":"info","message":"END: GET /api/plugins/client/@nocobase/plugin-map/index.js","req":{},"reqId":"98ce2663-afcd-4ab3-b35d-bc4e5afec7d0","res":{"status":200},"responseTime":3,"timestamp":"2024-02-23T00:46:19.224Z"}
{"level":"info","message":"BEGIN: GET /api/plugins/client/@nocobase/plugin-snapshot-field/index.js","reqId":"bb531cf2-309e-4bbd-92c3-56b648af9203","timestamp":"2024-02-23T00:46:19.258Z"}
{"level":"info","message":"END: GET /api/plugins/client/@nocobase/plugin-snapshot-field/index.js","req":{},"reqId":"bb531cf2-309e-4bbd-92c3-56b648af9203","res":{"status":200},"responseTime":15,"timestamp":"2024-02-23T00:46:19.273Z"}
{"level":"info","message":"BEGIN: GET /api/plugins/client/@nocobase/plugin-graph-collection-manager/index.js","reqId":"478f39d3-b8ce-4c13-a06e-201e06b9e540","timestamp":"2024-02-23T00:46:19.291Z"}
{"level":"info","message":"BEGIN: GET /api/plugins/client/@nocobase/plugin-mobile-client/index.js","reqId":"1671b324-6e0b-463b-8c38-ab87eb8b9ab4","timestamp":"2024-02-23T00:46:19.297Z"}
{"level":"info","message":"END: GET /api/plugins/client/@nocobase/plugin-mobile-client/index.js","req":{},"reqId":"1671b324-6e0b-463b-8c38-ab87eb8b9ab4","res":{"status":200},"responseTime":25,"timestamp":"2024-02-23T00:46:19.322Z"}
{"level":"info","message":"END: GET /api/plugins/client/@nocobase/plugin-graph-collection-manager/index.js","req":{},"reqId":"478f39d3-b8ce-4c13-a06e-201e06b9e540","res":{"status":200},"responseTime":33,"timestamp":"2024-02-23T00:46:19.324Z"}
{"level":"info","message":"BEGIN: GET /api/plugins/client/@nocobase/plugin-api-keys/index.js","reqId":"abb37870-7f6e-41fa-9204-2ee72c6b5730","timestamp":"2024-02-23T00:46:19.352Z"}
{"level":"info","message":"END: GET /api/plugins/client/@nocobase/plugin-api-keys/index.js","req":{},"reqId":"abb37870-7f6e-41fa-9204-2ee72c6b5730","res":{"status":200},"responseTime":9,"timestamp":"2024-02-23T00:46:19.361Z"}
{"level":"info","message":"BEGIN: GET /api/plugins/client/@nocobase/plugin-theme-editor/index.js","reqId":"e5dbfd7e-2c6a-4844-89e2-d96036c5f8e7","timestamp":"2024-02-23T00:46:19.437Z"}
{"level":"info","message":"END: GET /api/plugins/client/@nocobase/plugin-theme-editor/index.js","req":{},"reqId":"e5dbfd7e-2c6a-4844-89e2-d96036c5f8e7","res":{"status":200},"responseTime":2,"timestamp":"2024-02-23T00:46:19.439Z"}
{"level":"info","message":"BEGIN: GET /api/auth:check","reqId":"b3255e3e-e4fb-440d-a264-694f07682dcd","timestamp":"2024-02-23T00:46:24.673Z"}
{"can":null,"level":"info","message":"ctx permission","reqId":"b3255e3e-e4fb-440d-a264-694f07682dcd","skip":true,"timestamp":"2024-02-23T00:46:24.689Z"}
{"level":"info","message":"acl params","reqId":"b3255e3e-e4fb-440d-a264-694f07682dcd","timestamp":"2024-02-23T00:46:24.690Z"}
{"level":"info","message":"acl parsedParams","reqId":"b3255e3e-e4fb-440d-a264-694f07682dcd","timestamp":"2024-02-23T00:46:24.690Z"}
{"level":"info","message":"END: GET /api/auth:check","req":{"action":{"actionName":"check","params":{"actionName":"check","resourceName":"auth"},"resourceName":"auth"},"header":{"x-hostname":"cmreport.dsti.gov.sl","x-timezone":"-00:00"}},"reqId":"b3255e3e-e4fb-440d-a264-694f07682dcd","res":{"status":200},"responseTime":17,"timestamp":"2024-02-23T00:46:24.690Z"}
{"level":"info","message":"BEGIN: GET /api/uiSchemaTemplates:list?appends%5B%5D=collection&paginate=false","reqId":"b7977c00-5f02-40ec-a650-852c30232fb0","timestamp":"2024-02-23T00:46:24.935Z"}
{"can":null,"level":"info","message":"ctx permission","reqId":"b7977c00-5f02-40ec-a650-852c30232fb0","timestamp":"2024-02-23T00:46:24.938Z"}
{"level":"error","message":"No permissions","reqId":"b7977c00-5f02-40ec-a650-852c30232fb0","stack":"ForbiddenError: No permissions\n    at Object.throw (/root/my-nocobase-app/node_modules/koa/lib/context.js:97:11)\n    at /root/my-nocobase-app/node_modules/@nocobase/acl/lib/acl.js:358:20\n    at Generator.next (<anonymous>)\n    at asyncGeneratorStep (/root/my-nocobase-app/node_modules/@nocobase/acl/lib/acl.js:42:103)\n    at _next (/root/my-nocobase-app/node_modules/@nocobase/acl/lib/acl.js:43:194)\n    at /root/my-nocobase-app/node_modules/@nocobase/acl/lib/acl.js:43:364\n    at new Promise (<anonymous>)\n    at /root/my-nocobase-app/node_modules/@nocobase/acl/lib/acl.js:43:97\n    at /root/my-nocobase-app/node_modules/@nocobase/acl/lib/acl.js:386:22\n    at dispatch (/root/my-nocobase-app/node_modules/koa-compose/index.js:42:32)","timestamp":"2024-02-23T00:46:24.938Z"}
{"errors":[{"message":"No permissions"}],"level":"warn","message":"END: GET /api/uiSchemaTemplates:list?appends%5B%5D=collection&paginate=false","req":{"action":{"actionName":"list","params":{"actionName":"list","appends":["collection"],"paginate":"false","resourceName":"uiSchemaTemplates"},"resourceName":"uiSchemaTemplates"},"header":{"x-hostname":"cmreport.dsti.gov.sl","x-timezone":"-00:00"}},"reqId":"b7977c00-5f02-40ec-a650-852c30232fb0","res":{"status":403},"responseTime":4,"timestamp":"2024-02-23T00:46:24.939Z"}
{"level":"info","message":"BEGIN: GET /api/systemSettings:get/1?appends=logo","reqId":"cae0398f-2543-46df-a3f5-ff0562bffeb3","timestamp":"2024-02-23T00:46:25.165Z"}
{"can":null,"level":"info","message":"ctx permission","reqId":"cae0398f-2543-46df-a3f5-ff0562bffeb3","skip":true,"timestamp":"2024-02-23T00:46:25.177Z"}
{"level":"info","message":"acl params","reqId":"cae0398f-2543-46df-a3f5-ff0562bffeb3","timestamp":"2024-02-23T00:46:25.178Z"}
{"level":"info","message":"acl parsedParams","reqId":"cae0398f-2543-46df-a3f5-ff0562bffeb3","timestamp":"2024-02-23T00:46:25.178Z"}
{"level":"info","message":"END: GET /api/systemSettings:get/1?appends=logo","req":{"action":{"actionName":"get","params":{"actionName":"get","appends":["logo"],"filterByTk":"1","resourceIndex":"1","resourceName":"systemSettings"},"resourceName":"systemSettings"},"header":{"x-hostname":"cmreport.dsti.gov.sl","x-timezone":"-00:00"}},"reqId":"cae0398f-2543-46df-a3f5-ff0562bffeb3","res":{"status":200},"responseTime":36,"timestamp":"2024-02-23T00:46:25.202Z"}
{"level":"info","message":"BEGIN: GET /api/app:getInfo","reqId":"66648c80-489b-4fab-8273-b35723eb82c6","timestamp":"2024-02-23T00:46:25.469Z"}
{"can":null,"level":"info","message":"ctx permission","reqId":"66648c80-489b-4fab-8273-b35723eb82c6","skip":true,"timestamp":"2024-02-23T00:46:25.471Z"}
{"level":"info","message":"acl params","reqId":"66648c80-489b-4fab-8273-b35723eb82c6","timestamp":"2024-02-23T00:46:25.472Z"}
{"level":"info","message":"acl parsedParams","reqId":"66648c80-489b-4fab-8273-b35723eb82c6","timestamp":"2024-02-23T00:46:25.472Z"}
{"level":"info","message":"END: GET /api/app:getInfo","req":{"action":{"actionName":"getInfo","params":{"actionName":"getInfo","resourceName":"app"},"resourceName":"app"},"header":{"x-hostname":"cmreport.dsti.gov.sl","x-timezone":"-00:00"}},"reqId":"66648c80-489b-4fab-8273-b35723eb82c6","res":{"status":200},"responseTime":17,"timestamp":"2024-02-23T00:46:25.486Z"}
{"level":"info","message":"BEGIN: GET /api/themeConfig:list?sort=id&paginate=false","reqId":"b5ac2670-77db-4176-8f15-1d3dc3678980","timestamp":"2024-02-23T00:46:25.714Z"}
{"can":null,"level":"info","message":"ctx permission","reqId":"b5ac2670-77db-4176-8f15-1d3dc3678980","timestamp":"2024-02-23T00:46:25.729Z"}
{"level":"error","message":"No permissions","reqId":"b5ac2670-77db-4176-8f15-1d3dc3678980","stack":"ForbiddenError: No permissions\n    at Object.throw (/root/my-nocobase-app/node_modules/koa/lib/context.js:97:11)\n    at /root/my-nocobase-app/node_modules/@nocobase/acl/lib/acl.js:358:20\n    at Generator.next (<anonymous>)\n    at asyncGeneratorStep (/root/my-nocobase-app/node_modules/@nocobase/acl/lib/acl.js:42:103)\n    at _next (/root/my-nocobase-app/node_modules/@nocobase/acl/lib/acl.js:43:194)\n    at /root/my-nocobase-app/node_modules/@nocobase/acl/lib/acl.js:43:364\n    at new Promise (<anonymous>)\n    at /root/my-nocobase-app/node_modules/@nocobase/acl/lib/acl.js:43:97\n    at /root/my-nocobase-app/node_modules/@nocobase/acl/lib/acl.js:386:22\n    at dispatch (/root/my-nocobase-app/node_modules/koa-compose/index.js:42:32)","timestamp":"2024-02-23T00:46:25.730Z"}
{"errors":[{"message":"No permissions"}],"level":"warn","message":"END: GET /api/themeConfig:list?sort=id&paginate=false","req":{"action":{"actionName":"list","params":{"actionName":"list","paginate":"false","resourceName":"themeConfig","sort":["id"]},"resourceName":"themeConfig"},"header":{"x-hostname":"cmreport.dsti.gov.sl","x-timezone":"-00:00"}},"reqId":"b5ac2670-77db-4176-8f15-1d3dc3678980","res":{"status":403},"responseTime":16,"timestamp":"2024-02-23T00:46:25.730Z"}
{"level":"info","message":"BEGIN: GET /api/app:getInfo","reqId":"74866a56-2ef5-4f60-9f46-c43230fe7413","timestamp":"2024-02-23T00:46:25.924Z"}
{"can":null,"level":"info","message":"ctx permission","reqId":"74866a56-2ef5-4f60-9f46-c43230fe7413","skip":true,"timestamp":"2024-02-23T00:46:25.933Z"}
{"level":"info","message":"acl params","reqId":"74866a56-2ef5-4f60-9f46-c43230fe7413","timestamp":"2024-02-23T00:46:25.934Z"}
{"level":"info","message":"acl parsedParams","reqId":"74866a56-2ef5-4f60-9f46-c43230fe7413","timestamp":"2024-02-23T00:46:25.934Z"}
{"level":"info","message":"END: GET /api/app:getInfo","req":{"action":{"actionName":"getInfo","params":{"actionName":"getInfo","resourceName":"app"},"resourceName":"app"},"header":{"x-hostname":"cmreport.dsti.gov.sl","x-timezone":"-00:00"}},"reqId":"74866a56-2ef5-4f60-9f46-c43230fe7413","res":{"status":200},"responseTime":12,"timestamp":"2024-02-23T00:46:25.936Z"}
{"level":"info","message":"BEGIN: POST /api/authenticators:publicList","reqId":"e91f44ea-76e4-4176-a47b-551368759782","timestamp":"2024-02-23T00:46:26.111Z"}
{"can":null,"level":"info","message":"ctx permission","reqId":"e91f44ea-76e4-4176-a47b-551368759782","skip":true,"timestamp":"2024-02-23T00:46:26.118Z"}
{"level":"info","message":"acl params","reqId":"e91f44ea-76e4-4176-a47b-551368759782","timestamp":"2024-02-23T00:46:26.118Z"}
{"level":"info","message":"acl parsedParams","reqId":"e91f44ea-76e4-4176-a47b-551368759782","timestamp":"2024-02-23T00:46:26.118Z"}
{"level":"info","message":"END: POST /api/authenticators:publicList","req":{"action":{"actionName":"publicList","params":{"actionName":"publicList","resourceName":"authenticators"},"resourceName":"authenticators"},"header":{"x-hostname":"cmreport.dsti.gov.sl","x-timezone":"-00:00"}},"reqId":"e91f44ea-76e4-4176-a47b-551368759782","res":{"status":200},"responseTime":19,"timestamp":"2024-02-23T00:46:26.130Z"}
