{"level":"info","message":"BEGIN: POST /api/auth:signIn","reqId":"27535816-fd1e-4b81-8b3e-60b0d0126b5b","timestamp":"2024-02-19T17:50:06.193Z"}
{"expiredAt":"2024-01-23T12:39:31.000Z","level":"error","message":"jwt expired","name":"TokenExpiredError","reqId":"27535816-fd1e-4b81-8b3e-60b0d0126b5b","stack":"TokenExpiredError: jwt expired\n    at /root/my-nocobase-app/node_modules/jsonwebtoken/verify.js:152:21\n    at getSecret (/root/my-nocobase-app/node_modules/jsonwebtoken/verify.js:90:14)\n    at Object.module.exports [as verify] (/root/my-nocobase-app/node_modules/jsonwebtoken/verify.js:94:10)\n    at /root/my-nocobase-app/node_modules/@nocobase/auth/lib/base/jwt-service.js:53:31\n    at new Promise (<anonymous>)\n    at JwtService.decode (/root/my-nocobase-app/node_modules/@nocobase/auth/lib/base/jwt-service.js:52:12)\n    at /root/my-nocobase-app/node_modules/@nocobase/auth/lib/base/auth.js:41:55\n    at Generator.next (<anonymous>)\n    at asyncGeneratorStep (/root/my-nocobase-app/node_modules/@nocobase/auth/lib/base/auth.js:8:103)\n    at _next (/root/my-nocobase-app/node_modules/@nocobase/auth/lib/base/auth.js:9:194)","timestamp":"2024-02-19T17:50:06.212Z"}
{"can":null,"level":"info","message":"ctx permission","reqId":"27535816-fd1e-4b81-8b3e-60b0d0126b5b","skip":true,"timestamp":"2024-02-19T17:50:06.217Z"}
{"level":"info","message":"acl params","reqId":"27535816-fd1e-4b81-8b3e-60b0d0126b5b","timestamp":"2024-02-19T17:50:06.217Z"}
{"level":"info","message":"acl parsedParams","reqId":"27535816-fd1e-4b81-8b3e-60b0d0126b5b","timestamp":"2024-02-19T17:50:06.218Z"}
{"level":"info","message":"END: POST /api/auth:signIn","req":{"action":{"actionName":"signIn","params":{"actionName":"signIn","resourceName":"auth","values":{"email":"klmusa01@gmail.com","password":"Kumba@2023"}},"resourceName":"auth"},"header":{"x-hostname":"cmreport.dsti.gov.sl","x-locale":"en-US","x-role":"ictAdmin","x-timezone":"-00:00"}},"reqId":"27535816-fd1e-4b81-8b3e-60b0d0126b5b","res":{"status":200},"responseTime":136,"timestamp":"2024-02-19T17:50:06.329Z"}
{"level":"info","message":"BEGIN: GET /api/auth:check","reqId":"d32d41c8-4484-4790-b05f-446d72386aed","timestamp":"2024-02-19T17:50:06.503Z"}
{"can":null,"level":"info","message":"ctx permission","reqId":"d32d41c8-4484-4790-b05f-446d72386aed","skip":true,"timestamp":"2024-02-19T17:50:06.546Z"}
{"level":"info","message":"acl params","reqId":"d32d41c8-4484-4790-b05f-446d72386aed","timestamp":"2024-02-19T17:50:06.547Z"}
{"level":"info","message":"acl parsedParams","reqId":"d32d41c8-4484-4790-b05f-446d72386aed","timestamp":"2024-02-19T17:50:06.547Z"}
{"level":"info","message":"END: GET /api/auth:check","req":{"action":{"actionName":"check","params":{"actionName":"check","resourceName":"auth"},"resourceName":"auth"},"header":{"x-hostname":"cmreport.dsti.gov.sl","x-locale":"en-US","x-role":"ictAdmin","x-timezone":"-00:00"}},"reqId":"d32d41c8-4484-4790-b05f-446d72386aed","res":{"status":200},"responseTime":45,"timestamp":"2024-02-19T17:50:06.548Z"}
{"level":"info","message":"BEGIN: GET /api/uiSchemaTemplates:list?appends%5B%5D=collection&paginate=false","reqId":"56b090fb-2e42-40f7-92a8-2bb1e631a126","timestamp":"2024-02-19T17:50:06.753Z"}
{"can":null,"level":"info","message":"ctx permission","reqId":"56b090fb-2e42-40f7-92a8-2bb1e631a126","skip":true,"timestamp":"2024-02-19T17:50:06.790Z"}
{"level":"info","message":"acl params","reqId":"56b090fb-2e42-40f7-92a8-2bb1e631a126","timestamp":"2024-02-19T17:50:06.791Z"}
{"level":"info","message":"acl parsedParams","reqId":"56b090fb-2e42-40f7-92a8-2bb1e631a126","timestamp":"2024-02-19T17:50:06.791Z"}
{"level":"info","message":"END: GET /api/uiSchemaTemplates:list?appends%5B%5D=collection&paginate=false","req":{"action":{"actionName":"list","params":{"actionName":"list","appends":["collection"],"paginate":"false","resourceName":"uiSchemaTemplates"},"resourceName":"uiSchemaTemplates"},"header":{"x-hostname":"cmreport.dsti.gov.sl","x-locale":"en-US","x-role":"ictAdmin","x-timezone":"-00:00"}},"reqId":"56b090fb-2e42-40f7-92a8-2bb1e631a126","res":{"status":200},"responseTime":124,"timestamp":"2024-02-19T17:50:06.877Z"}
{"level":"info","message":"BEGIN: GET /api/systemSettings:get/1?appends=logo","reqId":"8c8d38dd-2377-4f95-bdef-bf7c98fe383c","timestamp":"2024-02-19T17:50:07.058Z"}
{"can":{"action":"get","resource":"systemSettings","role":"ictAdmin"},"level":"info","message":"ctx permission","reqId":"8c8d38dd-2377-4f95-bdef-bf7c98fe383c","skip":true,"timestamp":"2024-02-19T17:50:07.091Z"}
{"level":"info","message":"acl params","reqId":"8c8d38dd-2377-4f95-bdef-bf7c98fe383c","timestamp":"2024-02-19T17:50:07.092Z"}
{"level":"info","message":"acl parsedParams","reqId":"8c8d38dd-2377-4f95-bdef-bf7c98fe383c","timestamp":"2024-02-19T17:50:07.092Z"}
{"level":"info","message":"END: GET /api/systemSettings:get/1?appends=logo","req":{"action":{"actionName":"get","params":{"actionName":"get","appends":["logo"],"filterByTk":"1","resourceIndex":"1","resourceName":"systemSettings"},"resourceName":"systemSettings"},"header":{"x-hostname":"cmreport.dsti.gov.sl","x-locale":"en-US","x-role":"ictAdmin","x-timezone":"-00:00"}},"reqId":"8c8d38dd-2377-4f95-bdef-bf7c98fe383c","res":{"status":200},"responseTime":62,"timestamp":"2024-02-19T17:50:07.120Z"}
{"level":"info","message":"BEGIN: GET /api/app:getInfo","reqId":"09378682-ee5a-4e6a-8ce2-4b0a1cb0611b","timestamp":"2024-02-19T17:50:07.331Z"}
{"can":null,"level":"info","message":"ctx permission","reqId":"09378682-ee5a-4e6a-8ce2-4b0a1cb0611b","skip":true,"timestamp":"2024-02-19T17:50:07.350Z"}
{"level":"info","message":"acl params","reqId":"09378682-ee5a-4e6a-8ce2-4b0a1cb0611b","timestamp":"2024-02-19T17:50:07.351Z"}
{"level":"info","message":"acl parsedParams","reqId":"09378682-ee5a-4e6a-8ce2-4b0a1cb0611b","timestamp":"2024-02-19T17:50:07.352Z"}
{"level":"info","message":"END: GET /api/app:getInfo","req":{"action":{"actionName":"getInfo","params":{"actionName":"getInfo","resourceName":"app"},"resourceName":"app"},"header":{"x-hostname":"cmreport.dsti.gov.sl","x-locale":"en-US","x-role":"ictAdmin","x-timezone":"-00:00"}},"reqId":"09378682-ee5a-4e6a-8ce2-4b0a1cb0611b","res":{"status":200},"responseTime":28,"timestamp":"2024-02-19T17:50:07.359Z"}
{"level":"info","message":"BEGIN: POST /api/chartsQueries:listMetadata?paginate=false&sort%5B%5D=-id","reqId":"0342d64e-4a59-4b24-80a8-b0da5257bbb7","timestamp":"2024-02-19T17:50:07.530Z"}
{"can":null,"level":"info","message":"ctx permission","reqId":"0342d64e-4a59-4b24-80a8-b0da5257bbb7","skip":true,"timestamp":"2024-02-19T17:50:07.554Z"}
{"level":"info","message":"acl params","reqId":"0342d64e-4a59-4b24-80a8-b0da5257bbb7","timestamp":"2024-02-19T17:50:07.554Z"}
{"level":"info","message":"acl parsedParams","reqId":"0342d64e-4a59-4b24-80a8-b0da5257bbb7","timestamp":"2024-02-19T17:50:07.555Z"}
{"level":"info","message":"END: POST /api/chartsQueries:listMetadata?paginate=false&sort%5B%5D=-id","req":{"action":{"actionName":"listMetadata","params":{"actionName":"listMetadata","paginate":"false","resourceName":"chartsQueries","sort":["-id"]},"resourceName":"chartsQueries"},"header":{"x-hostname":"cmreport.dsti.gov.sl","x-locale":"en-US","x-role":"ictAdmin","x-timezone":"-00:00"}},"reqId":"0342d64e-4a59-4b24-80a8-b0da5257bbb7","res":{"status":200},"responseTime":31,"timestamp":"2024-02-19T17:50:07.561Z"}
{"level":"info","message":"BEGIN: GET /api/app:getInfo","reqId":"d863ed25-708b-4be7-b0e9-3432f36a026e","timestamp":"2024-02-19T17:50:07.733Z"}
{"can":null,"level":"info","message":"ctx permission","reqId":"d863ed25-708b-4be7-b0e9-3432f36a026e","skip":true,"timestamp":"2024-02-19T17:50:07.774Z"}
{"level":"info","message":"acl params","reqId":"d863ed25-708b-4be7-b0e9-3432f36a026e","timestamp":"2024-02-19T17:50:07.775Z"}
{"level":"info","message":"acl parsedParams","reqId":"d863ed25-708b-4be7-b0e9-3432f36a026e","timestamp":"2024-02-19T17:50:07.775Z"}
{"level":"info","message":"END: GET /api/app:getInfo","req":{"action":{"actionName":"getInfo","params":{"actionName":"getInfo","resourceName":"app"},"resourceName":"app"},"header":{"x-hostname":"cmreport.dsti.gov.sl","x-locale":"en-US","x-role":"ictAdmin","x-timezone":"-00:00"}},"reqId":"d863ed25-708b-4be7-b0e9-3432f36a026e","res":{"status":200},"responseTime":68,"timestamp":"2024-02-19T17:50:07.801Z"}
{"level":"info","message":"BEGIN: GET /api/themeConfig:list?sort=id&paginate=false","reqId":"960af344-a890-45c6-843d-a6cda4c809ea","timestamp":"2024-02-19T17:50:07.993Z"}
{"level":"info","message":"BEGIN: GET /api/app:getInfo","reqId":"bc865b5d-704c-477e-b818-e0cec2bd8e54","timestamp":"2024-02-19T17:50:07.998Z"}
{"can":{"action":"list","resource":"themeConfig","role":"ictAdmin"},"level":"info","message":"ctx permission","reqId":"960af344-a890-45c6-843d-a6cda4c809ea","timestamp":"2024-02-19T17:50:08.030Z"}
{"level":"info","message":"acl params","reqId":"960af344-a890-45c6-843d-a6cda4c809ea","timestamp":"2024-02-19T17:50:08.030Z"}
{"level":"info","message":"acl parsedParams","reqId":"960af344-a890-45c6-843d-a6cda4c809ea","timestamp":"2024-02-19T17:50:08.030Z"}
{"can":null,"level":"info","message":"ctx permission","reqId":"bc865b5d-704c-477e-b818-e0cec2bd8e54","skip":true,"timestamp":"2024-02-19T17:50:08.080Z"}
{"level":"info","message":"acl params","reqId":"bc865b5d-704c-477e-b818-e0cec2bd8e54","timestamp":"2024-02-19T17:50:08.080Z"}
{"level":"info","message":"acl parsedParams","reqId":"bc865b5d-704c-477e-b818-e0cec2bd8e54","timestamp":"2024-02-19T17:50:08.080Z"}
{"level":"info","message":"END: GET /api/app:getInfo","req":{"action":{"actionName":"getInfo","params":{"actionName":"getInfo","resourceName":"app"},"resourceName":"app"},"header":{"x-hostname":"cmreport.dsti.gov.sl","x-locale":"en-US","x-role":"ictAdmin","x-timezone":"-00:00"}},"reqId":"bc865b5d-704c-477e-b818-e0cec2bd8e54","res":{"status":200},"responseTime":92,"timestamp":"2024-02-19T17:50:08.090Z"}
{"level":"info","message":"END: GET /api/themeConfig:list?sort=id&paginate=false","req":{"action":{"actionName":"list","params":{"actionName":"list","paginate":"false","resourceName":"themeConfig","sort":["id"]},"resourceName":"themeConfig"},"header":{"x-hostname":"cmreport.dsti.gov.sl","x-locale":"en-US","x-role":"ictAdmin","x-timezone":"-00:00"}},"reqId":"960af344-a890-45c6-843d-a6cda4c809ea","res":{"status":200},"responseTime":98,"timestamp":"2024-02-19T17:50:08.091Z"}
{"level":"info","message":"BEGIN: GET /api/collectionsHistory:list?paginate=false&appends%5B%5D=fields&sort%5B%5D=sort&filter=%7B%7D","reqId":"b13d1102-abec-4fb7-9f25-e1ef8860ea68","timestamp":"2024-02-19T17:50:08.243Z"}
{"can":{"action":"list","resource":"collectionsHistory","role":"ictAdmin"},"level":"info","message":"ctx permission","reqId":"b13d1102-abec-4fb7-9f25-e1ef8860ea68","skip":true,"timestamp":"2024-02-19T17:50:08.264Z"}
{"level":"info","message":"acl params","reqId":"b13d1102-abec-4fb7-9f25-e1ef8860ea68","timestamp":"2024-02-19T17:50:08.272Z"}
{"level":"info","message":"acl parsedParams","reqId":"b13d1102-abec-4fb7-9f25-e1ef8860ea68","timestamp":"2024-02-19T17:50:08.272Z"}
{"level":"info","message":"END: GET /api/collectionsHistory:list?paginate=false&appends%5B%5D=fields&sort%5B%5D=sort&filter=%7B%7D","req":{"action":{"actionName":"list","params":{"actionName":"list","appends":["fields"],"filter":{},"paginate":"false","resourceName":"collectionsHistory","sort":["sort"]},"resourceName":"collectionsHistory"},"header":{"x-hostname":"cmreport.dsti.gov.sl","x-locale":"en-US","x-role":"ictAdmin","x-timezone":"-00:00"}},"reqId":"b13d1102-abec-4fb7-9f25-e1ef8860ea68","res":{"status":200},"responseTime":287,"timestamp":"2024-02-19T17:50:08.530Z"}
{"level":"info","message":"BEGIN: GET /api/themeConfig:list?sort=id&paginate=false","reqId":"a140ab7a-bed6-413c-b01b-9ee9b3281283","timestamp":"2024-02-19T17:50:09.142Z"}
{"level":"info","message":"BEGIN: GET /api/app:getInfo","reqId":"01b5e239-0354-4da5-871e-02b732f37e1b","timestamp":"2024-02-19T17:50:09.158Z"}
{"can":{"action":"list","resource":"themeConfig","role":"ictAdmin"},"level":"info","message":"ctx permission","reqId":"a140ab7a-bed6-413c-b01b-9ee9b3281283","timestamp":"2024-02-19T17:50:09.195Z"}
{"level":"info","message":"acl params","reqId":"a140ab7a-bed6-413c-b01b-9ee9b3281283","timestamp":"2024-02-19T17:50:09.195Z"}
{"level":"info","message":"acl parsedParams","reqId":"a140ab7a-bed6-413c-b01b-9ee9b3281283","timestamp":"2024-02-19T17:50:09.195Z"}
{"can":null,"level":"info","message":"ctx permission","reqId":"01b5e239-0354-4da5-871e-02b732f37e1b","skip":true,"timestamp":"2024-02-19T17:50:09.212Z"}
{"level":"info","message":"acl params","reqId":"01b5e239-0354-4da5-871e-02b732f37e1b","timestamp":"2024-02-19T17:50:09.213Z"}
{"level":"info","message":"acl parsedParams","reqId":"01b5e239-0354-4da5-871e-02b732f37e1b","timestamp":"2024-02-19T17:50:09.213Z"}
{"level":"info","message":"END: GET /api/themeConfig:list?sort=id&paginate=false","req":{"action":{"actionName":"list","params":{"actionName":"list","paginate":"false","resourceName":"themeConfig","sort":["id"]},"resourceName":"themeConfig"},"header":{"x-hostname":"cmreport.dsti.gov.sl","x-locale":"en-US","x-role":"ictAdmin","x-timezone":"-00:00"}},"reqId":"a140ab7a-bed6-413c-b01b-9ee9b3281283","res":{"status":200},"responseTime":81,"timestamp":"2024-02-19T17:50:09.223Z"}
{"level":"info","message":"END: GET /api/app:getInfo","req":{"action":{"actionName":"getInfo","params":{"actionName":"getInfo","resourceName":"app"},"resourceName":"app"},"header":{"x-hostname":"cmreport.dsti.gov.sl","x-locale":"en-US","x-role":"ictAdmin","x-timezone":"-00:00"}},"reqId":"01b5e239-0354-4da5-871e-02b732f37e1b","res":{"status":200},"responseTime":66,"timestamp":"2024-02-19T17:50:09.224Z"}
{"level":"info","message":"BEGIN: GET /api/app:getInfo","reqId":"add9f9f7-68dc-40ad-99a5-012d20aba7bf","timestamp":"2024-02-19T17:50:09.390Z"}
{"can":null,"level":"info","message":"ctx permission","reqId":"add9f9f7-68dc-40ad-99a5-012d20aba7bf","skip":true,"timestamp":"2024-02-19T17:50:09.416Z"}
{"level":"info","message":"acl params","reqId":"add9f9f7-68dc-40ad-99a5-012d20aba7bf","timestamp":"2024-02-19T17:50:09.416Z"}
{"level":"info","message":"acl parsedParams","reqId":"add9f9f7-68dc-40ad-99a5-012d20aba7bf","timestamp":"2024-02-19T17:50:09.416Z"}
{"level":"info","message":"END: GET /api/app:getInfo","req":{"action":{"actionName":"getInfo","params":{"actionName":"getInfo","resourceName":"app"},"resourceName":"app"},"header":{"x-hostname":"cmreport.dsti.gov.sl","x-locale":"en-US","x-role":"ictAdmin","x-timezone":"-00:00"}},"reqId":"add9f9f7-68dc-40ad-99a5-012d20aba7bf","res":{"status":200},"responseTime":28,"timestamp":"2024-02-19T17:50:09.418Z"}
{"level":"info","message":"BEGIN: GET /api/uiSchemaTemplates:list?appends%5B%5D=collection&paginate=false","reqId":"812607d0-9b2f-48ea-bee0-77da1fe67774","timestamp":"2024-02-19T17:50:09.586Z"}
{"can":null,"level":"info","message":"ctx permission","reqId":"812607d0-9b2f-48ea-bee0-77da1fe67774","skip":true,"timestamp":"2024-02-19T17:50:09.603Z"}
{"level":"info","message":"acl params","reqId":"812607d0-9b2f-48ea-bee0-77da1fe67774","timestamp":"2024-02-19T17:50:09.603Z"}
{"level":"info","message":"acl parsedParams","reqId":"812607d0-9b2f-48ea-bee0-77da1fe67774","timestamp":"2024-02-19T17:50:09.604Z"}
{"level":"info","message":"END: GET /api/uiSchemaTemplates:list?appends%5B%5D=collection&paginate=false","req":{"action":{"actionName":"list","params":{"actionName":"list","appends":["collection"],"paginate":"false","resourceName":"uiSchemaTemplates"},"resourceName":"uiSchemaTemplates"},"header":{"x-hostname":"cmreport.dsti.gov.sl","x-locale":"en-US","x-role":"ictAdmin","x-timezone":"-00:00"}},"reqId":"812607d0-9b2f-48ea-bee0-77da1fe67774","res":{"status":200},"responseTime":33,"timestamp":"2024-02-19T17:50:09.619Z"}
{"level":"info","message":"BEGIN: GET /api/collections:list?paginate=false&appends%5B%5D=fields&appends%5B%5D=category&sort%5B%5D=sort&filter=%7B%7D","reqId":"c7105153-0807-4e1c-a0e9-0bd1d7d4b9d6","timestamp":"2024-02-19T17:50:09.790Z"}
{"level":"info","message":"BEGIN: GET /api/collectionCategories:list?paginate=false&sort%5B%5D=sort","reqId":"d082f0ce-9efc-48a7-b21a-a7e242618fdb","timestamp":"2024-02-19T17:50:09.816Z"}
{"can":null,"level":"info","message":"ctx permission","reqId":"c7105153-0807-4e1c-a0e9-0bd1d7d4b9d6","skip":true,"timestamp":"2024-02-19T17:50:09.837Z"}
{"level":"info","message":"acl params","reqId":"c7105153-0807-4e1c-a0e9-0bd1d7d4b9d6","timestamp":"2024-02-19T17:50:09.849Z"}
{"level":"info","message":"acl parsedParams","reqId":"c7105153-0807-4e1c-a0e9-0bd1d7d4b9d6","timestamp":"2024-02-19T17:50:09.850Z"}
{"can":{"action":"list","resource":"collectionCategories","role":"ictAdmin"},"level":"info","message":"ctx permission","reqId":"d082f0ce-9efc-48a7-b21a-a7e242618fdb","skip":true,"timestamp":"2024-02-19T17:50:10.047Z"}
{"level":"info","message":"acl params","reqId":"d082f0ce-9efc-48a7-b21a-a7e242618fdb","timestamp":"2024-02-19T17:50:10.047Z"}
{"level":"info","message":"acl parsedParams","reqId":"d082f0ce-9efc-48a7-b21a-a7e242618fdb","timestamp":"2024-02-19T17:50:10.047Z"}
{"level":"info","message":"END: GET /api/collections:list?paginate=false&appends%5B%5D=fields&appends%5B%5D=category&sort%5B%5D=sort&filter=%7B%7D","req":{"action":{"actionName":"list","params":{"actionName":"list","appends":["fields","category"],"filter":{},"paginate":"false","resourceName":"collections","sort":["sort"]},"resourceName":"collections"},"header":{"x-hostname":"cmreport.dsti.gov.sl","x-locale":"en-US","x-role":"ictAdmin","x-timezone":"-00:00"}},"reqId":"c7105153-0807-4e1c-a0e9-0bd1d7d4b9d6","res":{"status":200},"responseTime":335,"timestamp":"2024-02-19T17:50:10.125Z"}
{"level":"info","message":"END: GET /api/collectionCategories:list?paginate=false&sort%5B%5D=sort","req":{"action":{"actionName":"list","params":{"actionName":"list","paginate":"false","resourceName":"collectionCategories","sort":["sort"]},"resourceName":"collectionCategories"},"header":{"x-hostname":"cmreport.dsti.gov.sl","x-locale":"en-US","x-role":"ictAdmin","x-timezone":"-00:00"}},"reqId":"d082f0ce-9efc-48a7-b21a-a7e242618fdb","res":{"status":200},"responseTime":471,"timestamp":"2024-02-19T17:50:10.288Z"}
{"level":"info","message":"BEGIN: GET /api/roles:check","reqId":"219234eb-0dce-4875-8efa-38e652191cfe","timestamp":"2024-02-19T17:50:10.611Z"}
{"can":null,"level":"info","message":"ctx permission","reqId":"219234eb-0dce-4875-8efa-38e652191cfe","skip":true,"timestamp":"2024-02-19T17:50:10.685Z"}
{"level":"info","message":"acl params","reqId":"219234eb-0dce-4875-8efa-38e652191cfe","timestamp":"2024-02-19T17:50:10.686Z"}
{"level":"info","message":"acl parsedParams","reqId":"219234eb-0dce-4875-8efa-38e652191cfe","timestamp":"2024-02-19T17:50:10.686Z"}
{"level":"info","message":"END: GET /api/roles:check","req":{"action":{"actionName":"check","params":{"actionName":"check","resourceName":"roles"},"resourceName":"roles"},"header":{"x-hostname":"cmreport.dsti.gov.sl","x-locale":"en-US","x-role":"ictAdmin","x-timezone":"-00:00"}},"reqId":"219234eb-0dce-4875-8efa-38e652191cfe","res":{"status":200},"responseTime":138,"timestamp":"2024-02-19T17:50:10.749Z"}
{"level":"info","message":"BEGIN: GET /api/uiSchemas:getProperties/wlos9836id4","reqId":"6826c51d-a87e-4998-9035-399ff42dae04","timestamp":"2024-02-19T17:50:10.948Z"}
{"level":"info","message":"BEGIN: GET /api/uiSchemas:getJsonSchema/kajnqv7hagl","reqId":"97f44aeb-0c55-4402-8de3-c687f991536a","timestamp":"2024-02-19T17:50:10.970Z"}
{"can":null,"level":"info","message":"ctx permission","reqId":"6826c51d-a87e-4998-9035-399ff42dae04","skip":true,"timestamp":"2024-02-19T17:50:10.993Z"}
{"level":"info","message":"acl params","reqId":"6826c51d-a87e-4998-9035-399ff42dae04","timestamp":"2024-02-19T17:50:10.994Z"}
{"level":"info","message":"acl parsedParams","reqId":"6826c51d-a87e-4998-9035-399ff42dae04","timestamp":"2024-02-19T17:50:10.994Z"}
{"level":"info","message":"END: GET /api/uiSchemas:getProperties/wlos9836id4","req":{"action":{"actionName":"getProperties","params":{"actionName":"getProperties","filterByTk":"wlos9836id4","resourceIndex":"wlos9836id4","resourceName":"uiSchemas"},"resourceName":"uiSchemas"},"header":{"x-hostname":"cmreport.dsti.gov.sl","x-locale":"en-US","x-role":"ictAdmin","x-timezone":"-00:00"}},"reqId":"6826c51d-a87e-4998-9035-399ff42dae04","res":{"status":200},"responseTime":77,"timestamp":"2024-02-19T17:50:11.026Z"}
{"can":null,"level":"info","message":"ctx permission","reqId":"97f44aeb-0c55-4402-8de3-c687f991536a","skip":true,"timestamp":"2024-02-19T17:50:11.040Z"}
{"level":"info","message":"acl params","reqId":"97f44aeb-0c55-4402-8de3-c687f991536a","timestamp":"2024-02-19T17:50:11.040Z"}
{"level":"info","message":"acl parsedParams","reqId":"97f44aeb-0c55-4402-8de3-c687f991536a","timestamp":"2024-02-19T17:50:11.040Z"}
{"level":"info","message":"END: GET /api/uiSchemas:getJsonSchema/kajnqv7hagl","req":{"action":{"actionName":"getJsonSchema","params":{"actionName":"getJsonSchema","filterByTk":"kajnqv7hagl","resourceIndex":"kajnqv7hagl","resourceName":"uiSchemas"},"resourceName":"uiSchemas"},"header":{"x-hostname":"cmreport.dsti.gov.sl","x-locale":"en-US","x-role":"ictAdmin","x-timezone":"-00:00"}},"reqId":"97f44aeb-0c55-4402-8de3-c687f991536a","res":{"status":200},"responseTime":574,"timestamp":"2024-02-19T17:50:11.544Z"}
{"level":"info","message":"BEGIN: POST /api/charts:query","reqId":"bf54cdb9-3618-476b-b804-2192691ca355","timestamp":"2024-02-19T17:50:11.556Z"}
{"level":"info","message":"BEGIN: POST /api/charts:query","reqId":"169809ba-81e1-474e-85cf-f64984d77b1c","timestamp":"2024-02-19T17:50:11.565Z"}
{"level":"info","message":"BEGIN: POST /api/charts:query","reqId":"a26983d0-9a40-49cb-8b30-db9900fcbae5","timestamp":"2024-02-19T17:50:11.590Z"}
{"can":null,"level":"info","message":"ctx permission","reqId":"bf54cdb9-3618-476b-b804-2192691ca355","skip":true,"timestamp":"2024-02-19T17:50:11.610Z"}
{"level":"info","message":"acl params","reqId":"bf54cdb9-3618-476b-b804-2192691ca355","timestamp":"2024-02-19T17:50:11.611Z"}
{"level":"info","message":"acl parsedParams","reqId":"bf54cdb9-3618-476b-b804-2192691ca355","timestamp":"2024-02-19T17:50:11.611Z"}
{"can":null,"level":"info","message":"ctx permission","reqId":"169809ba-81e1-474e-85cf-f64984d77b1c","skip":true,"timestamp":"2024-02-19T17:50:11.614Z"}
{"level":"info","message":"acl params","reqId":"169809ba-81e1-474e-85cf-f64984d77b1c","timestamp":"2024-02-19T17:50:11.617Z"}
{"level":"info","message":"acl parsedParams","reqId":"169809ba-81e1-474e-85cf-f64984d77b1c","timestamp":"2024-02-19T17:50:11.617Z"}
{"level":"info","message":"END: POST /api/charts:query","req":{"action":{"actionName":"query","params":{"actionName":"query","resourceName":"charts","values":{"collection":"devices","dimensions":[{"field":["ministry","name"]}],"filter":{"$and":[]},"measures":[{"aggregation":"count","alias":"type","field":["type"]}],"orders":[],"uid":"q34h7bp9vu7"}},"resourceName":"charts"},"header":{"x-hostname":"cmreport.dsti.gov.sl","x-locale":"en-US","x-role":"ictAdmin","x-timezone":"-00:00"}},"reqId":"bf54cdb9-3618-476b-b804-2192691ca355","res":{"status":200},"responseTime":87,"timestamp":"2024-02-19T17:50:11.643Z"}
{"level":"info","message":"BEGIN: POST /api/charts:query","reqId":"babb2963-a512-48b3-878d-54e78812b6fd","timestamp":"2024-02-19T17:50:11.644Z"}
{"level":"info","message":"BEGIN: POST /api/charts:query","reqId":"4607d388-3ae5-4ad7-8ddc-a42f2e73112d","timestamp":"2024-02-19T17:50:11.646Z"}
{"level":"info","message":"END: POST /api/charts:query","req":{"action":{"actionName":"query","params":{"actionName":"query","resourceName":"charts","values":{"collection":"devices","dimensions":[{"field":["ministry","name"]}],"filter":{"$and":[]},"measures":[{"aggregation":"count","alias":"Submissions","field":["type"]}],"orders":[],"uid":"98zetnq2jf9"}},"resourceName":"charts"},"header":{"x-hostname":"cmreport.dsti.gov.sl","x-locale":"en-US","x-role":"ictAdmin","x-timezone":"-00:00"}},"reqId":"169809ba-81e1-474e-85cf-f64984d77b1c","res":{"status":200},"responseTime":82,"timestamp":"2024-02-19T17:50:11.647Z"}
{"can":null,"level":"info","message":"ctx permission","reqId":"a26983d0-9a40-49cb-8b30-db9900fcbae5","skip":true,"timestamp":"2024-02-19T17:50:11.676Z"}
{"level":"info","message":"acl params","reqId":"a26983d0-9a40-49cb-8b30-db9900fcbae5","timestamp":"2024-02-19T17:50:11.685Z"}
{"level":"info","message":"acl parsedParams","reqId":"a26983d0-9a40-49cb-8b30-db9900fcbae5","timestamp":"2024-02-19T17:50:11.685Z"}
{"level":"info","message":"END: POST /api/charts:query","req":{"action":{"actionName":"query","params":{"actionName":"query","resourceName":"charts","values":{"collection":"solutions","dimensions":[{"field":["ministry","name"]}],"filter":{"$and":[]},"measures":[{"aggregation":"count","alias":"id","field":["id"]}],"orders":[],"uid":"mzrhndl6fom"}},"resourceName":"charts"},"header":{"x-hostname":"cmreport.dsti.gov.sl","x-locale":"en-US","x-role":"ictAdmin","x-timezone":"-00:00"}},"reqId":"a26983d0-9a40-49cb-8b30-db9900fcbae5","res":{"status":200},"responseTime":102,"timestamp":"2024-02-19T17:50:11.692Z"}
{"can":null,"level":"info","message":"ctx permission","reqId":"babb2963-a512-48b3-878d-54e78812b6fd","skip":true,"timestamp":"2024-02-19T17:50:11.701Z"}
{"level":"info","message":"acl params","reqId":"babb2963-a512-48b3-878d-54e78812b6fd","timestamp":"2024-02-19T17:50:11.702Z"}
{"level":"info","message":"acl parsedParams","reqId":"babb2963-a512-48b3-878d-54e78812b6fd","timestamp":"2024-02-19T17:50:11.704Z"}
{"can":null,"level":"info","message":"ctx permission","reqId":"4607d388-3ae5-4ad7-8ddc-a42f2e73112d","skip":true,"timestamp":"2024-02-19T17:50:11.706Z"}
{"level":"info","message":"acl params","reqId":"4607d388-3ae5-4ad7-8ddc-a42f2e73112d","timestamp":"2024-02-19T17:50:11.714Z"}
{"level":"info","message":"acl parsedParams","reqId":"4607d388-3ae5-4ad7-8ddc-a42f2e73112d","timestamp":"2024-02-19T17:50:11.714Z"}
{"level":"info","message":"END: POST /api/charts:query","req":{"action":{"actionName":"query","params":{"actionName":"query","resourceName":"charts","values":{"collection":"solutions","dimensions":[{"field":["ministry","name"]}],"filter":{"$and":[]},"measures":[{"aggregation":"count","alias":"No of Projects","field":["id"]}],"orders":[],"uid":"jv6r6zlt2oy"}},"resourceName":"charts"},"header":{"x-hostname":"cmreport.dsti.gov.sl","x-locale":"en-US","x-role":"ictAdmin","x-timezone":"-00:00"}},"reqId":"babb2963-a512-48b3-878d-54e78812b6fd","res":{"status":200},"responseTime":98,"timestamp":"2024-02-19T17:50:11.742Z"}
{"level":"info","message":"END: POST /api/charts:query","req":{"action":{"actionName":"query","params":{"actionName":"query","resourceName":"charts","values":{"collection":"priorityProject","dimensions":[{"field":["ministry","name"]}],"filter":{"$and":[]},"measures":[{"aggregation":"count","alias":"id","field":["id"]}],"orders":[],"uid":"jgqxgh2t0uz"}},"resourceName":"charts"},"header":{"x-hostname":"cmreport.dsti.gov.sl","x-locale":"en-US","x-role":"ictAdmin","x-timezone":"-00:00"}},"reqId":"4607d388-3ae5-4ad7-8ddc-a42f2e73112d","res":{"status":200},"responseTime":97,"timestamp":"2024-02-19T17:50:11.743Z"}
{"level":"info","message":"BEGIN: POST /api/charts:query","reqId":"12533b20-5342-4778-ae6e-5e9401282d99","timestamp":"2024-02-19T17:50:11.744Z"}
{"can":null,"level":"info","message":"ctx permission","reqId":"12533b20-5342-4778-ae6e-5e9401282d99","skip":true,"timestamp":"2024-02-19T17:50:11.760Z"}
{"level":"info","message":"acl params","reqId":"12533b20-5342-4778-ae6e-5e9401282d99","timestamp":"2024-02-19T17:50:11.760Z"}
{"level":"info","message":"acl parsedParams","reqId":"12533b20-5342-4778-ae6e-5e9401282d99","timestamp":"2024-02-19T17:50:11.769Z"}
{"level":"info","message":"END: POST /api/charts:query","req":{"action":{"actionName":"query","params":{"actionName":"query","resourceName":"charts","values":{"collection":"priorityProject","dimensions":[{"field":["ministry","name"]}],"filter":{"$and":[]},"measures":[{"aggregation":"count","alias":"Requests","field":["id"]}],"orders":[],"uid":"dnafb76tyga"}},"resourceName":"charts"},"header":{"x-hostname":"cmreport.dsti.gov.sl","x-locale":"en-US","x-role":"ictAdmin","x-timezone":"-00:00"}},"reqId":"12533b20-5342-4778-ae6e-5e9401282d99","res":{"status":200},"responseTime":27,"timestamp":"2024-02-19T17:50:11.771Z"}
{"level":"info","message":"BEGIN: POST /api/charts:query","reqId":"726a1f73-d2a5-4896-9de9-91d056a4d91e","timestamp":"2024-02-19T17:50:11.796Z"}
{"level":"info","message":"BEGIN: POST /api/charts:query","reqId":"65fa7878-c757-4568-9db3-79e352d78bf0","timestamp":"2024-02-19T17:50:11.812Z"}
{"can":null,"level":"info","message":"ctx permission","reqId":"726a1f73-d2a5-4896-9de9-91d056a4d91e","skip":true,"timestamp":"2024-02-19T17:50:11.851Z"}
{"level":"info","message":"acl params","reqId":"726a1f73-d2a5-4896-9de9-91d056a4d91e","timestamp":"2024-02-19T17:50:11.857Z"}
{"level":"info","message":"acl parsedParams","reqId":"726a1f73-d2a5-4896-9de9-91d056a4d91e","timestamp":"2024-02-19T17:50:11.858Z"}
{"level":"info","message":"END: POST /api/charts:query","req":{"action":{"actionName":"query","params":{"actionName":"query","resourceName":"charts","values":{"collection":"weeklyUpdates","dimensions":[{"field":["createdBy","nickname"]}],"filter":{"$and":[]},"measures":[{"aggregation":"count","alias":"No. of Ongoing","field":["weeklyCompleted","id"]}],"orders":[],"uid":"bt1efy7b87w"}},"resourceName":"charts"},"header":{"x-hostname":"cmreport.dsti.gov.sl","x-locale":"en-US","x-role":"ictAdmin","x-timezone":"-00:00"}},"reqId":"726a1f73-d2a5-4896-9de9-91d056a4d91e","res":{"status":200},"responseTime":87,"timestamp":"2024-02-19T17:50:11.883Z"}
{"level":"info","message":"BEGIN: POST /api/charts:query","reqId":"0675fad9-5123-4018-aa21-31963cf9719e","timestamp":"2024-02-19T17:50:11.885Z"}
{"can":null,"level":"info","message":"ctx permission","reqId":"65fa7878-c757-4568-9db3-79e352d78bf0","skip":true,"timestamp":"2024-02-19T17:50:11.896Z"}
{"level":"info","message":"acl params","reqId":"65fa7878-c757-4568-9db3-79e352d78bf0","timestamp":"2024-02-19T17:50:11.897Z"}
{"level":"info","message":"acl parsedParams","reqId":"65fa7878-c757-4568-9db3-79e352d78bf0","timestamp":"2024-02-19T17:50:11.897Z"}
{"level":"info","message":"END: POST /api/charts:query","req":{"action":{"actionName":"query","params":{"actionName":"query","resourceName":"charts","values":{"collection":"ongoingThisWeek","dimensions":[{"field":["createdBy","nickname"]}],"filter":{"$and":[]},"measures":[{"aggregation":"count","alias":"id","field":["id"]}],"orders":[],"uid":"z5hztpjckv0"}},"resourceName":"charts"},"header":{"x-hostname":"cmreport.dsti.gov.sl","x-locale":"en-US","x-role":"ictAdmin","x-timezone":"-00:00"}},"reqId":"65fa7878-c757-4568-9db3-79e352d78bf0","res":{"status":200},"responseTime":94,"timestamp":"2024-02-19T17:50:11.906Z"}
{"level":"info","message":"BEGIN: POST /api/charts:query","reqId":"4d219ea8-ae5d-4b8b-b0b1-d5a0e312ae62","timestamp":"2024-02-19T17:50:11.917Z"}
{"level":"info","message":"BEGIN: POST /api/charts:query","reqId":"83590f06-863d-4b87-ae87-2b58d1e9a879","timestamp":"2024-02-19T17:50:11.918Z"}
{"can":null,"level":"info","message":"ctx permission","reqId":"0675fad9-5123-4018-aa21-31963cf9719e","skip":true,"timestamp":"2024-02-19T17:50:11.936Z"}
{"level":"info","message":"acl params","reqId":"0675fad9-5123-4018-aa21-31963cf9719e","timestamp":"2024-02-19T17:50:11.936Z"}
{"level":"info","message":"acl parsedParams","reqId":"0675fad9-5123-4018-aa21-31963cf9719e","timestamp":"2024-02-19T17:50:11.937Z"}
{"level":"info","message":"BEGIN: POST /api/charts:query","reqId":"be587843-ad31-4f8d-92a9-2202a262dce9","timestamp":"2024-02-19T17:50:11.947Z"}
{"level":"info","message":"END: POST /api/charts:query","req":{"action":{"actionName":"query","params":{"actionName":"query","resourceName":"charts","values":{"collection":"issuesForChiefMinister","dimensions":[{"field":["createdBy","nickname"]}],"filter":{"$and":[]},"measures":[{"aggregation":"count","alias":"id","field":["id"]}],"orders":[],"uid":"3s6dcvyqdbz"}},"resourceName":"charts"},"header":{"x-hostname":"cmreport.dsti.gov.sl","x-locale":"en-US","x-role":"ictAdmin","x-timezone":"-00:00"}},"reqId":"0675fad9-5123-4018-aa21-31963cf9719e","res":{"status":200},"responseTime":69,"timestamp":"2024-02-19T17:50:11.954Z"}
{"can":null,"level":"info","message":"ctx permission","reqId":"83590f06-863d-4b87-ae87-2b58d1e9a879","skip":true,"timestamp":"2024-02-19T17:50:11.977Z"}
{"level":"info","message":"acl params","reqId":"83590f06-863d-4b87-ae87-2b58d1e9a879","timestamp":"2024-02-19T17:50:11.978Z"}
{"level":"info","message":"acl parsedParams","reqId":"83590f06-863d-4b87-ae87-2b58d1e9a879","timestamp":"2024-02-19T17:50:11.985Z"}
{"can":null,"level":"info","message":"ctx permission","reqId":"4d219ea8-ae5d-4b8b-b0b1-d5a0e312ae62","skip":true,"timestamp":"2024-02-19T17:50:11.990Z"}
{"level":"info","message":"acl params","reqId":"4d219ea8-ae5d-4b8b-b0b1-d5a0e312ae62","timestamp":"2024-02-19T17:50:12.001Z"}
{"level":"info","message":"acl parsedParams","reqId":"4d219ea8-ae5d-4b8b-b0b1-d5a0e312ae62","timestamp":"2024-02-19T17:50:12.001Z"}
{"level":"info","message":"END: POST /api/charts:query","req":{"action":{"actionName":"query","params":{"actionName":"query","resourceName":"charts","values":{"collection":"project","dimensions":[{"field":["funders","shortName"]},{"field":["currency"]}],"filter":{"$and":[]},"measures":[{"aggregation":"sum","alias":"amount","field":["amount"]},{"aggregation":"count","alias":"currency","field":["currency"]}],"orders":[],"uid":"hqonq4t2sl2"}},"resourceName":"charts"},"header":{"x-hostname":"cmreport.dsti.gov.sl","x-locale":"en-US","x-role":"ictAdmin","x-timezone":"-00:00"}},"reqId":"83590f06-863d-4b87-ae87-2b58d1e9a879","res":{"status":200},"responseTime":96,"timestamp":"2024-02-19T17:50:12.014Z"}
{"level":"info","message":"END: POST /api/charts:query","req":{"action":{"actionName":"query","params":{"actionName":"query","resourceName":"charts","values":{"collection":"weeklyUpdates","dimensions":[{"alias":"weekStartDate","field":["weekStartDate"],"format":"YYYY-MM-DD"},{"field":["createdBy","nickname"]}],"filter":{"$and":[]},"measures":[{"aggregation":"count","alias":"id","field":["id"]}],"orders":[],"uid":"o7u3ylqggde"}},"resourceName":"charts"},"header":{"x-hostname":"cmreport.dsti.gov.sl","x-locale":"en-US","x-role":"ictAdmin","x-timezone":"-00:00"}},"reqId":"4d219ea8-ae5d-4b8b-b0b1-d5a0e312ae62","res":{"status":200},"responseTime":99,"timestamp":"2024-02-19T17:50:12.016Z"}
{"can":null,"level":"info","message":"ctx permission","reqId":"be587843-ad31-4f8d-92a9-2202a262dce9","skip":true,"timestamp":"2024-02-19T17:50:12.022Z"}
{"level":"info","message":"acl params","reqId":"be587843-ad31-4f8d-92a9-2202a262dce9","timestamp":"2024-02-19T17:50:12.028Z"}
{"level":"info","message":"acl parsedParams","reqId":"be587843-ad31-4f8d-92a9-2202a262dce9","timestamp":"2024-02-19T17:50:12.029Z"}
{"level":"info","message":"END: POST /api/charts:query","req":{"action":{"actionName":"query","params":{"actionName":"query","resourceName":"charts","values":{"collection":"project","dimensions":[{"field":["ministry","name"]}],"filter":{"$and":[]},"measures":[{"aggregation":"count","alias":"id","field":["id"]}],"orders":[],"uid":"wquzd3cc5tk"}},"resourceName":"charts"},"header":{"x-hostname":"cmreport.dsti.gov.sl","x-locale":"en-US","x-role":"ictAdmin","x-timezone":"-00:00"}},"reqId":"be587843-ad31-4f8d-92a9-2202a262dce9","res":{"status":200},"responseTime":86,"timestamp":"2024-02-19T17:50:12.032Z"}
{"level":"info","message":"BEGIN: POST /api/charts:query","reqId":"a64be8cb-99ae-4992-a328-1ee0f6ab17d2","timestamp":"2024-02-19T17:50:12.039Z"}
{"can":null,"level":"info","message":"ctx permission","reqId":"a64be8cb-99ae-4992-a328-1ee0f6ab17d2","skip":true,"timestamp":"2024-02-19T17:50:12.055Z"}
{"level":"info","message":"acl params","reqId":"a64be8cb-99ae-4992-a328-1ee0f6ab17d2","timestamp":"2024-02-19T17:50:12.056Z"}
{"level":"info","message":"acl parsedParams","reqId":"a64be8cb-99ae-4992-a328-1ee0f6ab17d2","timestamp":"2024-02-19T17:50:12.056Z"}
{"level":"info","message":"END: POST /api/charts:query","req":{"action":{"actionName":"query","params":{"actionName":"query","resourceName":"charts","values":{"collection":"project","dimensions":[{"alias":"startDate","field":["startDate"],"format":"YYYY"},{"field":["ministry","name"]}],"filter":{"$and":[{}]},"measures":[{"aggregation":"count","alias":"id","field":["id"]}],"orders":[],"uid":"t65xdq2m426"}},"resourceName":"charts"},"header":{"x-hostname":"cmreport.dsti.gov.sl","x-locale":"en-US","x-role":"ictAdmin","x-timezone":"-00:00"}},"reqId":"a64be8cb-99ae-4992-a328-1ee0f6ab17d2","res":{"status":200},"responseTime":25,"timestamp":"2024-02-19T17:50:12.064Z"}
{"level":"info","message":"BEGIN: POST /api/charts:query","reqId":"291ac65d-1532-4e73-9727-dc225a10f328","timestamp":"2024-02-19T17:50:12.065Z"}
{"level":"info","message":"BEGIN: POST /api/charts:query","reqId":"c6bd7f8c-2fed-4910-a43d-f59a3512ca2d","timestamp":"2024-02-19T17:50:12.104Z"}
{"can":null,"level":"info","message":"ctx permission","reqId":"291ac65d-1532-4e73-9727-dc225a10f328","skip":true,"timestamp":"2024-02-19T17:50:12.130Z"}
{"level":"info","message":"acl params","reqId":"291ac65d-1532-4e73-9727-dc225a10f328","timestamp":"2024-02-19T17:50:12.131Z"}
{"level":"info","message":"acl parsedParams","reqId":"291ac65d-1532-4e73-9727-dc225a10f328","timestamp":"2024-02-19T17:50:12.131Z"}
{"level":"info","message":"END: POST /api/charts:query","req":{"action":{"actionName":"query","params":{"actionName":"query","resourceName":"charts","values":{"collection":"project","dimensions":[{"field":["status"]}],"filter":{"$and":[]},"measures":[{"aggregation":"count","alias":"id","field":["id"]}],"orders":[],"uid":"m8ho4di17i1"}},"resourceName":"charts"},"header":{"x-hostname":"cmreport.dsti.gov.sl","x-locale":"en-US","x-role":"ictAdmin","x-timezone":"-00:00"}},"reqId":"291ac65d-1532-4e73-9727-dc225a10f328","res":{"status":200},"responseTime":77,"timestamp":"2024-02-19T17:50:12.142Z"}
{"can":null,"level":"info","message":"ctx permission","reqId":"c6bd7f8c-2fed-4910-a43d-f59a3512ca2d","skip":true,"timestamp":"2024-02-19T17:50:12.158Z"}
{"level":"info","message":"acl params","reqId":"c6bd7f8c-2fed-4910-a43d-f59a3512ca2d","timestamp":"2024-02-19T17:50:12.158Z"}
{"level":"info","message":"acl parsedParams","reqId":"c6bd7f8c-2fed-4910-a43d-f59a3512ca2d","timestamp":"2024-02-19T17:50:12.159Z"}
{"level":"info","message":"END: POST /api/charts:query","req":{"action":{"actionName":"query","params":{"actionName":"query","resourceName":"charts","values":{"collection":"project","dimensions":[{"alias":"endDate","field":["endDate"],"format":"YYYY"},{"field":["ministry","name"]}],"filter":{"$and":[{"endDate":{"$dateBefore":"2023-08-29"}}]},"measures":[{"aggregation":"count","alias":"id","field":["id"]},{"aggregation":"count","alias":"ministry.name","field":["ministry","name"]}],"orders":[],"uid":"uh66haigvqe"}},"resourceName":"charts"},"header":{"x-hostname":"cmreport.dsti.gov.sl","x-locale":"en-US","x-role":"ictAdmin","x-timezone":"-00:00"}},"reqId":"c6bd7f8c-2fed-4910-a43d-f59a3512ca2d","res":{"status":200},"responseTime":69,"timestamp":"2024-02-19T17:50:12.173Z"}
{"level":"info","message":"BEGIN: POST /api/charts:query","reqId":"6c0e3a2c-4dd2-4c1c-81e0-bcf03a4e3216","timestamp":"2024-02-19T17:50:12.174Z"}
{"can":null,"level":"info","message":"ctx permission","reqId":"6c0e3a2c-4dd2-4c1c-81e0-bcf03a4e3216","skip":true,"timestamp":"2024-02-19T17:50:12.198Z"}
{"level":"info","message":"acl params","reqId":"6c0e3a2c-4dd2-4c1c-81e0-bcf03a4e3216","timestamp":"2024-02-19T17:50:12.199Z"}
{"level":"info","message":"acl parsedParams","reqId":"6c0e3a2c-4dd2-4c1c-81e0-bcf03a4e3216","timestamp":"2024-02-19T17:50:12.199Z"}
{"level":"info","message":"END: POST /api/charts:query","req":{"action":{"actionName":"query","params":{"actionName":"query","resourceName":"charts","values":{"collection":"project","dimensions":[{"field":["ministry","name"]}],"filter":{"$and":[{"status":{"$eq":"Supended"}}]},"measures":[{"aggregation":"count","alias":"id","field":["id"]},{"aggregation":"count","alias":"ministry.name","field":["ministry","name"]},{"aggregation":"count","alias":"status","field":["status"]}],"orders":[],"uid":"phrrupodu91"}},"resourceName":"charts"},"header":{"x-hostname":"cmreport.dsti.gov.sl","x-locale":"en-US","x-role":"ictAdmin","x-timezone":"-00:00"}},"reqId":"6c0e3a2c-4dd2-4c1c-81e0-bcf03a4e3216","res":{"status":200},"responseTime":34,"timestamp":"2024-02-19T17:50:12.208Z"}
{"level":"info","message":"BEGIN: GET /api/uiSchemas:getProperties/ic05qq3jmex","reqId":"521a3ded-3a8e-446d-97a6-ed5caa808036","timestamp":"2024-02-19T17:51:55.835Z"}
{"can":null,"level":"info","message":"ctx permission","reqId":"521a3ded-3a8e-446d-97a6-ed5caa808036","skip":true,"timestamp":"2024-02-19T17:51:55.876Z"}
{"level":"info","message":"acl params","reqId":"521a3ded-3a8e-446d-97a6-ed5caa808036","timestamp":"2024-02-19T17:51:55.877Z"}
{"level":"info","message":"acl parsedParams","reqId":"521a3ded-3a8e-446d-97a6-ed5caa808036","timestamp":"2024-02-19T17:51:55.877Z"}
{"level":"info","message":"END: GET /api/uiSchemas:getProperties/ic05qq3jmex","req":{"action":{"actionName":"getProperties","params":{"actionName":"getProperties","filterByTk":"ic05qq3jmex","resourceIndex":"ic05qq3jmex","resourceName":"uiSchemas"},"resourceName":"uiSchemas"},"header":{"x-hostname":"cmreport.dsti.gov.sl","x-locale":"en-US","x-role":"ictAdmin","x-timezone":"-00:00"}},"reqId":"521a3ded-3a8e-446d-97a6-ed5caa808036","res":{"status":200},"responseTime":91,"timestamp":"2024-02-19T17:51:55.926Z"}
{"level":"info","message":"BEGIN: GET /api/app:getLang?locale=en-US","reqId":"5f024401-6ab8-4af1-b877-9f7e8219bb9b","timestamp":"2024-02-19T17:52:15.606Z"}
{"can":null,"level":"info","message":"ctx permission","reqId":"5f024401-6ab8-4af1-b877-9f7e8219bb9b","skip":true,"timestamp":"2024-02-19T17:52:15.631Z"}
{"level":"info","message":"acl params","reqId":"5f024401-6ab8-4af1-b877-9f7e8219bb9b","timestamp":"2024-02-19T17:52:15.631Z"}
{"level":"info","message":"acl parsedParams","reqId":"5f024401-6ab8-4af1-b877-9f7e8219bb9b","timestamp":"2024-02-19T17:52:15.632Z"}
{"level":"info","message":"END: GET /api/app:getLang?locale=en-US","req":{"action":{"actionName":"getLang","params":{"actionName":"getLang","locale":"en-US","resourceName":"app"},"resourceName":"app"},"header":{"x-hostname":"cmreport.dsti.gov.sl","x-locale":"en-US","x-role":"ictAdmin","x-timezone":"-00:00"}},"reqId":"5f024401-6ab8-4af1-b877-9f7e8219bb9b","res":{"status":200},"responseTime":40,"timestamp":"2024-02-19T17:52:15.646Z"}
{"level":"info","message":"BEGIN: GET /api/app:getPlugins","reqId":"fcfc34d7-724f-4e5d-9cee-3bc43b255299","timestamp":"2024-02-19T17:52:15.815Z"}
{"can":null,"level":"info","message":"ctx permission","reqId":"fcfc34d7-724f-4e5d-9cee-3bc43b255299","skip":true,"timestamp":"2024-02-19T17:52:15.834Z"}
{"level":"info","message":"acl params","reqId":"fcfc34d7-724f-4e5d-9cee-3bc43b255299","timestamp":"2024-02-19T17:52:15.834Z"}
{"level":"info","message":"acl parsedParams","reqId":"fcfc34d7-724f-4e5d-9cee-3bc43b255299","timestamp":"2024-02-19T17:52:15.834Z"}
{"level":"info","message":"END: GET /api/app:getPlugins","req":{"action":{"actionName":"getPlugins","params":{"actionName":"getPlugins","resourceName":"app"},"resourceName":"app"},"header":{"x-hostname":"cmreport.dsti.gov.sl","x-locale":"en-US","x-role":"ictAdmin","x-timezone":"-00:00"}},"reqId":"fcfc34d7-724f-4e5d-9cee-3bc43b255299","res":{"status":200},"responseTime":43,"timestamp":"2024-02-19T17:52:15.858Z"}
{"level":"info","message":"BEGIN: GET /api/plugins/client/@nocobase/plugin-collection-manager/index.js","reqId":"bc94ef23-d127-47fe-b044-486f3a10fa1b","timestamp":"2024-02-19T17:52:16.024Z"}
{"level":"info","message":"END: GET /api/plugins/client/@nocobase/plugin-collection-manager/index.js","req":{},"reqId":"bc94ef23-d127-47fe-b044-486f3a10fa1b","res":{"status":304},"responseTime":6,"timestamp":"2024-02-19T17:52:16.030Z"}
{"level":"info","message":"BEGIN: GET /api/plugins/client/@nocobase/plugin-error-handler/index.js","reqId":"81dd82b1-0cb5-4e15-87ea-5ade6c0144d3","timestamp":"2024-02-19T17:52:16.033Z"}
{"level":"info","message":"END: GET /api/plugins/client/@nocobase/plugin-error-handler/index.js","req":{},"reqId":"81dd82b1-0cb5-4e15-87ea-5ade6c0144d3","res":{"status":304},"responseTime":4,"timestamp":"2024-02-19T17:52:16.037Z"}
{"level":"info","message":"BEGIN: GET /api/plugins/client/@nocobase/plugin-ui-schema-storage/index.js","reqId":"4b7f5c0c-f56d-455d-913e-adaaf5d6a29f","timestamp":"2024-02-19T17:52:16.178Z"}
{"level":"info","message":"END: GET /api/plugins/client/@nocobase/plugin-ui-schema-storage/index.js","req":{},"reqId":"4b7f5c0c-f56d-455d-913e-adaaf5d6a29f","res":{"status":304},"responseTime":7,"timestamp":"2024-02-19T17:52:16.185Z"}
{"level":"info","message":"BEGIN: GET /api/plugins/client/@nocobase/plugin-ui-routes-storage/index.js","reqId":"8c142cb1-da13-4402-8b95-b5accdd83d7c","timestamp":"2024-02-19T17:52:16.194Z"}
{"level":"info","message":"END: GET /api/plugins/client/@nocobase/plugin-ui-routes-storage/index.js","req":{},"reqId":"8c142cb1-da13-4402-8b95-b5accdd83d7c","res":{"status":304},"responseTime":2,"timestamp":"2024-02-19T17:52:16.196Z"}
{"level":"info","message":"BEGIN: GET /api/plugins/client/@nocobase/plugin-file-manager/index.js","reqId":"b9dde824-fcbd-4e3e-8b0c-738a0653ea9f","timestamp":"2024-02-19T17:52:16.316Z"}
{"level":"info","message":"BEGIN: GET /api/plugins/client/@nocobase/plugin-system-settings/index.js","reqId":"ec85a356-9825-4433-8907-df5508234224","timestamp":"2024-02-19T17:52:16.318Z"}
{"level":"info","message":"END: GET /api/plugins/client/@nocobase/plugin-system-settings/index.js","req":{},"reqId":"ec85a356-9825-4433-8907-df5508234224","res":{"status":304},"responseTime":1,"timestamp":"2024-02-19T17:52:16.319Z"}
{"level":"info","message":"END: GET /api/plugins/client/@nocobase/plugin-file-manager/index.js","req":{},"reqId":"b9dde824-fcbd-4e3e-8b0c-738a0653ea9f","res":{"status":304},"responseTime":4,"timestamp":"2024-02-19T17:52:16.320Z"}
{"level":"info","message":"BEGIN: GET /api/plugins/client/@nocobase/plugin-sequence-field/index.js","reqId":"b6048583-1803-477d-bd54-7726b8df291f","timestamp":"2024-02-19T17:52:16.351Z"}
{"level":"info","message":"BEGIN: GET /api/plugins/client/@nocobase/plugin-verification/index.js","reqId":"eaecaa49-e3b4-4764-9986-27c9bb8ed0f2","timestamp":"2024-02-19T17:52:16.352Z"}
{"level":"info","message":"END: GET /api/plugins/client/@nocobase/plugin-sequence-field/index.js","req":{},"reqId":"b6048583-1803-477d-bd54-7726b8df291f","res":{"status":304},"responseTime":2,"timestamp":"2024-02-19T17:52:16.353Z"}
{"level":"info","message":"END: GET /api/plugins/client/@nocobase/plugin-verification/index.js","req":{},"reqId":"eaecaa49-e3b4-4764-9986-27c9bb8ed0f2","res":{"status":304},"responseTime":2,"timestamp":"2024-02-19T17:52:16.354Z"}
{"level":"info","message":"BEGIN: GET /api/plugins/client/@nocobase/plugin-acl/index.js","reqId":"61faa9a6-5646-4485-a741-a2ddb9e38b57","timestamp":"2024-02-19T17:52:16.366Z"}
{"level":"info","message":"END: GET /api/plugins/client/@nocobase/plugin-acl/index.js","req":{},"reqId":"61faa9a6-5646-4485-a741-a2ddb9e38b57","res":{"status":304},"responseTime":2,"timestamp":"2024-02-19T17:52:16.368Z"}
{"level":"info","message":"BEGIN: GET /api/plugins/client/@nocobase/plugin-china-region/index.js","reqId":"f2ab7f1c-9764-4a58-b5f2-40f40300b010","timestamp":"2024-02-19T17:52:16.400Z"}
{"level":"info","message":"END: GET /api/plugins/client/@nocobase/plugin-china-region/index.js","req":{},"reqId":"f2ab7f1c-9764-4a58-b5f2-40f40300b010","res":{"status":304},"responseTime":6,"timestamp":"2024-02-19T17:52:16.406Z"}
{"level":"info","message":"BEGIN: GET /api/plugins/client/@nocobase/plugin-workflow/index.js","reqId":"c0ef63a1-af4a-45a6-9704-63882009449c","timestamp":"2024-02-19T17:52:16.469Z"}
{"level":"info","message":"BEGIN: GET /api/plugins/client/@nocobase/plugin-client/index.js","reqId":"8346fee0-25ec-4231-91a4-71dbde6bf42f","timestamp":"2024-02-19T17:52:16.470Z"}
{"level":"info","message":"END: GET /api/plugins/client/@nocobase/plugin-client/index.js","req":{},"reqId":"8346fee0-25ec-4231-91a4-71dbde6bf42f","res":{"status":304},"responseTime":7,"timestamp":"2024-02-19T17:52:16.477Z"}
{"level":"info","message":"END: GET /api/plugins/client/@nocobase/plugin-workflow/index.js","req":{},"reqId":"c0ef63a1-af4a-45a6-9704-63882009449c","res":{"status":304},"responseTime":9,"timestamp":"2024-02-19T17:52:16.478Z"}
{"level":"info","message":"BEGIN: GET /api/plugins/client/@nocobase/plugin-import/index.js","reqId":"83c55fa7-1e94-4240-8857-bb8e7673a52e","timestamp":"2024-02-19T17:52:16.522Z"}
{"level":"info","message":"BEGIN: GET /api/plugins/client/@nocobase/plugin-audit-logs/index.js","reqId":"0f7211dc-611c-46a6-8430-5fad409636a1","timestamp":"2024-02-19T17:52:16.526Z"}
{"level":"info","message":"END: GET /api/plugins/client/@nocobase/plugin-import/index.js","req":{},"reqId":"83c55fa7-1e94-4240-8857-bb8e7673a52e","res":{"status":304},"responseTime":5,"timestamp":"2024-02-19T17:52:16.527Z"}
{"level":"info","message":"END: GET /api/plugins/client/@nocobase/plugin-audit-logs/index.js","req":{},"reqId":"0f7211dc-611c-46a6-8430-5fad409636a1","res":{"status":304},"responseTime":3,"timestamp":"2024-02-19T17:52:16.528Z"}
{"level":"info","message":"BEGIN: GET /api/plugins/client/@nocobase/plugin-export/index.js","reqId":"7179ce1b-180d-4ae3-b6b0-8254d2610227","timestamp":"2024-02-19T17:52:16.533Z"}
{"level":"info","message":"END: GET /api/plugins/client/@nocobase/plugin-export/index.js","req":{},"reqId":"7179ce1b-180d-4ae3-b6b0-8254d2610227","res":{"status":304},"responseTime":8,"timestamp":"2024-02-19T17:52:16.541Z"}
{"level":"info","message":"BEGIN: GET /api/plugins/client/@nocobase/plugin-duplicator/index.js","reqId":"a469daf0-edf5-44e4-9236-8aafdc9ea5f5","timestamp":"2024-02-19T17:52:16.548Z"}
{"level":"info","message":"END: GET /api/plugins/client/@nocobase/plugin-duplicator/index.js","req":{},"reqId":"a469daf0-edf5-44e4-9236-8aafdc9ea5f5","res":{"status":304},"responseTime":5,"timestamp":"2024-02-19T17:52:16.553Z"}
{"level":"info","message":"BEGIN: GET /api/plugins/client/@nocobase/plugin-iframe-block/index.js","reqId":"5a6ea733-30e3-4d43-b613-10c1b9d69931","timestamp":"2024-02-19T17:52:16.636Z"}
{"level":"info","message":"BEGIN: GET /api/plugins/client/@nocobase/plugin-formula-field/index.js","reqId":"e057fb84-c0df-46c0-85e5-bf6e1478cd40","timestamp":"2024-02-19T17:52:16.641Z"}
{"level":"info","message":"END: GET /api/plugins/client/@nocobase/plugin-iframe-block/index.js","req":{},"reqId":"5a6ea733-30e3-4d43-b613-10c1b9d69931","res":{"status":304},"responseTime":6,"timestamp":"2024-02-19T17:52:16.642Z"}
{"level":"info","message":"END: GET /api/plugins/client/@nocobase/plugin-formula-field/index.js","req":{},"reqId":"e057fb84-c0df-46c0-85e5-bf6e1478cd40","res":{"status":304},"responseTime":1,"timestamp":"2024-02-19T17:52:16.642Z"}
{"level":"info","message":"BEGIN: GET /api/plugins/client/@nocobase/plugin-data-visualization/index.js","reqId":"f8dc4949-d20a-40b9-9a72-3c48a2f21c2e","timestamp":"2024-02-19T17:52:16.681Z"}
{"level":"info","message":"BEGIN: GET /api/plugins/client/@nocobase/plugin-charts/index.js","reqId":"37f49ba4-d779-49ac-bb17-85b1930ada93","timestamp":"2024-02-19T17:52:16.681Z"}
{"level":"info","message":"END: GET /api/plugins/client/@nocobase/plugin-charts/index.js","req":{},"reqId":"37f49ba4-d779-49ac-bb17-85b1930ada93","res":{"status":304},"responseTime":2,"timestamp":"2024-02-19T17:52:16.683Z"}
{"level":"info","message":"END: GET /api/plugins/client/@nocobase/plugin-data-visualization/index.js","req":{},"reqId":"f8dc4949-d20a-40b9-9a72-3c48a2f21c2e","res":{"status":200},"responseTime":8,"timestamp":"2024-02-19T17:52:16.689Z"}
{"level":"info","message":"BEGIN: GET /api/plugins/client/@nocobase/plugin-auth/index.js","reqId":"cc89fb61-7853-4cc7-b877-23c083dd0e33","timestamp":"2024-02-19T17:52:16.718Z"}
{"level":"info","message":"END: GET /api/plugins/client/@nocobase/plugin-auth/index.js","req":{},"reqId":"cc89fb61-7853-4cc7-b877-23c083dd0e33","res":{"status":304},"responseTime":4,"timestamp":"2024-02-19T17:52:16.721Z"}
{"level":"info","message":"BEGIN: GET /api/plugins/client/@nocobase/plugin-sms-auth/index.js","reqId":"5f39e060-d33b-4646-8bea-d33d5c312e79","timestamp":"2024-02-19T17:52:16.727Z"}
{"level":"info","message":"END: GET /api/plugins/client/@nocobase/plugin-sms-auth/index.js","req":{},"reqId":"5f39e060-d33b-4646-8bea-d33d5c312e79","res":{"status":304},"responseTime":6,"timestamp":"2024-02-19T17:52:16.733Z"}
{"level":"info","message":"BEGIN: GET /api/plugins/client/@nocobase/plugin-multi-app-manager/index.js","reqId":"18fac131-0fe7-42bc-a3a6-141a01eb6b9a","timestamp":"2024-02-19T17:52:16.801Z"}
{"level":"info","message":"BEGIN: GET /api/plugins/client/@nocobase/plugin-map/index.js","reqId":"339b7883-93fe-40a0-a795-8deef5ce8fb1","timestamp":"2024-02-19T17:52:16.802Z"}
{"level":"info","message":"END: GET /api/plugins/client/@nocobase/plugin-map/index.js","req":{},"reqId":"339b7883-93fe-40a0-a795-8deef5ce8fb1","res":{"status":304},"responseTime":3,"timestamp":"2024-02-19T17:52:16.805Z"}
{"level":"info","message":"END: GET /api/plugins/client/@nocobase/plugin-multi-app-manager/index.js","req":{},"reqId":"18fac131-0fe7-42bc-a3a6-141a01eb6b9a","res":{"status":304},"responseTime":5,"timestamp":"2024-02-19T17:52:16.806Z"}
{"level":"info","message":"BEGIN: GET /api/plugins/client/@nocobase/plugin-snapshot-field/index.js","reqId":"f9e83b50-11e8-4ce6-affe-461129adec8b","timestamp":"2024-02-19T17:52:16.850Z"}
{"level":"info","message":"END: GET /api/plugins/client/@nocobase/plugin-snapshot-field/index.js","req":{},"reqId":"f9e83b50-11e8-4ce6-affe-461129adec8b","res":{"status":304},"responseTime":2,"timestamp":"2024-02-19T17:52:16.852Z"}
{"level":"info","message":"BEGIN: GET /api/plugins/client/@nocobase/plugin-mobile-client/index.js","reqId":"c7f7bc54-d907-482f-b0bd-8cd179fc34c8","timestamp":"2024-02-19T17:52:16.873Z"}
{"level":"info","message":"END: GET /api/plugins/client/@nocobase/plugin-mobile-client/index.js","req":{},"reqId":"c7f7bc54-d907-482f-b0bd-8cd179fc34c8","res":{"status":304},"responseTime":1,"timestamp":"2024-02-19T17:52:16.874Z"}
{"level":"info","message":"BEGIN: GET /api/plugins/client/@nocobase/plugin-graph-collection-manager/index.js","reqId":"017911d5-f9dc-4d92-b168-f8df4dd1c717","timestamp":"2024-02-19T17:52:16.883Z"}
{"level":"info","message":"END: GET /api/plugins/client/@nocobase/plugin-graph-collection-manager/index.js","req":{},"reqId":"017911d5-f9dc-4d92-b168-f8df4dd1c717","res":{"status":200},"responseTime":9,"timestamp":"2024-02-19T17:52:16.892Z"}
{"level":"info","message":"BEGIN: GET /api/plugins/client/@nocobase/plugin-api-keys/index.js","reqId":"55fc02cb-dc34-42f7-8fd7-edcfa1eef241","timestamp":"2024-02-19T17:52:16.961Z"}
{"level":"info","message":"BEGIN: GET /api/plugins/client/@nocobase/plugin-theme-editor/index.js","reqId":"75a63366-90a4-4428-afc2-4097ce7dc8f6","timestamp":"2024-02-19T17:52:16.961Z"}
{"level":"info","message":"END: GET /api/plugins/client/@nocobase/plugin-theme-editor/index.js","req":{},"reqId":"75a63366-90a4-4428-afc2-4097ce7dc8f6","res":{"status":304},"responseTime":2,"timestamp":"2024-02-19T17:52:16.963Z"}
{"level":"info","message":"END: GET /api/plugins/client/@nocobase/plugin-api-keys/index.js","req":{},"reqId":"55fc02cb-dc34-42f7-8fd7-edcfa1eef241","res":{"status":304},"responseTime":2,"timestamp":"2024-02-19T17:52:16.963Z"}
{"level":"info","message":"BEGIN: GET /api/auth:check","reqId":"57cab3a9-22cf-4281-bb77-27d6249c3e36","timestamp":"2024-02-19T17:52:18.704Z"}
{"can":null,"level":"info","message":"ctx permission","reqId":"57cab3a9-22cf-4281-bb77-27d6249c3e36","skip":true,"timestamp":"2024-02-19T17:52:18.711Z"}
{"level":"info","message":"acl params","reqId":"57cab3a9-22cf-4281-bb77-27d6249c3e36","timestamp":"2024-02-19T17:52:18.715Z"}
{"level":"info","message":"acl parsedParams","reqId":"57cab3a9-22cf-4281-bb77-27d6249c3e36","timestamp":"2024-02-19T17:52:18.716Z"}
{"level":"info","message":"END: GET /api/auth:check","req":{"action":{"actionName":"check","params":{"actionName":"check","resourceName":"auth"},"resourceName":"auth"},"header":{"x-hostname":"cmreport.dsti.gov.sl","x-locale":"en-US","x-role":"ictAdmin","x-timezone":"-00:00"}},"reqId":"57cab3a9-22cf-4281-bb77-27d6249c3e36","res":{"status":200},"responseTime":12,"timestamp":"2024-02-19T17:52:18.716Z"}
{"level":"info","message":"BEGIN: GET /api/uiSchemaTemplates:list?appends%5B%5D=collection&paginate=false","reqId":"49869431-a5d7-4ea0-8c97-338cd8c4f425","timestamp":"2024-02-19T17:52:18.909Z"}
{"can":null,"level":"info","message":"ctx permission","reqId":"49869431-a5d7-4ea0-8c97-338cd8c4f425","skip":true,"timestamp":"2024-02-19T17:52:18.935Z"}
{"level":"info","message":"acl params","reqId":"49869431-a5d7-4ea0-8c97-338cd8c4f425","timestamp":"2024-02-19T17:52:18.936Z"}
{"level":"info","message":"acl parsedParams","reqId":"49869431-a5d7-4ea0-8c97-338cd8c4f425","timestamp":"2024-02-19T17:52:18.936Z"}
{"level":"info","message":"END: GET /api/uiSchemaTemplates:list?appends%5B%5D=collection&paginate=false","req":{"action":{"actionName":"list","params":{"actionName":"list","appends":["collection"],"paginate":"false","resourceName":"uiSchemaTemplates"},"resourceName":"uiSchemaTemplates"},"header":{"x-hostname":"cmreport.dsti.gov.sl","x-locale":"en-US","x-role":"ictAdmin","x-timezone":"-00:00"}},"reqId":"49869431-a5d7-4ea0-8c97-338cd8c4f425","res":{"status":200},"responseTime":43,"timestamp":"2024-02-19T17:52:18.952Z"}
{"level":"info","message":"BEGIN: GET /api/systemSettings:get/1?appends=logo","reqId":"d6a8371c-cd9c-4ef1-88cb-6cb38fe70af5","timestamp":"2024-02-19T17:52:19.124Z"}
{"can":{"action":"get","resource":"systemSettings","role":"ictAdmin"},"level":"info","message":"ctx permission","reqId":"d6a8371c-cd9c-4ef1-88cb-6cb38fe70af5","skip":true,"timestamp":"2024-02-19T17:52:19.139Z"}
{"level":"info","message":"acl params","reqId":"d6a8371c-cd9c-4ef1-88cb-6cb38fe70af5","timestamp":"2024-02-19T17:52:19.140Z"}
{"level":"info","message":"acl parsedParams","reqId":"d6a8371c-cd9c-4ef1-88cb-6cb38fe70af5","timestamp":"2024-02-19T17:52:19.144Z"}
{"level":"info","message":"END: GET /api/systemSettings:get/1?appends=logo","req":{"action":{"actionName":"get","params":{"actionName":"get","appends":["logo"],"filterByTk":"1","resourceIndex":"1","resourceName":"systemSettings"},"resourceName":"systemSettings"},"header":{"x-hostname":"cmreport.dsti.gov.sl","x-locale":"en-US","x-role":"ictAdmin","x-timezone":"-00:00"}},"reqId":"d6a8371c-cd9c-4ef1-88cb-6cb38fe70af5","res":{"status":200},"responseTime":42,"timestamp":"2024-02-19T17:52:19.166Z"}
{"level":"info","message":"BEGIN: GET /api/app:getInfo","reqId":"1b16d723-ac54-48cc-a707-b08dc986a04a","timestamp":"2024-02-19T17:52:19.366Z"}
{"can":null,"level":"info","message":"ctx permission","reqId":"1b16d723-ac54-48cc-a707-b08dc986a04a","skip":true,"timestamp":"2024-02-19T17:52:19.406Z"}
{"level":"info","message":"acl params","reqId":"1b16d723-ac54-48cc-a707-b08dc986a04a","timestamp":"2024-02-19T17:52:19.407Z"}
{"level":"info","message":"acl parsedParams","reqId":"1b16d723-ac54-48cc-a707-b08dc986a04a","timestamp":"2024-02-19T17:52:19.407Z"}
{"level":"info","message":"END: GET /api/app:getInfo","req":{"action":{"actionName":"getInfo","params":{"actionName":"getInfo","resourceName":"app"},"resourceName":"app"},"header":{"x-hostname":"cmreport.dsti.gov.sl","x-locale":"en-US","x-role":"ictAdmin","x-timezone":"-00:00"}},"reqId":"1b16d723-ac54-48cc-a707-b08dc986a04a","res":{"status":200},"responseTime":75,"timestamp":"2024-02-19T17:52:19.442Z"}
{"level":"info","message":"BEGIN: GET /api/themeConfig:list?sort=id&paginate=false","reqId":"8b0c542b-9df9-485c-8753-6aeebae9bcb0","timestamp":"2024-02-19T17:52:19.652Z"}
{"level":"info","message":"BEGIN: POST /api/chartsQueries:listMetadata?paginate=false&sort%5B%5D=-id","reqId":"f647fb03-54a2-492a-a15e-d65ea6219ec6","timestamp":"2024-02-19T17:52:19.654Z"}
{"level":"info","message":"BEGIN: GET /api/collectionsHistory:list?paginate=false&appends%5B%5D=fields&sort%5B%5D=sort&filter=%7B%7D","reqId":"b6946d6a-01a2-4d37-b93e-e1708de5fa58","timestamp":"2024-02-19T17:52:19.656Z"}
{"can":{"action":"list","resource":"collectionsHistory","role":"ictAdmin"},"level":"info","message":"ctx permission","reqId":"b6946d6a-01a2-4d37-b93e-e1708de5fa58","skip":true,"timestamp":"2024-02-19T17:52:19.766Z"}
{"level":"info","message":"acl params","reqId":"b6946d6a-01a2-4d37-b93e-e1708de5fa58","timestamp":"2024-02-19T17:52:19.766Z"}
{"level":"info","message":"acl parsedParams","reqId":"b6946d6a-01a2-4d37-b93e-e1708de5fa58","timestamp":"2024-02-19T17:52:19.766Z"}
{"can":{"action":"list","resource":"themeConfig","role":"ictAdmin"},"level":"info","message":"ctx permission","reqId":"8b0c542b-9df9-485c-8753-6aeebae9bcb0","timestamp":"2024-02-19T17:52:19.768Z"}
{"level":"info","message":"acl params","reqId":"8b0c542b-9df9-485c-8753-6aeebae9bcb0","timestamp":"2024-02-19T17:52:19.768Z"}
{"level":"info","message":"acl parsedParams","reqId":"8b0c542b-9df9-485c-8753-6aeebae9bcb0","timestamp":"2024-02-19T17:52:19.768Z"}
{"can":null,"level":"info","message":"ctx permission","reqId":"f647fb03-54a2-492a-a15e-d65ea6219ec6","skip":true,"timestamp":"2024-02-19T17:52:19.772Z"}
{"level":"info","message":"acl params","reqId":"f647fb03-54a2-492a-a15e-d65ea6219ec6","timestamp":"2024-02-19T17:52:19.773Z"}
{"level":"info","message":"acl parsedParams","reqId":"f647fb03-54a2-492a-a15e-d65ea6219ec6","timestamp":"2024-02-19T17:52:19.773Z"}
{"level":"info","message":"END: POST /api/chartsQueries:listMetadata?paginate=false&sort%5B%5D=-id","req":{"action":{"actionName":"listMetadata","params":{"actionName":"listMetadata","paginate":"false","resourceName":"chartsQueries","sort":["-id"]},"resourceName":"chartsQueries"},"header":{"x-hostname":"cmreport.dsti.gov.sl","x-locale":"en-US","x-role":"ictAdmin","x-timezone":"-00:00"}},"reqId":"f647fb03-54a2-492a-a15e-d65ea6219ec6","res":{"status":200},"responseTime":143,"timestamp":"2024-02-19T17:52:19.797Z"}
{"level":"info","message":"END: GET /api/themeConfig:list?sort=id&paginate=false","req":{"action":{"actionName":"list","params":{"actionName":"list","paginate":"false","resourceName":"themeConfig","sort":["id"]},"resourceName":"themeConfig"},"header":{"x-hostname":"cmreport.dsti.gov.sl","x-locale":"en-US","x-role":"ictAdmin","x-timezone":"-00:00"}},"reqId":"8b0c542b-9df9-485c-8753-6aeebae9bcb0","res":{"status":200},"responseTime":323,"timestamp":"2024-02-19T17:52:19.975Z"}
{"level":"info","message":"BEGIN: GET /api/app:getInfo","reqId":"f152151b-8686-4d96-84b5-419a008f178f","timestamp":"2024-02-19T17:52:19.977Z"}
{"level":"info","message":"END: GET /api/collectionsHistory:list?paginate=false&appends%5B%5D=fields&sort%5B%5D=sort&filter=%7B%7D","req":{"action":{"actionName":"list","params":{"actionName":"list","appends":["fields"],"filter":{},"paginate":"false","resourceName":"collectionsHistory","sort":["sort"]},"resourceName":"collectionsHistory"},"header":{"x-hostname":"cmreport.dsti.gov.sl","x-locale":"en-US","x-role":"ictAdmin","x-timezone":"-00:00"}},"reqId":"b6946d6a-01a2-4d37-b93e-e1708de5fa58","res":{"status":200},"responseTime":330,"timestamp":"2024-02-19T17:52:19.986Z"}
{"can":null,"level":"info","message":"ctx permission","reqId":"f152151b-8686-4d96-84b5-419a008f178f","skip":true,"timestamp":"2024-02-19T17:52:20.097Z"}
{"level":"info","message":"acl params","reqId":"f152151b-8686-4d96-84b5-419a008f178f","timestamp":"2024-02-19T17:52:20.097Z"}
{"level":"info","message":"acl parsedParams","reqId":"f152151b-8686-4d96-84b5-419a008f178f","timestamp":"2024-02-19T17:52:20.098Z"}
{"level":"info","message":"END: GET /api/app:getInfo","req":{"action":{"actionName":"getInfo","params":{"actionName":"getInfo","resourceName":"app"},"resourceName":"app"},"header":{"x-hostname":"cmreport.dsti.gov.sl","x-locale":"en-US","x-role":"ictAdmin","x-timezone":"-00:00"}},"reqId":"f152151b-8686-4d96-84b5-419a008f178f","res":{"status":200},"responseTime":124,"timestamp":"2024-02-19T17:52:20.101Z"}
{"level":"info","message":"BEGIN: GET /api/app:getInfo","reqId":"70599123-3b6b-4173-8a19-188df0f3faab","timestamp":"2024-02-19T17:52:20.275Z"}
{"level":"info","message":"BEGIN: GET /api/themeConfig:list?sort=id&paginate=false","reqId":"1b87bb7e-59e0-4ae3-9ee1-0b1f7e23f88e","timestamp":"2024-02-19T17:52:20.288Z"}
{"can":null,"level":"info","message":"ctx permission","reqId":"70599123-3b6b-4173-8a19-188df0f3faab","skip":true,"timestamp":"2024-02-19T17:52:20.336Z"}
{"level":"info","message":"acl params","reqId":"70599123-3b6b-4173-8a19-188df0f3faab","timestamp":"2024-02-19T17:52:20.337Z"}
{"level":"info","message":"acl parsedParams","reqId":"70599123-3b6b-4173-8a19-188df0f3faab","timestamp":"2024-02-19T17:52:20.337Z"}
{"can":{"action":"list","resource":"themeConfig","role":"ictAdmin"},"level":"info","message":"ctx permission","reqId":"1b87bb7e-59e0-4ae3-9ee1-0b1f7e23f88e","timestamp":"2024-02-19T17:52:20.351Z"}
{"level":"info","message":"acl params","reqId":"1b87bb7e-59e0-4ae3-9ee1-0b1f7e23f88e","timestamp":"2024-02-19T17:52:20.351Z"}
{"level":"info","message":"acl parsedParams","reqId":"1b87bb7e-59e0-4ae3-9ee1-0b1f7e23f88e","timestamp":"2024-02-19T17:52:20.352Z"}
{"level":"info","message":"END: GET /api/app:getInfo","req":{"action":{"actionName":"getInfo","params":{"actionName":"getInfo","resourceName":"app"},"resourceName":"app"},"header":{"x-hostname":"cmreport.dsti.gov.sl","x-locale":"en-US","x-role":"ictAdmin","x-timezone":"-00:00"}},"reqId":"70599123-3b6b-4173-8a19-188df0f3faab","res":{"status":200},"responseTime":86,"timestamp":"2024-02-19T17:52:20.361Z"}
{"level":"info","message":"BEGIN: GET /api/collectionsHistory:list?paginate=false&appends%5B%5D=fields&sort%5B%5D=sort&filter=%7B%7D","reqId":"dbb50ca9-cb08-4126-8454-bf56fea38bc4","timestamp":"2024-02-19T17:52:20.393Z"}
{"level":"info","message":"END: GET /api/themeConfig:list?sort=id&paginate=false","req":{"action":{"actionName":"list","params":{"actionName":"list","paginate":"false","resourceName":"themeConfig","sort":["id"]},"resourceName":"themeConfig"},"header":{"x-hostname":"cmreport.dsti.gov.sl","x-locale":"en-US","x-role":"ictAdmin","x-timezone":"-00:00"}},"reqId":"1b87bb7e-59e0-4ae3-9ee1-0b1f7e23f88e","res":{"status":200},"responseTime":122,"timestamp":"2024-02-19T17:52:20.410Z"}
{"can":{"action":"list","resource":"collectionsHistory","role":"ictAdmin"},"level":"info","message":"ctx permission","reqId":"dbb50ca9-cb08-4126-8454-bf56fea38bc4","skip":true,"timestamp":"2024-02-19T17:52:20.448Z"}
{"level":"info","message":"acl params","reqId":"dbb50ca9-cb08-4126-8454-bf56fea38bc4","timestamp":"2024-02-19T17:52:20.453Z"}
{"level":"info","message":"acl parsedParams","reqId":"dbb50ca9-cb08-4126-8454-bf56fea38bc4","timestamp":"2024-02-19T17:52:20.453Z"}
{"level":"info","message":"END: GET /api/collectionsHistory:list?paginate=false&appends%5B%5D=fields&sort%5B%5D=sort&filter=%7B%7D","req":{"action":{"actionName":"list","params":{"actionName":"list","appends":["fields"],"filter":{},"paginate":"false","resourceName":"collectionsHistory","sort":["sort"]},"resourceName":"collectionsHistory"},"header":{"x-hostname":"cmreport.dsti.gov.sl","x-locale":"en-US","x-role":"ictAdmin","x-timezone":"-00:00"}},"reqId":"dbb50ca9-cb08-4126-8454-bf56fea38bc4","res":{"status":200},"responseTime":177,"timestamp":"2024-02-19T17:52:20.570Z"}
{"level":"info","message":"BEGIN: GET /api/app:getInfo","reqId":"283a017d-2df0-4ba9-8d01-324f0d3e186c","timestamp":"2024-02-19T17:52:20.986Z"}
{"level":"info","message":"BEGIN: GET /api/themeConfig:list?sort=id&paginate=false","reqId":"771de9d9-9c61-475f-949c-01251929d2f3","timestamp":"2024-02-19T17:52:20.989Z"}
{"can":null,"level":"info","message":"ctx permission","reqId":"283a017d-2df0-4ba9-8d01-324f0d3e186c","skip":true,"timestamp":"2024-02-19T17:52:21.058Z"}
{"level":"info","message":"acl params","reqId":"283a017d-2df0-4ba9-8d01-324f0d3e186c","timestamp":"2024-02-19T17:52:21.059Z"}
{"level":"info","message":"acl parsedParams","reqId":"283a017d-2df0-4ba9-8d01-324f0d3e186c","timestamp":"2024-02-19T17:52:21.059Z"}
{"can":{"action":"list","resource":"themeConfig","role":"ictAdmin"},"level":"info","message":"ctx permission","reqId":"771de9d9-9c61-475f-949c-01251929d2f3","timestamp":"2024-02-19T17:52:21.070Z"}
{"level":"info","message":"acl params","reqId":"771de9d9-9c61-475f-949c-01251929d2f3","timestamp":"2024-02-19T17:52:21.070Z"}
{"level":"info","message":"acl parsedParams","reqId":"771de9d9-9c61-475f-949c-01251929d2f3","timestamp":"2024-02-19T17:52:21.071Z"}
{"level":"info","message":"END: GET /api/app:getInfo","req":{"action":{"actionName":"getInfo","params":{"actionName":"getInfo","resourceName":"app"},"resourceName":"app"},"header":{"x-hostname":"cmreport.dsti.gov.sl","x-locale":"en-US","x-role":"ictAdmin","x-timezone":"-00:00"}},"reqId":"283a017d-2df0-4ba9-8d01-324f0d3e186c","res":{"status":200},"responseTime":104,"timestamp":"2024-02-19T17:52:21.091Z"}
{"level":"info","message":"END: GET /api/themeConfig:list?sort=id&paginate=false","req":{"action":{"actionName":"list","params":{"actionName":"list","paginate":"false","resourceName":"themeConfig","sort":["id"]},"resourceName":"themeConfig"},"header":{"x-hostname":"cmreport.dsti.gov.sl","x-locale":"en-US","x-role":"ictAdmin","x-timezone":"-00:00"}},"reqId":"771de9d9-9c61-475f-949c-01251929d2f3","res":{"status":200},"responseTime":120,"timestamp":"2024-02-19T17:52:21.109Z"}
{"level":"info","message":"BEGIN: GET /api/app:getInfo","reqId":"8af73c0d-ead5-47d7-97bd-52ecadb7bfd0","timestamp":"2024-02-19T17:52:21.286Z"}
{"can":null,"level":"info","message":"ctx permission","reqId":"8af73c0d-ead5-47d7-97bd-52ecadb7bfd0","skip":true,"timestamp":"2024-02-19T17:52:21.311Z"}
{"level":"info","message":"acl params","reqId":"8af73c0d-ead5-47d7-97bd-52ecadb7bfd0","timestamp":"2024-02-19T17:52:21.312Z"}
{"level":"info","message":"acl parsedParams","reqId":"8af73c0d-ead5-47d7-97bd-52ecadb7bfd0","timestamp":"2024-02-19T17:52:21.312Z"}
{"level":"info","message":"END: GET /api/app:getInfo","req":{"action":{"actionName":"getInfo","params":{"actionName":"getInfo","resourceName":"app"},"resourceName":"app"},"header":{"x-hostname":"cmreport.dsti.gov.sl","x-locale":"en-US","x-role":"ictAdmin","x-timezone":"-00:00"}},"reqId":"8af73c0d-ead5-47d7-97bd-52ecadb7bfd0","res":{"status":200},"responseTime":38,"timestamp":"2024-02-19T17:52:21.323Z"}
{"level":"info","message":"BEGIN: GET /api/uiSchemaTemplates:list?appends%5B%5D=collection&paginate=false","reqId":"3037c535-c419-4343-a18f-15709412cba4","timestamp":"2024-02-19T17:52:21.491Z"}
{"can":null,"level":"info","message":"ctx permission","reqId":"3037c535-c419-4343-a18f-15709412cba4","skip":true,"timestamp":"2024-02-19T17:52:21.516Z"}
{"level":"info","message":"acl params","reqId":"3037c535-c419-4343-a18f-15709412cba4","timestamp":"2024-02-19T17:52:21.516Z"}
{"level":"info","message":"acl parsedParams","reqId":"3037c535-c419-4343-a18f-15709412cba4","timestamp":"2024-02-19T17:52:21.517Z"}
{"level":"info","message":"END: GET /api/uiSchemaTemplates:list?appends%5B%5D=collection&paginate=false","req":{"action":{"actionName":"list","params":{"actionName":"list","appends":["collection"],"paginate":"false","resourceName":"uiSchemaTemplates"},"resourceName":"uiSchemaTemplates"},"header":{"x-hostname":"cmreport.dsti.gov.sl","x-locale":"en-US","x-role":"ictAdmin","x-timezone":"-00:00"}},"reqId":"3037c535-c419-4343-a18f-15709412cba4","res":{"status":200},"responseTime":62,"timestamp":"2024-02-19T17:52:21.554Z"}
{"level":"info","message":"BEGIN: GET /api/collections:list?paginate=false&appends%5B%5D=fields&appends%5B%5D=category&sort%5B%5D=sort&filter=%7B%7D","reqId":"67aec782-d2bd-4674-b3ed-8a723c55d64c","timestamp":"2024-02-19T17:52:21.722Z"}
{"level":"info","message":"BEGIN: GET /api/collectionCategories:list?paginate=false&sort%5B%5D=sort","reqId":"526bfca4-b95d-47f9-a288-69d34b67e1e9","timestamp":"2024-02-19T17:52:21.724Z"}
{"can":null,"level":"info","message":"ctx permission","reqId":"67aec782-d2bd-4674-b3ed-8a723c55d64c","skip":true,"timestamp":"2024-02-19T17:52:21.815Z"}
{"level":"info","message":"acl params","reqId":"67aec782-d2bd-4674-b3ed-8a723c55d64c","timestamp":"2024-02-19T17:52:21.821Z"}
{"level":"info","message":"acl parsedParams","reqId":"67aec782-d2bd-4674-b3ed-8a723c55d64c","timestamp":"2024-02-19T17:52:21.821Z"}
{"can":{"action":"list","resource":"collectionCategories","role":"ictAdmin"},"level":"info","message":"ctx permission","reqId":"526bfca4-b95d-47f9-a288-69d34b67e1e9","skip":true,"timestamp":"2024-02-19T17:52:21.823Z"}
{"level":"info","message":"acl params","reqId":"526bfca4-b95d-47f9-a288-69d34b67e1e9","timestamp":"2024-02-19T17:52:21.825Z"}
{"level":"info","message":"acl parsedParams","reqId":"526bfca4-b95d-47f9-a288-69d34b67e1e9","timestamp":"2024-02-19T17:52:21.825Z"}
{"level":"info","message":"END: GET /api/collectionCategories:list?paginate=false&sort%5B%5D=sort","req":{"action":{"actionName":"list","params":{"actionName":"list","paginate":"false","resourceName":"collectionCategories","sort":["sort"]},"resourceName":"collectionCategories"},"header":{"x-hostname":"cmreport.dsti.gov.sl","x-locale":"en-US","x-role":"ictAdmin","x-timezone":"-00:00"}},"reqId":"526bfca4-b95d-47f9-a288-69d34b67e1e9","res":{"status":200},"responseTime":290,"timestamp":"2024-02-19T17:52:22.014Z"}
{"level":"info","message":"END: GET /api/collections:list?paginate=false&appends%5B%5D=fields&appends%5B%5D=category&sort%5B%5D=sort&filter=%7B%7D","req":{"action":{"actionName":"list","params":{"actionName":"list","appends":["fields","category"],"filter":{},"paginate":"false","resourceName":"collections","sort":["sort"]},"resourceName":"collections"},"header":{"x-hostname":"cmreport.dsti.gov.sl","x-locale":"en-US","x-role":"ictAdmin","x-timezone":"-00:00"}},"reqId":"67aec782-d2bd-4674-b3ed-8a723c55d64c","res":{"status":200},"responseTime":316,"timestamp":"2024-02-19T17:52:22.038Z"}
{"level":"info","message":"BEGIN: GET /api/roles:check","reqId":"13cdca3a-5848-48c6-bff6-137e8d5e16ff","timestamp":"2024-02-19T17:52:22.545Z"}
{"can":null,"level":"info","message":"ctx permission","reqId":"13cdca3a-5848-48c6-bff6-137e8d5e16ff","skip":true,"timestamp":"2024-02-19T17:52:22.581Z"}
{"level":"info","message":"acl params","reqId":"13cdca3a-5848-48c6-bff6-137e8d5e16ff","timestamp":"2024-02-19T17:52:22.581Z"}
{"level":"info","message":"acl parsedParams","reqId":"13cdca3a-5848-48c6-bff6-137e8d5e16ff","timestamp":"2024-02-19T17:52:22.582Z"}
{"level":"info","message":"END: GET /api/roles:check","req":{"action":{"actionName":"check","params":{"actionName":"check","resourceName":"roles"},"resourceName":"roles"},"header":{"x-hostname":"cmreport.dsti.gov.sl","x-locale":"en-US","x-role":"ictAdmin","x-timezone":"-00:00"}},"reqId":"13cdca3a-5848-48c6-bff6-137e8d5e16ff","res":{"status":200},"responseTime":68,"timestamp":"2024-02-19T17:52:22.613Z"}
{"level":"info","message":"BEGIN: GET /api/uiSchemas:getJsonSchema/kajnqv7hagl","reqId":"67373d57-a4b6-49be-ac78-d62045df9f71","timestamp":"2024-02-19T17:52:22.821Z"}
{"can":null,"level":"info","message":"ctx permission","reqId":"67373d57-a4b6-49be-ac78-d62045df9f71","skip":true,"timestamp":"2024-02-19T17:52:22.872Z"}
{"level":"info","message":"acl params","reqId":"67373d57-a4b6-49be-ac78-d62045df9f71","timestamp":"2024-02-19T17:52:22.873Z"}
{"level":"info","message":"acl parsedParams","reqId":"67373d57-a4b6-49be-ac78-d62045df9f71","timestamp":"2024-02-19T17:52:22.873Z"}
{"level":"info","message":"END: GET /api/uiSchemas:getJsonSchema/kajnqv7hagl","req":{"action":{"actionName":"getJsonSchema","params":{"actionName":"getJsonSchema","filterByTk":"kajnqv7hagl","resourceIndex":"kajnqv7hagl","resourceName":"uiSchemas"},"resourceName":"uiSchemas"},"header":{"x-hostname":"cmreport.dsti.gov.sl","x-locale":"en-US","x-role":"ictAdmin","x-timezone":"-00:00"}},"reqId":"67373d57-a4b6-49be-ac78-d62045df9f71","res":{"status":200},"responseTime":52,"timestamp":"2024-02-19T17:52:22.873Z"}
{"level":"info","message":"BEGIN: GET /api/uiSchemas:getProperties/ic05qq3jmex","reqId":"dd37ff24-f349-43f7-ab7b-85bd82f729ea","timestamp":"2024-02-19T17:52:23.087Z"}
{"can":null,"level":"info","message":"ctx permission","reqId":"dd37ff24-f349-43f7-ab7b-85bd82f729ea","skip":true,"timestamp":"2024-02-19T17:52:23.101Z"}
{"level":"info","message":"acl params","reqId":"dd37ff24-f349-43f7-ab7b-85bd82f729ea","timestamp":"2024-02-19T17:52:23.101Z"}
{"level":"info","message":"acl parsedParams","reqId":"dd37ff24-f349-43f7-ab7b-85bd82f729ea","timestamp":"2024-02-19T17:52:23.101Z"}
{"level":"info","message":"END: GET /api/uiSchemas:getProperties/ic05qq3jmex","req":{"action":{"actionName":"getProperties","params":{"actionName":"getProperties","filterByTk":"ic05qq3jmex","resourceIndex":"ic05qq3jmex","resourceName":"uiSchemas"},"resourceName":"uiSchemas"},"header":{"x-hostname":"cmreport.dsti.gov.sl","x-locale":"en-US","x-role":"ictAdmin","x-timezone":"-00:00"}},"reqId":"dd37ff24-f349-43f7-ab7b-85bd82f729ea","res":{"status":200},"responseTime":15,"timestamp":"2024-02-19T17:52:23.102Z"}
