{"level":"info","message":"BEGIN: GET /api/users:get?appends%5B%5D=roles&appends%5B%5D=ministry&filterByTk=70","reqId":"38f9183f-7144-48f0-adc1-e93ba10b6dc4","timestamp":"2024-03-01T08:56:42.307Z"}
{"can":null,"level":"info","message":"ctx permission","reqId":"38f9183f-7144-48f0-adc1-e93ba10b6dc4","skip":true,"timestamp":"2024-03-01T08:56:42.341Z"}
{"level":"info","message":"acl params","reqId":"38f9183f-7144-48f0-adc1-e93ba10b6dc4","timestamp":"2024-03-01T08:56:42.342Z"}
{"level":"info","message":"acl parsedParams","reqId":"38f9183f-7144-48f0-adc1-e93ba10b6dc4","timestamp":"2024-03-01T08:56:42.342Z"}
{"level":"info","message":"END: GET /api/users:get?appends%5B%5D=roles&appends%5B%5D=ministry&filterByTk=70","req":{"action":{"actionName":"get","params":{"actionName":"get","appends":["roles","ministry"],"filterByTk":"70","resourceName":"users"},"resourceName":"users"},"header":{"x-hostname":"cmreport.dsti.gov.sl","x-locale":"en-US","x-role":"root","x-timezone":"-00:00"}},"reqId":"38f9183f-7144-48f0-adc1-e93ba10b6dc4","res":{"status":200},"responseTime":66,"timestamp":"2024-03-01T08:56:42.373Z"}
{"level":"info","message":"BEGIN: GET /api/users:get?filterByTk=70","reqId":"437cebec-e150-43ec-b5ff-f3a4db073a5d","timestamp":"2024-03-01T08:56:44.570Z"}
{"can":null,"level":"info","message":"ctx permission","reqId":"437cebec-e150-43ec-b5ff-f3a4db073a5d","skip":true,"timestamp":"2024-03-01T08:56:44.591Z"}
{"level":"info","message":"acl params","reqId":"437cebec-e150-43ec-b5ff-f3a4db073a5d","timestamp":"2024-03-01T08:56:44.592Z"}
{"level":"info","message":"acl parsedParams","reqId":"437cebec-e150-43ec-b5ff-f3a4db073a5d","timestamp":"2024-03-01T08:56:44.592Z"}
{"level":"info","message":"END: GET /api/users:get?filterByTk=70","req":{"action":{"actionName":"get","params":{"actionName":"get","filterByTk":"70","resourceName":"users"},"resourceName":"users"},"header":{"x-hostname":"cmreport.dsti.gov.sl","x-locale":"en-US","x-role":"root","x-timezone":"-00:00"}},"reqId":"437cebec-e150-43ec-b5ff-f3a4db073a5d","res":{"status":200},"responseTime":42,"timestamp":"2024-03-01T08:56:44.612Z"}
{"level":"info","message":"BEGIN: GET /api/uiSchemas:getJsonSchema/k7xvwwpbjco","reqId":"0cc1667a-cda6-4b4a-a098-ff414e7159da","timestamp":"2024-03-01T08:56:44.862Z"}
{"can":null,"level":"info","message":"ctx permission","reqId":"0cc1667a-cda6-4b4a-a098-ff414e7159da","skip":true,"timestamp":"2024-03-01T08:56:44.883Z"}
{"level":"info","message":"acl params","reqId":"0cc1667a-cda6-4b4a-a098-ff414e7159da","timestamp":"2024-03-01T08:56:44.889Z"}
{"level":"info","message":"acl parsedParams","reqId":"0cc1667a-cda6-4b4a-a098-ff414e7159da","timestamp":"2024-03-01T08:56:44.889Z"}
{"level":"info","message":"END: GET /api/uiSchemas:getJsonSchema/k7xvwwpbjco","req":{"action":{"actionName":"getJsonSchema","params":{"actionName":"getJsonSchema","filterByTk":"k7xvwwpbjco","resourceIndex":"k7xvwwpbjco","resourceName":"uiSchemas"},"resourceName":"uiSchemas"},"header":{"x-hostname":"cmreport.dsti.gov.sl","x-locale":"en-US","x-role":"root","x-timezone":"-00:00"}},"reqId":"0cc1667a-cda6-4b4a-a098-ff414e7159da","res":{"status":200},"responseTime":28,"timestamp":"2024-03-01T08:56:44.890Z"}
{"level":"info","message":"BEGIN: GET /api/users:get?appends%5B%5D=roles&appends%5B%5D=ministry&filterByTk=70","reqId":"aaeec42b-53ae-41ea-b861-00e28202530d","timestamp":"2024-03-01T08:56:45.399Z"}
{"can":null,"level":"info","message":"ctx permission","reqId":"aaeec42b-53ae-41ea-b861-00e28202530d","skip":true,"timestamp":"2024-03-01T08:56:45.428Z"}
{"level":"info","message":"acl params","reqId":"aaeec42b-53ae-41ea-b861-00e28202530d","timestamp":"2024-03-01T08:56:45.428Z"}
{"level":"info","message":"acl parsedParams","reqId":"aaeec42b-53ae-41ea-b861-00e28202530d","timestamp":"2024-03-01T08:56:45.428Z"}
{"level":"info","message":"END: GET /api/users:get?appends%5B%5D=roles&appends%5B%5D=ministry&filterByTk=70","req":{"action":{"actionName":"get","params":{"actionName":"get","appends":["roles","ministry"],"filterByTk":"70","resourceName":"users"},"resourceName":"users"},"header":{"x-hostname":"cmreport.dsti.gov.sl","x-locale":"en-US","x-role":"root","x-timezone":"-00:00"}},"reqId":"aaeec42b-53ae-41ea-b861-00e28202530d","res":{"status":200},"responseTime":56,"timestamp":"2024-03-01T08:56:45.455Z"}
{"level":"info","message":"BEGIN: GET /api/roles:list?pageSize=200&filter=%7B%7D","reqId":"8650d6dd-1eca-468d-88b9-f907ad5e042f","timestamp":"2024-03-01T08:56:51.666Z"}
{"can":{"action":"list","resource":"roles","role":"root"},"level":"info","message":"ctx permission","reqId":"8650d6dd-1eca-468d-88b9-f907ad5e042f","skip":true,"timestamp":"2024-03-01T08:56:51.733Z"}
{"level":"info","message":"acl params","reqId":"8650d6dd-1eca-468d-88b9-f907ad5e042f","timestamp":"2024-03-01T08:56:51.733Z"}
{"level":"info","message":"acl parsedParams","reqId":"8650d6dd-1eca-468d-88b9-f907ad5e042f","timestamp":"2024-03-01T08:56:51.733Z"}
{"level":"info","message":"END: GET /api/roles:list?pageSize=200&filter=%7B%7D","req":{"action":{"actionName":"list","params":{"actionName":"list","filter":{"$and":[{},{"name.$ne":"anonymous"}]},"pageSize":"200","resourceName":"roles"},"resourceName":"roles"},"header":{"x-hostname":"cmreport.dsti.gov.sl","x-locale":"en-US","x-role":"root","x-timezone":"-00:00"}},"reqId":"8650d6dd-1eca-468d-88b9-f907ad5e042f","res":{"status":200},"responseTime":126,"timestamp":"2024-03-01T08:56:51.792Z"}
{"level":"info","message":"BEGIN: GET /api/ministry:list?pageSize=200&filter=%7B%7D","reqId":"4bc910ea-e2ee-45b7-93c5-2347fa8981d9","timestamp":"2024-03-01T08:56:56.900Z"}
{"can":null,"level":"info","message":"ctx permission","reqId":"4bc910ea-e2ee-45b7-93c5-2347fa8981d9","skip":true,"timestamp":"2024-03-01T08:56:56.925Z"}
{"level":"info","message":"acl params","reqId":"4bc910ea-e2ee-45b7-93c5-2347fa8981d9","timestamp":"2024-03-01T08:56:56.926Z"}
{"level":"info","message":"acl parsedParams","reqId":"4bc910ea-e2ee-45b7-93c5-2347fa8981d9","timestamp":"2024-03-01T08:56:56.926Z"}
{"level":"info","message":"END: GET /api/ministry:list?pageSize=200&filter=%7B%7D","req":{"action":{"actionName":"list","params":{"actionName":"list","filter":{},"pageSize":"200","resourceName":"ministry"},"resourceName":"ministry"},"header":{"x-hostname":"cmreport.dsti.gov.sl","x-locale":"en-US","x-role":"root","x-timezone":"-00:00"}},"reqId":"4bc910ea-e2ee-45b7-93c5-2347fa8981d9","res":{"status":200},"responseTime":92,"timestamp":"2024-03-01T08:56:56.992Z"}
{"level":"info","message":"BEGIN: GET /api/ministry:list?pageSize=200&filter=%7B%22name%22%3A%7B%22%24includes%22%3A%22pre%22%7D%7D","reqId":"2e27dfd9-1cea-4548-a10b-3a30135814aa","timestamp":"2024-03-01T08:57:14.923Z"}
{"can":null,"level":"info","message":"ctx permission","reqId":"2e27dfd9-1cea-4548-a10b-3a30135814aa","skip":true,"timestamp":"2024-03-01T08:57:14.957Z"}
{"level":"info","message":"acl params","reqId":"2e27dfd9-1cea-4548-a10b-3a30135814aa","timestamp":"2024-03-01T08:57:14.958Z"}
{"level":"info","message":"acl parsedParams","reqId":"2e27dfd9-1cea-4548-a10b-3a30135814aa","timestamp":"2024-03-01T08:57:14.958Z"}
{"level":"info","message":"END: GET /api/ministry:list?pageSize=200&filter=%7B%22name%22%3A%7B%22%24includes%22%3A%22pre%22%7D%7D","req":{"action":{"actionName":"list","params":{"actionName":"list","filter":{"name":{"$includes":"pre"}},"pageSize":"200","resourceName":"ministry"},"resourceName":"ministry"},"header":{"x-hostname":"cmreport.dsti.gov.sl","x-locale":"en-US","x-role":"root","x-timezone":"-00:00"}},"reqId":"2e27dfd9-1cea-4548-a10b-3a30135814aa","res":{"status":200},"responseTime":64,"timestamp":"2024-03-01T08:57:14.987Z"}
{"level":"info","message":"BEGIN: POST /api/users:update?filterByTk=70","reqId":"45f621eb-9f0a-41cd-b5e6-7785665e0747","timestamp":"2024-03-01T08:57:18.402Z"}
{"can":null,"level":"info","message":"ctx permission","reqId":"45f621eb-9f0a-41cd-b5e6-7785665e0747","skip":true,"timestamp":"2024-03-01T08:57:18.421Z"}
{"level":"info","message":"acl params","reqId":"45f621eb-9f0a-41cd-b5e6-7785665e0747","timestamp":"2024-03-01T08:57:18.421Z"}
{"level":"info","message":"acl parsedParams","reqId":"45f621eb-9f0a-41cd-b5e6-7785665e0747","timestamp":"2024-03-01T08:57:18.422Z"}
{"level":"info","message":"END: POST /api/users:update?filterByTk=70","req":{"action":{"actionName":"update","params":{"actionName":"update","filterByTk":"70","resourceName":"users","values":{"appLang":null,"createdAt":"2023-10-19T06:38:02.326Z","createdById":62,"email":"esannoh@statehouse.gov.sl","f_j3tmwm1emv0":null,"id":70,"ministry":{"code":110,"createdAt":"2023-08-09T16:31:11.633Z","createdById":1,"f_bs4j9gy6krd":null,"f_xg3sy4b1ba1":null,"id":68,"ministryID":null,"name":"Office of the President","priorityStakeholder_id":null,"updatedAt":"2023-08-09T16:31:11.633Z","updatedById":1,"usedByOtherMDAsID":null,"website":null},"ministry_id":null,"nickname":"Edward Lansana Sannoh","phone":"23278426001","position":"ICT Manager","roles":[{"allowConfigure":null,"allowNewMenu":null,"createdAt":"2023-08-23T08:57:04.839Z","default":false,"description":null,"hidden":false,"name":"ictHeads","snippets":["!pm","!pm.*","!ui.*"],"strategy":{"actions":["create","view","update"]},"title":"ICT Heads","updatedAt":"2023-08-29T10:32:34.304Z"}],"systemSettings":{},"updatedAt":"2024-02-29T16:16:47.399Z","updatedById":1}},"resourceName":"users"},"header":{"x-hostname":"cmreport.dsti.gov.sl","x-locale":"en-US","x-role":"root","x-timezone":"-00:00"}},"reqId":"45f621eb-9f0a-41cd-b5e6-7785665e0747","res":{"status":200},"responseTime":130,"timestamp":"2024-03-01T08:57:18.532Z"}
{"level":"info","message":"BEGIN: GET /api/users:get?appends%5B%5D=roles&appends%5B%5D=ministry&filterByTk=70","reqId":"fea02020-c5d0-4b86-a26f-0fe254e9ebdf","timestamp":"2024-03-01T08:57:18.933Z"}
{"can":null,"level":"info","message":"ctx permission","reqId":"fea02020-c5d0-4b86-a26f-0fe254e9ebdf","skip":true,"timestamp":"2024-03-01T08:57:18.952Z"}
{"level":"info","message":"acl params","reqId":"fea02020-c5d0-4b86-a26f-0fe254e9ebdf","timestamp":"2024-03-01T08:57:18.953Z"}
{"level":"info","message":"acl parsedParams","reqId":"fea02020-c5d0-4b86-a26f-0fe254e9ebdf","timestamp":"2024-03-01T08:57:18.953Z"}
{"level":"info","message":"END: GET /api/users:get?appends%5B%5D=roles&appends%5B%5D=ministry&filterByTk=70","req":{"action":{"actionName":"get","params":{"actionName":"get","appends":["roles","ministry"],"filterByTk":"70","resourceName":"users"},"resourceName":"users"},"header":{"x-hostname":"cmreport.dsti.gov.sl","x-locale":"en-US","x-role":"root","x-timezone":"-00:00"}},"reqId":"fea02020-c5d0-4b86-a26f-0fe254e9ebdf","res":{"status":200},"responseTime":112,"timestamp":"2024-03-01T08:57:19.046Z"}
{"level":"info","message":"BEGIN: GET /api/app:getLang?locale=en-US","reqId":"558f9124-a252-4e85-a6d8-3d9e13bfd224","timestamp":"2024-03-01T08:59:30.193Z"}
{"can":null,"level":"info","message":"ctx permission","reqId":"558f9124-a252-4e85-a6d8-3d9e13bfd224","skip":true,"timestamp":"2024-03-01T08:59:30.224Z"}
{"level":"info","message":"acl params","reqId":"558f9124-a252-4e85-a6d8-3d9e13bfd224","timestamp":"2024-03-01T08:59:30.225Z"}
{"level":"info","message":"acl parsedParams","reqId":"558f9124-a252-4e85-a6d8-3d9e13bfd224","timestamp":"2024-03-01T08:59:30.225Z"}
{"level":"info","message":"END: GET /api/app:getLang?locale=en-US","req":{"action":{"actionName":"getLang","params":{"actionName":"getLang","locale":"en-US","resourceName":"app"},"resourceName":"app"},"header":{"x-hostname":"cmreport.dsti.gov.sl","x-locale":"en-US","x-role":"root","x-timezone":"-00:00"}},"reqId":"558f9124-a252-4e85-a6d8-3d9e13bfd224","res":{"status":200},"responseTime":50,"timestamp":"2024-03-01T08:59:30.243Z"}
{"level":"info","message":"BEGIN: GET /api/app:getPlugins","reqId":"5ca85a57-71bf-408c-8c14-7fa2415c1055","timestamp":"2024-03-01T08:59:31.051Z"}
{"can":null,"level":"info","message":"ctx permission","reqId":"5ca85a57-71bf-408c-8c14-7fa2415c1055","skip":true,"timestamp":"2024-03-01T08:59:31.072Z"}
{"level":"info","message":"acl params","reqId":"5ca85a57-71bf-408c-8c14-7fa2415c1055","timestamp":"2024-03-01T08:59:31.077Z"}
{"level":"info","message":"acl parsedParams","reqId":"5ca85a57-71bf-408c-8c14-7fa2415c1055","timestamp":"2024-03-01T08:59:31.077Z"}
{"level":"info","message":"END: GET /api/app:getPlugins","req":{"action":{"actionName":"getPlugins","params":{"actionName":"getPlugins","resourceName":"app"},"resourceName":"app"},"header":{"x-hostname":"cmreport.dsti.gov.sl","x-locale":"en-US","x-role":"root","x-timezone":"-00:00"}},"reqId":"5ca85a57-71bf-408c-8c14-7fa2415c1055","res":{"status":200},"responseTime":44,"timestamp":"2024-03-01T08:59:31.096Z"}
