{"level":"info","message":"BEGIN: GET /api/app:getLang?locale=en-US","reqId":"cdc2da5e-17aa-4bc0-8333-a034eddf53bd","timestamp":"2024-02-19T11:31:20.666Z"}
{"expiredAt":"2024-01-23T12:39:31.000Z","level":"error","message":"jwt expired","name":"TokenExpiredError","reqId":"cdc2da5e-17aa-4bc0-8333-a034eddf53bd","stack":"TokenExpiredError: jwt expired\n    at /root/my-nocobase-app/node_modules/jsonwebtoken/verify.js:152:21\n    at getSecret (/root/my-nocobase-app/node_modules/jsonwebtoken/verify.js:90:14)\n    at Object.module.exports [as verify] (/root/my-nocobase-app/node_modules/jsonwebtoken/verify.js:94:10)\n    at /root/my-nocobase-app/node_modules/@nocobase/auth/lib/base/jwt-service.js:53:31\n    at new Promise (<anonymous>)\n    at JwtService.decode (/root/my-nocobase-app/node_modules/@nocobase/auth/lib/base/jwt-service.js:52:12)\n    at /root/my-nocobase-app/node_modules/@nocobase/auth/lib/base/auth.js:41:55\n    at Generator.next (<anonymous>)\n    at asyncGeneratorStep (/root/my-nocobase-app/node_modules/@nocobase/auth/lib/base/auth.js:8:103)\n    at _next (/root/my-nocobase-app/node_modules/@nocobase/auth/lib/base/auth.js:9:194)","timestamp":"2024-02-19T11:31:20.695Z"}
{"can":null,"level":"info","message":"ctx permission","reqId":"cdc2da5e-17aa-4bc0-8333-a034eddf53bd","skip":true,"timestamp":"2024-02-19T11:31:20.695Z"}
{"level":"info","message":"acl params","reqId":"cdc2da5e-17aa-4bc0-8333-a034eddf53bd","timestamp":"2024-02-19T11:31:20.695Z"}
{"level":"info","message":"acl parsedParams","reqId":"cdc2da5e-17aa-4bc0-8333-a034eddf53bd","timestamp":"2024-02-19T11:31:20.696Z"}
{"level":"info","message":"END: GET /api/app:getLang?locale=en-US","req":{"action":{"actionName":"getLang","params":{"actionName":"getLang","locale":"en-US","resourceName":"app"},"resourceName":"app"},"header":{"x-hostname":"cmreport.dsti.gov.sl","x-locale":"en-US","x-role":"ictAdmin","x-timezone":"-00:00"}},"reqId":"cdc2da5e-17aa-4bc0-8333-a034eddf53bd","res":{"status":200},"responseTime":103,"timestamp":"2024-02-19T11:31:20.769Z"}
{"level":"info","message":"BEGIN: GET /api/app:getPlugins","reqId":"198ece74-042c-4b40-8ee6-92e5c0017d5b","timestamp":"2024-02-19T11:31:21.104Z"}
{"expiredAt":"2024-01-23T12:39:31.000Z","level":"error","message":"jwt expired","name":"TokenExpiredError","reqId":"198ece74-042c-4b40-8ee6-92e5c0017d5b","stack":"TokenExpiredError: jwt expired\n    at /root/my-nocobase-app/node_modules/jsonwebtoken/verify.js:152:21\n    at getSecret (/root/my-nocobase-app/node_modules/jsonwebtoken/verify.js:90:14)\n    at Object.module.exports [as verify] (/root/my-nocobase-app/node_modules/jsonwebtoken/verify.js:94:10)\n    at /root/my-nocobase-app/node_modules/@nocobase/auth/lib/base/jwt-service.js:53:31\n    at new Promise (<anonymous>)\n    at JwtService.decode (/root/my-nocobase-app/node_modules/@nocobase/auth/lib/base/jwt-service.js:52:12)\n    at /root/my-nocobase-app/node_modules/@nocobase/auth/lib/base/auth.js:41:55\n    at Generator.next (<anonymous>)\n    at asyncGeneratorStep (/root/my-nocobase-app/node_modules/@nocobase/auth/lib/base/auth.js:8:103)\n    at _next (/root/my-nocobase-app/node_modules/@nocobase/auth/lib/base/auth.js:9:194)","timestamp":"2024-02-19T11:31:21.170Z"}
{"can":null,"level":"info","message":"ctx permission","reqId":"198ece74-042c-4b40-8ee6-92e5c0017d5b","skip":true,"timestamp":"2024-02-19T11:31:21.171Z"}
{"level":"info","message":"acl params","reqId":"198ece74-042c-4b40-8ee6-92e5c0017d5b","timestamp":"2024-02-19T11:31:21.172Z"}
{"level":"info","message":"acl parsedParams","reqId":"198ece74-042c-4b40-8ee6-92e5c0017d5b","timestamp":"2024-02-19T11:31:21.172Z"}
{"level":"info","message":"END: GET /api/app:getPlugins","req":{"action":{"actionName":"getPlugins","params":{"actionName":"getPlugins","resourceName":"app"},"resourceName":"app"},"header":{"x-hostname":"cmreport.dsti.gov.sl","x-locale":"en-US","x-role":"ictAdmin","x-timezone":"-00:00"}},"reqId":"198ece74-042c-4b40-8ee6-92e5c0017d5b","res":{"status":200},"responseTime":81,"timestamp":"2024-02-19T11:31:21.186Z"}
{"level":"info","message":"BEGIN: GET /api/plugins/client/@nocobase/plugin-error-handler/index.js","reqId":"0b8ce478-f1c2-483b-bf21-4a453ad0300e","timestamp":"2024-02-19T11:31:21.379Z"}
{"level":"info","message":"BEGIN: GET /api/plugins/client/@nocobase/plugin-collection-manager/index.js","reqId":"9fcd501b-2259-4dfc-97c8-37f3975232a9","timestamp":"2024-02-19T11:31:21.380Z"}
{"level":"info","message":"BEGIN: GET /api/plugins/client/@nocobase/plugin-ui-schema-storage/index.js","reqId":"bd9c175d-c720-4de2-a5fc-3c976b5af738","timestamp":"2024-02-19T11:31:21.381Z"}
{"level":"info","message":"END: GET /api/plugins/client/@nocobase/plugin-error-handler/index.js","req":{},"reqId":"0b8ce478-f1c2-483b-bf21-4a453ad0300e","res":{"status":200},"responseTime":14,"timestamp":"2024-02-19T11:31:21.393Z"}
{"level":"info","message":"END: GET /api/plugins/client/@nocobase/plugin-ui-schema-storage/index.js","req":{},"reqId":"bd9c175d-c720-4de2-a5fc-3c976b5af738","res":{"status":200},"responseTime":14,"timestamp":"2024-02-19T11:31:21.395Z"}
{"level":"info","message":"END: GET /api/plugins/client/@nocobase/plugin-collection-manager/index.js","req":{},"reqId":"9fcd501b-2259-4dfc-97c8-37f3975232a9","res":{"status":200},"responseTime":16,"timestamp":"2024-02-19T11:31:21.396Z"}
{"level":"info","message":"BEGIN: GET /api/plugins/client/@nocobase/plugin-file-manager/index.js","reqId":"9ac7134c-e248-4524-95df-1289ee00ff51","timestamp":"2024-02-19T11:31:21.555Z"}
{"level":"info","message":"BEGIN: GET /api/plugins/client/@nocobase/plugin-ui-routes-storage/index.js","reqId":"44748d89-763f-4b72-850f-504e5eb6ee3a","timestamp":"2024-02-19T11:31:21.557Z"}
{"level":"info","message":"END: GET /api/plugins/client/@nocobase/plugin-file-manager/index.js","req":{},"reqId":"9ac7134c-e248-4524-95df-1289ee00ff51","res":{"status":200},"responseTime":5,"timestamp":"2024-02-19T11:31:21.560Z"}
{"level":"info","message":"END: GET /api/plugins/client/@nocobase/plugin-ui-routes-storage/index.js","req":{},"reqId":"44748d89-763f-4b72-850f-504e5eb6ee3a","res":{"status":200},"responseTime":4,"timestamp":"2024-02-19T11:31:21.561Z"}
{"level":"info","message":"BEGIN: GET /api/plugins/client/@nocobase/plugin-system-settings/index.js","reqId":"3ee1f7c4-0304-4d07-b146-976614ffab64","timestamp":"2024-02-19T11:31:21.586Z"}
{"level":"info","message":"END: GET /api/plugins/client/@nocobase/plugin-system-settings/index.js","req":{},"reqId":"3ee1f7c4-0304-4d07-b146-976614ffab64","res":{"status":200},"responseTime":3,"timestamp":"2024-02-19T11:31:21.589Z"}
{"level":"info","message":"BEGIN: GET /api/plugins/client/@nocobase/plugin-sequence-field/index.js","reqId":"095f632c-3ed6-4614-92f5-7fe25d5cfa9a","timestamp":"2024-02-19T11:31:21.717Z"}
{"level":"info","message":"BEGIN: GET /api/plugins/client/@nocobase/plugin-verification/index.js","reqId":"f192e595-4454-47a0-96a1-45468acef0f6","timestamp":"2024-02-19T11:31:21.717Z"}
{"level":"info","message":"END: GET /api/plugins/client/@nocobase/plugin-verification/index.js","req":{},"reqId":"f192e595-4454-47a0-96a1-45468acef0f6","res":{"status":200},"responseTime":9,"timestamp":"2024-02-19T11:31:21.726Z"}
{"level":"info","message":"END: GET /api/plugins/client/@nocobase/plugin-sequence-field/index.js","req":{},"reqId":"095f632c-3ed6-4614-92f5-7fe25d5cfa9a","res":{"status":200},"responseTime":10,"timestamp":"2024-02-19T11:31:21.727Z"}
{"level":"info","message":"BEGIN: GET /api/plugins/client/@nocobase/plugin-acl/index.js","reqId":"645928be-b4f1-4fdd-92f7-577f2a1892ac","timestamp":"2024-02-19T11:31:21.740Z"}
{"level":"info","message":"END: GET /api/plugins/client/@nocobase/plugin-acl/index.js","req":{},"reqId":"645928be-b4f1-4fdd-92f7-577f2a1892ac","res":{"status":200},"responseTime":6,"timestamp":"2024-02-19T11:31:21.746Z"}
{"level":"info","message":"BEGIN: GET /api/plugins/client/@nocobase/plugin-china-region/index.js","reqId":"c4d38782-1747-4fee-881a-15271cff9b90","timestamp":"2024-02-19T11:31:21.893Z"}
{"level":"info","message":"BEGIN: GET /api/plugins/client/@nocobase/plugin-workflow/index.js","reqId":"e30c805e-779c-4e02-bf98-346cbe84f66e","timestamp":"2024-02-19T11:31:21.894Z"}
{"level":"info","message":"END: GET /api/plugins/client/@nocobase/plugin-china-region/index.js","req":{},"reqId":"c4d38782-1747-4fee-881a-15271cff9b90","res":{"status":200},"responseTime":3,"timestamp":"2024-02-19T11:31:21.896Z"}
{"level":"info","message":"END: GET /api/plugins/client/@nocobase/plugin-workflow/index.js","req":{},"reqId":"e30c805e-779c-4e02-bf98-346cbe84f66e","res":{"status":200},"responseTime":4,"timestamp":"2024-02-19T11:31:21.898Z"}
{"level":"info","message":"BEGIN: GET /api/plugins/client/@nocobase/plugin-client/index.js","reqId":"b2afc3c0-9825-4b07-b403-242287c615e4","timestamp":"2024-02-19T11:31:21.925Z"}
{"level":"info","message":"END: GET /api/plugins/client/@nocobase/plugin-client/index.js","req":{},"reqId":"b2afc3c0-9825-4b07-b403-242287c615e4","res":{"status":200},"responseTime":5,"timestamp":"2024-02-19T11:31:21.930Z"}
{"level":"info","message":"BEGIN: GET /api/plugins/client/@nocobase/plugin-export/index.js","reqId":"3f80eee1-ba8e-4ccc-b211-230c194d5984","timestamp":"2024-02-19T11:31:22.057Z"}
{"level":"info","message":"END: GET /api/plugins/client/@nocobase/plugin-export/index.js","req":{},"reqId":"3f80eee1-ba8e-4ccc-b211-230c194d5984","res":{"status":200},"responseTime":2,"timestamp":"2024-02-19T11:31:22.059Z"}
{"level":"info","message":"BEGIN: GET /api/plugins/client/@nocobase/plugin-import/index.js","reqId":"a61621c7-5142-4c80-b6f6-2db09ae8d5e3","timestamp":"2024-02-19T11:31:22.085Z"}
{"level":"info","message":"END: GET /api/plugins/client/@nocobase/plugin-import/index.js","req":{},"reqId":"a61621c7-5142-4c80-b6f6-2db09ae8d5e3","res":{"status":200},"responseTime":5,"timestamp":"2024-02-19T11:31:22.090Z"}
{"level":"info","message":"BEGIN: GET /api/plugins/client/@nocobase/plugin-audit-logs/index.js","reqId":"be875174-46de-4cc9-8633-81677bb785f6","timestamp":"2024-02-19T11:31:22.216Z"}
{"level":"info","message":"END: GET /api/plugins/client/@nocobase/plugin-audit-logs/index.js","req":{},"reqId":"be875174-46de-4cc9-8633-81677bb785f6","res":{"status":200},"responseTime":3,"timestamp":"2024-02-19T11:31:22.219Z"}
{"level":"info","message":"BEGIN: GET /api/plugins/client/@nocobase/plugin-duplicator/index.js","reqId":"7a1d5579-576a-457d-9fce-498b04cab619","timestamp":"2024-02-19T11:31:22.261Z"}
{"level":"info","message":"END: GET /api/plugins/client/@nocobase/plugin-duplicator/index.js","req":{},"reqId":"7a1d5579-576a-457d-9fce-498b04cab619","res":{"status":200},"responseTime":2,"timestamp":"2024-02-19T11:31:22.263Z"}
{"level":"info","message":"BEGIN: GET /api/plugins/client/@nocobase/plugin-iframe-block/index.js","reqId":"4da882c5-8221-42ef-9469-722f35e5c985","timestamp":"2024-02-19T11:31:22.369Z"}
{"level":"info","message":"BEGIN: GET /api/plugins/client/@nocobase/plugin-formula-field/index.js","reqId":"c3e88573-bd91-48b2-a65f-6be4043f05cf","timestamp":"2024-02-19T11:31:22.370Z"}
{"level":"info","message":"END: GET /api/plugins/client/@nocobase/plugin-formula-field/index.js","req":{},"reqId":"c3e88573-bd91-48b2-a65f-6be4043f05cf","res":{"status":200},"responseTime":1,"timestamp":"2024-02-19T11:31:22.371Z"}
{"level":"info","message":"END: GET /api/plugins/client/@nocobase/plugin-iframe-block/index.js","req":{},"reqId":"4da882c5-8221-42ef-9469-722f35e5c985","res":{"status":200},"responseTime":4,"timestamp":"2024-02-19T11:31:22.373Z"}
{"level":"info","message":"BEGIN: GET /api/plugins/client/@nocobase/plugin-charts/index.js","reqId":"09d616c8-86b3-4f03-b57a-88d43ae9e817","timestamp":"2024-02-19T11:31:22.420Z"}
{"level":"info","message":"END: GET /api/plugins/client/@nocobase/plugin-charts/index.js","req":{},"reqId":"09d616c8-86b3-4f03-b57a-88d43ae9e817","res":{"status":200},"responseTime":6,"timestamp":"2024-02-19T11:31:22.426Z"}
{"level":"info","message":"BEGIN: GET /api/plugins/client/@nocobase/plugin-data-visualization/index.js","reqId":"e9c4f856-01c0-474b-ae76-467ca23c2690","timestamp":"2024-02-19T11:31:22.529Z"}
{"level":"info","message":"BEGIN: GET /api/plugins/client/@nocobase/plugin-auth/index.js","reqId":"20721c3f-ed35-465b-a05d-abd75e87bdd3","timestamp":"2024-02-19T11:31:22.530Z"}
{"level":"info","message":"END: GET /api/plugins/client/@nocobase/plugin-data-visualization/index.js","req":{},"reqId":"e9c4f856-01c0-474b-ae76-467ca23c2690","res":{"status":200},"responseTime":9,"timestamp":"2024-02-19T11:31:22.538Z"}
{"level":"info","message":"END: GET /api/plugins/client/@nocobase/plugin-auth/index.js","req":{},"reqId":"20721c3f-ed35-465b-a05d-abd75e87bdd3","res":{"status":200},"responseTime":9,"timestamp":"2024-02-19T11:31:22.539Z"}
{"level":"info","message":"BEGIN: GET /api/plugins/client/@nocobase/plugin-sms-auth/index.js","reqId":"1b2926f5-7ef3-4e4b-9b87-322dde191176","timestamp":"2024-02-19T11:31:22.697Z"}
{"level":"info","message":"END: GET /api/plugins/client/@nocobase/plugin-sms-auth/index.js","req":{},"reqId":"1b2926f5-7ef3-4e4b-9b87-322dde191176","res":{"status":200},"responseTime":4,"timestamp":"2024-02-19T11:31:22.701Z"}
{"level":"info","message":"BEGIN: GET /api/plugins/client/@nocobase/plugin-multi-app-manager/index.js","reqId":"ac3e1a7c-aafc-4294-b2a3-f11cb5cceb74","timestamp":"2024-02-19T11:31:22.741Z"}
{"level":"info","message":"END: GET /api/plugins/client/@nocobase/plugin-multi-app-manager/index.js","req":{},"reqId":"ac3e1a7c-aafc-4294-b2a3-f11cb5cceb74","res":{"status":200},"responseTime":13,"timestamp":"2024-02-19T11:31:22.754Z"}
{"level":"info","message":"BEGIN: GET /api/plugins/client/@nocobase/plugin-map/index.js","reqId":"03206999-6e38-4ea6-bf22-319fbf4badce","timestamp":"2024-02-19T11:31:22.857Z"}
{"level":"info","message":"END: GET /api/plugins/client/@nocobase/plugin-map/index.js","req":{},"reqId":"03206999-6e38-4ea6-bf22-319fbf4badce","res":{"status":200},"responseTime":2,"timestamp":"2024-02-19T11:31:22.859Z"}
{"level":"info","message":"BEGIN: GET /api/plugins/client/@nocobase/plugin-snapshot-field/index.js","reqId":"2ee0b255-dcb4-4182-b8e2-399a594ed5c1","timestamp":"2024-02-19T11:31:22.933Z"}
{"level":"info","message":"END: GET /api/plugins/client/@nocobase/plugin-snapshot-field/index.js","req":{},"reqId":"2ee0b255-dcb4-4182-b8e2-399a594ed5c1","res":{"status":200},"responseTime":5,"timestamp":"2024-02-19T11:31:22.938Z"}
{"level":"info","message":"BEGIN: GET /api/plugins/client/@nocobase/plugin-graph-collection-manager/index.js","reqId":"90f47ced-35e8-43a6-9966-de29b5d115d8","timestamp":"2024-02-19T11:31:23.097Z"}
{"level":"info","message":"END: GET /api/plugins/client/@nocobase/plugin-graph-collection-manager/index.js","req":{},"reqId":"90f47ced-35e8-43a6-9966-de29b5d115d8","res":{"status":200},"responseTime":5,"timestamp":"2024-02-19T11:31:23.102Z"}
{"level":"info","message":"BEGIN: GET /api/plugins/client/@nocobase/plugin-mobile-client/index.js","reqId":"185f2975-efe8-464f-a066-9dd4521e8372","timestamp":"2024-02-19T11:31:23.148Z"}
{"level":"info","message":"END: GET /api/plugins/client/@nocobase/plugin-mobile-client/index.js","req":{},"reqId":"185f2975-efe8-464f-a066-9dd4521e8372","res":{"status":200},"responseTime":3,"timestamp":"2024-02-19T11:31:23.151Z"}
{"level":"info","message":"BEGIN: GET /api/plugins/client/@nocobase/plugin-api-keys/index.js","reqId":"d4ef89e0-2cf0-42ea-87a8-3a7c9e6a6faf","timestamp":"2024-02-19T11:31:23.385Z"}
{"level":"info","message":"END: GET /api/plugins/client/@nocobase/plugin-api-keys/index.js","req":{},"reqId":"d4ef89e0-2cf0-42ea-87a8-3a7c9e6a6faf","res":{"status":200},"responseTime":26,"timestamp":"2024-02-19T11:31:23.411Z"}
{"level":"info","message":"BEGIN: GET /api/plugins/client/@nocobase/plugin-theme-editor/index.js","reqId":"e4ceecb4-4255-42bb-be31-6b831ed029c0","timestamp":"2024-02-19T11:31:23.570Z"}
{"level":"info","message":"END: GET /api/plugins/client/@nocobase/plugin-theme-editor/index.js","req":{},"reqId":"e4ceecb4-4255-42bb-be31-6b831ed029c0","res":{"status":200},"responseTime":14,"timestamp":"2024-02-19T11:31:23.583Z"}
{"level":"info","message":"BEGIN: GET /api/auth:check","reqId":"e5943bf1-47c3-41cb-b665-e5b55ae0e9ab","timestamp":"2024-02-19T11:31:24.699Z"}
{"expiredAt":"2024-01-23T12:39:31.000Z","level":"error","message":"jwt expired","name":"TokenExpiredError","reqId":"e5943bf1-47c3-41cb-b665-e5b55ae0e9ab","stack":"TokenExpiredError: jwt expired\n    at /root/my-nocobase-app/node_modules/jsonwebtoken/verify.js:152:21\n    at getSecret (/root/my-nocobase-app/node_modules/jsonwebtoken/verify.js:90:14)\n    at Object.module.exports [as verify] (/root/my-nocobase-app/node_modules/jsonwebtoken/verify.js:94:10)\n    at /root/my-nocobase-app/node_modules/@nocobase/auth/lib/base/jwt-service.js:53:31\n    at new Promise (<anonymous>)\n    at JwtService.decode (/root/my-nocobase-app/node_modules/@nocobase/auth/lib/base/jwt-service.js:52:12)\n    at /root/my-nocobase-app/node_modules/@nocobase/auth/lib/base/auth.js:41:55\n    at Generator.next (<anonymous>)\n    at asyncGeneratorStep (/root/my-nocobase-app/node_modules/@nocobase/auth/lib/base/auth.js:8:103)\n    at _next (/root/my-nocobase-app/node_modules/@nocobase/auth/lib/base/auth.js:9:194)","timestamp":"2024-02-19T11:31:24.709Z"}
{"can":null,"level":"info","message":"ctx permission","reqId":"e5943bf1-47c3-41cb-b665-e5b55ae0e9ab","skip":true,"timestamp":"2024-02-19T11:31:24.710Z"}
{"level":"info","message":"acl params","reqId":"e5943bf1-47c3-41cb-b665-e5b55ae0e9ab","timestamp":"2024-02-19T11:31:24.710Z"}
{"level":"info","message":"acl parsedParams","reqId":"e5943bf1-47c3-41cb-b665-e5b55ae0e9ab","timestamp":"2024-02-19T11:31:24.710Z"}
{"level":"info","message":"END: GET /api/auth:check","req":{"action":{"actionName":"check","params":{"actionName":"check","resourceName":"auth"},"resourceName":"auth"},"header":{"x-hostname":"cmreport.dsti.gov.sl","x-locale":"en-US","x-role":"ictAdmin","x-timezone":"-00:00"}},"reqId":"e5943bf1-47c3-41cb-b665-e5b55ae0e9ab","res":{"status":200},"responseTime":12,"timestamp":"2024-02-19T11:31:24.711Z"}
{"level":"info","message":"BEGIN: GET /api/uiSchemaTemplates:list?appends%5B%5D=collection&paginate=false","reqId":"ae654144-e434-40cc-bfee-ad68bc3e6884","timestamp":"2024-02-19T11:31:24.887Z"}
{"expiredAt":"2024-01-23T12:39:31.000Z","level":"error","message":"jwt expired","name":"TokenExpiredError","reqId":"ae654144-e434-40cc-bfee-ad68bc3e6884","stack":"TokenExpiredError: jwt expired\n    at /root/my-nocobase-app/node_modules/jsonwebtoken/verify.js:152:21\n    at getSecret (/root/my-nocobase-app/node_modules/jsonwebtoken/verify.js:90:14)\n    at Object.module.exports [as verify] (/root/my-nocobase-app/node_modules/jsonwebtoken/verify.js:94:10)\n    at /root/my-nocobase-app/node_modules/@nocobase/auth/lib/base/jwt-service.js:53:31\n    at new Promise (<anonymous>)\n    at JwtService.decode (/root/my-nocobase-app/node_modules/@nocobase/auth/lib/base/jwt-service.js:52:12)\n    at /root/my-nocobase-app/node_modules/@nocobase/auth/lib/base/auth.js:41:55\n    at Generator.next (<anonymous>)\n    at asyncGeneratorStep (/root/my-nocobase-app/node_modules/@nocobase/auth/lib/base/auth.js:8:103)\n    at _next (/root/my-nocobase-app/node_modules/@nocobase/auth/lib/base/auth.js:9:194)","timestamp":"2024-02-19T11:31:24.898Z"}
{"can":null,"level":"info","message":"ctx permission","reqId":"ae654144-e434-40cc-bfee-ad68bc3e6884","timestamp":"2024-02-19T11:31:24.899Z"}
{"level":"error","message":"No permissions","reqId":"ae654144-e434-40cc-bfee-ad68bc3e6884","stack":"ForbiddenError: No permissions\n    at Object.throw (/root/my-nocobase-app/node_modules/koa/lib/context.js:97:11)\n    at /root/my-nocobase-app/node_modules/@nocobase/acl/lib/acl.js:358:20\n    at Generator.next (<anonymous>)\n    at asyncGeneratorStep (/root/my-nocobase-app/node_modules/@nocobase/acl/lib/acl.js:42:103)\n    at _next (/root/my-nocobase-app/node_modules/@nocobase/acl/lib/acl.js:43:194)\n    at /root/my-nocobase-app/node_modules/@nocobase/acl/lib/acl.js:43:364\n    at new Promise (<anonymous>)\n    at /root/my-nocobase-app/node_modules/@nocobase/acl/lib/acl.js:43:97\n    at /root/my-nocobase-app/node_modules/@nocobase/acl/lib/acl.js:386:22\n    at dispatch (/root/my-nocobase-app/node_modules/koa-compose/index.js:42:32)","timestamp":"2024-02-19T11:31:24.899Z"}
{"errors":[{"message":"No permissions"}],"level":"warn","message":"END: GET /api/uiSchemaTemplates:list?appends%5B%5D=collection&paginate=false","req":{"action":{"actionName":"list","params":{"actionName":"list","appends":["collection"],"paginate":"false","resourceName":"uiSchemaTemplates"},"resourceName":"uiSchemaTemplates"},"header":{"x-hostname":"cmreport.dsti.gov.sl","x-locale":"en-US","x-role":"ictAdmin","x-timezone":"-00:00"}},"reqId":"ae654144-e434-40cc-bfee-ad68bc3e6884","res":{"status":403},"responseTime":13,"timestamp":"2024-02-19T11:31:24.900Z"}
{"level":"info","message":"BEGIN: GET /api/systemSettings:get/1?appends=logo","reqId":"8ccf66c5-add0-40f6-99d6-d747e4585a06","timestamp":"2024-02-19T11:31:25.087Z"}
{"expiredAt":"2024-01-23T12:39:31.000Z","level":"error","message":"jwt expired","name":"TokenExpiredError","reqId":"8ccf66c5-add0-40f6-99d6-d747e4585a06","stack":"TokenExpiredError: jwt expired\n    at /root/my-nocobase-app/node_modules/jsonwebtoken/verify.js:152:21\n    at getSecret (/root/my-nocobase-app/node_modules/jsonwebtoken/verify.js:90:14)\n    at Object.module.exports [as verify] (/root/my-nocobase-app/node_modules/jsonwebtoken/verify.js:94:10)\n    at /root/my-nocobase-app/node_modules/@nocobase/auth/lib/base/jwt-service.js:53:31\n    at new Promise (<anonymous>)\n    at JwtService.decode (/root/my-nocobase-app/node_modules/@nocobase/auth/lib/base/jwt-service.js:52:12)\n    at /root/my-nocobase-app/node_modules/@nocobase/auth/lib/base/auth.js:41:55\n    at Generator.next (<anonymous>)\n    at asyncGeneratorStep (/root/my-nocobase-app/node_modules/@nocobase/auth/lib/base/auth.js:8:103)\n    at _next (/root/my-nocobase-app/node_modules/@nocobase/auth/lib/base/auth.js:9:194)","timestamp":"2024-02-19T11:31:25.091Z"}
{"can":null,"level":"info","message":"ctx permission","reqId":"8ccf66c5-add0-40f6-99d6-d747e4585a06","skip":true,"timestamp":"2024-02-19T11:31:25.105Z"}
{"level":"info","message":"acl params","reqId":"8ccf66c5-add0-40f6-99d6-d747e4585a06","timestamp":"2024-02-19T11:31:25.105Z"}
{"level":"info","message":"acl parsedParams","reqId":"8ccf66c5-add0-40f6-99d6-d747e4585a06","timestamp":"2024-02-19T11:31:25.105Z"}
{"level":"info","message":"END: GET /api/systemSettings:get/1?appends=logo","req":{"action":{"actionName":"get","params":{"actionName":"get","appends":["logo"],"filterByTk":"1","resourceIndex":"1","resourceName":"systemSettings"},"resourceName":"systemSettings"},"header":{"x-hostname":"cmreport.dsti.gov.sl","x-locale":"en-US","x-role":"ictAdmin","x-timezone":"-00:00"}},"reqId":"8ccf66c5-add0-40f6-99d6-d747e4585a06","res":{"status":200},"responseTime":40,"timestamp":"2024-02-19T11:31:25.127Z"}
{"level":"info","message":"BEGIN: GET /api/app:getInfo","reqId":"8f97fbed-589f-4347-9aff-63622abbfa5a","timestamp":"2024-02-19T11:31:25.287Z"}
{"expiredAt":"2024-01-23T12:39:31.000Z","level":"error","message":"jwt expired","name":"TokenExpiredError","reqId":"8f97fbed-589f-4347-9aff-63622abbfa5a","stack":"TokenExpiredError: jwt expired\n    at /root/my-nocobase-app/node_modules/jsonwebtoken/verify.js:152:21\n    at getSecret (/root/my-nocobase-app/node_modules/jsonwebtoken/verify.js:90:14)\n    at Object.module.exports [as verify] (/root/my-nocobase-app/node_modules/jsonwebtoken/verify.js:94:10)\n    at /root/my-nocobase-app/node_modules/@nocobase/auth/lib/base/jwt-service.js:53:31\n    at new Promise (<anonymous>)\n    at JwtService.decode (/root/my-nocobase-app/node_modules/@nocobase/auth/lib/base/jwt-service.js:52:12)\n    at /root/my-nocobase-app/node_modules/@nocobase/auth/lib/base/auth.js:41:55\n    at Generator.next (<anonymous>)\n    at asyncGeneratorStep (/root/my-nocobase-app/node_modules/@nocobase/auth/lib/base/auth.js:8:103)\n    at _next (/root/my-nocobase-app/node_modules/@nocobase/auth/lib/base/auth.js:9:194)","timestamp":"2024-02-19T11:31:25.297Z"}
{"can":null,"level":"info","message":"ctx permission","reqId":"8f97fbed-589f-4347-9aff-63622abbfa5a","skip":true,"timestamp":"2024-02-19T11:31:25.298Z"}
{"level":"info","message":"acl params","reqId":"8f97fbed-589f-4347-9aff-63622abbfa5a","timestamp":"2024-02-19T11:31:25.302Z"}
{"level":"info","message":"acl parsedParams","reqId":"8f97fbed-589f-4347-9aff-63622abbfa5a","timestamp":"2024-02-19T11:31:25.302Z"}
{"level":"info","message":"END: GET /api/app:getInfo","req":{"action":{"actionName":"getInfo","params":{"actionName":"getInfo","resourceName":"app"},"resourceName":"app"},"header":{"x-hostname":"cmreport.dsti.gov.sl","x-locale":"en-US","x-role":"ictAdmin","x-timezone":"-00:00"}},"reqId":"8f97fbed-589f-4347-9aff-63622abbfa5a","res":{"status":200},"responseTime":31,"timestamp":"2024-02-19T11:31:25.318Z"}
{"level":"info","message":"BEGIN: POST /api/authenticators:publicList","reqId":"eedfbf10-abd0-4304-a40e-75b012c0f431","timestamp":"2024-02-19T11:31:25.478Z"}
{"expiredAt":"2024-01-23T12:39:31.000Z","level":"error","message":"jwt expired","name":"TokenExpiredError","reqId":"eedfbf10-abd0-4304-a40e-75b012c0f431","stack":"TokenExpiredError: jwt expired\n    at /root/my-nocobase-app/node_modules/jsonwebtoken/verify.js:152:21\n    at getSecret (/root/my-nocobase-app/node_modules/jsonwebtoken/verify.js:90:14)\n    at Object.module.exports [as verify] (/root/my-nocobase-app/node_modules/jsonwebtoken/verify.js:94:10)\n    at /root/my-nocobase-app/node_modules/@nocobase/auth/lib/base/jwt-service.js:53:31\n    at new Promise (<anonymous>)\n    at JwtService.decode (/root/my-nocobase-app/node_modules/@nocobase/auth/lib/base/jwt-service.js:52:12)\n    at /root/my-nocobase-app/node_modules/@nocobase/auth/lib/base/auth.js:41:55\n    at Generator.next (<anonymous>)\n    at asyncGeneratorStep (/root/my-nocobase-app/node_modules/@nocobase/auth/lib/base/auth.js:8:103)\n    at _next (/root/my-nocobase-app/node_modules/@nocobase/auth/lib/base/auth.js:9:194)","timestamp":"2024-02-19T11:31:25.491Z"}
{"can":null,"level":"info","message":"ctx permission","reqId":"eedfbf10-abd0-4304-a40e-75b012c0f431","skip":true,"timestamp":"2024-02-19T11:31:25.491Z"}
{"level":"info","message":"acl params","reqId":"eedfbf10-abd0-4304-a40e-75b012c0f431","timestamp":"2024-02-19T11:31:25.491Z"}
{"level":"info","message":"acl parsedParams","reqId":"eedfbf10-abd0-4304-a40e-75b012c0f431","timestamp":"2024-02-19T11:31:25.491Z"}
{"level":"info","message":"BEGIN: GET /api/themeConfig:list?sort=id&paginate=false","reqId":"d7a1beee-fb85-4140-be46-d456714226d9","timestamp":"2024-02-19T11:31:25.497Z"}
{"level":"info","message":"END: POST /api/authenticators:publicList","req":{"action":{"actionName":"publicList","params":{"actionName":"publicList","resourceName":"authenticators"},"resourceName":"authenticators"},"header":{"x-hostname":"cmreport.dsti.gov.sl","x-locale":"en-US","x-role":"ictAdmin","x-timezone":"-00:00"}},"reqId":"eedfbf10-abd0-4304-a40e-75b012c0f431","res":{"status":200},"responseTime":21,"timestamp":"2024-02-19T11:31:25.500Z"}
{"expiredAt":"2024-01-23T12:39:31.000Z","level":"error","message":"jwt expired","name":"TokenExpiredError","reqId":"d7a1beee-fb85-4140-be46-d456714226d9","stack":"TokenExpiredError: jwt expired\n    at /root/my-nocobase-app/node_modules/jsonwebtoken/verify.js:152:21\n    at getSecret (/root/my-nocobase-app/node_modules/jsonwebtoken/verify.js:90:14)\n    at Object.module.exports [as verify] (/root/my-nocobase-app/node_modules/jsonwebtoken/verify.js:94:10)\n    at /root/my-nocobase-app/node_modules/@nocobase/auth/lib/base/jwt-service.js:53:31\n    at new Promise (<anonymous>)\n    at JwtService.decode (/root/my-nocobase-app/node_modules/@nocobase/auth/lib/base/jwt-service.js:52:12)\n    at /root/my-nocobase-app/node_modules/@nocobase/auth/lib/base/auth.js:41:55\n    at Generator.next (<anonymous>)\n    at asyncGeneratorStep (/root/my-nocobase-app/node_modules/@nocobase/auth/lib/base/auth.js:8:103)\n    at _next (/root/my-nocobase-app/node_modules/@nocobase/auth/lib/base/auth.js:9:194)","timestamp":"2024-02-19T11:31:25.513Z"}
{"can":null,"level":"info","message":"ctx permission","reqId":"d7a1beee-fb85-4140-be46-d456714226d9","timestamp":"2024-02-19T11:31:25.514Z"}
{"level":"error","message":"No permissions","reqId":"d7a1beee-fb85-4140-be46-d456714226d9","stack":"ForbiddenError: No permissions\n    at Object.throw (/root/my-nocobase-app/node_modules/koa/lib/context.js:97:11)\n    at /root/my-nocobase-app/node_modules/@nocobase/acl/lib/acl.js:358:20\n    at Generator.next (<anonymous>)\n    at asyncGeneratorStep (/root/my-nocobase-app/node_modules/@nocobase/acl/lib/acl.js:42:103)\n    at _next (/root/my-nocobase-app/node_modules/@nocobase/acl/lib/acl.js:43:194)\n    at /root/my-nocobase-app/node_modules/@nocobase/acl/lib/acl.js:43:364\n    at new Promise (<anonymous>)\n    at /root/my-nocobase-app/node_modules/@nocobase/acl/lib/acl.js:43:97\n    at /root/my-nocobase-app/node_modules/@nocobase/acl/lib/acl.js:386:22\n    at dispatch (/root/my-nocobase-app/node_modules/koa-compose/index.js:42:32)","timestamp":"2024-02-19T11:31:25.514Z"}
{"errors":[{"message":"No permissions"}],"level":"warn","message":"END: GET /api/themeConfig:list?sort=id&paginate=false","req":{"action":{"actionName":"list","params":{"actionName":"list","paginate":"false","resourceName":"themeConfig","sort":["id"]},"resourceName":"themeConfig"},"header":{"x-hostname":"cmreport.dsti.gov.sl","x-locale":"en-US","x-role":"ictAdmin","x-timezone":"-00:00"}},"reqId":"d7a1beee-fb85-4140-be46-d456714226d9","res":{"status":403},"responseTime":17,"timestamp":"2024-02-19T11:31:25.514Z"}
{"level":"info","message":"BEGIN: POST /api/authenticators:publicList","reqId":"38f87100-7ade-4e1e-8f9c-bc213184a3ce","timestamp":"2024-02-19T11:31:25.664Z"}
{"expiredAt":"2024-01-23T12:39:31.000Z","level":"error","message":"jwt expired","name":"TokenExpiredError","reqId":"38f87100-7ade-4e1e-8f9c-bc213184a3ce","stack":"TokenExpiredError: jwt expired\n    at /root/my-nocobase-app/node_modules/jsonwebtoken/verify.js:152:21\n    at getSecret (/root/my-nocobase-app/node_modules/jsonwebtoken/verify.js:90:14)\n    at Object.module.exports [as verify] (/root/my-nocobase-app/node_modules/jsonwebtoken/verify.js:94:10)\n    at /root/my-nocobase-app/node_modules/@nocobase/auth/lib/base/jwt-service.js:53:31\n    at new Promise (<anonymous>)\n    at JwtService.decode (/root/my-nocobase-app/node_modules/@nocobase/auth/lib/base/jwt-service.js:52:12)\n    at /root/my-nocobase-app/node_modules/@nocobase/auth/lib/base/auth.js:41:55\n    at Generator.next (<anonymous>)\n    at asyncGeneratorStep (/root/my-nocobase-app/node_modules/@nocobase/auth/lib/base/auth.js:8:103)\n    at _next (/root/my-nocobase-app/node_modules/@nocobase/auth/lib/base/auth.js:9:194)","timestamp":"2024-02-19T11:31:25.674Z"}
{"can":null,"level":"info","message":"ctx permission","reqId":"38f87100-7ade-4e1e-8f9c-bc213184a3ce","skip":true,"timestamp":"2024-02-19T11:31:25.675Z"}
{"level":"info","message":"acl params","reqId":"38f87100-7ade-4e1e-8f9c-bc213184a3ce","timestamp":"2024-02-19T11:31:25.675Z"}
{"level":"info","message":"acl parsedParams","reqId":"38f87100-7ade-4e1e-8f9c-bc213184a3ce","timestamp":"2024-02-19T11:31:25.675Z"}
{"level":"info","message":"END: POST /api/authenticators:publicList","req":{"action":{"actionName":"publicList","params":{"actionName":"publicList","resourceName":"authenticators"},"resourceName":"authenticators"},"header":{"x-hostname":"cmreport.dsti.gov.sl","x-locale":"en-US","x-role":"ictAdmin","x-timezone":"-00:00"}},"reqId":"38f87100-7ade-4e1e-8f9c-bc213184a3ce","res":{"status":200},"responseTime":13,"timestamp":"2024-02-19T11:31:25.677Z"}
