{"level":"info","message":"BEGIN: POST /api/chartsQueries:listMetadata?paginate=false&sort%5B%5D=-id","reqId":"061c12a9-d6d1-4c7c-9196-c7e804449026","timestamp":"2023-09-12T23:36:26.596Z"}
{"level":"info","message":"BEGIN: GET /api/collections:list?pageSize=50&sort%5B%5D=sort&appends%5B%5D=fields&appends%5B%5D=category&filter=%7B%22hidden%22%3A%7B%22%24isFalsy%22%3Atrue%7D%7D","reqId":"94f50940-91c7-428d-acbc-c09466370579","timestamp":"2023-09-12T23:36:26.620Z"}
{"can":null,"level":"info","message":"ctx permission","reqId":"061c12a9-d6d1-4c7c-9196-c7e804449026","timestamp":"2023-09-12T23:36:26.639Z"}
{"headers":{"Access-Control-Allow-Origin":"https://cmreport.dsti.gov.sl","Access-Control-Expose-Headers":"content-disposition","vary":"Origin"},"level":"error","message":"No permissions","reqId":"061c12a9-d6d1-4c7c-9196-c7e804449026","stack":"ForbiddenError: No permissions\n    at Object.throw (/root/my-nocobase-app/node_modules/koa/lib/context.js:97:11)\n    at /root/my-nocobase-app/node_modules/@nocobase/acl/lib/acl.js:358:20\n    at Generator.next (<anonymous>)\n    at asyncGeneratorStep (/root/my-nocobase-app/node_modules/@nocobase/acl/lib/acl.js:42:103)\n    at _next (/root/my-nocobase-app/node_modules/@nocobase/acl/lib/acl.js:43:194)\n    at /root/my-nocobase-app/node_modules/@nocobase/acl/lib/acl.js:43:364\n    at new Promise (<anonymous>)\n    at /root/my-nocobase-app/node_modules/@nocobase/acl/lib/acl.js:43:97\n    at /root/my-nocobase-app/node_modules/@nocobase/acl/lib/acl.js:386:22\n    at dispatch (/root/my-nocobase-app/node_modules/koa-compose/index.js:42:32)","timestamp":"2023-09-12T23:36:26.640Z"}
{"errors":[{"message":"No permissions"}],"level":"warn","message":"END: POST /api/chartsQueries:listMetadata?paginate=false&sort%5B%5D=-id","req":{"action":{"actionName":"listMetadata","params":{"actionName":"listMetadata","paginate":"false","resourceName":"chartsQueries","sort":["-id"]},"resourceName":"chartsQueries"},"header":{"x-hostname":"cmreport.dsti.gov.sl","x-locale":"en-US","x-role":"admin","x-timezone":"-00:00"}},"reqId":"061c12a9-d6d1-4c7c-9196-c7e804449026","res":{"status":403},"responseTime":44,"timestamp":"2023-09-12T23:36:26.640Z"}
{"can":null,"level":"info","message":"ctx permission","reqId":"94f50940-91c7-428d-acbc-c09466370579","timestamp":"2023-09-12T23:36:26.659Z"}
{"level":"error","message":"No permissions","reqId":"94f50940-91c7-428d-acbc-c09466370579","stack":"ForbiddenError: No permissions\n    at Object.throw (/root/my-nocobase-app/node_modules/koa/lib/context.js:97:11)\n    at /root/my-nocobase-app/node_modules/@nocobase/acl/lib/acl.js:358:20\n    at Generator.next (<anonymous>)\n    at asyncGeneratorStep (/root/my-nocobase-app/node_modules/@nocobase/acl/lib/acl.js:42:103)\n    at _next (/root/my-nocobase-app/node_modules/@nocobase/acl/lib/acl.js:43:194)\n    at /root/my-nocobase-app/node_modules/@nocobase/acl/lib/acl.js:43:364\n    at new Promise (<anonymous>)\n    at /root/my-nocobase-app/node_modules/@nocobase/acl/lib/acl.js:43:97\n    at /root/my-nocobase-app/node_modules/@nocobase/acl/lib/acl.js:386:22\n    at dispatch (/root/my-nocobase-app/node_modules/koa-compose/index.js:42:32)","timestamp":"2023-09-12T23:36:26.660Z"}
{"errors":[{"message":"No permissions"}],"level":"warn","message":"END: GET /api/collections:list?pageSize=50&sort%5B%5D=sort&appends%5B%5D=fields&appends%5B%5D=category&filter=%7B%22hidden%22%3A%7B%22%24isFalsy%22%3Atrue%7D%7D","req":{"action":{"actionName":"list","params":{"actionName":"list","appends":["fields","category"],"filter":{"hidden":{"$isFalsy":true}},"pageSize":"50","resourceName":"collections","sort":["sort"]},"resourceName":"collections"},"header":{"x-hostname":"cmreport.dsti.gov.sl","x-locale":"en-US","x-role":"admin","x-timezone":"-00:00"}},"reqId":"94f50940-91c7-428d-acbc-c09466370579","res":{"status":403},"responseTime":41,"timestamp":"2023-09-12T23:36:26.660Z"}
{"level":"info","message":"BEGIN: GET /api/app:getInfo","reqId":"05e774b2-41b8-4489-9f04-1c533fb9d951","timestamp":"2023-09-12T23:36:26.927Z"}
{"can":null,"level":"info","message":"ctx permission","reqId":"05e774b2-41b8-4489-9f04-1c533fb9d951","skip":true,"timestamp":"2023-09-12T23:36:26.931Z"}
{"level":"info","message":"acl params","reqId":"05e774b2-41b8-4489-9f04-1c533fb9d951","timestamp":"2023-09-12T23:36:26.931Z"}
{"level":"info","message":"acl parsedParams","reqId":"05e774b2-41b8-4489-9f04-1c533fb9d951","timestamp":"2023-09-12T23:36:26.932Z"}
{"level":"info","message":"END: GET /api/app:getInfo","req":{"action":{"actionName":"getInfo","params":{"actionName":"getInfo","resourceName":"app"},"resourceName":"app"},"header":{"x-hostname":"cmreport.dsti.gov.sl","x-locale":"en-US","x-role":"admin","x-timezone":"-00:00"}},"reqId":"05e774b2-41b8-4489-9f04-1c533fb9d951","res":{"status":200},"responseTime":7,"timestamp":"2023-09-12T23:36:26.935Z"}
{"level":"info","message":"BEGIN: GET /api/uiSchemaTemplates:list?appends%5B%5D=collection&paginate=false","reqId":"ea446ab4-d62c-4fae-8b19-7f013841b41a","timestamp":"2023-09-12T23:36:27.177Z"}
{"can":null,"level":"info","message":"ctx permission","reqId":"ea446ab4-d62c-4fae-8b19-7f013841b41a","timestamp":"2023-09-12T23:36:27.191Z"}
{"level":"error","message":"No permissions","reqId":"ea446ab4-d62c-4fae-8b19-7f013841b41a","stack":"ForbiddenError: No permissions\n    at Object.throw (/root/my-nocobase-app/node_modules/koa/lib/context.js:97:11)\n    at /root/my-nocobase-app/node_modules/@nocobase/acl/lib/acl.js:358:20\n    at Generator.next (<anonymous>)\n    at asyncGeneratorStep (/root/my-nocobase-app/node_modules/@nocobase/acl/lib/acl.js:42:103)\n    at _next (/root/my-nocobase-app/node_modules/@nocobase/acl/lib/acl.js:43:194)\n    at /root/my-nocobase-app/node_modules/@nocobase/acl/lib/acl.js:43:364\n    at new Promise (<anonymous>)\n    at /root/my-nocobase-app/node_modules/@nocobase/acl/lib/acl.js:43:97\n    at /root/my-nocobase-app/node_modules/@nocobase/acl/lib/acl.js:386:22\n    at dispatch (/root/my-nocobase-app/node_modules/koa-compose/index.js:42:32)","timestamp":"2023-09-12T23:36:27.192Z"}
{"errors":[{"message":"No permissions"}],"level":"warn","message":"END: GET /api/uiSchemaTemplates:list?appends%5B%5D=collection&paginate=false","req":{"action":{"actionName":"list","params":{"actionName":"list","appends":["collection"],"paginate":"false","resourceName":"uiSchemaTemplates"},"resourceName":"uiSchemaTemplates"},"header":{"x-hostname":"cmreport.dsti.gov.sl","x-locale":"en-US","x-role":"admin","x-timezone":"-00:00"}},"reqId":"ea446ab4-d62c-4fae-8b19-7f013841b41a","res":{"status":403},"responseTime":15,"timestamp":"2023-09-12T23:36:27.192Z"}
{"level":"info","message":"BEGIN: GET /api/collections:list?paginate=false&appends%5B%5D=fields&appends%5B%5D=category&sort%5B%5D=sort&filter=%7B%7D","reqId":"cbbbe098-82b8-447f-ba8f-79f70fd05abe","timestamp":"2023-09-12T23:36:27.406Z"}
{"level":"info","message":"BEGIN: GET /api/collectionCategories:list?paginate=false&sort%5B%5D=sort","reqId":"afcaae05-cf3a-40db-92f1-6d5bc0e025da","timestamp":"2023-09-12T23:36:27.409Z"}
{"can":null,"level":"info","message":"ctx permission","reqId":"cbbbe098-82b8-447f-ba8f-79f70fd05abe","timestamp":"2023-09-12T23:36:27.420Z"}
{"level":"error","message":"No permissions","reqId":"cbbbe098-82b8-447f-ba8f-79f70fd05abe","stack":"ForbiddenError: No permissions\n    at Object.throw (/root/my-nocobase-app/node_modules/koa/lib/context.js:97:11)\n    at /root/my-nocobase-app/node_modules/@nocobase/acl/lib/acl.js:358:20\n    at Generator.next (<anonymous>)\n    at asyncGeneratorStep (/root/my-nocobase-app/node_modules/@nocobase/acl/lib/acl.js:42:103)\n    at _next (/root/my-nocobase-app/node_modules/@nocobase/acl/lib/acl.js:43:194)\n    at /root/my-nocobase-app/node_modules/@nocobase/acl/lib/acl.js:43:364\n    at new Promise (<anonymous>)\n    at /root/my-nocobase-app/node_modules/@nocobase/acl/lib/acl.js:43:97\n    at /root/my-nocobase-app/node_modules/@nocobase/acl/lib/acl.js:386:22\n    at dispatch (/root/my-nocobase-app/node_modules/koa-compose/index.js:42:32)","timestamp":"2023-09-12T23:36:27.421Z"}
{"errors":[{"message":"No permissions"}],"level":"warn","message":"END: GET /api/collections:list?paginate=false&appends%5B%5D=fields&appends%5B%5D=category&sort%5B%5D=sort&filter=%7B%7D","req":{"action":{"actionName":"list","params":{"actionName":"list","appends":["fields","category"],"filter":{},"paginate":"false","resourceName":"collections","sort":["sort"]},"resourceName":"collections"},"header":{"x-hostname":"cmreport.dsti.gov.sl","x-locale":"en-US","x-role":"admin","x-timezone":"-00:00"}},"reqId":"cbbbe098-82b8-447f-ba8f-79f70fd05abe","res":{"status":403},"responseTime":15,"timestamp":"2023-09-12T23:36:27.421Z"}
{"can":null,"level":"info","message":"ctx permission","reqId":"afcaae05-cf3a-40db-92f1-6d5bc0e025da","timestamp":"2023-09-12T23:36:27.423Z"}
{"level":"error","message":"No permissions","reqId":"afcaae05-cf3a-40db-92f1-6d5bc0e025da","stack":"ForbiddenError: No permissions\n    at Object.throw (/root/my-nocobase-app/node_modules/koa/lib/context.js:97:11)\n    at /root/my-nocobase-app/node_modules/@nocobase/acl/lib/acl.js:358:20\n    at Generator.next (<anonymous>)\n    at asyncGeneratorStep (/root/my-nocobase-app/node_modules/@nocobase/acl/lib/acl.js:42:103)\n    at _next (/root/my-nocobase-app/node_modules/@nocobase/acl/lib/acl.js:43:194)\n    at /root/my-nocobase-app/node_modules/@nocobase/acl/lib/acl.js:43:364\n    at new Promise (<anonymous>)\n    at /root/my-nocobase-app/node_modules/@nocobase/acl/lib/acl.js:43:97\n    at /root/my-nocobase-app/node_modules/@nocobase/acl/lib/acl.js:386:22\n    at dispatch (/root/my-nocobase-app/node_modules/koa-compose/index.js:42:32)","timestamp":"2023-09-12T23:36:27.424Z"}
{"errors":[{"message":"No permissions"}],"level":"warn","message":"END: GET /api/collectionCategories:list?paginate=false&sort%5B%5D=sort","req":{"action":{"actionName":"list","params":{"actionName":"list","paginate":"false","resourceName":"collectionCategories","sort":["sort"]},"resourceName":"collectionCategories"},"header":{"x-hostname":"cmreport.dsti.gov.sl","x-locale":"en-US","x-role":"admin","x-timezone":"-00:00"}},"reqId":"afcaae05-cf3a-40db-92f1-6d5bc0e025da","res":{"status":403},"responseTime":15,"timestamp":"2023-09-12T23:36:27.424Z"}
{"level":"info","message":"BEGIN: GET /api/roles:check","reqId":"3e850eab-89fe-4e79-8c51-5965ab085f55","timestamp":"2023-09-12T23:36:27.731Z"}
{"can":null,"level":"info","message":"ctx permission","reqId":"3e850eab-89fe-4e79-8c51-5965ab085f55","timestamp":"2023-09-12T23:36:27.736Z"}
{"level":"error","message":"No permissions","reqId":"3e850eab-89fe-4e79-8c51-5965ab085f55","stack":"ForbiddenError: No permissions\n    at Object.throw (/root/my-nocobase-app/node_modules/koa/lib/context.js:97:11)\n    at /root/my-nocobase-app/node_modules/@nocobase/acl/lib/acl.js:358:20\n    at Generator.next (<anonymous>)\n    at asyncGeneratorStep (/root/my-nocobase-app/node_modules/@nocobase/acl/lib/acl.js:42:103)\n    at _next (/root/my-nocobase-app/node_modules/@nocobase/acl/lib/acl.js:43:194)\n    at /root/my-nocobase-app/node_modules/@nocobase/acl/lib/acl.js:43:364\n    at new Promise (<anonymous>)\n    at /root/my-nocobase-app/node_modules/@nocobase/acl/lib/acl.js:43:97\n    at /root/my-nocobase-app/node_modules/@nocobase/acl/lib/acl.js:386:22\n    at dispatch (/root/my-nocobase-app/node_modules/koa-compose/index.js:42:32)","timestamp":"2023-09-12T23:36:27.741Z"}
{"errors":[{"message":"No permissions"}],"level":"warn","message":"END: GET /api/roles:check","req":{"action":{"actionName":"check","params":{"actionName":"check","resourceName":"roles"},"resourceName":"roles"},"header":{"x-hostname":"cmreport.dsti.gov.sl","x-locale":"en-US","x-role":"admin","x-timezone":"-00:00"}},"reqId":"3e850eab-89fe-4e79-8c51-5965ab085f55","res":{"status":403},"responseTime":10,"timestamp":"2023-09-12T23:36:27.741Z"}
{"level":"info","message":"BEGIN: POST /api/authenticators:publicList","reqId":"ab4391f8-48bd-458a-94b3-3bd7a4763557","timestamp":"2023-09-12T23:36:28.027Z"}
{"can":null,"level":"info","message":"ctx permission","reqId":"ab4391f8-48bd-458a-94b3-3bd7a4763557","skip":true,"timestamp":"2023-09-12T23:36:28.038Z"}
{"level":"info","message":"acl params","reqId":"ab4391f8-48bd-458a-94b3-3bd7a4763557","timestamp":"2023-09-12T23:36:28.039Z"}
{"level":"info","message":"acl parsedParams","reqId":"ab4391f8-48bd-458a-94b3-3bd7a4763557","timestamp":"2023-09-12T23:36:28.039Z"}
{"level":"info","message":"END: POST /api/authenticators:publicList","req":{"action":{"actionName":"publicList","params":{"actionName":"publicList","resourceName":"authenticators"},"resourceName":"authenticators"},"header":{"x-hostname":"cmreport.dsti.gov.sl","x-locale":"en-US","x-role":"admin","x-timezone":"-00:00"}},"reqId":"ab4391f8-48bd-458a-94b3-3bd7a4763557","res":{"status":200},"responseTime":13,"timestamp":"2023-09-12T23:36:28.040Z"}
{"level":"info","message":"BEGIN: POST /api/auth:signIn","reqId":"1c9d9829-f53e-4796-9b12-46865fafdb4a","timestamp":"2023-09-12T23:36:36.603Z"}
{"can":null,"level":"info","message":"ctx permission","reqId":"1c9d9829-f53e-4796-9b12-46865fafdb4a","skip":true,"timestamp":"2023-09-12T23:36:36.609Z"}
{"level":"info","message":"acl params","reqId":"1c9d9829-f53e-4796-9b12-46865fafdb4a","timestamp":"2023-09-12T23:36:36.609Z"}
{"level":"info","message":"acl parsedParams","reqId":"1c9d9829-f53e-4796-9b12-46865fafdb4a","timestamp":"2023-09-12T23:36:36.609Z"}
{"level":"info","message":"END: POST /api/auth:signIn","req":{"action":{"actionName":"signIn","params":{"actionName":"signIn","resourceName":"auth","values":{"email":"les.kamara@dsti.gov.sl","password":"les@2023"}},"resourceName":"auth"},"header":{"x-hostname":"cmreport.dsti.gov.sl","x-locale":"en-US","x-role":"admin","x-timezone":"-00:00"}},"reqId":"1c9d9829-f53e-4796-9b12-46865fafdb4a","res":{"status":200},"responseTime":84,"timestamp":"2023-09-12T23:36:36.686Z"}
{"level":"info","message":"BEGIN: GET /api/auth:check","reqId":"aac6b377-c1b4-4eaa-bbc4-a6e544c48293","timestamp":"2023-09-12T23:36:36.871Z"}
{"can":null,"level":"info","message":"ctx permission","reqId":"aac6b377-c1b4-4eaa-bbc4-a6e544c48293","skip":true,"timestamp":"2023-09-12T23:36:36.884Z"}
{"level":"info","message":"acl params","reqId":"aac6b377-c1b4-4eaa-bbc4-a6e544c48293","timestamp":"2023-09-12T23:36:36.886Z"}
{"level":"info","message":"acl parsedParams","reqId":"aac6b377-c1b4-4eaa-bbc4-a6e544c48293","timestamp":"2023-09-12T23:36:36.886Z"}
{"level":"info","message":"END: GET /api/auth:check","req":{"action":{"actionName":"check","params":{"actionName":"check","resourceName":"auth"},"resourceName":"auth"},"header":{"x-hostname":"cmreport.dsti.gov.sl","x-locale":"en-US","x-role":"admin","x-timezone":"-00:00"}},"reqId":"aac6b377-c1b4-4eaa-bbc4-a6e544c48293","res":{"status":200},"responseTime":16,"timestamp":"2023-09-12T23:36:36.887Z"}
{"level":"info","message":"BEGIN: GET /api/uiSchemaTemplates:list?appends%5B%5D=collection&paginate=false","reqId":"d34a5b18-2515-4ddc-97ae-3e2e4f10f99a","timestamp":"2023-09-12T23:36:37.255Z"}
{"can":{"action":"list","resource":"uiSchemaTemplates","role":"admin"},"level":"info","message":"ctx permission","reqId":"d34a5b18-2515-4ddc-97ae-3e2e4f10f99a","skip":true,"timestamp":"2023-09-12T23:36:37.265Z"}
{"level":"info","message":"acl params","reqId":"d34a5b18-2515-4ddc-97ae-3e2e4f10f99a","timestamp":"2023-09-12T23:36:37.265Z"}
{"level":"info","message":"acl parsedParams","reqId":"d34a5b18-2515-4ddc-97ae-3e2e4f10f99a","timestamp":"2023-09-12T23:36:37.265Z"}
{"level":"info","message":"END: GET /api/uiSchemaTemplates:list?appends%5B%5D=collection&paginate=false","req":{"action":{"actionName":"list","params":{"actionName":"list","appends":["collection"],"paginate":"false","resourceName":"uiSchemaTemplates"},"resourceName":"uiSchemaTemplates"},"header":{"x-hostname":"cmreport.dsti.gov.sl","x-locale":"en-US","x-role":"admin","x-timezone":"-00:00"}},"reqId":"d34a5b18-2515-4ddc-97ae-3e2e4f10f99a","res":{"status":200},"responseTime":15,"timestamp":"2023-09-12T23:36:37.271Z"}
{"level":"info","message":"BEGIN: GET /api/systemSettings:get/1?appends=logo","reqId":"0c71dcfb-750b-4183-9a16-2a6f61f612b6","timestamp":"2023-09-12T23:36:37.550Z"}
{"can":{"action":"get","resource":"systemSettings","role":"admin"},"level":"info","message":"ctx permission","reqId":"0c71dcfb-750b-4183-9a16-2a6f61f612b6","skip":true,"timestamp":"2023-09-12T23:36:37.564Z"}
{"level":"info","message":"acl params","reqId":"0c71dcfb-750b-4183-9a16-2a6f61f612b6","timestamp":"2023-09-12T23:36:37.564Z"}
{"level":"info","message":"acl parsedParams","reqId":"0c71dcfb-750b-4183-9a16-2a6f61f612b6","timestamp":"2023-09-12T23:36:37.565Z"}
{"level":"info","message":"END: GET /api/systemSettings:get/1?appends=logo","req":{"action":{"actionName":"get","params":{"actionName":"get","appends":["logo"],"filterByTk":"1","resourceIndex":"1","resourceName":"systemSettings"},"resourceName":"systemSettings"},"header":{"x-hostname":"cmreport.dsti.gov.sl","x-locale":"en-US","x-role":"admin","x-timezone":"-00:00"}},"reqId":"0c71dcfb-750b-4183-9a16-2a6f61f612b6","res":{"status":200},"responseTime":43,"timestamp":"2023-09-12T23:36:37.593Z"}
{"level":"info","message":"BEGIN: POST /api/chartsQueries:listMetadata?paginate=false&sort%5B%5D=-id","reqId":"fc257dd3-8809-4504-b987-85e7432aade7","timestamp":"2023-09-12T23:36:37.947Z"}
{"level":"info","message":"BEGIN: GET /api/app:getInfo","reqId":"d347f42e-83d5-4eaa-a086-8712e24c8372","timestamp":"2023-09-12T23:36:37.962Z"}
{"can":{"action":"listMetadata","resource":"chartsQueries","role":"admin"},"level":"info","message":"ctx permission","reqId":"fc257dd3-8809-4504-b987-85e7432aade7","skip":true,"timestamp":"2023-09-12T23:36:37.965Z"}
{"level":"info","message":"acl params","reqId":"fc257dd3-8809-4504-b987-85e7432aade7","timestamp":"2023-09-12T23:36:37.966Z"}
{"level":"info","message":"acl parsedParams","reqId":"fc257dd3-8809-4504-b987-85e7432aade7","timestamp":"2023-09-12T23:36:37.966Z"}
{"level":"info","message":"END: POST /api/chartsQueries:listMetadata?paginate=false&sort%5B%5D=-id","req":{"action":{"actionName":"listMetadata","params":{"actionName":"listMetadata","paginate":"false","resourceName":"chartsQueries","sort":["-id"]},"resourceName":"chartsQueries"},"header":{"x-hostname":"cmreport.dsti.gov.sl","x-locale":"en-US","x-role":"admin","x-timezone":"-00:00"}},"reqId":"fc257dd3-8809-4504-b987-85e7432aade7","res":{"status":200},"responseTime":23,"timestamp":"2023-09-12T23:36:37.970Z"}
{"can":null,"level":"info","message":"ctx permission","reqId":"d347f42e-83d5-4eaa-a086-8712e24c8372","skip":true,"timestamp":"2023-09-12T23:36:37.977Z"}
{"level":"info","message":"acl params","reqId":"d347f42e-83d5-4eaa-a086-8712e24c8372","timestamp":"2023-09-12T23:36:37.977Z"}
{"level":"info","message":"acl parsedParams","reqId":"d347f42e-83d5-4eaa-a086-8712e24c8372","timestamp":"2023-09-12T23:36:37.977Z"}
{"level":"info","message":"END: GET /api/app:getInfo","req":{"action":{"actionName":"getInfo","params":{"actionName":"getInfo","resourceName":"app"},"resourceName":"app"},"header":{"x-hostname":"cmreport.dsti.gov.sl","x-locale":"en-US","x-role":"admin","x-timezone":"-00:00"}},"reqId":"d347f42e-83d5-4eaa-a086-8712e24c8372","res":{"status":200},"responseTime":17,"timestamp":"2023-09-12T23:36:37.980Z"}
{"level":"info","message":"BEGIN: GET /api/app:getInfo","reqId":"17862501-3fc2-45a3-a1a3-5dfc3d07ff44","timestamp":"2023-09-12T23:36:38.287Z"}
{"can":null,"level":"info","message":"ctx permission","reqId":"17862501-3fc2-45a3-a1a3-5dfc3d07ff44","skip":true,"timestamp":"2023-09-12T23:36:38.301Z"}
{"level":"info","message":"acl params","reqId":"17862501-3fc2-45a3-a1a3-5dfc3d07ff44","timestamp":"2023-09-12T23:36:38.302Z"}
{"level":"info","message":"acl parsedParams","reqId":"17862501-3fc2-45a3-a1a3-5dfc3d07ff44","timestamp":"2023-09-12T23:36:38.302Z"}
{"level":"info","message":"END: GET /api/app:getInfo","req":{"action":{"actionName":"getInfo","params":{"actionName":"getInfo","resourceName":"app"},"resourceName":"app"},"header":{"x-hostname":"cmreport.dsti.gov.sl","x-locale":"en-US","x-role":"admin","x-timezone":"-00:00"}},"reqId":"17862501-3fc2-45a3-a1a3-5dfc3d07ff44","res":{"status":200},"responseTime":29,"timestamp":"2023-09-12T23:36:38.316Z"}
{"level":"info","message":"BEGIN: GET /api/uiSchemaTemplates:list?appends%5B%5D=collection&paginate=false","reqId":"32f48ab5-298a-48ad-a6a7-0971760c83c0","timestamp":"2023-09-12T23:36:38.703Z"}
{"can":{"action":"list","resource":"uiSchemaTemplates","role":"admin"},"level":"info","message":"ctx permission","reqId":"32f48ab5-298a-48ad-a6a7-0971760c83c0","skip":true,"timestamp":"2023-09-12T23:36:38.724Z"}
{"level":"info","message":"acl params","reqId":"32f48ab5-298a-48ad-a6a7-0971760c83c0","timestamp":"2023-09-12T23:36:38.725Z"}
{"level":"info","message":"acl parsedParams","reqId":"32f48ab5-298a-48ad-a6a7-0971760c83c0","timestamp":"2023-09-12T23:36:38.725Z"}
{"level":"info","message":"END: GET /api/uiSchemaTemplates:list?appends%5B%5D=collection&paginate=false","req":{"action":{"actionName":"list","params":{"actionName":"list","appends":["collection"],"paginate":"false","resourceName":"uiSchemaTemplates"},"resourceName":"uiSchemaTemplates"},"header":{"x-hostname":"cmreport.dsti.gov.sl","x-locale":"en-US","x-role":"admin","x-timezone":"-00:00"}},"reqId":"32f48ab5-298a-48ad-a6a7-0971760c83c0","res":{"status":200},"responseTime":27,"timestamp":"2023-09-12T23:36:38.730Z"}
{"level":"info","message":"BEGIN: GET /api/collections:list?paginate=false&appends%5B%5D=fields&appends%5B%5D=category&sort%5B%5D=sort&filter=%7B%7D","reqId":"69631c25-ec3d-4442-9150-2e43c789877e","timestamp":"2023-09-12T23:36:38.977Z"}
{"level":"info","message":"BEGIN: GET /api/collectionCategories:list?paginate=false&sort%5B%5D=sort","reqId":"1f8f4954-16c1-4589-a69a-024a32bcfde3","timestamp":"2023-09-12T23:36:38.980Z"}
{"can":{"action":"list","resource":"collections","role":"admin"},"level":"info","message":"ctx permission","reqId":"69631c25-ec3d-4442-9150-2e43c789877e","skip":true,"timestamp":"2023-09-12T23:36:39.008Z"}
{"level":"info","message":"acl params","reqId":"69631c25-ec3d-4442-9150-2e43c789877e","timestamp":"2023-09-12T23:36:39.008Z"}
{"level":"info","message":"acl parsedParams","reqId":"69631c25-ec3d-4442-9150-2e43c789877e","timestamp":"2023-09-12T23:36:39.008Z"}
{"can":{"action":"list","resource":"collectionCategories","role":"admin"},"level":"info","message":"ctx permission","reqId":"1f8f4954-16c1-4589-a69a-024a32bcfde3","skip":true,"timestamp":"2023-09-12T23:36:39.009Z"}
{"level":"info","message":"acl params","reqId":"1f8f4954-16c1-4589-a69a-024a32bcfde3","timestamp":"2023-09-12T23:36:39.010Z"}
{"level":"info","message":"acl parsedParams","reqId":"1f8f4954-16c1-4589-a69a-024a32bcfde3","timestamp":"2023-09-12T23:36:39.010Z"}
{"level":"info","message":"END: GET /api/collectionCategories:list?paginate=false&sort%5B%5D=sort","req":{"action":{"actionName":"list","params":{"actionName":"list","paginate":"false","resourceName":"collectionCategories","sort":["sort"]},"resourceName":"collectionCategories"},"header":{"x-hostname":"cmreport.dsti.gov.sl","x-locale":"en-US","x-role":"admin","x-timezone":"-00:00"}},"reqId":"1f8f4954-16c1-4589-a69a-024a32bcfde3","res":{"status":200},"responseTime":69,"timestamp":"2023-09-12T23:36:39.049Z"}
{"level":"info","message":"END: GET /api/collections:list?paginate=false&appends%5B%5D=fields&appends%5B%5D=category&sort%5B%5D=sort&filter=%7B%7D","req":{"action":{"actionName":"list","params":{"actionName":"list","appends":["fields","category"],"filter":{},"paginate":"false","resourceName":"collections","sort":["sort"]},"resourceName":"collections"},"header":{"x-hostname":"cmreport.dsti.gov.sl","x-locale":"en-US","x-role":"admin","x-timezone":"-00:00"}},"reqId":"69631c25-ec3d-4442-9150-2e43c789877e","res":{"status":200},"responseTime":88,"timestamp":"2023-09-12T23:36:39.065Z"}
{"level":"info","message":"BEGIN: GET /api/roles:check","reqId":"d3834d52-9f0e-4b98-8eac-61dffc9d0c57","timestamp":"2023-09-12T23:36:39.294Z"}
{"can":{"action":"check","resource":"roles","role":"admin"},"level":"info","message":"ctx permission","reqId":"d3834d52-9f0e-4b98-8eac-61dffc9d0c57","skip":true,"timestamp":"2023-09-12T23:36:39.302Z"}
{"level":"info","message":"acl params","reqId":"d3834d52-9f0e-4b98-8eac-61dffc9d0c57","timestamp":"2023-09-12T23:36:39.302Z"}
{"level":"info","message":"acl parsedParams","reqId":"d3834d52-9f0e-4b98-8eac-61dffc9d0c57","timestamp":"2023-09-12T23:36:39.302Z"}
{"level":"info","message":"END: GET /api/roles:check","req":{"action":{"actionName":"check","params":{"actionName":"check","resourceName":"roles"},"resourceName":"roles"},"header":{"x-hostname":"cmreport.dsti.gov.sl","x-locale":"en-US","x-role":"admin","x-timezone":"-00:00"}},"reqId":"d3834d52-9f0e-4b98-8eac-61dffc9d0c57","res":{"status":200},"responseTime":15,"timestamp":"2023-09-12T23:36:39.309Z"}
{"level":"info","message":"BEGIN: GET /api/uiSchemas:getJsonSchema/67k1kzxic9c","reqId":"1b410c68-828c-43c3-a3cb-225df9253280","timestamp":"2023-09-12T23:36:39.707Z"}
{"can":null,"level":"info","message":"ctx permission","reqId":"1b410c68-828c-43c3-a3cb-225df9253280","skip":true,"timestamp":"2023-09-12T23:36:39.716Z"}
{"level":"info","message":"acl params","reqId":"1b410c68-828c-43c3-a3cb-225df9253280","timestamp":"2023-09-12T23:36:39.717Z"}
{"level":"info","message":"acl parsedParams","reqId":"1b410c68-828c-43c3-a3cb-225df9253280","timestamp":"2023-09-12T23:36:39.717Z"}
{"level":"info","message":"END: GET /api/uiSchemas:getJsonSchema/67k1kzxic9c","req":{"action":{"actionName":"getJsonSchema","params":{"actionName":"getJsonSchema","filterByTk":"67k1kzxic9c","resourceIndex":"67k1kzxic9c","resourceName":"uiSchemas"},"resourceName":"uiSchemas"},"header":{"x-hostname":"cmreport.dsti.gov.sl","x-locale":"en-US","x-role":"admin","x-timezone":"-00:00"}},"reqId":"1b410c68-828c-43c3-a3cb-225df9253280","res":{"status":200},"responseTime":10,"timestamp":"2023-09-12T23:36:39.717Z"}
{"level":"info","message":"BEGIN: GET /api/uiSchemas:getProperties/2y1ir80opor","reqId":"636ebbb6-ec73-4ab4-bf1a-c46d80ceee39","timestamp":"2023-09-12T23:36:40.127Z"}
{"can":{"action":"getProperties","resource":"uiSchemas","role":"admin"},"level":"info","message":"ctx permission","reqId":"636ebbb6-ec73-4ab4-bf1a-c46d80ceee39","skip":true,"timestamp":"2023-09-12T23:36:40.137Z"}
{"level":"info","message":"acl params","reqId":"636ebbb6-ec73-4ab4-bf1a-c46d80ceee39","timestamp":"2023-09-12T23:36:40.137Z"}
{"level":"info","message":"acl parsedParams","reqId":"636ebbb6-ec73-4ab4-bf1a-c46d80ceee39","timestamp":"2023-09-12T23:36:40.137Z"}
{"level":"info","message":"END: GET /api/uiSchemas:getProperties/2y1ir80opor","req":{"action":{"actionName":"getProperties","params":{"actionName":"getProperties","filterByTk":"2y1ir80opor","resourceIndex":"2y1ir80opor","resourceName":"uiSchemas"},"resourceName":"uiSchemas"},"header":{"x-hostname":"cmreport.dsti.gov.sl","x-locale":"en-US","x-role":"admin","x-timezone":"-00:00"}},"reqId":"636ebbb6-ec73-4ab4-bf1a-c46d80ceee39","res":{"status":200},"responseTime":15,"timestamp":"2023-09-12T23:36:40.141Z"}
{"level":"info","message":"BEGIN: GET /api/users:list?pageSize=20&appends%5B%5D=roles","reqId":"da55a562-a2cf-4ff9-b940-7c8dfdd6dadd","timestamp":"2023-09-12T23:36:40.907Z"}
{"can":{"action":"list","resource":"users","role":"admin"},"level":"info","message":"ctx permission","reqId":"da55a562-a2cf-4ff9-b940-7c8dfdd6dadd","timestamp":"2023-09-12T23:36:40.921Z"}
{"level":"info","message":"acl params","reqId":"da55a562-a2cf-4ff9-b940-7c8dfdd6dadd","timestamp":"2023-09-12T23:36:40.922Z"}
{"level":"info","message":"acl parsedParams","reqId":"da55a562-a2cf-4ff9-b940-7c8dfdd6dadd","timestamp":"2023-09-12T23:36:40.922Z"}
{"level":"info","message":"END: GET /api/users:list?pageSize=20&appends%5B%5D=roles","req":{"action":{"actionName":"list","params":{"actionName":"list","appends":["roles"],"pageSize":"20","resourceName":"users"},"resourceName":"users"},"header":{"x-hostname":"cmreport.dsti.gov.sl","x-locale":"en-US","x-role":"admin","x-timezone":"-00:00"}},"reqId":"da55a562-a2cf-4ff9-b940-7c8dfdd6dadd","res":{"status":200},"responseTime":37,"timestamp":"2023-09-12T23:36:40.945Z"}
{"level":"info","message":"BEGIN: GET /api/collections:list?pageSize=50&sort%5B%5D=sort&appends%5B%5D=fields&appends%5B%5D=category&filter=%7B%22hidden%22%3A%7B%22%24isFalsy%22%3Atrue%7D%7D","reqId":"c4b8c2d9-219a-4929-bd22-54e14895bb24","timestamp":"2023-09-12T23:36:46.915Z"}
{"can":{"action":"list","resource":"collections","role":"admin"},"level":"info","message":"ctx permission","reqId":"c4b8c2d9-219a-4929-bd22-54e14895bb24","skip":true,"timestamp":"2023-09-12T23:36:46.933Z"}
{"level":"info","message":"acl params","reqId":"c4b8c2d9-219a-4929-bd22-54e14895bb24","timestamp":"2023-09-12T23:36:46.935Z"}
{"level":"info","message":"acl parsedParams","reqId":"c4b8c2d9-219a-4929-bd22-54e14895bb24","timestamp":"2023-09-12T23:36:46.935Z"}
{"level":"info","message":"END: GET /api/collections:list?pageSize=50&sort%5B%5D=sort&appends%5B%5D=fields&appends%5B%5D=category&filter=%7B%22hidden%22%3A%7B%22%24isFalsy%22%3Atrue%7D%7D","req":{"action":{"actionName":"list","params":{"actionName":"list","appends":["fields","category"],"filter":{"hidden":{"$isFalsy":true}},"pageSize":"50","resourceName":"collections","sort":["sort"]},"resourceName":"collections"},"header":{"x-hostname":"cmreport.dsti.gov.sl","x-locale":"en-US","x-role":"admin","x-timezone":"-00:00"}},"reqId":"c4b8c2d9-219a-4929-bd22-54e14895bb24","res":{"status":200},"responseTime":37,"timestamp":"2023-09-12T23:36:46.951Z"}
