{"level":"info","message":"BEGIN: GET /api/app:getLang?locale=en-US","reqId":"7e17cbb6-c9df-4bc8-b711-33c5b7bdbff4","timestamp":"2024-03-01T19:12:51.044Z"}
{"can":null,"level":"info","message":"ctx permission","reqId":"7e17cbb6-c9df-4bc8-b711-33c5b7bdbff4","skip":true,"timestamp":"2024-03-01T19:12:51.069Z"}
{"level":"info","message":"acl params","reqId":"7e17cbb6-c9df-4bc8-b711-33c5b7bdbff4","timestamp":"2024-03-01T19:12:51.070Z"}
{"level":"info","message":"acl parsedParams","reqId":"7e17cbb6-c9df-4bc8-b711-33c5b7bdbff4","timestamp":"2024-03-01T19:12:51.070Z"}
{"level":"info","message":"END: GET /api/app:getLang?locale=en-US","req":{"action":{"actionName":"getLang","params":{"actionName":"getLang","locale":"en-US","resourceName":"app"},"resourceName":"app"},"header":{"x-hostname":"cmreport.dsti.gov.sl","x-locale":"en-US","x-timezone":"-00:00"}},"reqId":"7e17cbb6-c9df-4bc8-b711-33c5b7bdbff4","res":{"status":200},"responseTime":39,"timestamp":"2024-03-01T19:12:51.084Z"}
{"level":"info","message":"BEGIN: GET /api/app:getPlugins","reqId":"193f9fce-8aea-40a3-86cf-c326b41e9a07","timestamp":"2024-03-01T19:12:51.611Z"}
{"can":null,"level":"info","message":"ctx permission","reqId":"193f9fce-8aea-40a3-86cf-c326b41e9a07","skip":true,"timestamp":"2024-03-01T19:12:51.615Z"}
{"level":"info","message":"acl params","reqId":"193f9fce-8aea-40a3-86cf-c326b41e9a07","timestamp":"2024-03-01T19:12:51.616Z"}
{"level":"info","message":"acl parsedParams","reqId":"193f9fce-8aea-40a3-86cf-c326b41e9a07","timestamp":"2024-03-01T19:12:51.620Z"}
{"level":"info","message":"END: GET /api/app:getPlugins","req":{"action":{"actionName":"getPlugins","params":{"actionName":"getPlugins","resourceName":"app"},"resourceName":"app"},"header":{"x-hostname":"cmreport.dsti.gov.sl","x-locale":"en-US","x-timezone":"-00:00"}},"reqId":"193f9fce-8aea-40a3-86cf-c326b41e9a07","res":{"status":200},"responseTime":45,"timestamp":"2024-03-01T19:12:51.656Z"}
{"level":"info","message":"BEGIN: GET /api/plugins/client/@nocobase/plugin-error-handler/index.js","reqId":"8cc4af19-5e3b-4d17-8813-5fe47582cccb","timestamp":"2024-03-01T19:12:51.917Z"}
{"level":"info","message":"END: GET /api/plugins/client/@nocobase/plugin-error-handler/index.js","req":{},"reqId":"8cc4af19-5e3b-4d17-8813-5fe47582cccb","res":{"status":304},"responseTime":2,"timestamp":"2024-03-01T19:12:51.919Z"}
{"level":"info","message":"BEGIN: GET /api/plugins/client/@nocobase/plugin-ui-schema-storage/index.js","reqId":"b0cd87e9-5fcc-4fe2-ba48-df0fbae49e05","timestamp":"2024-03-01T19:12:51.933Z"}
{"level":"info","message":"END: GET /api/plugins/client/@nocobase/plugin-ui-schema-storage/index.js","req":{},"reqId":"b0cd87e9-5fcc-4fe2-ba48-df0fbae49e05","res":{"status":304},"responseTime":2,"timestamp":"2024-03-01T19:12:51.935Z"}
{"level":"info","message":"BEGIN: GET /api/plugins/client/@nocobase/plugin-collection-manager/index.js","reqId":"ea27f4a7-9e96-4780-ae17-34fd1393ceb8","timestamp":"2024-03-01T19:12:52.113Z"}
{"level":"info","message":"END: GET /api/plugins/client/@nocobase/plugin-collection-manager/index.js","req":{},"reqId":"ea27f4a7-9e96-4780-ae17-34fd1393ceb8","res":{"status":304},"responseTime":2,"timestamp":"2024-03-01T19:12:52.115Z"}
{"level":"info","message":"BEGIN: GET /api/plugins/client/@nocobase/plugin-file-manager/index.js","reqId":"77725f5e-4a69-406f-a913-4527c9f98eb5","timestamp":"2024-03-01T19:12:52.124Z"}
{"level":"info","message":"END: GET /api/plugins/client/@nocobase/plugin-file-manager/index.js","req":{},"reqId":"77725f5e-4a69-406f-a913-4527c9f98eb5","res":{"status":304},"responseTime":3,"timestamp":"2024-03-01T19:12:52.127Z"}
{"level":"info","message":"BEGIN: GET /api/plugins/client/@nocobase/plugin-ui-routes-storage/index.js","reqId":"a850c255-3249-4753-a523-95918876a05e","timestamp":"2024-03-01T19:12:52.273Z"}
{"level":"info","message":"END: GET /api/plugins/client/@nocobase/plugin-ui-routes-storage/index.js","req":{},"reqId":"a850c255-3249-4753-a523-95918876a05e","res":{"status":304},"responseTime":4,"timestamp":"2024-03-01T19:12:52.277Z"}
{"level":"info","message":"BEGIN: GET /api/plugins/client/@nocobase/plugin-system-settings/index.js","reqId":"89ed5d4b-0a8e-430d-ac74-692bc3c2ba15","timestamp":"2024-03-01T19:12:52.286Z"}
{"level":"info","message":"END: GET /api/plugins/client/@nocobase/plugin-system-settings/index.js","req":{},"reqId":"89ed5d4b-0a8e-430d-ac74-692bc3c2ba15","res":{"status":304},"responseTime":4,"timestamp":"2024-03-01T19:12:52.289Z"}
{"level":"info","message":"BEGIN: GET /api/plugins/client/@nocobase/plugin-verification/index.js","reqId":"c7de92dd-f6a4-4d81-84aa-d79039112824","timestamp":"2024-03-01T19:12:52.307Z"}
{"level":"info","message":"BEGIN: GET /api/plugins/client/@nocobase/plugin-sequence-field/index.js","reqId":"fbe73675-c920-4706-8b08-c45bb487eed6","timestamp":"2024-03-01T19:12:52.313Z"}
{"level":"info","message":"END: GET /api/plugins/client/@nocobase/plugin-verification/index.js","req":{},"reqId":"c7de92dd-f6a4-4d81-84aa-d79039112824","res":{"status":304},"responseTime":8,"timestamp":"2024-03-01T19:12:52.314Z"}
{"level":"info","message":"END: GET /api/plugins/client/@nocobase/plugin-sequence-field/index.js","req":{},"reqId":"fbe73675-c920-4706-8b08-c45bb487eed6","res":{"status":304},"responseTime":1,"timestamp":"2024-03-01T19:12:52.314Z"}
{"level":"info","message":"BEGIN: GET /api/plugins/client/@nocobase/plugin-acl/index.js","reqId":"0ea40012-2486-49bb-8c5d-61c447932f19","timestamp":"2024-03-01T19:12:52.360Z"}
{"level":"info","message":"END: GET /api/plugins/client/@nocobase/plugin-acl/index.js","req":{},"reqId":"0ea40012-2486-49bb-8c5d-61c447932f19","res":{"status":304},"responseTime":2,"timestamp":"2024-03-01T19:12:52.362Z"}
{"level":"info","message":"BEGIN: GET /api/plugins/client/@nocobase/plugin-china-region/index.js","reqId":"654ae7db-8b6f-4a14-8cd4-f07284754861","timestamp":"2024-03-01T19:12:52.368Z"}
{"level":"info","message":"END: GET /api/plugins/client/@nocobase/plugin-china-region/index.js","req":{},"reqId":"654ae7db-8b6f-4a14-8cd4-f07284754861","res":{"status":304},"responseTime":5,"timestamp":"2024-03-01T19:12:52.373Z"}
{"level":"info","message":"BEGIN: GET /api/plugins/client/@nocobase/plugin-workflow/index.js","reqId":"e985882c-2429-4e9a-b7ae-0e289ed4e561","timestamp":"2024-03-01T19:12:52.525Z"}
{"level":"info","message":"BEGIN: GET /api/plugins/client/@nocobase/plugin-client/index.js","reqId":"e35273f5-ad3c-4c26-bd1f-813882b05a22","timestamp":"2024-03-01T19:12:52.526Z"}
{"level":"info","message":"BEGIN: GET /api/plugins/client/@nocobase/plugin-export/index.js","reqId":"1c36cbb3-c886-415d-8abc-c597e948c6ba","timestamp":"2024-03-01T19:12:52.527Z"}
{"level":"info","message":"BEGIN: GET /api/plugins/client/@nocobase/plugin-import/index.js","reqId":"dbeb5890-1dfa-474a-87fd-15241697924a","timestamp":"2024-03-01T19:12:52.528Z"}
{"level":"info","message":"END: GET /api/plugins/client/@nocobase/plugin-client/index.js","req":{},"reqId":"e35273f5-ad3c-4c26-bd1f-813882b05a22","res":{"status":304},"responseTime":3,"timestamp":"2024-03-01T19:12:52.529Z"}
{"level":"info","message":"END: GET /api/plugins/client/@nocobase/plugin-export/index.js","req":{},"reqId":"1c36cbb3-c886-415d-8abc-c597e948c6ba","res":{"status":304},"responseTime":2,"timestamp":"2024-03-01T19:12:52.529Z"}
{"level":"info","message":"END: GET /api/plugins/client/@nocobase/plugin-import/index.js","req":{},"reqId":"dbeb5890-1dfa-474a-87fd-15241697924a","res":{"status":304},"responseTime":2,"timestamp":"2024-03-01T19:12:52.530Z"}
{"level":"info","message":"END: GET /api/plugins/client/@nocobase/plugin-workflow/index.js","req":{},"reqId":"e985882c-2429-4e9a-b7ae-0e289ed4e561","res":{"status":304},"responseTime":5,"timestamp":"2024-03-01T19:12:52.530Z"}
{"level":"info","message":"BEGIN: GET /api/plugins/client/@nocobase/plugin-audit-logs/index.js","reqId":"109d2122-9704-4477-841b-0f26fb1167d9","timestamp":"2024-03-01T19:12:52.606Z"}
{"level":"info","message":"BEGIN: GET /api/plugins/client/@nocobase/plugin-duplicator/index.js","reqId":"72e866c7-a75c-4631-86cb-ff97c4c570c0","timestamp":"2024-03-01T19:12:52.607Z"}
{"level":"info","message":"END: GET /api/plugins/client/@nocobase/plugin-audit-logs/index.js","req":{},"reqId":"109d2122-9704-4477-841b-0f26fb1167d9","res":{"status":304},"responseTime":8,"timestamp":"2024-03-01T19:12:52.614Z"}
{"level":"info","message":"END: GET /api/plugins/client/@nocobase/plugin-duplicator/index.js","req":{},"reqId":"72e866c7-a75c-4631-86cb-ff97c4c570c0","res":{"status":304},"responseTime":8,"timestamp":"2024-03-01T19:12:52.615Z"}
{"level":"info","message":"BEGIN: GET /api/plugins/client/@nocobase/plugin-data-visualization/index.js","reqId":"0396460b-48e4-4691-8969-d0fac1d24e3b","timestamp":"2024-03-01T19:12:52.809Z"}
{"level":"info","message":"END: GET /api/plugins/client/@nocobase/plugin-data-visualization/index.js","req":{},"reqId":"0396460b-48e4-4691-8969-d0fac1d24e3b","res":{"status":304},"responseTime":2,"timestamp":"2024-03-01T19:12:52.811Z"}
{"level":"info","message":"BEGIN: GET /api/plugins/client/@nocobase/plugin-formula-field/index.js","reqId":"1a06ec57-150a-478e-b8f1-66aeecf03d37","timestamp":"2024-03-01T19:12:52.814Z"}
{"level":"info","message":"BEGIN: GET /api/plugins/client/@nocobase/plugin-iframe-block/index.js","reqId":"b0bafa84-dadc-4ae2-9594-ee8fd7391980","timestamp":"2024-03-01T19:12:52.821Z"}
{"level":"info","message":"BEGIN: GET /api/plugins/client/@nocobase/plugin-charts/index.js","reqId":"c32b1d70-7d85-4377-9b5a-e6619e2e733a","timestamp":"2024-03-01T19:12:52.822Z"}
{"level":"info","message":"END: GET /api/plugins/client/@nocobase/plugin-formula-field/index.js","req":{},"reqId":"1a06ec57-150a-478e-b8f1-66aeecf03d37","res":{"status":304},"responseTime":9,"timestamp":"2024-03-01T19:12:52.823Z"}
{"level":"info","message":"END: GET /api/plugins/client/@nocobase/plugin-iframe-block/index.js","req":{},"reqId":"b0bafa84-dadc-4ae2-9594-ee8fd7391980","res":{"status":304},"responseTime":4,"timestamp":"2024-03-01T19:12:52.825Z"}
{"level":"info","message":"END: GET /api/plugins/client/@nocobase/plugin-charts/index.js","req":{},"reqId":"c32b1d70-7d85-4377-9b5a-e6619e2e733a","res":{"status":304},"responseTime":3,"timestamp":"2024-03-01T19:12:52.825Z"}
{"level":"info","message":"BEGIN: GET /api/plugins/client/@nocobase/plugin-auth/index.js","reqId":"ab3580b9-6685-4ff9-97c7-b3732e25b080","timestamp":"2024-03-01T19:12:52.842Z"}
{"level":"info","message":"BEGIN: GET /api/plugins/client/@nocobase/plugin-sms-auth/index.js","reqId":"f02bad28-8b6d-4175-8619-7d2957048369","timestamp":"2024-03-01T19:12:52.849Z"}
{"level":"info","message":"END: GET /api/plugins/client/@nocobase/plugin-auth/index.js","req":{},"reqId":"ab3580b9-6685-4ff9-97c7-b3732e25b080","res":{"status":304},"responseTime":8,"timestamp":"2024-03-01T19:12:52.850Z"}
{"level":"info","message":"END: GET /api/plugins/client/@nocobase/plugin-sms-auth/index.js","req":{},"reqId":"f02bad28-8b6d-4175-8619-7d2957048369","res":{"status":304},"responseTime":2,"timestamp":"2024-03-01T19:12:52.851Z"}
{"level":"info","message":"BEGIN: GET /api/plugins/client/@nocobase/plugin-multi-app-manager/index.js","reqId":"27692d20-4c84-42b0-a1f4-6179b4f7c4f4","timestamp":"2024-03-01T19:12:53.209Z"}
{"level":"info","message":"END: GET /api/plugins/client/@nocobase/plugin-multi-app-manager/index.js","req":{},"reqId":"27692d20-4c84-42b0-a1f4-6179b4f7c4f4","res":{"status":304},"responseTime":12,"timestamp":"2024-03-01T19:12:53.221Z"}
{"level":"info","message":"BEGIN: GET /api/plugins/client/@nocobase/plugin-map/index.js","reqId":"a44dca2d-e217-4a70-828e-74e1e9760e46","timestamp":"2024-03-01T19:12:53.249Z"}
{"level":"info","message":"BEGIN: GET /api/plugins/client/@nocobase/plugin-snapshot-field/index.js","reqId":"24a82c32-7467-480d-b745-1db9e23fb3d3","timestamp":"2024-03-01T19:12:53.250Z"}
{"level":"info","message":"BEGIN: GET /api/plugins/client/@nocobase/plugin-graph-collection-manager/index.js","reqId":"72f8967c-1235-43d2-88a5-cd1e96572f11","timestamp":"2024-03-01T19:12:53.250Z"}
{"level":"info","message":"END: GET /api/plugins/client/@nocobase/plugin-map/index.js","req":{},"reqId":"a44dca2d-e217-4a70-828e-74e1e9760e46","res":{"status":304},"responseTime":2,"timestamp":"2024-03-01T19:12:53.251Z"}
{"level":"info","message":"END: GET /api/plugins/client/@nocobase/plugin-graph-collection-manager/index.js","req":{},"reqId":"72f8967c-1235-43d2-88a5-cd1e96572f11","res":{"status":304},"responseTime":2,"timestamp":"2024-03-01T19:12:53.252Z"}
{"level":"info","message":"END: GET /api/plugins/client/@nocobase/plugin-snapshot-field/index.js","req":{},"reqId":"24a82c32-7467-480d-b745-1db9e23fb3d3","res":{"status":304},"responseTime":3,"timestamp":"2024-03-01T19:12:53.253Z"}
{"level":"info","message":"BEGIN: GET /api/plugins/client/@nocobase/plugin-api-keys/index.js","reqId":"2b74f14c-d3bc-445b-96e2-4a9559f2c97a","timestamp":"2024-03-01T19:12:53.318Z"}
{"level":"info","message":"BEGIN: GET /api/plugins/client/@nocobase/plugin-mobile-client/index.js","reqId":"151c76b4-d3d7-45b6-bd9b-88eeafdbe839","timestamp":"2024-03-01T19:12:53.321Z"}
{"level":"info","message":"END: GET /api/plugins/client/@nocobase/plugin-api-keys/index.js","req":{},"reqId":"2b74f14c-d3bc-445b-96e2-4a9559f2c97a","res":{"status":304},"responseTime":4,"timestamp":"2024-03-01T19:12:53.322Z"}
{"level":"info","message":"END: GET /api/plugins/client/@nocobase/plugin-mobile-client/index.js","req":{},"reqId":"151c76b4-d3d7-45b6-bd9b-88eeafdbe839","res":{"status":304},"responseTime":2,"timestamp":"2024-03-01T19:12:53.323Z"}
{"level":"info","message":"BEGIN: GET /api/plugins/client/@nocobase/plugin-theme-editor/index.js","reqId":"c33e679c-0294-409a-ac94-6a6a18715955","timestamp":"2024-03-01T19:12:53.522Z"}
{"level":"info","message":"END: GET /api/plugins/client/@nocobase/plugin-theme-editor/index.js","req":{},"reqId":"c33e679c-0294-409a-ac94-6a6a18715955","res":{"status":304},"responseTime":6,"timestamp":"2024-03-01T19:12:53.528Z"}
{"level":"info","message":"BEGIN: GET /api/auth:check","reqId":"fe90e280-f8ea-4840-b3be-f6992e074ddb","timestamp":"2024-03-01T19:12:55.445Z"}
{"can":null,"level":"info","message":"ctx permission","reqId":"fe90e280-f8ea-4840-b3be-f6992e074ddb","skip":true,"timestamp":"2024-03-01T19:12:55.453Z"}
{"level":"info","message":"acl params","reqId":"fe90e280-f8ea-4840-b3be-f6992e074ddb","timestamp":"2024-03-01T19:12:55.453Z"}
{"level":"info","message":"acl parsedParams","reqId":"fe90e280-f8ea-4840-b3be-f6992e074ddb","timestamp":"2024-03-01T19:12:55.454Z"}
{"level":"info","message":"END: GET /api/auth:check","req":{"action":{"actionName":"check","params":{"actionName":"check","resourceName":"auth"},"resourceName":"auth"},"header":{"x-hostname":"cmreport.dsti.gov.sl","x-locale":"en-US","x-timezone":"-00:00"}},"reqId":"fe90e280-f8ea-4840-b3be-f6992e074ddb","res":{"status":200},"responseTime":9,"timestamp":"2024-03-01T19:12:55.454Z"}
{"level":"info","message":"BEGIN: GET /api/uiSchemaTemplates:list?appends%5B%5D=collection&paginate=false","reqId":"de97f8a2-b038-4c71-99df-a5572a9ebd2f","timestamp":"2024-03-01T19:12:56.235Z"}
{"can":null,"level":"info","message":"ctx permission","reqId":"de97f8a2-b038-4c71-99df-a5572a9ebd2f","timestamp":"2024-03-01T19:12:56.242Z"}
{"level":"error","message":"No permissions","reqId":"de97f8a2-b038-4c71-99df-a5572a9ebd2f","stack":"ForbiddenError: No permissions\n    at Object.throw (/root/my-nocobase-app/node_modules/koa/lib/context.js:97:11)\n    at /root/my-nocobase-app/node_modules/@nocobase/acl/lib/acl.js:358:20\n    at Generator.next (<anonymous>)\n    at asyncGeneratorStep (/root/my-nocobase-app/node_modules/@nocobase/acl/lib/acl.js:42:103)\n    at _next (/root/my-nocobase-app/node_modules/@nocobase/acl/lib/acl.js:43:194)\n    at /root/my-nocobase-app/node_modules/@nocobase/acl/lib/acl.js:43:364\n    at new Promise (<anonymous>)\n    at /root/my-nocobase-app/node_modules/@nocobase/acl/lib/acl.js:43:97\n    at /root/my-nocobase-app/node_modules/@nocobase/acl/lib/acl.js:386:22\n    at dispatch (/root/my-nocobase-app/node_modules/koa-compose/index.js:42:32)","timestamp":"2024-03-01T19:12:56.243Z"}
{"errors":[{"message":"No permissions"}],"level":"warn","message":"END: GET /api/uiSchemaTemplates:list?appends%5B%5D=collection&paginate=false","req":{"action":{"actionName":"list","params":{"actionName":"list","appends":["collection"],"paginate":"false","resourceName":"uiSchemaTemplates"},"resourceName":"uiSchemaTemplates"},"header":{"x-hostname":"cmreport.dsti.gov.sl","x-locale":"en-US","x-timezone":"-00:00"}},"reqId":"de97f8a2-b038-4c71-99df-a5572a9ebd2f","res":{"status":403},"responseTime":8,"timestamp":"2024-03-01T19:12:56.243Z"}
{"level":"info","message":"BEGIN: GET /api/systemSettings:get/1?appends=logo","reqId":"8b8f5ec9-33e2-4ecd-8d97-70e79945e794","timestamp":"2024-03-01T19:12:56.527Z"}
{"can":null,"level":"info","message":"ctx permission","reqId":"8b8f5ec9-33e2-4ecd-8d97-70e79945e794","skip":true,"timestamp":"2024-03-01T19:12:56.540Z"}
{"level":"info","message":"acl params","reqId":"8b8f5ec9-33e2-4ecd-8d97-70e79945e794","timestamp":"2024-03-01T19:12:56.542Z"}
{"level":"info","message":"acl parsedParams","reqId":"8b8f5ec9-33e2-4ecd-8d97-70e79945e794","timestamp":"2024-03-01T19:12:56.542Z"}
{"level":"info","message":"END: GET /api/systemSettings:get/1?appends=logo","req":{"action":{"actionName":"get","params":{"actionName":"get","appends":["logo"],"filterByTk":"1","resourceIndex":"1","resourceName":"systemSettings"},"resourceName":"systemSettings"},"header":{"x-hostname":"cmreport.dsti.gov.sl","x-locale":"en-US","x-timezone":"-00:00"}},"reqId":"8b8f5ec9-33e2-4ecd-8d97-70e79945e794","res":{"status":200},"responseTime":24,"timestamp":"2024-03-01T19:12:56.551Z"}
{"level":"info","message":"BEGIN: GET /api/app:getInfo","reqId":"12536f34-22ca-441f-987e-7fafe132b1a2","timestamp":"2024-03-01T19:12:56.923Z"}
{"can":null,"level":"info","message":"ctx permission","reqId":"12536f34-22ca-441f-987e-7fafe132b1a2","skip":true,"timestamp":"2024-03-01T19:12:56.926Z"}
{"level":"info","message":"acl params","reqId":"12536f34-22ca-441f-987e-7fafe132b1a2","timestamp":"2024-03-01T19:12:56.931Z"}
{"level":"info","message":"acl parsedParams","reqId":"12536f34-22ca-441f-987e-7fafe132b1a2","timestamp":"2024-03-01T19:12:56.931Z"}
{"level":"info","message":"END: GET /api/app:getInfo","req":{"action":{"actionName":"getInfo","params":{"actionName":"getInfo","resourceName":"app"},"resourceName":"app"},"header":{"x-hostname":"cmreport.dsti.gov.sl","x-locale":"en-US","x-timezone":"-00:00"}},"reqId":"12536f34-22ca-441f-987e-7fafe132b1a2","res":{"status":200},"responseTime":16,"timestamp":"2024-03-01T19:12:56.939Z"}
{"level":"info","message":"BEGIN: GET /api/themeConfig:list?sort=id&paginate=false","reqId":"b450085c-e4d3-4786-81ea-0c389899e51a","timestamp":"2024-03-01T19:12:57.267Z"}
{"can":null,"level":"info","message":"ctx permission","reqId":"b450085c-e4d3-4786-81ea-0c389899e51a","timestamp":"2024-03-01T19:12:57.271Z"}
{"level":"error","message":"No permissions","reqId":"b450085c-e4d3-4786-81ea-0c389899e51a","stack":"ForbiddenError: No permissions\n    at Object.throw (/root/my-nocobase-app/node_modules/koa/lib/context.js:97:11)\n    at /root/my-nocobase-app/node_modules/@nocobase/acl/lib/acl.js:358:20\n    at Generator.next (<anonymous>)\n    at asyncGeneratorStep (/root/my-nocobase-app/node_modules/@nocobase/acl/lib/acl.js:42:103)\n    at _next (/root/my-nocobase-app/node_modules/@nocobase/acl/lib/acl.js:43:194)\n    at /root/my-nocobase-app/node_modules/@nocobase/acl/lib/acl.js:43:364\n    at new Promise (<anonymous>)\n    at /root/my-nocobase-app/node_modules/@nocobase/acl/lib/acl.js:43:97\n    at /root/my-nocobase-app/node_modules/@nocobase/acl/lib/acl.js:386:22\n    at dispatch (/root/my-nocobase-app/node_modules/koa-compose/index.js:42:32)","timestamp":"2024-03-01T19:12:57.272Z"}
{"errors":[{"message":"No permissions"}],"level":"warn","message":"END: GET /api/themeConfig:list?sort=id&paginate=false","req":{"action":{"actionName":"list","params":{"actionName":"list","paginate":"false","resourceName":"themeConfig","sort":["id"]},"resourceName":"themeConfig"},"header":{"x-hostname":"cmreport.dsti.gov.sl","x-locale":"en-US","x-timezone":"-00:00"}},"reqId":"b450085c-e4d3-4786-81ea-0c389899e51a","res":{"status":403},"responseTime":6,"timestamp":"2024-03-01T19:12:57.272Z"}
{"level":"info","message":"BEGIN: GET /api/app:getInfo","reqId":"93704e9a-4a74-4564-91b0-55e967d62bb7","timestamp":"2024-03-01T19:12:57.819Z"}
{"can":null,"level":"info","message":"ctx permission","reqId":"93704e9a-4a74-4564-91b0-55e967d62bb7","skip":true,"timestamp":"2024-03-01T19:12:57.822Z"}
{"level":"info","message":"acl params","reqId":"93704e9a-4a74-4564-91b0-55e967d62bb7","timestamp":"2024-03-01T19:12:57.822Z"}
{"level":"info","message":"acl parsedParams","reqId":"93704e9a-4a74-4564-91b0-55e967d62bb7","timestamp":"2024-03-01T19:12:57.822Z"}
{"level":"info","message":"END: GET /api/app:getInfo","req":{"action":{"actionName":"getInfo","params":{"actionName":"getInfo","resourceName":"app"},"resourceName":"app"},"header":{"x-hostname":"cmreport.dsti.gov.sl","x-locale":"en-US","x-timezone":"-00:00"}},"reqId":"93704e9a-4a74-4564-91b0-55e967d62bb7","res":{"status":200},"responseTime":12,"timestamp":"2024-03-01T19:12:57.831Z"}
{"level":"info","message":"BEGIN: POST /api/authenticators:publicList","reqId":"b0565a27-e544-4b17-a6f9-d600002cafbc","timestamp":"2024-03-01T19:12:58.317Z"}
{"can":null,"level":"info","message":"ctx permission","reqId":"b0565a27-e544-4b17-a6f9-d600002cafbc","skip":true,"timestamp":"2024-03-01T19:12:58.325Z"}
{"level":"info","message":"acl params","reqId":"b0565a27-e544-4b17-a6f9-d600002cafbc","timestamp":"2024-03-01T19:12:58.326Z"}
{"level":"info","message":"acl parsedParams","reqId":"b0565a27-e544-4b17-a6f9-d600002cafbc","timestamp":"2024-03-01T19:12:58.326Z"}
{"level":"info","message":"END: POST /api/authenticators:publicList","req":{"action":{"actionName":"publicList","params":{"actionName":"publicList","resourceName":"authenticators"},"resourceName":"authenticators"},"header":{"x-hostname":"cmreport.dsti.gov.sl","x-locale":"en-US","x-timezone":"-00:00"}},"reqId":"b0565a27-e544-4b17-a6f9-d600002cafbc","res":{"status":200},"responseTime":11,"timestamp":"2024-03-01T19:12:58.328Z"}
