{"level":"info","message":"BEGIN: GET /api/app:getLang?locale=en-US","reqId":"9ed5c2db-65e4-47fb-afd4-0d7db4b2ee87","timestamp":"2024-02-29T20:42:43.028Z"}
{"can":null,"level":"info","message":"ctx permission","reqId":"9ed5c2db-65e4-47fb-afd4-0d7db4b2ee87","skip":true,"timestamp":"2024-02-29T20:42:43.050Z"}
{"level":"info","message":"acl params","reqId":"9ed5c2db-65e4-47fb-afd4-0d7db4b2ee87","timestamp":"2024-02-29T20:42:43.050Z"}
{"level":"info","message":"acl parsedParams","reqId":"9ed5c2db-65e4-47fb-afd4-0d7db4b2ee87","timestamp":"2024-02-29T20:42:43.051Z"}
{"level":"info","message":"END: GET /api/app:getLang?locale=en-US","req":{"action":{"actionName":"getLang","params":{"actionName":"getLang","locale":"en-US","resourceName":"app"},"resourceName":"app"},"header":{"x-hostname":"cmreport.dsti.gov.sl","x-locale":"en-US","x-timezone":"-00:00"}},"reqId":"9ed5c2db-65e4-47fb-afd4-0d7db4b2ee87","res":{"status":200},"responseTime":36,"timestamp":"2024-02-29T20:42:43.064Z"}
{"level":"info","message":"BEGIN: GET /api/app:getPlugins","reqId":"5c8946f3-cf2a-4abd-909a-20b2531ba7b4","timestamp":"2024-02-29T20:42:43.498Z"}
{"can":null,"level":"info","message":"ctx permission","reqId":"5c8946f3-cf2a-4abd-909a-20b2531ba7b4","skip":true,"timestamp":"2024-02-29T20:42:43.507Z"}
{"level":"info","message":"acl params","reqId":"5c8946f3-cf2a-4abd-909a-20b2531ba7b4","timestamp":"2024-02-29T20:42:43.508Z"}
{"level":"info","message":"acl parsedParams","reqId":"5c8946f3-cf2a-4abd-909a-20b2531ba7b4","timestamp":"2024-02-29T20:42:43.508Z"}
{"level":"info","message":"END: GET /api/app:getPlugins","req":{"action":{"actionName":"getPlugins","params":{"actionName":"getPlugins","resourceName":"app"},"resourceName":"app"},"header":{"x-hostname":"cmreport.dsti.gov.sl","x-locale":"en-US","x-timezone":"-00:00"}},"reqId":"5c8946f3-cf2a-4abd-909a-20b2531ba7b4","res":{"status":200},"responseTime":36,"timestamp":"2024-02-29T20:42:43.534Z"}
{"level":"info","message":"BEGIN: GET /api/plugins/client/@nocobase/plugin-error-handler/index.js","reqId":"d86c80ac-7179-45ef-a616-e705dc2e8831","timestamp":"2024-02-29T20:42:43.726Z"}
{"level":"info","message":"BEGIN: GET /api/plugins/client/@nocobase/plugin-collection-manager/index.js","reqId":"7b6765ee-a3df-4eda-8aac-a5442a793faf","timestamp":"2024-02-29T20:42:43.727Z"}
{"level":"info","message":"END: GET /api/plugins/client/@nocobase/plugin-collection-manager/index.js","req":{},"reqId":"7b6765ee-a3df-4eda-8aac-a5442a793faf","res":{"status":200},"responseTime":7,"timestamp":"2024-02-29T20:42:43.735Z"}
{"level":"info","message":"END: GET /api/plugins/client/@nocobase/plugin-error-handler/index.js","req":{},"reqId":"d86c80ac-7179-45ef-a616-e705dc2e8831","res":{"status":200},"responseTime":10,"timestamp":"2024-02-29T20:42:43.736Z"}
{"level":"info","message":"BEGIN: GET /api/plugins/client/@nocobase/plugin-ui-schema-storage/index.js","reqId":"301b0e9b-bb31-41bf-83fb-c74e0af663fb","timestamp":"2024-02-29T20:42:43.756Z"}
{"level":"info","message":"END: GET /api/plugins/client/@nocobase/plugin-ui-schema-storage/index.js","req":{},"reqId":"301b0e9b-bb31-41bf-83fb-c74e0af663fb","res":{"status":200},"responseTime":7,"timestamp":"2024-02-29T20:42:43.763Z"}
{"level":"info","message":"BEGIN: GET /api/plugins/client/@nocobase/plugin-ui-routes-storage/index.js","reqId":"0a0921aa-cf3a-4b17-b175-b0abc81ab78c","timestamp":"2024-02-29T20:42:43.921Z"}
{"level":"info","message":"END: GET /api/plugins/client/@nocobase/plugin-ui-routes-storage/index.js","req":{},"reqId":"0a0921aa-cf3a-4b17-b175-b0abc81ab78c","res":{"status":200},"responseTime":3,"timestamp":"2024-02-29T20:42:43.924Z"}
{"level":"info","message":"BEGIN: GET /api/plugins/client/@nocobase/plugin-file-manager/index.js","reqId":"5bbae180-d3dc-4904-b82b-58042719ba9c","timestamp":"2024-02-29T20:42:43.937Z"}
{"level":"info","message":"END: GET /api/plugins/client/@nocobase/plugin-file-manager/index.js","req":{},"reqId":"5bbae180-d3dc-4904-b82b-58042719ba9c","res":{"status":200},"responseTime":6,"timestamp":"2024-02-29T20:42:43.942Z"}
{"level":"info","message":"BEGIN: GET /api/plugins/client/@nocobase/plugin-system-settings/index.js","reqId":"de7fd528-5075-40fb-a89e-7617209f4e8d","timestamp":"2024-02-29T20:42:44.002Z"}
{"level":"info","message":"END: GET /api/plugins/client/@nocobase/plugin-system-settings/index.js","req":{},"reqId":"de7fd528-5075-40fb-a89e-7617209f4e8d","res":{"status":200},"responseTime":28,"timestamp":"2024-02-29T20:42:44.030Z"}
{"level":"info","message":"BEGIN: GET /api/plugins/client/@nocobase/plugin-sequence-field/index.js","reqId":"a05e2bcb-9501-4fd9-8f31-e2cd7001dec3","timestamp":"2024-02-29T20:42:44.094Z"}
{"level":"info","message":"BEGIN: GET /api/plugins/client/@nocobase/plugin-verification/index.js","reqId":"5971f4b3-121b-4905-9c14-a99c128375d6","timestamp":"2024-02-29T20:42:44.137Z"}
{"level":"info","message":"END: GET /api/plugins/client/@nocobase/plugin-sequence-field/index.js","req":{},"reqId":"a05e2bcb-9501-4fd9-8f31-e2cd7001dec3","res":{"status":200},"responseTime":46,"timestamp":"2024-02-29T20:42:44.140Z"}
{"level":"info","message":"BEGIN: GET /api/plugins/client/@nocobase/plugin-acl/index.js","reqId":"61b5669b-86d2-48ca-8a8f-caaa406353ff","timestamp":"2024-02-29T20:42:44.161Z"}
{"level":"info","message":"END: GET /api/plugins/client/@nocobase/plugin-verification/index.js","req":{},"reqId":"5971f4b3-121b-4905-9c14-a99c128375d6","res":{"status":200},"responseTime":103,"timestamp":"2024-02-29T20:42:44.240Z"}
{"level":"info","message":"END: GET /api/plugins/client/@nocobase/plugin-acl/index.js","req":{},"reqId":"61b5669b-86d2-48ca-8a8f-caaa406353ff","res":{"status":200},"responseTime":105,"timestamp":"2024-02-29T20:42:44.266Z"}
{"level":"info","message":"BEGIN: GET /api/plugins/client/@nocobase/plugin-china-region/index.js","reqId":"14463913-a953-40f1-b5aa-481835b6d395","timestamp":"2024-02-29T20:42:44.377Z"}
{"level":"info","message":"END: GET /api/plugins/client/@nocobase/plugin-china-region/index.js","req":{},"reqId":"14463913-a953-40f1-b5aa-481835b6d395","res":{"status":200},"responseTime":5,"timestamp":"2024-02-29T20:42:44.382Z"}
{"level":"info","message":"BEGIN: GET /api/plugins/client/@nocobase/plugin-workflow/index.js","reqId":"3d6ede18-20ca-498c-ae15-c47a30797575","timestamp":"2024-02-29T20:42:44.525Z"}
{"level":"info","message":"END: GET /api/plugins/client/@nocobase/plugin-workflow/index.js","req":{},"reqId":"3d6ede18-20ca-498c-ae15-c47a30797575","res":{"status":200},"responseTime":2,"timestamp":"2024-02-29T20:42:44.527Z"}
{"level":"info","message":"BEGIN: GET /api/plugins/client/@nocobase/plugin-client/index.js","reqId":"11329add-f72b-40d7-8ce1-17d197ff9e0a","timestamp":"2024-02-29T20:42:44.538Z"}
{"level":"info","message":"END: GET /api/plugins/client/@nocobase/plugin-client/index.js","req":{},"reqId":"11329add-f72b-40d7-8ce1-17d197ff9e0a","res":{"status":200},"responseTime":1,"timestamp":"2024-02-29T20:42:44.539Z"}
{"level":"info","message":"BEGIN: GET /api/plugins/client/@nocobase/plugin-export/index.js","reqId":"e9e3116a-1357-48d9-bdf5-eb12a187432a","timestamp":"2024-02-29T20:42:44.605Z"}
{"level":"info","message":"END: GET /api/plugins/client/@nocobase/plugin-export/index.js","req":{},"reqId":"e9e3116a-1357-48d9-bdf5-eb12a187432a","res":{"status":200},"responseTime":4,"timestamp":"2024-02-29T20:42:44.609Z"}
{"level":"info","message":"BEGIN: GET /api/plugins/client/@nocobase/plugin-duplicator/index.js","reqId":"dbe3a7a3-9529-4af7-b6de-03844f37eba6","timestamp":"2024-02-29T20:42:44.695Z"}
{"level":"info","message":"BEGIN: GET /api/plugins/client/@nocobase/plugin-import/index.js","reqId":"0da7c62d-8b74-4a88-9019-6fff55f99a07","timestamp":"2024-02-29T20:42:44.697Z"}
{"level":"info","message":"END: GET /api/plugins/client/@nocobase/plugin-duplicator/index.js","req":{},"reqId":"dbe3a7a3-9529-4af7-b6de-03844f37eba6","res":{"status":200},"responseTime":7,"timestamp":"2024-02-29T20:42:44.717Z"}
{"level":"info","message":"BEGIN: GET /api/plugins/client/@nocobase/plugin-audit-logs/index.js","reqId":"e0dff2fd-8762-4649-b972-75f55c25221b","timestamp":"2024-02-29T20:42:44.719Z"}
{"level":"info","message":"END: GET /api/plugins/client/@nocobase/plugin-import/index.js","req":{},"reqId":"0da7c62d-8b74-4a88-9019-6fff55f99a07","res":{"status":200},"responseTime":28,"timestamp":"2024-02-29T20:42:44.725Z"}
{"level":"info","message":"END: GET /api/plugins/client/@nocobase/plugin-audit-logs/index.js","req":{},"reqId":"e0dff2fd-8762-4649-b972-75f55c25221b","res":{"status":200},"responseTime":14,"timestamp":"2024-02-29T20:42:44.733Z"}
{"level":"info","message":"BEGIN: GET /api/plugins/client/@nocobase/plugin-iframe-block/index.js","reqId":"bb60776b-8c43-4ec4-80c3-e8ccef50e0ad","timestamp":"2024-02-29T20:42:45.608Z"}
{"level":"info","message":"END: GET /api/plugins/client/@nocobase/plugin-iframe-block/index.js","req":{},"reqId":"bb60776b-8c43-4ec4-80c3-e8ccef50e0ad","res":{"status":200},"responseTime":7,"timestamp":"2024-02-29T20:42:45.614Z"}
{"level":"info","message":"BEGIN: GET /api/plugins/client/@nocobase/plugin-formula-field/index.js","reqId":"98bd518a-de89-4782-8946-98804f093312","timestamp":"2024-02-29T20:42:45.624Z"}
{"level":"info","message":"END: GET /api/plugins/client/@nocobase/plugin-formula-field/index.js","req":{},"reqId":"98bd518a-de89-4782-8946-98804f093312","res":{"status":200},"responseTime":5,"timestamp":"2024-02-29T20:42:45.629Z"}
{"level":"info","message":"BEGIN: GET /api/plugins/client/@nocobase/plugin-data-visualization/index.js","reqId":"a758cbea-75fd-481e-b17f-77e488dae726","timestamp":"2024-02-29T20:42:45.690Z"}
{"level":"info","message":"BEGIN: GET /api/plugins/client/@nocobase/plugin-charts/index.js","reqId":"ee79dd72-e64a-4767-87b3-8555dd5a184f","timestamp":"2024-02-29T20:42:45.693Z"}
{"level":"info","message":"END: GET /api/plugins/client/@nocobase/plugin-charts/index.js","req":{},"reqId":"ee79dd72-e64a-4767-87b3-8555dd5a184f","res":{"status":200},"responseTime":2,"timestamp":"2024-02-29T20:42:45.695Z"}
{"level":"info","message":"END: GET /api/plugins/client/@nocobase/plugin-data-visualization/index.js","req":{},"reqId":"a758cbea-75fd-481e-b17f-77e488dae726","res":{"status":200},"responseTime":6,"timestamp":"2024-02-29T20:42:45.696Z"}
{"level":"info","message":"BEGIN: GET /api/plugins/client/@nocobase/plugin-auth/index.js","reqId":"68d701d1-7b41-4367-a8d7-660adb74d8d9","timestamp":"2024-02-29T20:42:45.793Z"}
{"level":"info","message":"END: GET /api/plugins/client/@nocobase/plugin-auth/index.js","req":{},"reqId":"68d701d1-7b41-4367-a8d7-660adb74d8d9","res":{"status":200},"responseTime":3,"timestamp":"2024-02-29T20:42:45.796Z"}
{"level":"info","message":"BEGIN: GET /api/plugins/client/@nocobase/plugin-sms-auth/index.js","reqId":"dc886ac4-744f-48b7-b5a9-c1c91a0fea71","timestamp":"2024-02-29T20:42:45.871Z"}
{"level":"info","message":"END: GET /api/plugins/client/@nocobase/plugin-sms-auth/index.js","req":{},"reqId":"dc886ac4-744f-48b7-b5a9-c1c91a0fea71","res":{"status":200},"responseTime":15,"timestamp":"2024-02-29T20:42:45.886Z"}
{"level":"info","message":"BEGIN: GET /api/plugins/client/@nocobase/plugin-multi-app-manager/index.js","reqId":"4836ed8a-ab0b-479d-a255-a46d54525805","timestamp":"2024-02-29T20:42:45.915Z"}
{"level":"info","message":"END: GET /api/plugins/client/@nocobase/plugin-multi-app-manager/index.js","req":{},"reqId":"4836ed8a-ab0b-479d-a255-a46d54525805","res":{"status":200},"responseTime":6,"timestamp":"2024-02-29T20:42:45.921Z"}
{"level":"info","message":"BEGIN: GET /api/plugins/client/@nocobase/plugin-map/index.js","reqId":"bd847a2c-1223-4b50-9a4e-ada0d6e442cd","timestamp":"2024-02-29T20:42:45.940Z"}
{"level":"info","message":"END: GET /api/plugins/client/@nocobase/plugin-map/index.js","req":{},"reqId":"bd847a2c-1223-4b50-9a4e-ada0d6e442cd","res":{"status":200},"responseTime":6,"timestamp":"2024-02-29T20:42:45.946Z"}
{"level":"info","message":"BEGIN: GET /api/plugins/client/@nocobase/plugin-snapshot-field/index.js","reqId":"5fb22c9a-6f3b-4c12-a194-c2f55702f9ad","timestamp":"2024-02-29T20:42:46.189Z"}
{"level":"info","message":"END: GET /api/plugins/client/@nocobase/plugin-snapshot-field/index.js","req":{},"reqId":"5fb22c9a-6f3b-4c12-a194-c2f55702f9ad","res":{"status":200},"responseTime":2,"timestamp":"2024-02-29T20:42:46.191Z"}
{"level":"info","message":"BEGIN: GET /api/plugins/client/@nocobase/plugin-graph-collection-manager/index.js","reqId":"0221c121-c7df-4933-b9b2-ce29208b88d9","timestamp":"2024-02-29T20:42:46.209Z"}
{"level":"info","message":"END: GET /api/plugins/client/@nocobase/plugin-graph-collection-manager/index.js","req":{},"reqId":"0221c121-c7df-4933-b9b2-ce29208b88d9","res":{"status":200},"responseTime":10,"timestamp":"2024-02-29T20:42:46.219Z"}
{"level":"info","message":"BEGIN: GET /api/plugins/client/@nocobase/plugin-mobile-client/index.js","reqId":"d29b7f29-75f4-4eaa-9460-f9005a4a076b","timestamp":"2024-02-29T20:42:46.255Z"}
{"level":"info","message":"END: GET /api/plugins/client/@nocobase/plugin-mobile-client/index.js","req":{},"reqId":"d29b7f29-75f4-4eaa-9460-f9005a4a076b","res":{"status":200},"responseTime":13,"timestamp":"2024-02-29T20:42:46.268Z"}
{"level":"info","message":"BEGIN: GET /api/plugins/client/@nocobase/plugin-api-keys/index.js","reqId":"94919ba6-7024-4048-bda6-88579ebbc7c7","timestamp":"2024-02-29T20:42:46.393Z"}
{"level":"info","message":"END: GET /api/plugins/client/@nocobase/plugin-api-keys/index.js","req":{},"reqId":"94919ba6-7024-4048-bda6-88579ebbc7c7","res":{"status":200},"responseTime":29,"timestamp":"2024-02-29T20:42:46.422Z"}
{"level":"info","message":"BEGIN: GET /api/plugins/client/@nocobase/plugin-theme-editor/index.js","reqId":"979f3d61-c5ee-4901-bd8a-8d0781443efa","timestamp":"2024-02-29T20:42:47.018Z"}
{"level":"info","message":"END: GET /api/plugins/client/@nocobase/plugin-theme-editor/index.js","req":{},"reqId":"979f3d61-c5ee-4901-bd8a-8d0781443efa","res":{"status":200},"responseTime":8,"timestamp":"2024-02-29T20:42:47.026Z"}
