{"level":"info","message":"BEGIN: GET /api/app:getLang?locale=en-US","reqId":"8350d396-13bc-4548-ac2b-93ae9a8b95bc","timestamp":"2024-02-20T22:07:36.999Z"}
{"can":null,"level":"info","message":"ctx permission","reqId":"8350d396-13bc-4548-ac2b-93ae9a8b95bc","skip":true,"timestamp":"2024-02-20T22:07:37.024Z"}
{"level":"info","message":"acl params","reqId":"8350d396-13bc-4548-ac2b-93ae9a8b95bc","timestamp":"2024-02-20T22:07:37.025Z"}
{"level":"info","message":"acl parsedParams","reqId":"8350d396-13bc-4548-ac2b-93ae9a8b95bc","timestamp":"2024-02-20T22:07:37.025Z"}
{"level":"info","message":"END: GET /api/app:getLang?locale=en-US","req":{"action":{"actionName":"getLang","params":{"actionName":"getLang","locale":"en-US","resourceName":"app"},"resourceName":"app"},"header":{"x-hostname":"cmreport.dsti.gov.sl","x-locale":"en-US","x-role":"ictAdmin","x-timezone":"-00:00"}},"reqId":"8350d396-13bc-4548-ac2b-93ae9a8b95bc","res":{"status":200},"responseTime":33,"timestamp":"2024-02-20T22:07:37.032Z"}
{"level":"info","message":"BEGIN: GET /api/app:getPlugins","reqId":"2c7c5ba1-6ebe-4334-9419-5f8a3f9f2920","timestamp":"2024-02-20T22:07:37.892Z"}
{"can":null,"level":"info","message":"ctx permission","reqId":"2c7c5ba1-6ebe-4334-9419-5f8a3f9f2920","skip":true,"timestamp":"2024-02-20T22:07:37.901Z"}
{"level":"info","message":"acl params","reqId":"2c7c5ba1-6ebe-4334-9419-5f8a3f9f2920","timestamp":"2024-02-20T22:07:37.901Z"}
{"level":"info","message":"acl parsedParams","reqId":"2c7c5ba1-6ebe-4334-9419-5f8a3f9f2920","timestamp":"2024-02-20T22:07:37.901Z"}
{"level":"info","message":"END: GET /api/app:getPlugins","req":{"action":{"actionName":"getPlugins","params":{"actionName":"getPlugins","resourceName":"app"},"resourceName":"app"},"header":{"x-hostname":"cmreport.dsti.gov.sl","x-locale":"en-US","x-role":"ictAdmin","x-timezone":"-00:00"}},"reqId":"2c7c5ba1-6ebe-4334-9419-5f8a3f9f2920","res":{"status":200},"responseTime":17,"timestamp":"2024-02-20T22:07:37.909Z"}
{"level":"info","message":"BEGIN: GET /api/plugins/client/@nocobase/plugin-collection-manager/index.js","reqId":"d65973b3-72fd-4adf-addf-18c2f1b3e084","timestamp":"2024-02-20T22:07:38.260Z"}
{"level":"info","message":"BEGIN: GET /api/plugins/client/@nocobase/plugin-file-manager/index.js","reqId":"c6eee149-e178-47b9-99af-afc45f6eabb3","timestamp":"2024-02-20T22:07:38.261Z"}
{"level":"info","message":"END: GET /api/plugins/client/@nocobase/plugin-collection-manager/index.js","req":{},"reqId":"d65973b3-72fd-4adf-addf-18c2f1b3e084","res":{"status":200},"responseTime":6,"timestamp":"2024-02-20T22:07:38.267Z"}
{"level":"info","message":"END: GET /api/plugins/client/@nocobase/plugin-file-manager/index.js","req":{},"reqId":"c6eee149-e178-47b9-99af-afc45f6eabb3","res":{"status":200},"responseTime":7,"timestamp":"2024-02-20T22:07:38.268Z"}
{"level":"info","message":"BEGIN: GET /api/plugins/client/@nocobase/plugin-error-handler/index.js","reqId":"e5d7d619-c9a0-48e6-8d65-c18f1f31135d","timestamp":"2024-02-20T22:07:38.272Z"}
{"level":"info","message":"END: GET /api/plugins/client/@nocobase/plugin-error-handler/index.js","req":{},"reqId":"e5d7d619-c9a0-48e6-8d65-c18f1f31135d","res":{"status":200},"responseTime":2,"timestamp":"2024-02-20T22:07:38.274Z"}
{"level":"info","message":"BEGIN: GET /api/plugins/client/@nocobase/plugin-import/index.js","reqId":"e6f61ca0-405f-43b8-81b2-747a3ed2c647","timestamp":"2024-02-20T22:07:38.537Z"}
{"level":"info","message":"END: GET /api/plugins/client/@nocobase/plugin-import/index.js","req":{},"reqId":"e6f61ca0-405f-43b8-81b2-747a3ed2c647","res":{"status":200},"responseTime":4,"timestamp":"2024-02-20T22:07:38.541Z"}
{"level":"info","message":"BEGIN: GET /api/plugins/client/@nocobase/plugin-audit-logs/index.js","reqId":"b8c2b9a4-9866-42c8-8aa9-bb016a6af89e","timestamp":"2024-02-20T22:07:38.550Z"}
{"level":"info","message":"END: GET /api/plugins/client/@nocobase/plugin-audit-logs/index.js","req":{},"reqId":"b8c2b9a4-9866-42c8-8aa9-bb016a6af89e","res":{"status":200},"responseTime":4,"timestamp":"2024-02-20T22:07:38.554Z"}
{"level":"info","message":"BEGIN: GET /api/plugins/client/@nocobase/plugin-iframe-block/index.js","reqId":"8bb343b2-8779-4409-b057-5da138aecbd6","timestamp":"2024-02-20T22:07:38.562Z"}
{"level":"info","message":"END: GET /api/plugins/client/@nocobase/plugin-iframe-block/index.js","req":{},"reqId":"8bb343b2-8779-4409-b057-5da138aecbd6","res":{"status":200},"responseTime":48,"timestamp":"2024-02-20T22:07:38.610Z"}
{"level":"info","message":"BEGIN: GET /api/plugins/client/@nocobase/plugin-workflow/index.js","reqId":"c1e9925c-71f0-4432-b75c-ee3b8c806556","timestamp":"2024-02-20T22:07:38.773Z"}
{"level":"info","message":"END: GET /api/plugins/client/@nocobase/plugin-workflow/index.js","req":{},"reqId":"c1e9925c-71f0-4432-b75c-ee3b8c806556","res":{"status":200},"responseTime":5,"timestamp":"2024-02-20T22:07:38.778Z"}
{"level":"info","message":"BEGIN: GET /api/plugins/client/@nocobase/plugin-formula-field/index.js","reqId":"98bae499-9dda-439f-9366-ed65b6e4d574","timestamp":"2024-02-20T22:07:38.796Z"}
{"level":"info","message":"BEGIN: GET /api/plugins/client/@nocobase/plugin-china-region/index.js","reqId":"bb128277-cc14-4fd1-bf95-c55044fa4090","timestamp":"2024-02-20T22:07:38.797Z"}
{"level":"info","message":"END: GET /api/plugins/client/@nocobase/plugin-formula-field/index.js","req":{},"reqId":"98bae499-9dda-439f-9366-ed65b6e4d574","res":{"status":200},"responseTime":13,"timestamp":"2024-02-20T22:07:38.809Z"}
{"level":"info","message":"END: GET /api/plugins/client/@nocobase/plugin-china-region/index.js","req":{},"reqId":"bb128277-cc14-4fd1-bf95-c55044fa4090","res":{"status":200},"responseTime":14,"timestamp":"2024-02-20T22:07:38.811Z"}
{"level":"info","message":"BEGIN: GET /api/plugins/client/@nocobase/plugin-export/index.js","reqId":"aa1d60b2-65c3-4215-a018-99d0fd308f84","timestamp":"2024-02-20T22:07:38.813Z"}
{"level":"info","message":"END: GET /api/plugins/client/@nocobase/plugin-export/index.js","req":{},"reqId":"aa1d60b2-65c3-4215-a018-99d0fd308f84","res":{"status":200},"responseTime":3,"timestamp":"2024-02-20T22:07:38.816Z"}
{"level":"info","message":"BEGIN: GET /api/plugins/client/@nocobase/plugin-charts/index.js","reqId":"b240717a-37aa-4e10-a971-3776ea387ee1","timestamp":"2024-02-20T22:07:38.850Z"}
{"level":"info","message":"END: GET /api/plugins/client/@nocobase/plugin-charts/index.js","req":{},"reqId":"b240717a-37aa-4e10-a971-3776ea387ee1","res":{"status":200},"responseTime":3,"timestamp":"2024-02-20T22:07:38.853Z"}
{"level":"info","message":"BEGIN: GET /api/plugins/client/@nocobase/plugin-auth/index.js","reqId":"745f5d21-5ec5-4ad8-92ec-3681124db675","timestamp":"2024-02-20T22:07:38.881Z"}
{"level":"info","message":"END: GET /api/plugins/client/@nocobase/plugin-auth/index.js","req":{},"reqId":"745f5d21-5ec5-4ad8-92ec-3681124db675","res":{"status":200},"responseTime":3,"timestamp":"2024-02-20T22:07:38.884Z"}
{"level":"info","message":"BEGIN: GET /api/plugins/client/@nocobase/plugin-sms-auth/index.js","reqId":"0708655b-dfcc-4821-8783-8cbe5bf93550","timestamp":"2024-02-20T22:07:39.091Z"}
{"level":"info","message":"BEGIN: GET /api/plugins/client/@nocobase/plugin-multi-app-manager/index.js","reqId":"d3153e1e-a4bc-41c4-b8c4-d5f482becde7","timestamp":"2024-02-20T22:07:39.093Z"}
{"level":"info","message":"END: GET /api/plugins/client/@nocobase/plugin-sms-auth/index.js","req":{},"reqId":"0708655b-dfcc-4821-8783-8cbe5bf93550","res":{"status":200},"responseTime":5,"timestamp":"2024-02-20T22:07:39.096Z"}
{"level":"info","message":"END: GET /api/plugins/client/@nocobase/plugin-multi-app-manager/index.js","req":{},"reqId":"d3153e1e-a4bc-41c4-b8c4-d5f482becde7","res":{"status":200},"responseTime":5,"timestamp":"2024-02-20T22:07:39.098Z"}
{"level":"info","message":"BEGIN: GET /api/plugins/client/@nocobase/plugin-map/index.js","reqId":"df3a344b-4149-4bca-b6ad-e5e3e6a091cd","timestamp":"2024-02-20T22:07:39.120Z"}
{"level":"info","message":"END: GET /api/plugins/client/@nocobase/plugin-map/index.js","req":{},"reqId":"df3a344b-4149-4bca-b6ad-e5e3e6a091cd","res":{"status":200},"responseTime":5,"timestamp":"2024-02-20T22:07:39.125Z"}
{"level":"info","message":"BEGIN: GET /api/plugins/client/@nocobase/plugin-snapshot-field/index.js","reqId":"ea3f0691-16aa-4911-a263-9eb2998b1356","timestamp":"2024-02-20T22:07:39.191Z"}
{"level":"info","message":"END: GET /api/plugins/client/@nocobase/plugin-snapshot-field/index.js","req":{},"reqId":"ea3f0691-16aa-4911-a263-9eb2998b1356","res":{"status":200},"responseTime":3,"timestamp":"2024-02-20T22:07:39.194Z"}
{"level":"info","message":"BEGIN: GET /api/plugins/client/@nocobase/plugin-mobile-client/index.js","reqId":"291f5bd7-0c58-40da-a315-6171b364584c","timestamp":"2024-02-20T22:07:39.239Z"}
{"level":"info","message":"END: GET /api/plugins/client/@nocobase/plugin-mobile-client/index.js","req":{},"reqId":"291f5bd7-0c58-40da-a315-6171b364584c","res":{"status":200},"responseTime":3,"timestamp":"2024-02-20T22:07:39.242Z"}
{"level":"info","message":"BEGIN: GET /api/plugins/client/@nocobase/plugin-api-keys/index.js","reqId":"7edc8c02-e8f7-4311-b2dd-4fb12c1388a1","timestamp":"2024-02-20T22:07:39.581Z"}
{"level":"info","message":"END: GET /api/plugins/client/@nocobase/plugin-api-keys/index.js","req":{},"reqId":"7edc8c02-e8f7-4311-b2dd-4fb12c1388a1","res":{"status":200},"responseTime":3,"timestamp":"2024-02-20T22:07:39.584Z"}
{"level":"info","message":"BEGIN: GET /api/plugins/client/@nocobase/plugin-theme-editor/index.js","reqId":"cd4f3e71-4bd4-4150-8799-1b8e1d516e2a","timestamp":"2024-02-20T22:07:39.587Z"}
{"level":"info","message":"END: GET /api/plugins/client/@nocobase/plugin-theme-editor/index.js","req":{},"reqId":"cd4f3e71-4bd4-4150-8799-1b8e1d516e2a","res":{"status":200},"responseTime":5,"timestamp":"2024-02-20T22:07:39.592Z"}
{"level":"info","message":"BEGIN: GET /api/plugins/client/@nocobase/plugin-system-settings/index.js","reqId":"179f9582-52a7-4ccb-a0ae-d9547f6304c1","timestamp":"2024-02-20T22:07:39.753Z"}
{"level":"info","message":"END: GET /api/plugins/client/@nocobase/plugin-system-settings/index.js","req":{},"reqId":"179f9582-52a7-4ccb-a0ae-d9547f6304c1","res":{"status":304},"responseTime":1,"timestamp":"2024-02-20T22:07:39.754Z"}
{"level":"info","message":"BEGIN: GET /api/plugins/client/@nocobase/plugin-sequence-field/index.js","reqId":"7fc33a60-46a0-4617-b7cc-dc1e6e07513d","timestamp":"2024-02-20T22:07:39.839Z"}
{"level":"info","message":"END: GET /api/plugins/client/@nocobase/plugin-sequence-field/index.js","req":{},"reqId":"7fc33a60-46a0-4617-b7cc-dc1e6e07513d","res":{"status":304},"responseTime":2,"timestamp":"2024-02-20T22:07:39.841Z"}
{"level":"info","message":"BEGIN: GET /api/plugins/client/@nocobase/plugin-ui-routes-storage/index.js","reqId":"45d6cc46-851e-4407-906a-ddabb763085a","timestamp":"2024-02-20T22:07:40.002Z"}
{"level":"info","message":"END: GET /api/plugins/client/@nocobase/plugin-ui-routes-storage/index.js","req":{},"reqId":"45d6cc46-851e-4407-906a-ddabb763085a","res":{"status":304},"responseTime":3,"timestamp":"2024-02-20T22:07:40.005Z"}
{"level":"info","message":"BEGIN: GET /api/plugins/client/@nocobase/plugin-verification/index.js","reqId":"caa5d439-d1a7-4bba-8300-80c644b51da0","timestamp":"2024-02-20T22:07:40.034Z"}
{"level":"info","message":"END: GET /api/plugins/client/@nocobase/plugin-verification/index.js","req":{},"reqId":"caa5d439-d1a7-4bba-8300-80c644b51da0","res":{"status":304},"responseTime":1,"timestamp":"2024-02-20T22:07:40.035Z"}
{"level":"info","message":"BEGIN: GET /api/plugins/client/@nocobase/plugin-acl/index.js","reqId":"ab91a585-fe46-45f5-a7f3-fc18b1a0c617","timestamp":"2024-02-20T22:07:40.100Z"}
{"level":"info","message":"END: GET /api/plugins/client/@nocobase/plugin-acl/index.js","req":{},"reqId":"ab91a585-fe46-45f5-a7f3-fc18b1a0c617","res":{"status":304},"responseTime":2,"timestamp":"2024-02-20T22:07:40.102Z"}
{"level":"info","message":"BEGIN: GET /api/plugins/client/@nocobase/plugin-ui-schema-storage/index.js","reqId":"752de338-dfc9-4e08-9dec-e164cc65af71","timestamp":"2024-02-20T22:07:40.130Z"}
{"level":"info","message":"END: GET /api/plugins/client/@nocobase/plugin-ui-schema-storage/index.js","req":{},"reqId":"752de338-dfc9-4e08-9dec-e164cc65af71","res":{"status":304},"responseTime":2,"timestamp":"2024-02-20T22:07:40.132Z"}
{"level":"info","message":"BEGIN: GET /api/plugins/client/@nocobase/plugin-client/index.js","reqId":"97172737-f55e-4a85-977d-0c19264c3bd8","timestamp":"2024-02-20T22:07:40.149Z"}
{"level":"info","message":"END: GET /api/plugins/client/@nocobase/plugin-client/index.js","req":{},"reqId":"97172737-f55e-4a85-977d-0c19264c3bd8","res":{"status":304},"responseTime":3,"timestamp":"2024-02-20T22:07:40.153Z"}
{"level":"info","message":"BEGIN: GET /api/plugins/client/@nocobase/plugin-duplicator/index.js","reqId":"0abb174a-1744-4282-8c23-07aff9072906","timestamp":"2024-02-20T22:07:40.174Z"}
{"level":"info","message":"END: GET /api/plugins/client/@nocobase/plugin-duplicator/index.js","req":{},"reqId":"0abb174a-1744-4282-8c23-07aff9072906","res":{"status":304},"responseTime":2,"timestamp":"2024-02-20T22:07:40.176Z"}
{"level":"info","message":"BEGIN: GET /api/plugins/client/@nocobase/plugin-graph-collection-manager/index.js","reqId":"44ad399d-b388-473f-bb39-b647d8ce970f","timestamp":"2024-02-20T22:07:40.184Z"}
{"level":"info","message":"END: GET /api/plugins/client/@nocobase/plugin-graph-collection-manager/index.js","req":{},"reqId":"44ad399d-b388-473f-bb39-b647d8ce970f","res":{"status":304},"responseTime":1,"timestamp":"2024-02-20T22:07:40.185Z"}
{"level":"info","message":"BEGIN: GET /api/plugins/client/@nocobase/plugin-data-visualization/index.js","reqId":"eecc3cf6-fbeb-46c6-8478-2f39c38a3173","timestamp":"2024-02-20T22:07:40.338Z"}
{"level":"info","message":"END: GET /api/plugins/client/@nocobase/plugin-data-visualization/index.js","req":{},"reqId":"eecc3cf6-fbeb-46c6-8478-2f39c38a3173","res":{"status":304},"responseTime":2,"timestamp":"2024-02-20T22:07:40.340Z"}
{"level":"info","message":"BEGIN: GET /api/auth:check","reqId":"b709f762-339d-4455-a49a-63720143483f","timestamp":"2024-02-20T22:07:47.459Z"}
{"can":null,"level":"info","message":"ctx permission","reqId":"b709f762-339d-4455-a49a-63720143483f","skip":true,"timestamp":"2024-02-20T22:07:47.474Z"}
{"level":"info","message":"acl params","reqId":"b709f762-339d-4455-a49a-63720143483f","timestamp":"2024-02-20T22:07:47.475Z"}
{"level":"info","message":"acl parsedParams","reqId":"b709f762-339d-4455-a49a-63720143483f","timestamp":"2024-02-20T22:07:47.475Z"}
{"level":"info","message":"END: GET /api/auth:check","req":{"action":{"actionName":"check","params":{"actionName":"check","resourceName":"auth"},"resourceName":"auth"},"header":{"x-hostname":"cmreport.dsti.gov.sl","x-locale":"en-US","x-role":"ictAdmin","x-timezone":"-00:00"}},"reqId":"b709f762-339d-4455-a49a-63720143483f","res":{"status":200},"responseTime":17,"timestamp":"2024-02-20T22:07:47.476Z"}
{"level":"info","message":"BEGIN: GET /api/uiSchemaTemplates:list?appends%5B%5D=collection&paginate=false","reqId":"75c83c2c-4e9d-4718-b53f-b1d6475f8d59","timestamp":"2024-02-20T22:07:48.797Z"}
{"can":null,"level":"info","message":"ctx permission","reqId":"75c83c2c-4e9d-4718-b53f-b1d6475f8d59","skip":true,"timestamp":"2024-02-20T22:07:48.844Z"}
{"level":"info","message":"acl params","reqId":"75c83c2c-4e9d-4718-b53f-b1d6475f8d59","timestamp":"2024-02-20T22:07:48.844Z"}
{"level":"info","message":"acl parsedParams","reqId":"75c83c2c-4e9d-4718-b53f-b1d6475f8d59","timestamp":"2024-02-20T22:07:48.844Z"}
{"level":"info","message":"END: GET /api/uiSchemaTemplates:list?appends%5B%5D=collection&paginate=false","req":{"action":{"actionName":"list","params":{"actionName":"list","appends":["collection"],"paginate":"false","resourceName":"uiSchemaTemplates"},"resourceName":"uiSchemaTemplates"},"header":{"x-hostname":"cmreport.dsti.gov.sl","x-locale":"en-US","x-role":"ictAdmin","x-timezone":"-00:00"}},"reqId":"75c83c2c-4e9d-4718-b53f-b1d6475f8d59","res":{"status":200},"responseTime":60,"timestamp":"2024-02-20T22:07:48.857Z"}
{"level":"info","message":"BEGIN: GET /api/systemSettings:get/1?appends=logo","reqId":"d6df434e-0aab-4529-b037-b4d3f311bb7a","timestamp":"2024-02-20T22:07:49.381Z"}
{"can":{"action":"get","resource":"systemSettings","role":"ictAdmin"},"level":"info","message":"ctx permission","reqId":"d6df434e-0aab-4529-b037-b4d3f311bb7a","skip":true,"timestamp":"2024-02-20T22:07:49.390Z"}
{"level":"info","message":"acl params","reqId":"d6df434e-0aab-4529-b037-b4d3f311bb7a","timestamp":"2024-02-20T22:07:49.391Z"}
{"level":"info","message":"acl parsedParams","reqId":"d6df434e-0aab-4529-b037-b4d3f311bb7a","timestamp":"2024-02-20T22:07:49.391Z"}
{"level":"info","message":"END: GET /api/systemSettings:get/1?appends=logo","req":{"action":{"actionName":"get","params":{"actionName":"get","appends":["logo"],"filterByTk":"1","resourceIndex":"1","resourceName":"systemSettings"},"resourceName":"systemSettings"},"header":{"x-hostname":"cmreport.dsti.gov.sl","x-locale":"en-US","x-role":"ictAdmin","x-timezone":"-00:00"}},"reqId":"d6df434e-0aab-4529-b037-b4d3f311bb7a","res":{"status":200},"responseTime":21,"timestamp":"2024-02-20T22:07:49.402Z"}
{"level":"info","message":"BEGIN: GET /api/app:getInfo","reqId":"a94bc6a6-27ad-4d22-8e38-b410d463ceac","timestamp":"2024-02-20T22:07:50.143Z"}
{"can":null,"level":"info","message":"ctx permission","reqId":"a94bc6a6-27ad-4d22-8e38-b410d463ceac","skip":true,"timestamp":"2024-02-20T22:07:50.156Z"}
{"level":"info","message":"acl params","reqId":"a94bc6a6-27ad-4d22-8e38-b410d463ceac","timestamp":"2024-02-20T22:07:50.156Z"}
{"level":"info","message":"acl parsedParams","reqId":"a94bc6a6-27ad-4d22-8e38-b410d463ceac","timestamp":"2024-02-20T22:07:50.157Z"}
{"level":"info","message":"END: GET /api/app:getInfo","req":{"action":{"actionName":"getInfo","params":{"actionName":"getInfo","resourceName":"app"},"resourceName":"app"},"header":{"x-hostname":"cmreport.dsti.gov.sl","x-locale":"en-US","x-role":"ictAdmin","x-timezone":"-00:00"}},"reqId":"a94bc6a6-27ad-4d22-8e38-b410d463ceac","res":{"status":200},"responseTime":17,"timestamp":"2024-02-20T22:07:50.160Z"}
{"level":"info","message":"BEGIN: POST /api/chartsQueries:listMetadata?paginate=false&sort%5B%5D=-id","reqId":"d09fdc27-af9a-4bb6-8532-2949abf85e20","timestamp":"2024-02-20T22:07:50.175Z"}
{"can":null,"level":"info","message":"ctx permission","reqId":"d09fdc27-af9a-4bb6-8532-2949abf85e20","skip":true,"timestamp":"2024-02-20T22:07:50.187Z"}
{"level":"info","message":"acl params","reqId":"d09fdc27-af9a-4bb6-8532-2949abf85e20","timestamp":"2024-02-20T22:07:50.188Z"}
{"level":"info","message":"acl parsedParams","reqId":"d09fdc27-af9a-4bb6-8532-2949abf85e20","timestamp":"2024-02-20T22:07:50.189Z"}
{"level":"info","message":"END: POST /api/chartsQueries:listMetadata?paginate=false&sort%5B%5D=-id","req":{"action":{"actionName":"listMetadata","params":{"actionName":"listMetadata","paginate":"false","resourceName":"chartsQueries","sort":["-id"]},"resourceName":"chartsQueries"},"header":{"x-hostname":"cmreport.dsti.gov.sl","x-locale":"en-US","x-role":"ictAdmin","x-timezone":"-00:00"}},"reqId":"d09fdc27-af9a-4bb6-8532-2949abf85e20","res":{"status":200},"responseTime":16,"timestamp":"2024-02-20T22:07:50.191Z"}
{"level":"info","message":"BEGIN: GET /api/app:getInfo","reqId":"99f17854-7d50-44fc-91ac-5b6d039dfb3f","timestamp":"2024-02-20T22:07:50.580Z"}
{"can":null,"level":"info","message":"ctx permission","reqId":"99f17854-7d50-44fc-91ac-5b6d039dfb3f","skip":true,"timestamp":"2024-02-20T22:07:50.588Z"}
{"level":"info","message":"acl params","reqId":"99f17854-7d50-44fc-91ac-5b6d039dfb3f","timestamp":"2024-02-20T22:07:50.588Z"}
{"level":"info","message":"acl parsedParams","reqId":"99f17854-7d50-44fc-91ac-5b6d039dfb3f","timestamp":"2024-02-20T22:07:50.588Z"}
{"level":"info","message":"END: GET /api/app:getInfo","req":{"action":{"actionName":"getInfo","params":{"actionName":"getInfo","resourceName":"app"},"resourceName":"app"},"header":{"x-hostname":"cmreport.dsti.gov.sl","x-locale":"en-US","x-role":"ictAdmin","x-timezone":"-00:00"}},"reqId":"99f17854-7d50-44fc-91ac-5b6d039dfb3f","res":{"status":200},"responseTime":10,"timestamp":"2024-02-20T22:07:50.590Z"}
{"level":"info","message":"BEGIN: GET /api/themeConfig:list?sort=id&paginate=false","reqId":"7a95adbc-4179-40a3-b799-a6de6cce2a4e","timestamp":"2024-02-20T22:07:51.339Z"}
{"level":"info","message":"BEGIN: GET /api/app:getInfo","reqId":"03259cce-c2f5-4d61-a01e-f74c793ac5bd","timestamp":"2024-02-20T22:07:51.353Z"}
{"can":{"action":"list","resource":"themeConfig","role":"ictAdmin"},"level":"info","message":"ctx permission","reqId":"7a95adbc-4179-40a3-b799-a6de6cce2a4e","timestamp":"2024-02-20T22:07:51.372Z"}
{"level":"info","message":"acl params","reqId":"7a95adbc-4179-40a3-b799-a6de6cce2a4e","timestamp":"2024-02-20T22:07:51.373Z"}
{"level":"info","message":"acl parsedParams","reqId":"7a95adbc-4179-40a3-b799-a6de6cce2a4e","timestamp":"2024-02-20T22:07:51.374Z"}
{"can":null,"level":"info","message":"ctx permission","reqId":"03259cce-c2f5-4d61-a01e-f74c793ac5bd","skip":true,"timestamp":"2024-02-20T22:07:51.382Z"}
{"level":"info","message":"acl params","reqId":"03259cce-c2f5-4d61-a01e-f74c793ac5bd","timestamp":"2024-02-20T22:07:51.383Z"}
{"level":"info","message":"acl parsedParams","reqId":"03259cce-c2f5-4d61-a01e-f74c793ac5bd","timestamp":"2024-02-20T22:07:51.383Z"}
{"level":"info","message":"END: GET /api/themeConfig:list?sort=id&paginate=false","req":{"action":{"actionName":"list","params":{"actionName":"list","paginate":"false","resourceName":"themeConfig","sort":["id"]},"resourceName":"themeConfig"},"header":{"x-hostname":"cmreport.dsti.gov.sl","x-locale":"en-US","x-role":"ictAdmin","x-timezone":"-00:00"}},"reqId":"7a95adbc-4179-40a3-b799-a6de6cce2a4e","res":{"status":200},"responseTime":50,"timestamp":"2024-02-20T22:07:51.389Z"}
{"level":"info","message":"END: GET /api/app:getInfo","req":{"action":{"actionName":"getInfo","params":{"actionName":"getInfo","resourceName":"app"},"resourceName":"app"},"header":{"x-hostname":"cmreport.dsti.gov.sl","x-locale":"en-US","x-role":"ictAdmin","x-timezone":"-00:00"}},"reqId":"03259cce-c2f5-4d61-a01e-f74c793ac5bd","res":{"status":200},"responseTime":38,"timestamp":"2024-02-20T22:07:51.391Z"}
{"level":"info","message":"BEGIN: GET /api/collectionsHistory:list?paginate=false&appends%5B%5D=fields&sort%5B%5D=sort&filter=%7B%7D","reqId":"1ecc7a85-9982-4a01-be62-7cff610176e7","timestamp":"2024-02-20T22:07:51.392Z"}
{"can":{"action":"list","resource":"collectionsHistory","role":"ictAdmin"},"level":"info","message":"ctx permission","reqId":"1ecc7a85-9982-4a01-be62-7cff610176e7","skip":true,"timestamp":"2024-02-20T22:07:51.400Z"}
{"level":"info","message":"acl params","reqId":"1ecc7a85-9982-4a01-be62-7cff610176e7","timestamp":"2024-02-20T22:07:51.401Z"}
{"level":"info","message":"acl parsedParams","reqId":"1ecc7a85-9982-4a01-be62-7cff610176e7","timestamp":"2024-02-20T22:07:51.401Z"}
{"level":"info","message":"END: GET /api/collectionsHistory:list?paginate=false&appends%5B%5D=fields&sort%5B%5D=sort&filter=%7B%7D","req":{"action":{"actionName":"list","params":{"actionName":"list","appends":["fields"],"filter":{},"paginate":"false","resourceName":"collectionsHistory","sort":["sort"]},"resourceName":"collectionsHistory"},"header":{"x-hostname":"cmreport.dsti.gov.sl","x-locale":"en-US","x-role":"ictAdmin","x-timezone":"-00:00"}},"reqId":"1ecc7a85-9982-4a01-be62-7cff610176e7","res":{"status":200},"responseTime":104,"timestamp":"2024-02-20T22:07:51.497Z"}
{"level":"info","message":"BEGIN: GET /api/themeConfig:list?sort=id&paginate=false","reqId":"2ba2048a-0c79-4e15-9715-eaae2d6f35a2","timestamp":"2024-02-20T22:07:52.141Z"}
{"level":"info","message":"BEGIN: GET /api/app:getInfo","reqId":"a7b6407a-4854-466e-8f45-c6fb9f6d6af9","timestamp":"2024-02-20T22:07:52.153Z"}
{"can":{"action":"list","resource":"themeConfig","role":"ictAdmin"},"level":"info","message":"ctx permission","reqId":"2ba2048a-0c79-4e15-9715-eaae2d6f35a2","timestamp":"2024-02-20T22:07:52.159Z"}
{"level":"info","message":"acl params","reqId":"2ba2048a-0c79-4e15-9715-eaae2d6f35a2","timestamp":"2024-02-20T22:07:52.159Z"}
{"level":"info","message":"acl parsedParams","reqId":"2ba2048a-0c79-4e15-9715-eaae2d6f35a2","timestamp":"2024-02-20T22:07:52.159Z"}
{"can":null,"level":"info","message":"ctx permission","reqId":"a7b6407a-4854-466e-8f45-c6fb9f6d6af9","skip":true,"timestamp":"2024-02-20T22:07:52.169Z"}
{"level":"info","message":"acl params","reqId":"a7b6407a-4854-466e-8f45-c6fb9f6d6af9","timestamp":"2024-02-20T22:07:52.170Z"}
{"level":"info","message":"acl parsedParams","reqId":"a7b6407a-4854-466e-8f45-c6fb9f6d6af9","timestamp":"2024-02-20T22:07:52.170Z"}
{"level":"info","message":"END: GET /api/themeConfig:list?sort=id&paginate=false","req":{"action":{"actionName":"list","params":{"actionName":"list","paginate":"false","resourceName":"themeConfig","sort":["id"]},"resourceName":"themeConfig"},"header":{"x-hostname":"cmreport.dsti.gov.sl","x-locale":"en-US","x-role":"ictAdmin","x-timezone":"-00:00"}},"reqId":"2ba2048a-0c79-4e15-9715-eaae2d6f35a2","res":{"status":200},"responseTime":30,"timestamp":"2024-02-20T22:07:52.171Z"}
{"level":"info","message":"END: GET /api/app:getInfo","req":{"action":{"actionName":"getInfo","params":{"actionName":"getInfo","resourceName":"app"},"resourceName":"app"},"header":{"x-hostname":"cmreport.dsti.gov.sl","x-locale":"en-US","x-role":"ictAdmin","x-timezone":"-00:00"}},"reqId":"a7b6407a-4854-466e-8f45-c6fb9f6d6af9","res":{"status":200},"responseTime":23,"timestamp":"2024-02-20T22:07:52.176Z"}
{"level":"info","message":"BEGIN: GET /api/app:getInfo","reqId":"01b05fae-7fa1-44b8-a04d-5698f8313d51","timestamp":"2024-02-20T22:07:52.486Z"}
{"can":null,"level":"info","message":"ctx permission","reqId":"01b05fae-7fa1-44b8-a04d-5698f8313d51","skip":true,"timestamp":"2024-02-20T22:07:52.494Z"}
{"level":"info","message":"acl params","reqId":"01b05fae-7fa1-44b8-a04d-5698f8313d51","timestamp":"2024-02-20T22:07:52.495Z"}
{"level":"info","message":"acl parsedParams","reqId":"01b05fae-7fa1-44b8-a04d-5698f8313d51","timestamp":"2024-02-20T22:07:52.496Z"}
{"level":"info","message":"END: GET /api/app:getInfo","req":{"action":{"actionName":"getInfo","params":{"actionName":"getInfo","resourceName":"app"},"resourceName":"app"},"header":{"x-hostname":"cmreport.dsti.gov.sl","x-locale":"en-US","x-role":"ictAdmin","x-timezone":"-00:00"}},"reqId":"01b05fae-7fa1-44b8-a04d-5698f8313d51","res":{"status":200},"responseTime":12,"timestamp":"2024-02-20T22:07:52.498Z"}
{"level":"info","message":"BEGIN: GET /api/uiSchemaTemplates:list?appends%5B%5D=collection&paginate=false","reqId":"0a3e9cca-37f6-4de3-84a4-4b6d0d018561","timestamp":"2024-02-20T22:07:52.750Z"}
{"can":null,"level":"info","message":"ctx permission","reqId":"0a3e9cca-37f6-4de3-84a4-4b6d0d018561","skip":true,"timestamp":"2024-02-20T22:07:52.759Z"}
{"level":"info","message":"acl params","reqId":"0a3e9cca-37f6-4de3-84a4-4b6d0d018561","timestamp":"2024-02-20T22:07:52.760Z"}
{"level":"info","message":"acl parsedParams","reqId":"0a3e9cca-37f6-4de3-84a4-4b6d0d018561","timestamp":"2024-02-20T22:07:52.760Z"}
{"level":"info","message":"END: GET /api/uiSchemaTemplates:list?appends%5B%5D=collection&paginate=false","req":{"action":{"actionName":"list","params":{"actionName":"list","appends":["collection"],"paginate":"false","resourceName":"uiSchemaTemplates"},"resourceName":"uiSchemaTemplates"},"header":{"x-hostname":"cmreport.dsti.gov.sl","x-locale":"en-US","x-role":"ictAdmin","x-timezone":"-00:00"}},"reqId":"0a3e9cca-37f6-4de3-84a4-4b6d0d018561","res":{"status":200},"responseTime":19,"timestamp":"2024-02-20T22:07:52.769Z"}
{"level":"info","message":"BEGIN: GET /api/collections:list?paginate=false&appends%5B%5D=fields&appends%5B%5D=category&sort%5B%5D=sort&filter=%7B%7D","reqId":"3a5abbc5-f6d7-4516-b142-b824abdc3045","timestamp":"2024-02-20T22:07:53.003Z"}
{"can":null,"level":"info","message":"ctx permission","reqId":"3a5abbc5-f6d7-4516-b142-b824abdc3045","skip":true,"timestamp":"2024-02-20T22:07:53.010Z"}
{"level":"info","message":"acl params","reqId":"3a5abbc5-f6d7-4516-b142-b824abdc3045","timestamp":"2024-02-20T22:07:53.011Z"}
{"level":"info","message":"acl parsedParams","reqId":"3a5abbc5-f6d7-4516-b142-b824abdc3045","timestamp":"2024-02-20T22:07:53.011Z"}
{"level":"info","message":"BEGIN: GET /api/collectionCategories:list?paginate=false&sort%5B%5D=sort","reqId":"4bb65039-15a2-4673-962b-ffbc84f01d4d","timestamp":"2024-02-20T22:07:53.034Z"}
{"level":"info","message":"END: GET /api/collections:list?paginate=false&appends%5B%5D=fields&appends%5B%5D=category&sort%5B%5D=sort&filter=%7B%7D","req":{"action":{"actionName":"list","params":{"actionName":"list","appends":["fields","category"],"filter":{},"paginate":"false","resourceName":"collections","sort":["sort"]},"resourceName":"collections"},"header":{"x-hostname":"cmreport.dsti.gov.sl","x-locale":"en-US","x-role":"ictAdmin","x-timezone":"-00:00"}},"reqId":"3a5abbc5-f6d7-4516-b142-b824abdc3045","res":{"status":200},"responseTime":78,"timestamp":"2024-02-20T22:07:53.081Z"}
{"can":{"action":"list","resource":"collectionCategories","role":"ictAdmin"},"level":"info","message":"ctx permission","reqId":"4bb65039-15a2-4673-962b-ffbc84f01d4d","skip":true,"timestamp":"2024-02-20T22:07:53.231Z"}
{"level":"info","message":"acl params","reqId":"4bb65039-15a2-4673-962b-ffbc84f01d4d","timestamp":"2024-02-20T22:07:53.231Z"}
{"level":"info","message":"acl parsedParams","reqId":"4bb65039-15a2-4673-962b-ffbc84f01d4d","timestamp":"2024-02-20T22:07:53.232Z"}
{"level":"info","message":"END: GET /api/collectionCategories:list?paginate=false&sort%5B%5D=sort","req":{"action":{"actionName":"list","params":{"actionName":"list","paginate":"false","resourceName":"collectionCategories","sort":["sort"]},"resourceName":"collectionCategories"},"header":{"x-hostname":"cmreport.dsti.gov.sl","x-locale":"en-US","x-role":"ictAdmin","x-timezone":"-00:00"}},"reqId":"4bb65039-15a2-4673-962b-ffbc84f01d4d","res":{"status":200},"responseTime":240,"timestamp":"2024-02-20T22:07:53.274Z"}
{"level":"info","message":"BEGIN: GET /api/roles:check","reqId":"3bf35c9a-aff6-421f-a623-d6c74f313176","timestamp":"2024-02-20T22:07:54.343Z"}
{"can":null,"level":"info","message":"ctx permission","reqId":"3bf35c9a-aff6-421f-a623-d6c74f313176","skip":true,"timestamp":"2024-02-20T22:07:54.353Z"}
{"level":"info","message":"acl params","reqId":"3bf35c9a-aff6-421f-a623-d6c74f313176","timestamp":"2024-02-20T22:07:54.353Z"}
{"level":"info","message":"acl parsedParams","reqId":"3bf35c9a-aff6-421f-a623-d6c74f313176","timestamp":"2024-02-20T22:07:54.354Z"}
{"level":"info","message":"END: GET /api/roles:check","req":{"action":{"actionName":"check","params":{"actionName":"check","resourceName":"roles"},"resourceName":"roles"},"header":{"x-hostname":"cmreport.dsti.gov.sl","x-locale":"en-US","x-role":"ictAdmin","x-timezone":"-00:00"}},"reqId":"3bf35c9a-aff6-421f-a623-d6c74f313176","res":{"status":200},"responseTime":19,"timestamp":"2024-02-20T22:07:54.362Z"}
{"level":"info","message":"BEGIN: GET /api/uiSchemas:getProperties/ic05qq3jmex","reqId":"f636ca41-a7f4-4660-b731-72bef7882274","timestamp":"2024-02-20T22:07:55.674Z"}
{"can":null,"level":"info","message":"ctx permission","reqId":"f636ca41-a7f4-4660-b731-72bef7882274","skip":true,"timestamp":"2024-02-20T22:07:55.681Z"}
{"level":"info","message":"acl params","reqId":"f636ca41-a7f4-4660-b731-72bef7882274","timestamp":"2024-02-20T22:07:55.681Z"}
{"level":"info","message":"acl parsedParams","reqId":"f636ca41-a7f4-4660-b731-72bef7882274","timestamp":"2024-02-20T22:07:55.682Z"}
{"level":"info","message":"END: GET /api/uiSchemas:getProperties/ic05qq3jmex","req":{"action":{"actionName":"getProperties","params":{"actionName":"getProperties","filterByTk":"ic05qq3jmex","resourceIndex":"ic05qq3jmex","resourceName":"uiSchemas"},"resourceName":"uiSchemas"},"header":{"x-hostname":"cmreport.dsti.gov.sl","x-locale":"en-US","x-role":"ictAdmin","x-timezone":"-00:00"}},"reqId":"f636ca41-a7f4-4660-b731-72bef7882274","res":{"status":200},"responseTime":73,"timestamp":"2024-02-20T22:07:55.746Z"}
{"level":"info","message":"BEGIN: GET /api/uiSchemas:getJsonSchema/kajnqv7hagl","reqId":"101d108c-242b-4d8c-a598-50d5b26c27f7","timestamp":"2024-02-20T22:07:55.749Z"}
{"can":null,"level":"info","message":"ctx permission","reqId":"101d108c-242b-4d8c-a598-50d5b26c27f7","skip":true,"timestamp":"2024-02-20T22:07:55.755Z"}
{"level":"info","message":"acl params","reqId":"101d108c-242b-4d8c-a598-50d5b26c27f7","timestamp":"2024-02-20T22:07:55.756Z"}
{"level":"info","message":"acl parsedParams","reqId":"101d108c-242b-4d8c-a598-50d5b26c27f7","timestamp":"2024-02-20T22:07:55.756Z"}
{"level":"info","message":"END: GET /api/uiSchemas:getJsonSchema/kajnqv7hagl","req":{"action":{"actionName":"getJsonSchema","params":{"actionName":"getJsonSchema","filterByTk":"kajnqv7hagl","resourceIndex":"kajnqv7hagl","resourceName":"uiSchemas"},"resourceName":"uiSchemas"},"header":{"x-hostname":"cmreport.dsti.gov.sl","x-locale":"en-US","x-role":"ictAdmin","x-timezone":"-00:00"}},"reqId":"101d108c-242b-4d8c-a598-50d5b26c27f7","res":{"status":200},"responseTime":332,"timestamp":"2024-02-20T22:07:56.081Z"}
