{"level":"info","message":"BEGIN: GET /api/uiSchemas:getProperties/3qs7ovsllv6","reqId":"ff5a8b71-18ff-494c-b60c-f3b4fe456cba","timestamp":"2024-02-26T14:57:32.364Z"}
{"can":null,"level":"info","message":"ctx permission","reqId":"ff5a8b71-18ff-494c-b60c-f3b4fe456cba","skip":true,"timestamp":"2024-02-26T14:57:32.385Z"}
{"level":"info","message":"acl params","reqId":"ff5a8b71-18ff-494c-b60c-f3b4fe456cba","timestamp":"2024-02-26T14:57:32.386Z"}
{"level":"info","message":"acl parsedParams","reqId":"ff5a8b71-18ff-494c-b60c-f3b4fe456cba","timestamp":"2024-02-26T14:57:32.386Z"}
{"level":"info","message":"END: GET /api/uiSchemas:getProperties/3qs7ovsllv6","req":{"action":{"actionName":"getProperties","params":{"actionName":"getProperties","filterByTk":"3qs7ovsllv6","resourceIndex":"3qs7ovsllv6","resourceName":"uiSchemas"},"resourceName":"uiSchemas"},"header":{"x-hostname":"www.cmreport.dsti.gov.sl","x-locale":"en-US","x-role":"ictHeads","x-timezone":"-00:00"}},"reqId":"ff5a8b71-18ff-494c-b60c-f3b4fe456cba","res":{"status":200},"responseTime":28,"timestamp":"2024-02-26T14:57:32.392Z"}
{"level":"info","message":"BEGIN: GET /api/uiSchemas:getJsonSchema/1d4jybwhksc","reqId":"f0d367bd-8adf-49a4-9d7a-a7e12aa97e81","timestamp":"2024-02-26T14:57:32.608Z"}
{"can":null,"level":"info","message":"ctx permission","reqId":"f0d367bd-8adf-49a4-9d7a-a7e12aa97e81","skip":true,"timestamp":"2024-02-26T14:57:32.618Z"}
{"level":"info","message":"acl params","reqId":"f0d367bd-8adf-49a4-9d7a-a7e12aa97e81","timestamp":"2024-02-26T14:57:32.619Z"}
{"level":"info","message":"acl parsedParams","reqId":"f0d367bd-8adf-49a4-9d7a-a7e12aa97e81","timestamp":"2024-02-26T14:57:32.619Z"}
{"level":"info","message":"END: GET /api/uiSchemas:getJsonSchema/1d4jybwhksc","req":{"action":{"actionName":"getJsonSchema","params":{"actionName":"getJsonSchema","filterByTk":"1d4jybwhksc","resourceIndex":"1d4jybwhksc","resourceName":"uiSchemas"},"resourceName":"uiSchemas"},"header":{"x-hostname":"www.cmreport.dsti.gov.sl","x-locale":"en-US","x-role":"ictHeads","x-timezone":"-00:00"}},"reqId":"f0d367bd-8adf-49a4-9d7a-a7e12aa97e81","res":{"status":200},"responseTime":65,"timestamp":"2024-02-26T14:57:32.673Z"}
{"level":"info","message":"BEGIN: GET /api/solutions:list?pageSize=20&appends%5B%5D=ministry&appends%5B%5D=fundingSources&appends%5B%5D=vendor&filter=%7B%22%24and%22%3A%5B%7B%22ministry%22%3A%7B%22id%22%3A%7B%22%24eq%22%3A%22%7B%7B%24user.ministry.id%7D%7D%22%7D%7D%7D%5D%7D","reqId":"4f8b7ec3-248b-4a0d-ab10-e9c4909bd1ec","timestamp":"2024-02-26T14:57:33.051Z"}
{"can":{"action":"list","resource":"solutions","role":"ictHeads"},"level":"info","message":"ctx permission","reqId":"4f8b7ec3-248b-4a0d-ab10-e9c4909bd1ec","timestamp":"2024-02-26T14:57:33.061Z"}
{"level":"info","message":"acl params","reqId":"4f8b7ec3-248b-4a0d-ab10-e9c4909bd1ec","timestamp":"2024-02-26T14:57:33.061Z"}
{"level":"info","message":"acl parsedParams","reqId":"4f8b7ec3-248b-4a0d-ab10-e9c4909bd1ec","timestamp":"2024-02-26T14:57:33.062Z"}
{"level":"info","message":"filter-parse: ","reqId":"4f8b7ec3-248b-4a0d-ab10-e9c4909bd1ec","timestamp":"2024-02-26T14:57:33.062Z","userFields":["ministry.id"]}
{"$user":{"ministry":{"id":31}},"level":"info","message":"filter-parse: ","reqId":"4f8b7ec3-248b-4a0d-ab10-e9c4909bd1ec","timestamp":"2024-02-26T14:57:33.068Z"}
{"level":"info","message":"END: GET /api/solutions:list?pageSize=20&appends%5B%5D=ministry&appends%5B%5D=fundingSources&appends%5B%5D=vendor&filter=%7B%22%24and%22%3A%5B%7B%22ministry%22%3A%7B%22id%22%3A%7B%22%24eq%22%3A%22%7B%7B%24user.ministry.id%7D%7D%22%7D%7D%7D%5D%7D","req":{"action":{"actionName":"list","params":{"actionName":"list","appends":["ministry","fundingSources","vendor"],"filter":{"$and":[{"ministry":{"id":{"$eq":31}}}]},"pageSize":"20","resourceName":"solutions"},"resourceName":"solutions"},"header":{"x-hostname":"www.cmreport.dsti.gov.sl","x-locale":"en-US","x-role":"ictHeads","x-timezone":"-00:00"}},"reqId":"4f8b7ec3-248b-4a0d-ab10-e9c4909bd1ec","res":{"status":200},"responseTime":36,"timestamp":"2024-02-26T14:57:33.087Z"}
{"level":"info","message":"BEGIN: GET /api/uiSchemas:getProperties/oopw0n6z5d0","reqId":"898ca02c-86e0-41cd-b53f-5644b2fefdd5","timestamp":"2024-02-26T14:57:36.931Z"}
{"can":null,"level":"info","message":"ctx permission","reqId":"898ca02c-86e0-41cd-b53f-5644b2fefdd5","skip":true,"timestamp":"2024-02-26T14:57:36.940Z"}
{"level":"info","message":"acl params","reqId":"898ca02c-86e0-41cd-b53f-5644b2fefdd5","timestamp":"2024-02-26T14:57:36.941Z"}
{"level":"info","message":"acl parsedParams","reqId":"898ca02c-86e0-41cd-b53f-5644b2fefdd5","timestamp":"2024-02-26T14:57:36.941Z"}
{"level":"info","message":"END: GET /api/uiSchemas:getProperties/oopw0n6z5d0","req":{"action":{"actionName":"getProperties","params":{"actionName":"getProperties","filterByTk":"oopw0n6z5d0","resourceIndex":"oopw0n6z5d0","resourceName":"uiSchemas"},"resourceName":"uiSchemas"},"header":{"x-hostname":"www.cmreport.dsti.gov.sl","x-locale":"en-US","x-role":"ictHeads","x-timezone":"-00:00"}},"reqId":"898ca02c-86e0-41cd-b53f-5644b2fefdd5","res":{"status":200},"responseTime":60,"timestamp":"2024-02-26T14:57:36.991Z"}
