{"level":"info","message":"BEGIN: POST /api/collections/100days/fields:create","reqId":"411cb457-67c5-4d81-a950-157763fd656a","timestamp":"2023-09-11T13:10:48.165Z"}
{"can":{"action":"create","resource":"collections.fields","role":"admin"},"level":"info","message":"ctx permission","reqId":"411cb457-67c5-4d81-a950-157763fd656a","timestamp":"2023-09-11T13:10:48.175Z"}
{"level":"info","message":"acl params","reqId":"411cb457-67c5-4d81-a950-157763fd656a","timestamp":"2023-09-11T13:10:48.176Z"}
{"level":"info","message":"acl parsedParams","reqId":"411cb457-67c5-4d81-a950-157763fd656a","timestamp":"2023-09-11T13:10:48.176Z"}
{"level":"info","message":"END: POST /api/collections/100days/fields:create","req":{"action":{"actionName":"create","params":{"actionName":"create","associatedIndex":"100days","associatedName":"collections","resourceName":"fields","updateAssociationValues":["reverseField"],"values":{"interface":"input","name":"mainActivity","type":"string","uiSchema":{"title":"Main Activity","type":"string","x-component":"Input"}}},"resourceName":"collections.fields","resourceOf":"100days"},"header":{"x-hostname":"cmreport.dsti.gov.sl","x-locale":"en-US","x-role":"admin","x-timezone":"-00:00"}},"reqId":"411cb457-67c5-4d81-a950-157763fd656a","res":{"status":200},"responseTime":69,"timestamp":"2023-09-11T13:10:48.234Z"}
{"level":"info","message":"BEGIN: GET /api/collections:list?paginate=false&appends%5B%5D=fields&appends%5B%5D=category&sort%5B%5D=sort&filter=%7B%7D","reqId":"a0751c96-0dd2-4fb0-bddb-b24f09e5e132","timestamp":"2023-09-11T13:10:48.414Z"}
{"level":"info","message":"BEGIN: GET /api/collections/100days/fields:list?paginate=false&sort%5B%5D=sort&filter=%7B%22%24or%22%3A%5B%7B%22interface.%24not%22%3Anull%7D%2C%7B%22options.source.%24notEmpty%22%3Atrue%7D%5D%7D","reqId":"9040308c-920b-4204-81b0-d976325b37b1","timestamp":"2023-09-11T13:10:48.419Z"}
{"can":{"action":"list","resource":"collections","role":"admin"},"level":"info","message":"ctx permission","reqId":"a0751c96-0dd2-4fb0-bddb-b24f09e5e132","skip":true,"timestamp":"2023-09-11T13:10:48.447Z"}
{"level":"info","message":"acl params","reqId":"a0751c96-0dd2-4fb0-bddb-b24f09e5e132","timestamp":"2023-09-11T13:10:48.447Z"}
{"level":"info","message":"acl parsedParams","reqId":"a0751c96-0dd2-4fb0-bddb-b24f09e5e132","timestamp":"2023-09-11T13:10:48.448Z"}
{"can":{"action":"list","resource":"collections.fields","role":"admin"},"level":"info","message":"ctx permission","reqId":"9040308c-920b-4204-81b0-d976325b37b1","timestamp":"2023-09-11T13:10:48.451Z"}
{"level":"info","message":"acl params","reqId":"9040308c-920b-4204-81b0-d976325b37b1","timestamp":"2023-09-11T13:10:48.451Z"}
{"level":"info","message":"acl parsedParams","reqId":"9040308c-920b-4204-81b0-d976325b37b1","timestamp":"2023-09-11T13:10:48.452Z"}
{"level":"info","message":"END: GET /api/collections/100days/fields:list?paginate=false&sort%5B%5D=sort&filter=%7B%22%24or%22%3A%5B%7B%22interface.%24not%22%3Anull%7D%2C%7B%22options.source.%24notEmpty%22%3Atrue%7D%5D%7D","req":{"action":{"actionName":"list","params":{"actionName":"list","associatedIndex":"100days","associatedName":"collections","filter":{"$or":[{"interface":{"$not":null}},{"options":{"source":{"$notEmpty":true}}}]},"paginate":"false","resourceName":"fields","sort":["sort"]},"resourceName":"collections.fields","resourceOf":"100days"},"header":{"x-hostname":"cmreport.dsti.gov.sl","x-locale":"en-US","x-role":"admin","x-timezone":"-00:00"}},"reqId":"9040308c-920b-4204-81b0-d976325b37b1","res":{"status":200},"responseTime":43,"timestamp":"2023-09-11T13:10:48.462Z"}
{"level":"info","message":"END: GET /api/collections:list?paginate=false&appends%5B%5D=fields&appends%5B%5D=category&sort%5B%5D=sort&filter=%7B%7D","req":{"action":{"actionName":"list","params":{"actionName":"list","appends":["fields","category"],"filter":{},"paginate":"false","resourceName":"collections","sort":["sort"]},"resourceName":"collections"},"header":{"x-hostname":"cmreport.dsti.gov.sl","x-locale":"en-US","x-role":"admin","x-timezone":"-00:00"}},"reqId":"a0751c96-0dd2-4fb0-bddb-b24f09e5e132","res":{"status":200},"responseTime":63,"timestamp":"2023-09-11T13:10:48.477Z"}
{"level":"info","message":"BEGIN: POST /api/collections:update?filterByTk=100days","reqId":"0163f6b6-220b-4978-993f-5aaf20fcd659","timestamp":"2023-09-11T13:10:55.160Z"}
{"can":{"action":"update","resource":"collections","role":"admin"},"level":"info","message":"ctx permission","reqId":"0163f6b6-220b-4978-993f-5aaf20fcd659","timestamp":"2023-09-11T13:10:55.172Z"}
{"level":"info","message":"acl params","reqId":"0163f6b6-220b-4978-993f-5aaf20fcd659","timestamp":"2023-09-11T13:10:55.172Z"}
{"level":"info","message":"acl parsedParams","reqId":"0163f6b6-220b-4978-993f-5aaf20fcd659","timestamp":"2023-09-11T13:10:55.173Z"}
{"level":"info","message":"END: POST /api/collections:update?filterByTk=100days","req":{"action":{"actionName":"update","params":{"actionName":"update","filterByTk":"100days","resourceName":"collections","values":{"titleField":"mainActivity"}},"resourceName":"collections"},"header":{"x-hostname":"cmreport.dsti.gov.sl","x-locale":"en-US","x-role":"admin","x-timezone":"-00:00"}},"reqId":"0163f6b6-220b-4978-993f-5aaf20fcd659","res":{"status":200},"responseTime":43,"timestamp":"2023-09-11T13:10:55.203Z"}
{"level":"info","message":"BEGIN: GET /api/collections:list?pageSize=50&sort%5B%5D=sort&appends%5B%5D=fields&appends%5B%5D=category&filter=%7B%22hidden%22%3A%7B%22%24isFalsy%22%3Atrue%7D%7D","reqId":"8cb1f086-250a-4993-a6e7-9b542ad49f8a","timestamp":"2023-09-11T13:10:55.382Z"}
{"can":{"action":"list","resource":"collections","role":"admin"},"level":"info","message":"ctx permission","reqId":"8cb1f086-250a-4993-a6e7-9b542ad49f8a","skip":true,"timestamp":"2023-09-11T13:10:55.394Z"}
{"level":"info","message":"acl params","reqId":"8cb1f086-250a-4993-a6e7-9b542ad49f8a","timestamp":"2023-09-11T13:10:55.394Z"}
{"level":"info","message":"acl parsedParams","reqId":"8cb1f086-250a-4993-a6e7-9b542ad49f8a","timestamp":"2023-09-11T13:10:55.394Z"}
{"level":"info","message":"END: GET /api/collections:list?pageSize=50&sort%5B%5D=sort&appends%5B%5D=fields&appends%5B%5D=category&filter=%7B%22hidden%22%3A%7B%22%24isFalsy%22%3Atrue%7D%7D","req":{"action":{"actionName":"list","params":{"actionName":"list","appends":["fields","category"],"filter":{"hidden":{"$isFalsy":true}},"pageSize":"50","resourceName":"collections","sort":["sort"]},"resourceName":"collections"},"header":{"x-hostname":"cmreport.dsti.gov.sl","x-locale":"en-US","x-role":"admin","x-timezone":"-00:00"}},"reqId":"8cb1f086-250a-4993-a6e7-9b542ad49f8a","res":{"status":200},"responseTime":30,"timestamp":"2023-09-11T13:10:55.412Z"}
{"level":"info","message":"BEGIN: GET /api/collections:list?paginate=false&appends%5B%5D=fields&appends%5B%5D=category&sort%5B%5D=sort&filter=%7B%7D","reqId":"9d91f810-e5e9-49a7-b89c-ffb5a5796637","timestamp":"2023-09-11T13:10:55.585Z"}
{"can":{"action":"list","resource":"collections","role":"admin"},"level":"info","message":"ctx permission","reqId":"9d91f810-e5e9-49a7-b89c-ffb5a5796637","skip":true,"timestamp":"2023-09-11T13:10:55.607Z"}
{"level":"info","message":"acl params","reqId":"9d91f810-e5e9-49a7-b89c-ffb5a5796637","timestamp":"2023-09-11T13:10:55.607Z"}
{"level":"info","message":"acl parsedParams","reqId":"9d91f810-e5e9-49a7-b89c-ffb5a5796637","timestamp":"2023-09-11T13:10:55.607Z"}
{"level":"info","message":"END: GET /api/collections:list?paginate=false&appends%5B%5D=fields&appends%5B%5D=category&sort%5B%5D=sort&filter=%7B%7D","req":{"action":{"actionName":"list","params":{"actionName":"list","appends":["fields","category"],"filter":{},"paginate":"false","resourceName":"collections","sort":["sort"]},"resourceName":"collections"},"header":{"x-hostname":"cmreport.dsti.gov.sl","x-locale":"en-US","x-role":"admin","x-timezone":"-00:00"}},"reqId":"9d91f810-e5e9-49a7-b89c-ffb5a5796637","res":{"status":200},"responseTime":73,"timestamp":"2023-09-11T13:10:55.658Z"}
{"level":"info","message":"BEGIN: POST /api/collections/100days/fields:create","reqId":"79f51860-f67f-4ea0-a73e-38ff61fc2679","timestamp":"2023-09-11T13:14:04.784Z"}
{"can":{"action":"create","resource":"collections.fields","role":"admin"},"level":"info","message":"ctx permission","reqId":"79f51860-f67f-4ea0-a73e-38ff61fc2679","timestamp":"2023-09-11T13:14:04.825Z"}
{"level":"info","message":"acl params","reqId":"79f51860-f67f-4ea0-a73e-38ff61fc2679","timestamp":"2023-09-11T13:14:04.826Z"}
{"level":"info","message":"acl parsedParams","reqId":"79f51860-f67f-4ea0-a73e-38ff61fc2679","timestamp":"2023-09-11T13:14:04.826Z"}
{"level":"info","message":"END: POST /api/collections/100days/fields:create","req":{"action":{"actionName":"create","params":{"actionName":"create","associatedIndex":"100days","associatedName":"collections","resourceName":"fields","updateAssociationValues":["reverseField"],"values":{"interface":"collection","name":"subactivities","type":"string","uiSchema":{"title":"Sub Activities","type":"string","x-component":"CollectionSelect"}}},"resourceName":"collections.fields","resourceOf":"100days"},"header":{"x-hostname":"cmreport.dsti.gov.sl","x-locale":"en-US","x-role":"admin","x-timezone":"-00:00"}},"reqId":"79f51860-f67f-4ea0-a73e-38ff61fc2679","res":{"status":200},"responseTime":91,"timestamp":"2023-09-11T13:14:04.875Z"}
{"level":"info","message":"BEGIN: GET /api/collections/100days/fields:list?paginate=false&sort%5B%5D=sort&filter=%7B%22%24or%22%3A%5B%7B%22interface.%24not%22%3Anull%7D%2C%7B%22options.source.%24notEmpty%22%3Atrue%7D%5D%7D","reqId":"8c7cc6ff-dafa-4d16-aa93-1e4bd269bc97","timestamp":"2023-09-11T13:14:05.238Z"}
{"can":{"action":"list","resource":"collections.fields","role":"admin"},"level":"info","message":"ctx permission","reqId":"8c7cc6ff-dafa-4d16-aa93-1e4bd269bc97","timestamp":"2023-09-11T13:14:05.249Z"}
{"level":"info","message":"acl params","reqId":"8c7cc6ff-dafa-4d16-aa93-1e4bd269bc97","timestamp":"2023-09-11T13:14:05.249Z"}
{"level":"info","message":"acl parsedParams","reqId":"8c7cc6ff-dafa-4d16-aa93-1e4bd269bc97","timestamp":"2023-09-11T13:14:05.249Z"}
{"level":"info","message":"END: GET /api/collections/100days/fields:list?paginate=false&sort%5B%5D=sort&filter=%7B%22%24or%22%3A%5B%7B%22interface.%24not%22%3Anull%7D%2C%7B%22options.source.%24notEmpty%22%3Atrue%7D%5D%7D","req":{"action":{"actionName":"list","params":{"actionName":"list","associatedIndex":"100days","associatedName":"collections","filter":{"$or":[{"interface":{"$not":null}},{"options":{"source":{"$notEmpty":true}}}]},"paginate":"false","resourceName":"fields","sort":["sort"]},"resourceName":"collections.fields","resourceOf":"100days"},"header":{"x-hostname":"cmreport.dsti.gov.sl","x-locale":"en-US","x-role":"admin","x-timezone":"-00:00"}},"reqId":"8c7cc6ff-dafa-4d16-aa93-1e4bd269bc97","res":{"status":200},"responseTime":18,"timestamp":"2023-09-11T13:14:05.256Z"}
{"level":"info","message":"BEGIN: GET /api/collections:list?paginate=false&appends%5B%5D=fields&appends%5B%5D=category&sort%5B%5D=sort&filter=%7B%7D","reqId":"2a427fc0-c3bd-4e8f-8709-ec7a2c6c12fe","timestamp":"2023-09-11T13:14:05.425Z"}
{"can":{"action":"list","resource":"collections","role":"admin"},"level":"info","message":"ctx permission","reqId":"2a427fc0-c3bd-4e8f-8709-ec7a2c6c12fe","skip":true,"timestamp":"2023-09-11T13:14:05.436Z"}
{"level":"info","message":"acl params","reqId":"2a427fc0-c3bd-4e8f-8709-ec7a2c6c12fe","timestamp":"2023-09-11T13:14:05.436Z"}
{"level":"info","message":"acl parsedParams","reqId":"2a427fc0-c3bd-4e8f-8709-ec7a2c6c12fe","timestamp":"2023-09-11T13:14:05.437Z"}
{"level":"info","message":"END: GET /api/collections:list?paginate=false&appends%5B%5D=fields&appends%5B%5D=category&sort%5B%5D=sort&filter=%7B%7D","req":{"action":{"actionName":"list","params":{"actionName":"list","appends":["fields","category"],"filter":{},"paginate":"false","resourceName":"collections","sort":["sort"]},"resourceName":"collections"},"header":{"x-hostname":"cmreport.dsti.gov.sl","x-locale":"en-US","x-role":"admin","x-timezone":"-00:00"}},"reqId":"2a427fc0-c3bd-4e8f-8709-ec7a2c6c12fe","res":{"status":200},"responseTime":35,"timestamp":"2023-09-11T13:14:05.460Z"}
{"level":"info","message":"BEGIN: POST /api/collections/100days/fields:create","reqId":"c5844c7b-4063-4a90-af4d-d39a408fe9d9","timestamp":"2023-09-11T13:15:17.479Z"}
{"can":{"action":"create","resource":"collections.fields","role":"admin"},"level":"info","message":"ctx permission","reqId":"c5844c7b-4063-4a90-af4d-d39a408fe9d9","timestamp":"2023-09-11T13:15:17.489Z"}
{"level":"info","message":"acl params","reqId":"c5844c7b-4063-4a90-af4d-d39a408fe9d9","timestamp":"2023-09-11T13:15:17.490Z"}
{"level":"info","message":"acl parsedParams","reqId":"c5844c7b-4063-4a90-af4d-d39a408fe9d9","timestamp":"2023-09-11T13:15:17.490Z"}
{"level":"info","message":"END: POST /api/collections/100days/fields:create","req":{"action":{"actionName":"create","params":{"actionName":"create","associatedIndex":"100days","associatedName":"collections","resourceName":"fields","updateAssociationValues":["reverseField"],"values":{"interface":"datetime","name":"startDate","type":"date","uiSchema":{"title":"Start Date","type":"string","x-component":"DatePicker","x-component-props":{"dateFormat":"YYYY-MM-DD","gmt":true,"showTime":false}}}},"resourceName":"collections.fields","resourceOf":"100days"},"header":{"x-hostname":"cmreport.dsti.gov.sl","x-locale":"en-US","x-role":"admin","x-timezone":"-00:00"}},"reqId":"c5844c7b-4063-4a90-af4d-d39a408fe9d9","res":{"status":200},"responseTime":72,"timestamp":"2023-09-11T13:15:17.551Z"}
{"level":"info","message":"BEGIN: GET /api/collections/100days/fields:list?paginate=false&sort%5B%5D=sort&filter=%7B%22%24or%22%3A%5B%7B%22interface.%24not%22%3Anull%7D%2C%7B%22options.source.%24notEmpty%22%3Atrue%7D%5D%7D","reqId":"2b93cdcc-eaef-47a8-8584-350f90f99d7f","timestamp":"2023-09-11T13:15:17.718Z"}
{"can":{"action":"list","resource":"collections.fields","role":"admin"},"level":"info","message":"ctx permission","reqId":"2b93cdcc-eaef-47a8-8584-350f90f99d7f","timestamp":"2023-09-11T13:15:17.750Z"}
{"level":"info","message":"acl params","reqId":"2b93cdcc-eaef-47a8-8584-350f90f99d7f","timestamp":"2023-09-11T13:15:17.750Z"}
{"level":"info","message":"acl parsedParams","reqId":"2b93cdcc-eaef-47a8-8584-350f90f99d7f","timestamp":"2023-09-11T13:15:17.750Z"}
{"level":"info","message":"END: GET /api/collections/100days/fields:list?paginate=false&sort%5B%5D=sort&filter=%7B%22%24or%22%3A%5B%7B%22interface.%24not%22%3Anull%7D%2C%7B%22options.source.%24notEmpty%22%3Atrue%7D%5D%7D","req":{"action":{"actionName":"list","params":{"actionName":"list","associatedIndex":"100days","associatedName":"collections","filter":{"$or":[{"interface":{"$not":null}},{"options":{"source":{"$notEmpty":true}}}]},"paginate":"false","resourceName":"fields","sort":["sort"]},"resourceName":"collections.fields","resourceOf":"100days"},"header":{"x-hostname":"cmreport.dsti.gov.sl","x-locale":"en-US","x-role":"admin","x-timezone":"-00:00"}},"reqId":"2b93cdcc-eaef-47a8-8584-350f90f99d7f","res":{"status":200},"responseTime":41,"timestamp":"2023-09-11T13:15:17.759Z"}
{"level":"info","message":"BEGIN: GET /api/collections:list?paginate=false&appends%5B%5D=fields&appends%5B%5D=category&sort%5B%5D=sort&filter=%7B%7D","reqId":"19648dd6-9af7-4e10-8d06-6dbfdf90bc4c","timestamp":"2023-09-11T13:15:17.949Z"}
{"can":{"action":"list","resource":"collections","role":"admin"},"level":"info","message":"ctx permission","reqId":"19648dd6-9af7-4e10-8d06-6dbfdf90bc4c","skip":true,"timestamp":"2023-09-11T13:15:17.960Z"}
{"level":"info","message":"acl params","reqId":"19648dd6-9af7-4e10-8d06-6dbfdf90bc4c","timestamp":"2023-09-11T13:15:17.960Z"}
{"level":"info","message":"acl parsedParams","reqId":"19648dd6-9af7-4e10-8d06-6dbfdf90bc4c","timestamp":"2023-09-11T13:15:17.961Z"}
{"level":"info","message":"END: GET /api/collections:list?paginate=false&appends%5B%5D=fields&appends%5B%5D=category&sort%5B%5D=sort&filter=%7B%7D","req":{"action":{"actionName":"list","params":{"actionName":"list","appends":["fields","category"],"filter":{},"paginate":"false","resourceName":"collections","sort":["sort"]},"resourceName":"collections"},"header":{"x-hostname":"cmreport.dsti.gov.sl","x-locale":"en-US","x-role":"admin","x-timezone":"-00:00"}},"reqId":"19648dd6-9af7-4e10-8d06-6dbfdf90bc4c","res":{"status":200},"responseTime":24,"timestamp":"2023-09-11T13:15:17.972Z"}
{"level":"info","message":"BEGIN: POST /api/collections/100days/fields:create","reqId":"a199aa77-a2f6-44c9-81fd-315a7b691f2a","timestamp":"2023-09-11T13:16:50.622Z"}
{"can":{"action":"create","resource":"collections.fields","role":"admin"},"level":"info","message":"ctx permission","reqId":"a199aa77-a2f6-44c9-81fd-315a7b691f2a","timestamp":"2023-09-11T13:16:50.634Z"}
{"level":"info","message":"acl params","reqId":"a199aa77-a2f6-44c9-81fd-315a7b691f2a","timestamp":"2023-09-11T13:16:50.634Z"}
{"level":"info","message":"acl parsedParams","reqId":"a199aa77-a2f6-44c9-81fd-315a7b691f2a","timestamp":"2023-09-11T13:16:50.634Z"}
{"level":"info","message":"END: POST /api/collections/100days/fields:create","req":{"action":{"actionName":"create","params":{"actionName":"create","associatedIndex":"100days","associatedName":"collections","resourceName":"fields","updateAssociationValues":["reverseField"],"values":{"interface":"datetime","name":"endDate","type":"date","uiSchema":{"title":"End Date","type":"string","x-component":"DatePicker","x-component-props":{"dateFormat":"YYYY-MM-DD","gmt":true,"showTime":false}}}},"resourceName":"collections.fields","resourceOf":"100days"},"header":{"x-hostname":"cmreport.dsti.gov.sl","x-locale":"en-US","x-role":"admin","x-timezone":"-00:00"}},"reqId":"a199aa77-a2f6-44c9-81fd-315a7b691f2a","res":{"status":200},"responseTime":57,"timestamp":"2023-09-11T13:16:50.680Z"}
{"level":"info","message":"BEGIN: GET /api/collections/100days/fields:list?paginate=false&sort%5B%5D=sort&filter=%7B%22%24or%22%3A%5B%7B%22interface.%24not%22%3Anull%7D%2C%7B%22options.source.%24notEmpty%22%3Atrue%7D%5D%7D","reqId":"ed17754d-ecff-42dc-8f59-e7effc6759df","timestamp":"2023-09-11T13:16:50.860Z"}
{"can":{"action":"list","resource":"collections.fields","role":"admin"},"level":"info","message":"ctx permission","reqId":"ed17754d-ecff-42dc-8f59-e7effc6759df","timestamp":"2023-09-11T13:16:50.869Z"}
{"level":"info","message":"acl params","reqId":"ed17754d-ecff-42dc-8f59-e7effc6759df","timestamp":"2023-09-11T13:16:50.870Z"}
{"level":"info","message":"acl parsedParams","reqId":"ed17754d-ecff-42dc-8f59-e7effc6759df","timestamp":"2023-09-11T13:16:50.870Z"}
{"level":"info","message":"BEGIN: GET /api/collections:list?paginate=false&appends%5B%5D=fields&appends%5B%5D=category&sort%5B%5D=sort&filter=%7B%7D","reqId":"d69bbac5-a08a-4644-bd57-23bc77f1fe59","timestamp":"2023-09-11T13:16:50.873Z"}
{"level":"info","message":"END: GET /api/collections/100days/fields:list?paginate=false&sort%5B%5D=sort&filter=%7B%22%24or%22%3A%5B%7B%22interface.%24not%22%3Anull%7D%2C%7B%22options.source.%24notEmpty%22%3Atrue%7D%5D%7D","req":{"action":{"actionName":"list","params":{"actionName":"list","associatedIndex":"100days","associatedName":"collections","filter":{"$or":[{"interface":{"$not":null}},{"options":{"source":{"$notEmpty":true}}}]},"paginate":"false","resourceName":"fields","sort":["sort"]},"resourceName":"collections.fields","resourceOf":"100days"},"header":{"x-hostname":"cmreport.dsti.gov.sl","x-locale":"en-US","x-role":"admin","x-timezone":"-00:00"}},"reqId":"ed17754d-ecff-42dc-8f59-e7effc6759df","res":{"status":200},"responseTime":21,"timestamp":"2023-09-11T13:16:50.882Z"}
{"can":{"action":"list","resource":"collections","role":"admin"},"level":"info","message":"ctx permission","reqId":"d69bbac5-a08a-4644-bd57-23bc77f1fe59","skip":true,"timestamp":"2023-09-11T13:16:50.889Z"}
{"level":"info","message":"acl params","reqId":"d69bbac5-a08a-4644-bd57-23bc77f1fe59","timestamp":"2023-09-11T13:16:50.889Z"}
{"level":"info","message":"acl parsedParams","reqId":"d69bbac5-a08a-4644-bd57-23bc77f1fe59","timestamp":"2023-09-11T13:16:50.890Z"}
{"level":"info","message":"END: GET /api/collections:list?paginate=false&appends%5B%5D=fields&appends%5B%5D=category&sort%5B%5D=sort&filter=%7B%7D","req":{"action":{"actionName":"list","params":{"actionName":"list","appends":["fields","category"],"filter":{},"paginate":"false","resourceName":"collections","sort":["sort"]},"resourceName":"collections"},"header":{"x-hostname":"cmreport.dsti.gov.sl","x-locale":"en-US","x-role":"admin","x-timezone":"-00:00"}},"reqId":"d69bbac5-a08a-4644-bd57-23bc77f1fe59","res":{"status":200},"responseTime":31,"timestamp":"2023-09-11T13:16:50.904Z"}
{"level":"info","message":"BEGIN: POST /api/collections/100days/fields:create","reqId":"7acee8f8-7b25-4e1d-9076-c1e33a89ee5b","timestamp":"2023-09-11T13:18:00.004Z"}
{"can":{"action":"create","resource":"collections.fields","role":"admin"},"level":"info","message":"ctx permission","reqId":"7acee8f8-7b25-4e1d-9076-c1e33a89ee5b","timestamp":"2023-09-11T13:18:00.016Z"}
{"level":"info","message":"acl params","reqId":"7acee8f8-7b25-4e1d-9076-c1e33a89ee5b","timestamp":"2023-09-11T13:18:00.017Z"}
{"level":"info","message":"acl parsedParams","reqId":"7acee8f8-7b25-4e1d-9076-c1e33a89ee5b","timestamp":"2023-09-11T13:18:00.017Z"}
{"level":"info","message":"END: POST /api/collections/100days/fields:create","req":{"action":{"actionName":"create","params":{"actionName":"create","associatedIndex":"100days","associatedName":"collections","resourceName":"fields","updateAssociationValues":["reverseField"],"values":{"interface":"input","name":"responsibleParty","type":"string","uiSchema":{"title":"Responsible Party","type":"string","x-component":"Input"}}},"resourceName":"collections.fields","resourceOf":"100days"},"header":{"x-hostname":"cmreport.dsti.gov.sl","x-locale":"en-US","x-role":"admin","x-timezone":"-00:00"}},"reqId":"7acee8f8-7b25-4e1d-9076-c1e33a89ee5b","res":{"status":200},"responseTime":63,"timestamp":"2023-09-11T13:18:00.067Z"}
{"level":"info","message":"BEGIN: GET /api/collections:list?paginate=false&appends%5B%5D=fields&appends%5B%5D=category&sort%5B%5D=sort&filter=%7B%7D","reqId":"d955d03c-9d61-47d6-b7e1-1feba6c6770c","timestamp":"2023-09-11T13:18:00.221Z"}
{"can":{"action":"list","resource":"collections","role":"admin"},"level":"info","message":"ctx permission","reqId":"d955d03c-9d61-47d6-b7e1-1feba6c6770c","skip":true,"timestamp":"2023-09-11T13:18:00.229Z"}
{"level":"info","message":"acl params","reqId":"d955d03c-9d61-47d6-b7e1-1feba6c6770c","timestamp":"2023-09-11T13:18:00.230Z"}
{"level":"info","message":"acl parsedParams","reqId":"d955d03c-9d61-47d6-b7e1-1feba6c6770c","timestamp":"2023-09-11T13:18:00.230Z"}
{"level":"info","message":"BEGIN: GET /api/collections/100days/fields:list?paginate=false&sort%5B%5D=sort&filter=%7B%22%24or%22%3A%5B%7B%22interface.%24not%22%3Anull%7D%2C%7B%22options.source.%24notEmpty%22%3Atrue%7D%5D%7D","reqId":"98cb8c74-7e28-48ad-bb38-e9aa4f04d74d","timestamp":"2023-09-11T13:18:00.236Z"}
{"can":{"action":"list","resource":"collections.fields","role":"admin"},"level":"info","message":"ctx permission","reqId":"98cb8c74-7e28-48ad-bb38-e9aa4f04d74d","timestamp":"2023-09-11T13:18:00.268Z"}
{"level":"info","message":"acl params","reqId":"98cb8c74-7e28-48ad-bb38-e9aa4f04d74d","timestamp":"2023-09-11T13:18:00.268Z"}
{"level":"info","message":"acl parsedParams","reqId":"98cb8c74-7e28-48ad-bb38-e9aa4f04d74d","timestamp":"2023-09-11T13:18:00.268Z"}
{"level":"info","message":"END: GET /api/collections:list?paginate=false&appends%5B%5D=fields&appends%5B%5D=category&sort%5B%5D=sort&filter=%7B%7D","req":{"action":{"actionName":"list","params":{"actionName":"list","appends":["fields","category"],"filter":{},"paginate":"false","resourceName":"collections","sort":["sort"]},"resourceName":"collections"},"header":{"x-hostname":"cmreport.dsti.gov.sl","x-locale":"en-US","x-role":"admin","x-timezone":"-00:00"}},"reqId":"d955d03c-9d61-47d6-b7e1-1feba6c6770c","res":{"status":200},"responseTime":50,"timestamp":"2023-09-11T13:18:00.271Z"}
{"level":"info","message":"END: GET /api/collections/100days/fields:list?paginate=false&sort%5B%5D=sort&filter=%7B%22%24or%22%3A%5B%7B%22interface.%24not%22%3Anull%7D%2C%7B%22options.source.%24notEmpty%22%3Atrue%7D%5D%7D","req":{"action":{"actionName":"list","params":{"actionName":"list","associatedIndex":"100days","associatedName":"collections","filter":{"$or":[{"interface":{"$not":null}},{"options":{"source":{"$notEmpty":true}}}]},"paginate":"false","resourceName":"fields","sort":["sort"]},"resourceName":"collections.fields","resourceOf":"100days"},"header":{"x-hostname":"cmreport.dsti.gov.sl","x-locale":"en-US","x-role":"admin","x-timezone":"-00:00"}},"reqId":"98cb8c74-7e28-48ad-bb38-e9aa4f04d74d","res":{"status":200},"responseTime":49,"timestamp":"2023-09-11T13:18:00.285Z"}
{"level":"info","message":"BEGIN: POST /api/collections/100days/fields:create","reqId":"db195222-db84-480a-b19c-cc83377793d4","timestamp":"2023-09-11T13:19:07.755Z"}
{"can":{"action":"create","resource":"collections.fields","role":"admin"},"level":"info","message":"ctx permission","reqId":"db195222-db84-480a-b19c-cc83377793d4","timestamp":"2023-09-11T13:19:07.766Z"}
{"level":"info","message":"acl params","reqId":"db195222-db84-480a-b19c-cc83377793d4","timestamp":"2023-09-11T13:19:07.766Z"}
{"level":"info","message":"acl parsedParams","reqId":"db195222-db84-480a-b19c-cc83377793d4","timestamp":"2023-09-11T13:19:07.767Z"}
{"level":"info","message":"END: POST /api/collections/100days/fields:create","req":{"action":{"actionName":"create","params":{"actionName":"create","associatedIndex":"100days","associatedName":"collections","resourceName":"fields","updateAssociationValues":["reverseField"],"values":{"interface":"collection","name":"implementingPartners","type":"string","uiSchema":{"title":"Implementing Partners","type":"string","x-component":"CollectionSelect"}}},"resourceName":"collections.fields","resourceOf":"100days"},"header":{"x-hostname":"cmreport.dsti.gov.sl","x-locale":"en-US","x-role":"admin","x-timezone":"-00:00"}},"reqId":"db195222-db84-480a-b19c-cc83377793d4","res":{"status":200},"responseTime":49,"timestamp":"2023-09-11T13:19:07.804Z"}
{"level":"info","message":"BEGIN: GET /api/collections:list?paginate=false&appends%5B%5D=fields&appends%5B%5D=category&sort%5B%5D=sort&filter=%7B%7D","reqId":"22d1a11a-6878-44bc-918f-1c68771c6a5f","timestamp":"2023-09-11T13:19:07.950Z"}
{"level":"info","message":"BEGIN: GET /api/collections/100days/fields:list?paginate=false&sort%5B%5D=sort&filter=%7B%22%24or%22%3A%5B%7B%22interface.%24not%22%3Anull%7D%2C%7B%22options.source.%24notEmpty%22%3Atrue%7D%5D%7D","reqId":"a92d8dc7-2685-4f8f-97ce-0ff6130bb27d","timestamp":"2023-09-11T13:19:07.968Z"}
{"can":{"action":"list","resource":"collections","role":"admin"},"level":"info","message":"ctx permission","reqId":"22d1a11a-6878-44bc-918f-1c68771c6a5f","skip":true,"timestamp":"2023-09-11T13:19:07.997Z"}
{"level":"info","message":"acl params","reqId":"22d1a11a-6878-44bc-918f-1c68771c6a5f","timestamp":"2023-09-11T13:19:07.997Z"}
{"level":"info","message":"acl parsedParams","reqId":"22d1a11a-6878-44bc-918f-1c68771c6a5f","timestamp":"2023-09-11T13:19:07.998Z"}
{"can":{"action":"list","resource":"collections.fields","role":"admin"},"level":"info","message":"ctx permission","reqId":"a92d8dc7-2685-4f8f-97ce-0ff6130bb27d","timestamp":"2023-09-11T13:19:08.004Z"}
{"level":"info","message":"acl params","reqId":"a92d8dc7-2685-4f8f-97ce-0ff6130bb27d","timestamp":"2023-09-11T13:19:08.004Z"}
{"level":"info","message":"acl parsedParams","reqId":"a92d8dc7-2685-4f8f-97ce-0ff6130bb27d","timestamp":"2023-09-11T13:19:08.005Z"}
{"level":"info","message":"END: GET /api/collections/100days/fields:list?paginate=false&sort%5B%5D=sort&filter=%7B%22%24or%22%3A%5B%7B%22interface.%24not%22%3Anull%7D%2C%7B%22options.source.%24notEmpty%22%3Atrue%7D%5D%7D","req":{"action":{"actionName":"list","params":{"actionName":"list","associatedIndex":"100days","associatedName":"collections","filter":{"$or":[{"interface":{"$not":null}},{"options":{"source":{"$notEmpty":true}}}]},"paginate":"false","resourceName":"fields","sort":["sort"]},"resourceName":"collections.fields","resourceOf":"100days"},"header":{"x-hostname":"cmreport.dsti.gov.sl","x-locale":"en-US","x-role":"admin","x-timezone":"-00:00"}},"reqId":"a92d8dc7-2685-4f8f-97ce-0ff6130bb27d","res":{"status":200},"responseTime":54,"timestamp":"2023-09-11T13:19:08.022Z"}
{"level":"info","message":"END: GET /api/collections:list?paginate=false&appends%5B%5D=fields&appends%5B%5D=category&sort%5B%5D=sort&filter=%7B%7D","req":{"action":{"actionName":"list","params":{"actionName":"list","appends":["fields","category"],"filter":{},"paginate":"false","resourceName":"collections","sort":["sort"]},"resourceName":"collections"},"header":{"x-hostname":"cmreport.dsti.gov.sl","x-locale":"en-US","x-role":"admin","x-timezone":"-00:00"}},"reqId":"22d1a11a-6878-44bc-918f-1c68771c6a5f","res":{"status":200},"responseTime":94,"timestamp":"2023-09-11T13:19:08.044Z"}
{"level":"info","message":"BEGIN: POST /api/collections/100days/fields:create","reqId":"771b45cc-babb-4497-862f-1e0edeb39f33","timestamp":"2023-09-11T13:25:19.947Z"}
{"can":{"action":"create","resource":"collections.fields","role":"admin"},"level":"info","message":"ctx permission","reqId":"771b45cc-babb-4497-862f-1e0edeb39f33","timestamp":"2023-09-11T13:25:19.958Z"}
{"level":"info","message":"acl params","reqId":"771b45cc-babb-4497-862f-1e0edeb39f33","timestamp":"2023-09-11T13:25:19.958Z"}
{"level":"info","message":"acl parsedParams","reqId":"771b45cc-babb-4497-862f-1e0edeb39f33","timestamp":"2023-09-11T13:25:19.958Z"}
{"level":"info","message":"END: POST /api/collections/100days/fields:create","req":{"action":{"actionName":"create","params":{"actionName":"create","associatedIndex":"100days","associatedName":"collections","resourceName":"fields","updateAssociationValues":["reverseField"],"values":{"defaultValue":null,"interface":"json","name":"fundingSources","type":"json","uiSchema":{"default":null,"title":"Funding Sources","type":"object","x-component":"Input.JSON","x-component-props":{"autoSize":{"minRows":5}}}}},"resourceName":"collections.fields","resourceOf":"100days"},"header":{"x-hostname":"cmreport.dsti.gov.sl","x-locale":"en-US","x-role":"admin","x-timezone":"-00:00"}},"reqId":"771b45cc-babb-4497-862f-1e0edeb39f33","res":{"status":200},"responseTime":63,"timestamp":"2023-09-11T13:25:20.010Z"}
{"level":"info","message":"BEGIN: GET /api/collections/100days/fields:list?paginate=false&sort%5B%5D=sort&filter=%7B%22%24or%22%3A%5B%7B%22interface.%24not%22%3Anull%7D%2C%7B%22options.source.%24notEmpty%22%3Atrue%7D%5D%7D","reqId":"08ea61c8-67eb-444a-81fc-ca601a5a3aaf","timestamp":"2023-09-11T13:25:20.166Z"}
{"level":"info","message":"BEGIN: GET /api/collections:list?paginate=false&appends%5B%5D=fields&appends%5B%5D=category&sort%5B%5D=sort&filter=%7B%7D","reqId":"0a75b5e2-0966-4aff-83e7-4f5147d280bc","timestamp":"2023-09-11T13:25:20.168Z"}
{"can":{"action":"list","resource":"collections","role":"admin"},"level":"info","message":"ctx permission","reqId":"0a75b5e2-0966-4aff-83e7-4f5147d280bc","skip":true,"timestamp":"2023-09-11T13:25:20.183Z"}
{"level":"info","message":"acl params","reqId":"0a75b5e2-0966-4aff-83e7-4f5147d280bc","timestamp":"2023-09-11T13:25:20.188Z"}
{"level":"info","message":"acl parsedParams","reqId":"0a75b5e2-0966-4aff-83e7-4f5147d280bc","timestamp":"2023-09-11T13:25:20.188Z"}
{"can":{"action":"list","resource":"collections.fields","role":"admin"},"level":"info","message":"ctx permission","reqId":"08ea61c8-67eb-444a-81fc-ca601a5a3aaf","timestamp":"2023-09-11T13:25:20.190Z"}
{"level":"info","message":"acl params","reqId":"08ea61c8-67eb-444a-81fc-ca601a5a3aaf","timestamp":"2023-09-11T13:25:20.191Z"}
{"level":"info","message":"acl parsedParams","reqId":"08ea61c8-67eb-444a-81fc-ca601a5a3aaf","timestamp":"2023-09-11T13:25:20.191Z"}
{"level":"info","message":"END: GET /api/collections/100days/fields:list?paginate=false&sort%5B%5D=sort&filter=%7B%22%24or%22%3A%5B%7B%22interface.%24not%22%3Anull%7D%2C%7B%22options.source.%24notEmpty%22%3Atrue%7D%5D%7D","req":{"action":{"actionName":"list","params":{"actionName":"list","associatedIndex":"100days","associatedName":"collections","filter":{"$or":[{"interface":{"$not":null}},{"options":{"source":{"$notEmpty":true}}}]},"paginate":"false","resourceName":"fields","sort":["sort"]},"resourceName":"collections.fields","resourceOf":"100days"},"header":{"x-hostname":"cmreport.dsti.gov.sl","x-locale":"en-US","x-role":"admin","x-timezone":"-00:00"}},"reqId":"08ea61c8-67eb-444a-81fc-ca601a5a3aaf","res":{"status":200},"responseTime":36,"timestamp":"2023-09-11T13:25:20.201Z"}
{"level":"info","message":"END: GET /api/collections:list?paginate=false&appends%5B%5D=fields&appends%5B%5D=category&sort%5B%5D=sort&filter=%7B%7D","req":{"action":{"actionName":"list","params":{"actionName":"list","appends":["fields","category"],"filter":{},"paginate":"false","resourceName":"collections","sort":["sort"]},"resourceName":"collections"},"header":{"x-hostname":"cmreport.dsti.gov.sl","x-locale":"en-US","x-role":"admin","x-timezone":"-00:00"}},"reqId":"0a75b5e2-0966-4aff-83e7-4f5147d280bc","res":{"status":200},"responseTime":44,"timestamp":"2023-09-11T13:25:20.212Z"}
{"level":"info","message":"BEGIN: POST /api/collections/100days/fields:create","reqId":"fa2dfd1c-5f9d-4709-8ee8-1b503880060a","timestamp":"2023-09-11T13:25:56.301Z"}
{"can":{"action":"create","resource":"collections.fields","role":"admin"},"level":"info","message":"ctx permission","reqId":"fa2dfd1c-5f9d-4709-8ee8-1b503880060a","timestamp":"2023-09-11T13:25:56.314Z"}
{"level":"info","message":"acl params","reqId":"fa2dfd1c-5f9d-4709-8ee8-1b503880060a","timestamp":"2023-09-11T13:25:56.314Z"}
{"level":"info","message":"acl parsedParams","reqId":"fa2dfd1c-5f9d-4709-8ee8-1b503880060a","timestamp":"2023-09-11T13:25:56.314Z"}
{"level":"info","message":"END: POST /api/collections/100days/fields:create","req":{"action":{"actionName":"create","params":{"actionName":"create","associatedIndex":"100days","associatedName":"collections","resourceName":"fields","updateAssociationValues":["reverseField"],"values":{"interface":"input","name":"location","type":"string","uiSchema":{"title":"Location","type":"string","x-component":"Input"}}},"resourceName":"collections.fields","resourceOf":"100days"},"header":{"x-hostname":"cmreport.dsti.gov.sl","x-locale":"en-US","x-role":"admin","x-timezone":"-00:00"}},"reqId":"fa2dfd1c-5f9d-4709-8ee8-1b503880060a","res":{"status":200},"responseTime":53,"timestamp":"2023-09-11T13:25:56.354Z"}
{"level":"info","message":"BEGIN: GET /api/collections/100days/fields:list?paginate=false&sort%5B%5D=sort&filter=%7B%22%24or%22%3A%5B%7B%22interface.%24not%22%3Anull%7D%2C%7B%22options.source.%24notEmpty%22%3Atrue%7D%5D%7D","reqId":"766192ec-61b9-436c-9ca4-33483d83df40","timestamp":"2023-09-11T13:25:56.504Z"}
{"level":"info","message":"BEGIN: GET /api/collections:list?paginate=false&appends%5B%5D=fields&appends%5B%5D=category&sort%5B%5D=sort&filter=%7B%7D","reqId":"ef6946f6-4912-4277-a0a7-f3e959aad7e7","timestamp":"2023-09-11T13:25:56.508Z"}
{"can":{"action":"list","resource":"collections.fields","role":"admin"},"level":"info","message":"ctx permission","reqId":"766192ec-61b9-436c-9ca4-33483d83df40","timestamp":"2023-09-11T13:25:56.520Z"}
{"level":"info","message":"acl params","reqId":"766192ec-61b9-436c-9ca4-33483d83df40","timestamp":"2023-09-11T13:25:56.521Z"}
{"level":"info","message":"acl parsedParams","reqId":"766192ec-61b9-436c-9ca4-33483d83df40","timestamp":"2023-09-11T13:25:56.521Z"}
{"can":{"action":"list","resource":"collections","role":"admin"},"level":"info","message":"ctx permission","reqId":"ef6946f6-4912-4277-a0a7-f3e959aad7e7","skip":true,"timestamp":"2023-09-11T13:25:56.528Z"}
{"level":"info","message":"acl params","reqId":"ef6946f6-4912-4277-a0a7-f3e959aad7e7","timestamp":"2023-09-11T13:25:56.528Z"}
{"level":"info","message":"acl parsedParams","reqId":"ef6946f6-4912-4277-a0a7-f3e959aad7e7","timestamp":"2023-09-11T13:25:56.529Z"}
{"level":"info","message":"END: GET /api/collections/100days/fields:list?paginate=false&sort%5B%5D=sort&filter=%7B%22%24or%22%3A%5B%7B%22interface.%24not%22%3Anull%7D%2C%7B%22options.source.%24notEmpty%22%3Atrue%7D%5D%7D","req":{"action":{"actionName":"list","params":{"actionName":"list","associatedIndex":"100days","associatedName":"collections","filter":{"$or":[{"interface":{"$not":null}},{"options":{"source":{"$notEmpty":true}}}]},"paginate":"false","resourceName":"fields","sort":["sort"]},"resourceName":"collections.fields","resourceOf":"100days"},"header":{"x-hostname":"cmreport.dsti.gov.sl","x-locale":"en-US","x-role":"admin","x-timezone":"-00:00"}},"reqId":"766192ec-61b9-436c-9ca4-33483d83df40","res":{"status":200},"responseTime":27,"timestamp":"2023-09-11T13:25:56.531Z"}
{"level":"info","message":"END: GET /api/collections:list?paginate=false&appends%5B%5D=fields&appends%5B%5D=category&sort%5B%5D=sort&filter=%7B%7D","req":{"action":{"actionName":"list","params":{"actionName":"list","appends":["fields","category"],"filter":{},"paginate":"false","resourceName":"collections","sort":["sort"]},"resourceName":"collections"},"header":{"x-hostname":"cmreport.dsti.gov.sl","x-locale":"en-US","x-role":"admin","x-timezone":"-00:00"}},"reqId":"ef6946f6-4912-4277-a0a7-f3e959aad7e7","res":{"status":200},"responseTime":44,"timestamp":"2023-09-11T13:25:56.552Z"}
{"level":"info","message":"BEGIN: POST /api/uiSchemas:insertAdjacent/67k1kzxic9c?position=beforeEnd","reqId":"236f5e20-342c-4eca-8096-089f6e3f498b","timestamp":"2023-09-11T13:26:57.962Z"}
{"can":{"action":"insertAdjacent","resource":"uiSchemas","role":"admin"},"level":"info","message":"ctx permission","reqId":"236f5e20-342c-4eca-8096-089f6e3f498b","timestamp":"2023-09-11T13:26:57.973Z"}
{"level":"info","message":"acl params","reqId":"236f5e20-342c-4eca-8096-089f6e3f498b","timestamp":"2023-09-11T13:26:57.974Z"}
{"level":"info","message":"acl parsedParams","reqId":"236f5e20-342c-4eca-8096-089f6e3f498b","timestamp":"2023-09-11T13:26:57.974Z"}
{"level":"info","message":"END: POST /api/uiSchemas:insertAdjacent/67k1kzxic9c?position=beforeEnd","req":{"action":{"actionName":"insertAdjacent","params":{"actionName":"insertAdjacent","filterByTk":"67k1kzxic9c","position":"beforeEnd","resourceIndex":"67k1kzxic9c","resourceName":"uiSchemas","values":{"schema":{"_isJSONSchemaObject":true,"name":"x2bs9a78m5d","properties":{"page":{"_isJSONSchemaObject":true,"name":"page","properties":{"4w0h8yzxhyj":{"_isJSONSchemaObject":true,"name":"4w0h8yzxhyj","type":"void","version":"2.0","x-component":"Grid","x-initializer":"BlockInitializers","x-uid":"5ay1itrkrc7"}},"type":"void","version":"2.0","x-async":true,"x-component":"Page","x-uid":"2rk9kqbxnet"}},"title":"100 Days Activities","type":"void","version":"2.0","x-component":"Menu.Item","x-component-props":{"icon":"unorderedlistoutlined"},"x-decorator":"ACLMenuItemProvider","x-server-hooks":[{"method":"bindMenuToRole","type":"onSelfCreate"},{"method":"extractTextToLocale","type":"onSelfSave"}],"x-uid":"6kgeqbqa39s"},"wrap":null}},"resourceName":"uiSchemas"},"header":{"x-hostname":"cmreport.dsti.gov.sl","x-locale":"en-US","x-role":"admin","x-timezone":"-00:00"}},"reqId":"236f5e20-342c-4eca-8096-089f6e3f498b","res":{"status":200},"responseTime":44,"timestamp":"2023-09-11T13:26:58.006Z"}
{"level":"info","message":"BEGIN: GET /api/uiSchemas:getProperties/6kgeqbqa39s","reqId":"012f8f92-e0b6-4f88-ba80-035cf845a0e5","timestamp":"2023-09-11T13:27:02.669Z"}
{"can":{"action":"getProperties","resource":"uiSchemas","role":"admin"},"level":"info","message":"ctx permission","reqId":"012f8f92-e0b6-4f88-ba80-035cf845a0e5","skip":true,"timestamp":"2023-09-11T13:27:02.680Z"}
{"level":"info","message":"acl params","reqId":"012f8f92-e0b6-4f88-ba80-035cf845a0e5","timestamp":"2023-09-11T13:27:02.680Z"}
{"level":"info","message":"acl parsedParams","reqId":"012f8f92-e0b6-4f88-ba80-035cf845a0e5","timestamp":"2023-09-11T13:27:02.681Z"}
{"level":"info","message":"END: GET /api/uiSchemas:getProperties/6kgeqbqa39s","req":{"action":{"actionName":"getProperties","params":{"actionName":"getProperties","filterByTk":"6kgeqbqa39s","resourceIndex":"6kgeqbqa39s","resourceName":"uiSchemas"},"resourceName":"uiSchemas"},"header":{"x-hostname":"cmreport.dsti.gov.sl","x-locale":"en-US","x-role":"admin","x-timezone":"-00:00"}},"reqId":"012f8f92-e0b6-4f88-ba80-035cf845a0e5","res":{"status":200},"responseTime":15,"timestamp":"2023-09-11T13:27:02.684Z"}
{"level":"info","message":"BEGIN: POST /api/uiSchemas:insertAdjacent/5ay1itrkrc7?position=beforeEnd","reqId":"1a16fc03-3d7d-4a22-a1c0-2aeab29bfe9c","timestamp":"2023-09-11T13:27:13.457Z"}
{"can":{"action":"insertAdjacent","resource":"uiSchemas","role":"admin"},"level":"info","message":"ctx permission","reqId":"1a16fc03-3d7d-4a22-a1c0-2aeab29bfe9c","timestamp":"2023-09-11T13:27:13.470Z"}
{"level":"info","message":"acl params","reqId":"1a16fc03-3d7d-4a22-a1c0-2aeab29bfe9c","timestamp":"2023-09-11T13:27:13.471Z"}
{"level":"info","message":"acl parsedParams","reqId":"1a16fc03-3d7d-4a22-a1c0-2aeab29bfe9c","timestamp":"2023-09-11T13:27:13.471Z"}
{"level":"info","message":"END: POST /api/uiSchemas:insertAdjacent/5ay1itrkrc7?position=beforeEnd","req":{"action":{"actionName":"insertAdjacent","params":{"actionName":"insertAdjacent","filterByTk":"5ay1itrkrc7","position":"beforeEnd","resourceIndex":"5ay1itrkrc7","resourceName":"uiSchemas","values":{"schema":{"_isJSONSchemaObject":true,"name":"lu6ujfc7sbc","properties":{"p76sofdyeww":{"_isJSONSchemaObject":true,"name":"p76sofdyeww","properties":{"sajky6q2i2v":{"_isJSONSchemaObject":true,"name":"sajky6q2i2v","properties":{"7n3rmqb8o31":{"_isJSONSchemaObject":true,"name":"7n3rmqb8o31","properties":{"actions":{"_isJSONSchemaObject":true,"name":"actions","properties":{"actions":{"_isJSONSchemaObject":true,"name":"actions","type":"void","version":"2.0","x-component":"Space","x-component-props":{"split":"|"},"x-decorator":"DndContext","x-uid":"664tyyu7d5i"}},"title":"{{ t(\"Actions\") }}","type":"void","version":"2.0","x-action-column":"actions","x-component":"TableV2.Column","x-decorator":"TableV2.Column.ActionBar","x-designer":"TableV2.ActionColumnDesigner","x-initializer":"TableActionColumnInitializers","x-uid":"x8c7ycr2hxt"}},"type":"array","version":"2.0","x-component":"TableV2","x-component-props":{"rowKey":"id","rowSelection":{"type":"checkbox"},"useProps":"{{ useTableBlockProps }}"},"x-initializer":"TableColumnInitializers","x-uid":"zc5zm2feovb"},"actions":{"_isJSONSchemaObject":true,"name":"actions","type":"void","version":"2.0","x-component":"ActionBar","x-component-props":{"style":{"marginBottom":"var(--nb-spacing)"}},"x-initializer":"TableActionInitializers","x-uid":"9sectr7qwc7"}},"type":"void","version":"2.0","x-acl-action":"100days:list","x-component":"CardItem","x-decorator":"TableBlockProvider","x-decorator-props":{"action":"list","collection":"100days","disableTemplate":false,"dragSort":false,"params":{"pageSize":20},"resource":"100days","rowKey":"id","showIndex":true},"x-designer":"TableBlockDesigner","x-filter-targets":[],"x-uid":"crayngsl7iv"}},"type":"void","version":"2.0","x-component":"Grid.Col","x-uid":"jiuev20dg43"}},"type":"void","version":"2.0","x-component":"Grid.Row","x-uid":"tr37d2x3f34"},"wrap":null}},"resourceName":"uiSchemas"},"header":{"x-hostname":"cmreport.dsti.gov.sl","x-locale":"en-US","x-role":"admin","x-timezone":"-00:00"}},"reqId":"1a16fc03-3d7d-4a22-a1c0-2aeab29bfe9c","res":{"status":200},"responseTime":64,"timestamp":"2023-09-11T13:27:13.521Z"}
{"level":"info","message":"BEGIN: GET /api/100days:list?pageSize=20","reqId":"285d485d-1658-4557-8c02-b75c9313ba4c","timestamp":"2023-09-11T13:27:13.675Z"}
{"can":{"action":"list","resource":"100days","role":"admin"},"level":"info","message":"ctx permission","reqId":"285d485d-1658-4557-8c02-b75c9313ba4c","timestamp":"2023-09-11T13:27:13.686Z"}
{"level":"info","message":"acl params","reqId":"285d485d-1658-4557-8c02-b75c9313ba4c","timestamp":"2023-09-11T13:27:13.687Z"}
{"level":"info","message":"acl parsedParams","reqId":"285d485d-1658-4557-8c02-b75c9313ba4c","timestamp":"2023-09-11T13:27:13.688Z"}
{"level":"info","message":"END: GET /api/100days:list?pageSize=20","req":{"action":{"actionName":"list","params":{"actionName":"list","pageSize":"20","resourceName":"100days"},"resourceName":"100days"},"header":{"x-hostname":"cmreport.dsti.gov.sl","x-locale":"en-US","x-role":"admin","x-timezone":"-00:00"}},"reqId":"285d485d-1658-4557-8c02-b75c9313ba4c","res":{"status":200},"responseTime":21,"timestamp":"2023-09-11T13:27:13.696Z"}
{"level":"info","message":"BEGIN: POST /api/uiSchemas:insertAdjacent/zc5zm2feovb?position=beforeEnd","reqId":"8bb24b90-d5a4-407c-9e89-8ee7977f27de","timestamp":"2023-09-11T13:27:26.844Z"}
{"can":{"action":"insertAdjacent","resource":"uiSchemas","role":"admin"},"level":"info","message":"ctx permission","reqId":"8bb24b90-d5a4-407c-9e89-8ee7977f27de","timestamp":"2023-09-11T13:27:26.856Z"}
{"level":"info","message":"acl params","reqId":"8bb24b90-d5a4-407c-9e89-8ee7977f27de","timestamp":"2023-09-11T13:27:26.856Z"}
{"level":"info","message":"acl parsedParams","reqId":"8bb24b90-d5a4-407c-9e89-8ee7977f27de","timestamp":"2023-09-11T13:27:26.858Z"}
{"level":"info","message":"END: POST /api/uiSchemas:insertAdjacent/zc5zm2feovb?position=beforeEnd","req":{"action":{"actionName":"insertAdjacent","params":{"actionName":"insertAdjacent","filterByTk":"zc5zm2feovb","position":"beforeEnd","resourceIndex":"zc5zm2feovb","resourceName":"uiSchemas","values":{"schema":{"_isJSONSchemaObject":true,"name":"6ohw1bqjyev","properties":{"priorityArea":{"_isJSONSchemaObject":true,"name":"priorityArea","version":"2.0","x-collection-field":"100days.priorityArea","x-component":"CollectionField","x-component-props":{"ellipsis":true},"x-decorator":null,"x-decorator-props":{"labelStyle":{"display":"none"}},"x-read-pretty":true,"x-uid":"vp8ar8v07km"}},"type":"void","version":"2.0","x-component":"TableV2.Column","x-decorator":"TableV2.Column.Decorator","x-designer":"TableV2.Column.Designer","x-uid":"6rq8fyp03tv"},"wrap":null}},"resourceName":"uiSchemas"},"header":{"x-hostname":"cmreport.dsti.gov.sl","x-locale":"en-US","x-role":"admin","x-timezone":"-00:00"}},"reqId":"8bb24b90-d5a4-407c-9e89-8ee7977f27de","res":{"status":200},"responseTime":33,"timestamp":"2023-09-11T13:27:26.877Z"}
{"level":"info","message":"BEGIN: POST /api/uiSchemas:insertAdjacent/zc5zm2feovb?position=beforeEnd","reqId":"be7b5763-8462-4b9d-a7d5-3a5ba9da10fa","timestamp":"2023-09-11T13:27:30.295Z"}
{"can":{"action":"insertAdjacent","resource":"uiSchemas","role":"admin"},"level":"info","message":"ctx permission","reqId":"be7b5763-8462-4b9d-a7d5-3a5ba9da10fa","timestamp":"2023-09-11T13:27:30.306Z"}
{"level":"info","message":"acl params","reqId":"be7b5763-8462-4b9d-a7d5-3a5ba9da10fa","timestamp":"2023-09-11T13:27:30.307Z"}
{"level":"info","message":"acl parsedParams","reqId":"be7b5763-8462-4b9d-a7d5-3a5ba9da10fa","timestamp":"2023-09-11T13:27:30.307Z"}
{"level":"info","message":"END: POST /api/uiSchemas:insertAdjacent/zc5zm2feovb?position=beforeEnd","req":{"action":{"actionName":"insertAdjacent","params":{"actionName":"insertAdjacent","filterByTk":"zc5zm2feovb","position":"beforeEnd","resourceIndex":"zc5zm2feovb","resourceName":"uiSchemas","values":{"schema":{"_isJSONSchemaObject":true,"name":"zdusurav39s","properties":{"mainActivity":{"_isJSONSchemaObject":true,"name":"mainActivity","version":"2.0","x-collection-field":"100days.mainActivity","x-component":"CollectionField","x-component-props":{"ellipsis":true},"x-decorator":null,"x-decorator-props":{"labelStyle":{"display":"none"}},"x-read-pretty":true,"x-uid":"g0smod1k0z7"}},"type":"void","version":"2.0","x-component":"TableV2.Column","x-decorator":"TableV2.Column.Decorator","x-designer":"TableV2.Column.Designer","x-uid":"lwux9xytn91"},"wrap":null}},"resourceName":"uiSchemas"},"header":{"x-hostname":"cmreport.dsti.gov.sl","x-locale":"en-US","x-role":"admin","x-timezone":"-00:00"}},"reqId":"be7b5763-8462-4b9d-a7d5-3a5ba9da10fa","res":{"status":200},"responseTime":39,"timestamp":"2023-09-11T13:27:30.333Z"}
{"level":"info","message":"BEGIN: POST /api/uiSchemas:insertAdjacent/zc5zm2feovb?position=beforeEnd","reqId":"94f4caaf-89a3-431b-88ef-0413c97cdcc9","timestamp":"2023-09-11T13:27:31.975Z"}
{"can":{"action":"insertAdjacent","resource":"uiSchemas","role":"admin"},"level":"info","message":"ctx permission","reqId":"94f4caaf-89a3-431b-88ef-0413c97cdcc9","timestamp":"2023-09-11T13:27:31.997Z"}
{"level":"info","message":"acl params","reqId":"94f4caaf-89a3-431b-88ef-0413c97cdcc9","timestamp":"2023-09-11T13:27:31.997Z"}
{"level":"info","message":"acl parsedParams","reqId":"94f4caaf-89a3-431b-88ef-0413c97cdcc9","timestamp":"2023-09-11T13:27:31.997Z"}
{"level":"info","message":"END: POST /api/uiSchemas:insertAdjacent/zc5zm2feovb?position=beforeEnd","req":{"action":{"actionName":"insertAdjacent","params":{"actionName":"insertAdjacent","filterByTk":"zc5zm2feovb","position":"beforeEnd","resourceIndex":"zc5zm2feovb","resourceName":"uiSchemas","values":{"schema":{"_isJSONSchemaObject":true,"name":"a7ldwx6grof","properties":{"subactivities":{"_isJSONSchemaObject":true,"name":"subactivities","version":"2.0","x-collection-field":"100days.subactivities","x-component":"CollectionField","x-component-props":{"ellipsis":true,"style":{"width":"100%"}},"x-decorator":null,"x-decorator-props":{"labelStyle":{"display":"none"}},"x-read-pretty":true,"x-uid":"4lp3e1qgbuv"}},"type":"void","version":"2.0","x-component":"TableV2.Column","x-decorator":"TableV2.Column.Decorator","x-designer":"TableV2.Column.Designer","x-uid":"8yxe553eb0y"},"wrap":null}},"resourceName":"uiSchemas"},"header":{"x-hostname":"cmreport.dsti.gov.sl","x-locale":"en-US","x-role":"admin","x-timezone":"-00:00"}},"reqId":"94f4caaf-89a3-431b-88ef-0413c97cdcc9","res":{"status":200},"responseTime":73,"timestamp":"2023-09-11T13:27:32.048Z"}
{"level":"info","message":"BEGIN: POST /api/uiSchemas:insertAdjacent/zc5zm2feovb?position=beforeEnd","reqId":"36692daa-1e6a-495b-9ade-35330d946329","timestamp":"2023-09-11T13:27:35.031Z"}
{"can":{"action":"insertAdjacent","resource":"uiSchemas","role":"admin"},"level":"info","message":"ctx permission","reqId":"36692daa-1e6a-495b-9ade-35330d946329","timestamp":"2023-09-11T13:27:35.043Z"}
{"level":"info","message":"acl params","reqId":"36692daa-1e6a-495b-9ade-35330d946329","timestamp":"2023-09-11T13:27:35.043Z"}
{"level":"info","message":"acl parsedParams","reqId":"36692daa-1e6a-495b-9ade-35330d946329","timestamp":"2023-09-11T13:27:35.044Z"}
{"level":"info","message":"END: POST /api/uiSchemas:insertAdjacent/zc5zm2feovb?position=beforeEnd","req":{"action":{"actionName":"insertAdjacent","params":{"actionName":"insertAdjacent","filterByTk":"zc5zm2feovb","position":"beforeEnd","resourceIndex":"zc5zm2feovb","resourceName":"uiSchemas","values":{"schema":{"_isJSONSchemaObject":true,"name":"67153ztdtc9","properties":{"startDate":{"_isJSONSchemaObject":true,"name":"startDate","version":"2.0","x-collection-field":"100days.startDate","x-component":"CollectionField","x-component-props":{},"x-decorator":null,"x-decorator-props":{"labelStyle":{"display":"none"}},"x-read-pretty":true,"x-uid":"c3newnza09w"}},"type":"void","version":"2.0","x-component":"TableV2.Column","x-decorator":"TableV2.Column.Decorator","x-designer":"TableV2.Column.Designer","x-uid":"eyvdotdfduo"},"wrap":null}},"resourceName":"uiSchemas"},"header":{"x-hostname":"cmreport.dsti.gov.sl","x-locale":"en-US","x-role":"admin","x-timezone":"-00:00"}},"reqId":"36692daa-1e6a-495b-9ade-35330d946329","res":{"status":200},"responseTime":44,"timestamp":"2023-09-11T13:27:35.075Z"}
{"level":"info","message":"BEGIN: POST /api/uiSchemas:insertAdjacent/zc5zm2feovb?position=beforeEnd","reqId":"a1dbfa66-5cb6-40d1-bd51-f4368f0d33f1","timestamp":"2023-09-11T13:27:36.230Z"}
{"can":{"action":"insertAdjacent","resource":"uiSchemas","role":"admin"},"level":"info","message":"ctx permission","reqId":"a1dbfa66-5cb6-40d1-bd51-f4368f0d33f1","timestamp":"2023-09-11T13:27:36.238Z"}
{"level":"info","message":"acl params","reqId":"a1dbfa66-5cb6-40d1-bd51-f4368f0d33f1","timestamp":"2023-09-11T13:27:36.238Z"}
{"level":"info","message":"acl parsedParams","reqId":"a1dbfa66-5cb6-40d1-bd51-f4368f0d33f1","timestamp":"2023-09-11T13:27:36.239Z"}
{"level":"info","message":"END: POST /api/uiSchemas:insertAdjacent/zc5zm2feovb?position=beforeEnd","req":{"action":{"actionName":"insertAdjacent","params":{"actionName":"insertAdjacent","filterByTk":"zc5zm2feovb","position":"beforeEnd","resourceIndex":"zc5zm2feovb","resourceName":"uiSchemas","values":{"schema":{"_isJSONSchemaObject":true,"name":"5w9q1b2xxm3","properties":{"endDate":{"_isJSONSchemaObject":true,"name":"endDate","version":"2.0","x-collection-field":"100days.endDate","x-component":"CollectionField","x-component-props":{},"x-decorator":null,"x-decorator-props":{"labelStyle":{"display":"none"}},"x-read-pretty":true,"x-uid":"snj9h4p5jiv"}},"type":"void","version":"2.0","x-component":"TableV2.Column","x-decorator":"TableV2.Column.Decorator","x-designer":"TableV2.Column.Designer","x-uid":"hnpmjyecico"},"wrap":null}},"resourceName":"uiSchemas"},"header":{"x-hostname":"cmreport.dsti.gov.sl","x-locale":"en-US","x-role":"admin","x-timezone":"-00:00"}},"reqId":"a1dbfa66-5cb6-40d1-bd51-f4368f0d33f1","res":{"status":200},"responseTime":28,"timestamp":"2023-09-11T13:27:36.257Z"}
{"level":"info","message":"BEGIN: GET /api/applicationPlugins:list?filter%5BbuiltIn.%24isFalsy%5D=true&sort=name&paginate=false","reqId":"6a4f8a78-ee18-4a1c-97d2-af1eb7e770b4","timestamp":"2023-09-11T13:29:38.119Z"}
{"can":{"action":"list","resource":"applicationPlugins","role":"admin"},"level":"info","message":"ctx permission","reqId":"6a4f8a78-ee18-4a1c-97d2-af1eb7e770b4","timestamp":"2023-09-11T13:29:38.139Z"}
{"level":"info","message":"acl params","reqId":"6a4f8a78-ee18-4a1c-97d2-af1eb7e770b4","timestamp":"2023-09-11T13:29:38.140Z"}
{"level":"info","message":"acl parsedParams","reqId":"6a4f8a78-ee18-4a1c-97d2-af1eb7e770b4","timestamp":"2023-09-11T13:29:38.140Z"}
{"level":"info","message":"END: GET /api/applicationPlugins:list?filter%5BbuiltIn.%24isFalsy%5D=true&sort=name&paginate=false","req":{"action":{"actionName":"list","params":{"actionName":"list","filter":{"builtIn":{"$isFalsy":"true"}},"paginate":"false","resourceName":"applicationPlugins","sort":["name"]},"resourceName":"applicationPlugins"},"header":{"x-hostname":"cmreport.dsti.gov.sl","x-locale":"en-US","x-role":"admin","x-timezone":"-00:00"}},"reqId":"6a4f8a78-ee18-4a1c-97d2-af1eb7e770b4","res":{"status":200},"responseTime":64,"timestamp":"2023-09-11T13:29:38.183Z"}
{"level":"info","message":"BEGIN: GET /api/uiSchemas:getProperties/6kgeqbqa39s","reqId":"bea7698c-a4f8-4f70-85ef-ed7885ad348c","timestamp":"2023-09-11T13:29:58.001Z"}
{"can":{"action":"getProperties","resource":"uiSchemas","role":"admin"},"level":"info","message":"ctx permission","reqId":"bea7698c-a4f8-4f70-85ef-ed7885ad348c","skip":true,"timestamp":"2023-09-11T13:29:58.010Z"}
{"level":"info","message":"acl params","reqId":"bea7698c-a4f8-4f70-85ef-ed7885ad348c","timestamp":"2023-09-11T13:29:58.011Z"}
{"level":"info","message":"acl parsedParams","reqId":"bea7698c-a4f8-4f70-85ef-ed7885ad348c","timestamp":"2023-09-11T13:29:58.011Z"}
{"level":"info","message":"END: GET /api/uiSchemas:getProperties/6kgeqbqa39s","req":{"action":{"actionName":"getProperties","params":{"actionName":"getProperties","filterByTk":"6kgeqbqa39s","resourceIndex":"6kgeqbqa39s","resourceName":"uiSchemas"},"resourceName":"uiSchemas"},"header":{"x-hostname":"cmreport.dsti.gov.sl","x-locale":"en-US","x-role":"admin","x-timezone":"-00:00"}},"reqId":"bea7698c-a4f8-4f70-85ef-ed7885ad348c","res":{"status":200},"responseTime":13,"timestamp":"2023-09-11T13:29:58.014Z"}
{"level":"info","message":"BEGIN: GET /api/100days:list?pageSize=20","reqId":"0df09f44-1014-4769-b795-5222f39e9da2","timestamp":"2023-09-11T13:29:58.275Z"}
{"can":{"action":"list","resource":"100days","role":"admin"},"level":"info","message":"ctx permission","reqId":"0df09f44-1014-4769-b795-5222f39e9da2","timestamp":"2023-09-11T13:29:58.290Z"}
{"level":"info","message":"acl params","reqId":"0df09f44-1014-4769-b795-5222f39e9da2","timestamp":"2023-09-11T13:29:58.290Z"}
{"level":"info","message":"acl parsedParams","reqId":"0df09f44-1014-4769-b795-5222f39e9da2","timestamp":"2023-09-11T13:29:58.290Z"}
{"level":"info","message":"END: GET /api/100days:list?pageSize=20","req":{"action":{"actionName":"list","params":{"actionName":"list","pageSize":"20","resourceName":"100days"},"resourceName":"100days"},"header":{"x-hostname":"cmreport.dsti.gov.sl","x-locale":"en-US","x-role":"admin","x-timezone":"-00:00"}},"reqId":"0df09f44-1014-4769-b795-5222f39e9da2","res":{"status":200},"responseTime":22,"timestamp":"2023-09-11T13:29:58.297Z"}
{"level":"info","message":"BEGIN: POST /api/uiSchemas:insertAdjacent/crayngsl7iv?position=afterEnd","reqId":"3cfc4c1a-4f6e-4a54-97b0-8807d2352f7f","timestamp":"2023-09-11T13:30:07.815Z"}
{"can":{"action":"insertAdjacent","resource":"uiSchemas","role":"admin"},"level":"info","message":"ctx permission","reqId":"3cfc4c1a-4f6e-4a54-97b0-8807d2352f7f","timestamp":"2023-09-11T13:30:07.827Z"}
{"level":"info","message":"acl params","reqId":"3cfc4c1a-4f6e-4a54-97b0-8807d2352f7f","timestamp":"2023-09-11T13:30:07.838Z"}
{"level":"info","message":"acl parsedParams","reqId":"3cfc4c1a-4f6e-4a54-97b0-8807d2352f7f","timestamp":"2023-09-11T13:30:07.838Z"}
{"level":"info","message":"END: POST /api/uiSchemas:insertAdjacent/crayngsl7iv?position=afterEnd","req":{"action":{"actionName":"insertAdjacent","params":{"actionName":"insertAdjacent","filterByTk":"crayngsl7iv","position":"afterEnd","resourceIndex":"crayngsl7iv","resourceName":"uiSchemas","values":{"schema":{"_isJSONSchemaObject":true,"name":"pen9n7bj7ts","properties":{"fxehunfoqts":{"_isJSONSchemaObject":true,"name":"fxehunfoqts","properties":{"50jl7hlg8pu":{"_isJSONSchemaObject":true,"name":"50jl7hlg8pu","properties":{"w0drvvzdwe8":{"_isJSONSchemaObject":true,"name":"w0drvvzdwe8","properties":{"actions":{"_isJSONSchemaObject":true,"name":"actions","type":"void","version":"2.0","x-component":"ActionBar","x-component-props":{"layout":"one-column","style":{"marginTop":24}},"x-initializer":"FormActionInitializers","x-uid":"o6jyrn2f9ta"},"grid":{"_isJSONSchemaObject":true,"name":"grid","type":"void","version":"2.0","x-component":"Grid","x-initializer":"FormItemInitializers","x-uid":"xd7iosxhtgw"}},"type":"void","version":"2.0","x-component":"FormV2","x-component-props":{"useProps":"{{ useFormBlockProps }}"},"x-uid":"rgzcr7f0tqw"}},"type":"void","version":"2.0","x-acl-action":"100days:create","x-acl-action-props":{"skipScopeCheck":true},"x-component":"CardItem","x-component-props":{},"x-decorator":"FormBlockProvider","x-decorator-props":{"collection":"100days","resource":"100days"},"x-designer":"FormV2.Designer","x-uid":"6ohe68zezrb"}},"type":"void","version":"2.0","x-component":"Grid.Col","x-uid":"twyzq4luxm2"}},"type":"void","version":"2.0","x-component":"Grid.Row","x-index":1,"x-uid":"av6k8gcbvj4"},"wrap":null}},"resourceName":"uiSchemas"},"header":{"x-hostname":"cmreport.dsti.gov.sl","x-locale":"en-US","x-role":"admin","x-timezone":"-00:00"}},"reqId":"3cfc4c1a-4f6e-4a54-97b0-8807d2352f7f","res":{"status":200},"responseTime":64,"timestamp":"2023-09-11T13:30:07.879Z"}
{"level":"info","message":"BEGIN: POST /api/uiSchemas:insertAdjacent/5ay1itrkrc7?position=afterBegin","reqId":"aef3afbd-206b-4028-90fe-c2608b951543","timestamp":"2023-09-11T13:30:17.783Z"}
{"can":{"action":"insertAdjacent","resource":"uiSchemas","role":"admin"},"level":"info","message":"ctx permission","reqId":"aef3afbd-206b-4028-90fe-c2608b951543","timestamp":"2023-09-11T13:30:17.799Z"}
{"level":"info","message":"acl params","reqId":"aef3afbd-206b-4028-90fe-c2608b951543","timestamp":"2023-09-11T13:30:17.800Z"}
{"level":"info","message":"acl parsedParams","reqId":"aef3afbd-206b-4028-90fe-c2608b951543","timestamp":"2023-09-11T13:30:17.800Z"}
{"level":"info","message":"END: POST /api/uiSchemas:insertAdjacent/5ay1itrkrc7?position=afterBegin","req":{"action":{"actionName":"insertAdjacent","params":{"actionName":"insertAdjacent","filterByTk":"5ay1itrkrc7","position":"afterBegin","resourceIndex":"5ay1itrkrc7","resourceName":"uiSchemas","values":{"schema":{"_isJSONSchemaObject":true,"name":"50jl7hlg8pu","properties":{"w0drvvzdwe8":{"_isJSONSchemaObject":true,"name":"w0drvvzdwe8","properties":{"actions":{"_isJSONSchemaObject":true,"name":"actions","type":"void","version":"2.0","x-component":"ActionBar","x-component-props":{"layout":"one-column","style":{"marginTop":24}},"x-initializer":"FormActionInitializers","x-uid":"o6jyrn2f9ta"},"grid":{"_isJSONSchemaObject":true,"name":"grid","type":"void","version":"2.0","x-component":"Grid","x-initializer":"FormItemInitializers","x-uid":"xd7iosxhtgw"}},"type":"void","version":"2.0","x-component":"FormV2","x-component-props":{"useProps":"{{ useFormBlockProps }}"},"x-uid":"rgzcr7f0tqw"}},"type":"void","version":"2.0","x-acl-action":"100days:create","x-acl-action-props":{"skipScopeCheck":true},"x-component":"CardItem","x-component-props":{},"x-decorator":"FormBlockProvider","x-decorator-props":{"collection":"100days","resource":"100days"},"x-designer":"FormV2.Designer","x-uid":"6ohe68zezrb"},"wrap":{"_isJSONSchemaObject":true,"name":"row_jo18xic8296","properties":{"0yig0grluv8":{"_isJSONSchemaObject":true,"name":"0yig0grluv8","properties":{},"type":"void","version":"2.0","x-component":"Grid.Col","x-uid":"8afc4u70ulm"}},"type":"void","version":"2.0","x-component":"Grid.Row","x-index":0,"x-uid":"19qpz4elif4"}}},"resourceName":"uiSchemas"},"header":{"x-hostname":"cmreport.dsti.gov.sl","x-locale":"en-US","x-role":"admin","x-timezone":"-00:00"}},"reqId":"aef3afbd-206b-4028-90fe-c2608b951543","res":{"status":200},"responseTime":74,"timestamp":"2023-09-11T13:30:17.857Z"}
{"level":"info","message":"BEGIN: GET /api/100days:list?pageSize=20","reqId":"88665bd2-70e3-49a9-a4b7-17da03a2f154","timestamp":"2023-09-11T13:30:18.003Z"}
{"can":{"action":"list","resource":"100days","role":"admin"},"level":"info","message":"ctx permission","reqId":"88665bd2-70e3-49a9-a4b7-17da03a2f154","timestamp":"2023-09-11T13:30:18.015Z"}
{"level":"info","message":"acl params","reqId":"88665bd2-70e3-49a9-a4b7-17da03a2f154","timestamp":"2023-09-11T13:30:18.015Z"}
{"level":"info","message":"acl parsedParams","reqId":"88665bd2-70e3-49a9-a4b7-17da03a2f154","timestamp":"2023-09-11T13:30:18.016Z"}
{"level":"info","message":"END: GET /api/100days:list?pageSize=20","req":{"action":{"actionName":"list","params":{"actionName":"list","pageSize":"20","resourceName":"100days"},"resourceName":"100days"},"header":{"x-hostname":"cmreport.dsti.gov.sl","x-locale":"en-US","x-role":"admin","x-timezone":"-00:00"}},"reqId":"88665bd2-70e3-49a9-a4b7-17da03a2f154","res":{"status":200},"responseTime":36,"timestamp":"2023-09-11T13:30:18.039Z"}
{"level":"info","message":"BEGIN: POST /api/uiSchemas:remove/av6k8gcbvj4","reqId":"8edc039b-88d1-4678-92bf-264f6b5c0e1b","timestamp":"2023-09-11T13:30:18.107Z"}
{"can":{"action":"remove","resource":"uiSchemas","role":"admin"},"level":"info","message":"ctx permission","reqId":"8edc039b-88d1-4678-92bf-264f6b5c0e1b","timestamp":"2023-09-11T13:30:18.115Z"}
{"level":"info","message":"acl params","reqId":"8edc039b-88d1-4678-92bf-264f6b5c0e1b","timestamp":"2023-09-11T13:30:18.116Z"}
{"level":"info","message":"acl parsedParams","reqId":"8edc039b-88d1-4678-92bf-264f6b5c0e1b","timestamp":"2023-09-11T13:30:18.116Z"}
{"level":"info","message":"END: POST /api/uiSchemas:remove/av6k8gcbvj4","req":{"action":{"actionName":"remove","params":{"actionName":"remove","filterByTk":"av6k8gcbvj4","resourceIndex":"av6k8gcbvj4","resourceName":"uiSchemas"},"resourceName":"uiSchemas"},"header":{"x-hostname":"cmreport.dsti.gov.sl","x-locale":"en-US","x-role":"admin","x-timezone":"-00:00"}},"reqId":"8edc039b-88d1-4678-92bf-264f6b5c0e1b","res":{"status":200},"responseTime":19,"timestamp":"2023-09-11T13:30:18.127Z"}
{"level":"info","message":"BEGIN: POST /api/uiSchemas:insertAdjacent/6ohe68zezrb?position=afterEnd","reqId":"8727dee4-2eb0-4187-b033-478906d11325","timestamp":"2023-09-11T13:30:32.177Z"}
{"can":{"action":"insertAdjacent","resource":"uiSchemas","role":"admin"},"level":"info","message":"ctx permission","reqId":"8727dee4-2eb0-4187-b033-478906d11325","timestamp":"2023-09-11T13:30:32.208Z"}
{"level":"info","message":"acl params","reqId":"8727dee4-2eb0-4187-b033-478906d11325","timestamp":"2023-09-11T13:30:32.208Z"}
{"level":"info","message":"acl parsedParams","reqId":"8727dee4-2eb0-4187-b033-478906d11325","timestamp":"2023-09-11T13:30:32.208Z"}
{"level":"info","message":"END: POST /api/uiSchemas:insertAdjacent/6ohe68zezrb?position=afterEnd","req":{"action":{"actionName":"insertAdjacent","params":{"actionName":"insertAdjacent","filterByTk":"6ohe68zezrb","position":"afterEnd","resourceIndex":"6ohe68zezrb","resourceName":"uiSchemas","values":{"schema":{"_isJSONSchemaObject":true,"name":"g6lqvuhxba5","properties":{"ks04tomvjsr":{"_isJSONSchemaObject":true,"name":"ks04tomvjsr","properties":{"kv5berymad6":{"_isJSONSchemaObject":true,"name":"kv5berymad6","properties":{"uhzi5u656j1":{"_isJSONSchemaObject":true,"name":"uhzi5u656j1","properties":{"actions":{"_isJSONSchemaObject":true,"name":"actions","type":"void","version":"2.0","x-component":"ActionBar","x-component-props":{"layout":"one-column","style":{"marginTop":24}},"x-initializer":"FormActionInitializers","x-uid":"txz7eo92yw3"},"grid":{"_isJSONSchemaObject":true,"name":"grid","type":"void","version":"2.0","x-component":"Grid","x-initializer":"FormItemInitializers","x-uid":"4bhxlpl778e"}},"type":"void","version":"2.0","x-component":"FormV2","x-component-props":{"useProps":"{{ useFormBlockProps }}"},"x-uid":"mf946gw9xrj"}},"type":"void","version":"2.0","x-acl-action":"100days:create","x-acl-action-props":{"skipScopeCheck":true},"x-component":"CardItem","x-component-props":{},"x-decorator":"FormBlockProvider","x-decorator-props":{"collection":"100days","resource":"100days"},"x-designer":"FormV2.Designer","x-uid":"igwde784jpq"}},"type":"void","version":"2.0","x-component":"Grid.Col","x-uid":"brmzf83rf9n"}},"type":"void","version":"2.0","x-component":"Grid.Row","x-index":1,"x-uid":"zlrohkh632b"},"wrap":null}},"resourceName":"uiSchemas"},"header":{"x-hostname":"cmreport.dsti.gov.sl","x-locale":"en-US","x-role":"admin","x-timezone":"-00:00"}},"reqId":"8727dee4-2eb0-4187-b033-478906d11325","res":{"status":200},"responseTime":150,"timestamp":"2023-09-11T13:30:32.327Z"}
{"level":"info","message":"BEGIN: POST /api/uiSchemas:remove/6ohe68zezrb","reqId":"2dfd6dc3-4c9e-442b-a6f8-94076e7922d8","timestamp":"2023-09-11T13:30:38.850Z"}
{"can":{"action":"remove","resource":"uiSchemas","role":"admin"},"level":"info","message":"ctx permission","reqId":"2dfd6dc3-4c9e-442b-a6f8-94076e7922d8","timestamp":"2023-09-11T13:30:38.867Z"}
{"level":"info","message":"acl params","reqId":"2dfd6dc3-4c9e-442b-a6f8-94076e7922d8","timestamp":"2023-09-11T13:30:38.867Z"}
{"level":"info","message":"acl parsedParams","reqId":"2dfd6dc3-4c9e-442b-a6f8-94076e7922d8","timestamp":"2023-09-11T13:30:38.868Z"}
{"level":"info","message":"END: POST /api/uiSchemas:remove/6ohe68zezrb","req":{"action":{"actionName":"remove","params":{"actionName":"remove","filterByTk":"6ohe68zezrb","resourceIndex":"6ohe68zezrb","resourceName":"uiSchemas"},"resourceName":"uiSchemas"},"header":{"x-hostname":"cmreport.dsti.gov.sl","x-locale":"en-US","x-role":"admin","x-timezone":"-00:00"}},"reqId":"2dfd6dc3-4c9e-442b-a6f8-94076e7922d8","res":{"status":200},"responseTime":42,"timestamp":"2023-09-11T13:30:38.892Z"}
{"level":"info","message":"BEGIN: POST /api/uiSchemas:insertAdjacent/4bhxlpl778e?position=beforeEnd","reqId":"30a64863-b188-44e2-bac9-58ea7c29e71b","timestamp":"2023-09-11T13:30:47.469Z"}
{"can":{"action":"insertAdjacent","resource":"uiSchemas","role":"admin"},"level":"info","message":"ctx permission","reqId":"30a64863-b188-44e2-bac9-58ea7c29e71b","timestamp":"2023-09-11T13:30:47.501Z"}
{"level":"info","message":"acl params","reqId":"30a64863-b188-44e2-bac9-58ea7c29e71b","timestamp":"2023-09-11T13:30:47.502Z"}
{"level":"info","message":"acl parsedParams","reqId":"30a64863-b188-44e2-bac9-58ea7c29e71b","timestamp":"2023-09-11T13:30:47.502Z"}
{"level":"info","message":"END: POST /api/uiSchemas:insertAdjacent/4bhxlpl778e?position=beforeEnd","req":{"action":{"actionName":"insertAdjacent","params":{"actionName":"insertAdjacent","filterByTk":"4bhxlpl778e","position":"beforeEnd","resourceIndex":"4bhxlpl778e","resourceName":"uiSchemas","values":{"schema":{"_isJSONSchemaObject":true,"name":"wxhk9xmo9dp","properties":{"e70vvgv65pv":{"_isJSONSchemaObject":true,"name":"e70vvgv65pv","properties":{"priorityArea":{"_isJSONSchemaObject":true,"name":"priorityArea","type":"string","version":"2.0","x-collection-field":"100days.priorityArea","x-component":"CollectionField","x-component-props":{},"x-decorator":"FormItem","x-designer":"FormItem.Designer","x-uid":"8tyvgaq0615"}},"type":"void","version":"2.0","x-component":"Grid.Col","x-uid":"pftfi4bnglp"}},"type":"void","version":"2.0","x-component":"Grid.Row","x-uid":"i9xv1mf23wy"},"wrap":null}},"resourceName":"uiSchemas"},"header":{"x-hostname":"cmreport.dsti.gov.sl","x-locale":"en-US","x-role":"admin","x-timezone":"-00:00"}},"reqId":"30a64863-b188-44e2-bac9-58ea7c29e71b","res":{"status":200},"responseTime":60,"timestamp":"2023-09-11T13:30:47.529Z"}
{"level":"info","message":"BEGIN: POST /api/uiSchemas:insertAdjacent/4bhxlpl778e?position=beforeEnd","reqId":"63dba0f8-9c0d-4add-83f5-e13bddbb69b3","timestamp":"2023-09-11T13:30:48.505Z"}
{"can":{"action":"insertAdjacent","resource":"uiSchemas","role":"admin"},"level":"info","message":"ctx permission","reqId":"63dba0f8-9c0d-4add-83f5-e13bddbb69b3","timestamp":"2023-09-11T13:30:48.517Z"}
{"level":"info","message":"acl params","reqId":"63dba0f8-9c0d-4add-83f5-e13bddbb69b3","timestamp":"2023-09-11T13:30:48.518Z"}
{"level":"info","message":"acl parsedParams","reqId":"63dba0f8-9c0d-4add-83f5-e13bddbb69b3","timestamp":"2023-09-11T13:30:48.518Z"}
{"level":"info","message":"END: POST /api/uiSchemas:insertAdjacent/4bhxlpl778e?position=beforeEnd","req":{"action":{"actionName":"insertAdjacent","params":{"actionName":"insertAdjacent","filterByTk":"4bhxlpl778e","position":"beforeEnd","resourceIndex":"4bhxlpl778e","resourceName":"uiSchemas","values":{"schema":{"_isJSONSchemaObject":true,"name":"s42ntxdvyea","properties":{"9qqk44vnwds":{"_isJSONSchemaObject":true,"name":"9qqk44vnwds","properties":{"mainActivity":{"_isJSONSchemaObject":true,"name":"mainActivity","type":"string","version":"2.0","x-collection-field":"100days.mainActivity","x-component":"CollectionField","x-component-props":{},"x-decorator":"FormItem","x-designer":"FormItem.Designer","x-uid":"uizz5iizg4o"}},"type":"void","version":"2.0","x-component":"Grid.Col","x-uid":"etpj3uvlpxi"}},"type":"void","version":"2.0","x-component":"Grid.Row","x-uid":"ku55000zzyn"},"wrap":null}},"resourceName":"uiSchemas"},"header":{"x-hostname":"cmreport.dsti.gov.sl","x-locale":"en-US","x-role":"admin","x-timezone":"-00:00"}},"reqId":"63dba0f8-9c0d-4add-83f5-e13bddbb69b3","res":{"status":200},"responseTime":33,"timestamp":"2023-09-11T13:30:48.538Z"}
{"level":"info","message":"BEGIN: POST /api/uiSchemas:insertAdjacent/4bhxlpl778e?position=beforeEnd","reqId":"29a64248-313d-4078-8050-3f52608ac97a","timestamp":"2023-09-11T13:30:49.739Z"}
{"can":{"action":"insertAdjacent","resource":"uiSchemas","role":"admin"},"level":"info","message":"ctx permission","reqId":"29a64248-313d-4078-8050-3f52608ac97a","timestamp":"2023-09-11T13:30:49.748Z"}
{"level":"info","message":"acl params","reqId":"29a64248-313d-4078-8050-3f52608ac97a","timestamp":"2023-09-11T13:30:49.749Z"}
{"level":"info","message":"acl parsedParams","reqId":"29a64248-313d-4078-8050-3f52608ac97a","timestamp":"2023-09-11T13:30:49.749Z"}
{"level":"info","message":"END: POST /api/uiSchemas:insertAdjacent/4bhxlpl778e?position=beforeEnd","req":{"action":{"actionName":"insertAdjacent","params":{"actionName":"insertAdjacent","filterByTk":"4bhxlpl778e","position":"beforeEnd","resourceIndex":"4bhxlpl778e","resourceName":"uiSchemas","values":{"schema":{"_isJSONSchemaObject":true,"name":"ktw7lpcxjsc","properties":{"kycex5nx2z9":{"_isJSONSchemaObject":true,"name":"kycex5nx2z9","properties":{"subactivities":{"_isJSONSchemaObject":true,"name":"subactivities","type":"string","version":"2.0","x-collection-field":"100days.subactivities","x-component":"CollectionField","x-component-props":{"style":{"width":"100%"}},"x-decorator":"FormItem","x-designer":"FormItem.Designer","x-uid":"7zdv25e7xvp"}},"type":"void","version":"2.0","x-component":"Grid.Col","x-uid":"8cs8aili0w7"}},"type":"void","version":"2.0","x-component":"Grid.Row","x-uid":"qvo4sbqr4js"},"wrap":null}},"resourceName":"uiSchemas"},"header":{"x-hostname":"cmreport.dsti.gov.sl","x-locale":"en-US","x-role":"admin","x-timezone":"-00:00"}},"reqId":"29a64248-313d-4078-8050-3f52608ac97a","res":{"status":200},"responseTime":32,"timestamp":"2023-09-11T13:30:49.771Z"}
{"level":"info","message":"BEGIN: POST /api/uiSchemas:insertAdjacent/4bhxlpl778e?position=beforeEnd","reqId":"bd55953b-08c5-4145-a0fd-eca8c7ba0a1e","timestamp":"2023-09-11T13:30:55.196Z"}
{"can":{"action":"insertAdjacent","resource":"uiSchemas","role":"admin"},"level":"info","message":"ctx permission","reqId":"bd55953b-08c5-4145-a0fd-eca8c7ba0a1e","timestamp":"2023-09-11T13:30:55.206Z"}
{"level":"info","message":"acl params","reqId":"bd55953b-08c5-4145-a0fd-eca8c7ba0a1e","timestamp":"2023-09-11T13:30:55.206Z"}
{"level":"info","message":"acl parsedParams","reqId":"bd55953b-08c5-4145-a0fd-eca8c7ba0a1e","timestamp":"2023-09-11T13:30:55.207Z"}
{"level":"info","message":"END: POST /api/uiSchemas:insertAdjacent/4bhxlpl778e?position=beforeEnd","req":{"action":{"actionName":"insertAdjacent","params":{"actionName":"insertAdjacent","filterByTk":"4bhxlpl778e","position":"beforeEnd","resourceIndex":"4bhxlpl778e","resourceName":"uiSchemas","values":{"schema":{"_isJSONSchemaObject":true,"name":"57tyopth34n","properties":{"99diivccdi7":{"_isJSONSchemaObject":true,"name":"99diivccdi7","properties":{"startDate":{"_isJSONSchemaObject":true,"name":"startDate","type":"string","version":"2.0","x-collection-field":"100days.startDate","x-component":"CollectionField","x-component-props":{},"x-decorator":"FormItem","x-designer":"FormItem.Designer","x-uid":"62ejyxoxivu"}},"type":"void","version":"2.0","x-component":"Grid.Col","x-uid":"m92odq01r3s"}},"type":"void","version":"2.0","x-component":"Grid.Row","x-uid":"61e2qdatakn"},"wrap":null}},"resourceName":"uiSchemas"},"header":{"x-hostname":"cmreport.dsti.gov.sl","x-locale":"en-US","x-role":"admin","x-timezone":"-00:00"}},"reqId":"bd55953b-08c5-4145-a0fd-eca8c7ba0a1e","res":{"status":200},"responseTime":31,"timestamp":"2023-09-11T13:30:55.227Z"}
{"level":"info","message":"BEGIN: POST /api/uiSchemas:insertAdjacent/4bhxlpl778e?position=beforeEnd","reqId":"6f27dc97-ecfb-4327-b089-6afde3e77124","timestamp":"2023-09-11T13:30:57.545Z"}
{"can":{"action":"insertAdjacent","resource":"uiSchemas","role":"admin"},"level":"info","message":"ctx permission","reqId":"6f27dc97-ecfb-4327-b089-6afde3e77124","timestamp":"2023-09-11T13:30:57.561Z"}
{"level":"info","message":"acl params","reqId":"6f27dc97-ecfb-4327-b089-6afde3e77124","timestamp":"2023-09-11T13:30:57.562Z"}
{"level":"info","message":"acl parsedParams","reqId":"6f27dc97-ecfb-4327-b089-6afde3e77124","timestamp":"2023-09-11T13:30:57.562Z"}
{"level":"info","message":"END: POST /api/uiSchemas:insertAdjacent/4bhxlpl778e?position=beforeEnd","req":{"action":{"actionName":"insertAdjacent","params":{"actionName":"insertAdjacent","filterByTk":"4bhxlpl778e","position":"beforeEnd","resourceIndex":"4bhxlpl778e","resourceName":"uiSchemas","values":{"schema":{"_isJSONSchemaObject":true,"name":"mb3hqfc6xzk","properties":{"icwb7cgf22m":{"_isJSONSchemaObject":true,"name":"icwb7cgf22m","properties":{"endDate":{"_isJSONSchemaObject":true,"name":"endDate","type":"string","version":"2.0","x-collection-field":"100days.endDate","x-component":"CollectionField","x-component-props":{},"x-decorator":"FormItem","x-designer":"FormItem.Designer","x-uid":"f4qj334y6fv"}},"type":"void","version":"2.0","x-component":"Grid.Col","x-uid":"0gn175c17re"}},"type":"void","version":"2.0","x-component":"Grid.Row","x-uid":"gn6vzgapite"},"wrap":null}},"resourceName":"uiSchemas"},"header":{"x-hostname":"cmreport.dsti.gov.sl","x-locale":"en-US","x-role":"admin","x-timezone":"-00:00"}},"reqId":"6f27dc97-ecfb-4327-b089-6afde3e77124","res":{"status":200},"responseTime":47,"timestamp":"2023-09-11T13:30:57.592Z"}
{"level":"info","message":"BEGIN: POST /api/uiSchemas:insertAdjacent/4bhxlpl778e?position=beforeEnd","reqId":"c3ecca41-5110-4739-a1eb-3ad17a3371d6","timestamp":"2023-09-11T13:30:58.797Z"}
{"can":{"action":"insertAdjacent","resource":"uiSchemas","role":"admin"},"level":"info","message":"ctx permission","reqId":"c3ecca41-5110-4739-a1eb-3ad17a3371d6","timestamp":"2023-09-11T13:30:58.806Z"}
{"level":"info","message":"acl params","reqId":"c3ecca41-5110-4739-a1eb-3ad17a3371d6","timestamp":"2023-09-11T13:30:58.806Z"}
{"level":"info","message":"acl parsedParams","reqId":"c3ecca41-5110-4739-a1eb-3ad17a3371d6","timestamp":"2023-09-11T13:30:58.807Z"}
{"level":"info","message":"END: POST /api/uiSchemas:insertAdjacent/4bhxlpl778e?position=beforeEnd","req":{"action":{"actionName":"insertAdjacent","params":{"actionName":"insertAdjacent","filterByTk":"4bhxlpl778e","position":"beforeEnd","resourceIndex":"4bhxlpl778e","resourceName":"uiSchemas","values":{"schema":{"_isJSONSchemaObject":true,"name":"ez7n29330yh","properties":{"t37zajdqb56":{"_isJSONSchemaObject":true,"name":"t37zajdqb56","properties":{"responsibleParty":{"_isJSONSchemaObject":true,"name":"responsibleParty","type":"string","version":"2.0","x-collection-field":"100days.responsibleParty","x-component":"CollectionField","x-component-props":{},"x-decorator":"FormItem","x-designer":"FormItem.Designer","x-uid":"7ic89pjptie"}},"type":"void","version":"2.0","x-component":"Grid.Col","x-uid":"grpw1i571ny"}},"type":"void","version":"2.0","x-component":"Grid.Row","x-uid":"ywca06acqps"},"wrap":null}},"resourceName":"uiSchemas"},"header":{"x-hostname":"cmreport.dsti.gov.sl","x-locale":"en-US","x-role":"admin","x-timezone":"-00:00"}},"reqId":"c3ecca41-5110-4739-a1eb-3ad17a3371d6","res":{"status":200},"responseTime":37,"timestamp":"2023-09-11T13:30:58.834Z"}
{"level":"info","message":"BEGIN: POST /api/uiSchemas:insertAdjacent/4bhxlpl778e?position=beforeEnd","reqId":"2f478c0e-1625-4c5c-b548-129e8b3ab1ad","timestamp":"2023-09-11T13:31:00.171Z"}
{"can":{"action":"insertAdjacent","resource":"uiSchemas","role":"admin"},"level":"info","message":"ctx permission","reqId":"2f478c0e-1625-4c5c-b548-129e8b3ab1ad","timestamp":"2023-09-11T13:31:00.186Z"}
{"level":"info","message":"acl params","reqId":"2f478c0e-1625-4c5c-b548-129e8b3ab1ad","timestamp":"2023-09-11T13:31:00.186Z"}
{"level":"info","message":"acl parsedParams","reqId":"2f478c0e-1625-4c5c-b548-129e8b3ab1ad","timestamp":"2023-09-11T13:31:00.186Z"}
{"level":"info","message":"END: POST /api/uiSchemas:insertAdjacent/4bhxlpl778e?position=beforeEnd","req":{"action":{"actionName":"insertAdjacent","params":{"actionName":"insertAdjacent","filterByTk":"4bhxlpl778e","position":"beforeEnd","resourceIndex":"4bhxlpl778e","resourceName":"uiSchemas","values":{"schema":{"_isJSONSchemaObject":true,"name":"ejup2lhah1v","properties":{"fineebxwiw7":{"_isJSONSchemaObject":true,"name":"fineebxwiw7","properties":{"implementingPartners":{"_isJSONSchemaObject":true,"name":"implementingPartners","type":"string","version":"2.0","x-collection-field":"100days.implementingPartners","x-component":"CollectionField","x-component-props":{"style":{"width":"100%"}},"x-decorator":"FormItem","x-designer":"FormItem.Designer","x-uid":"fodlxmsqnpy"}},"type":"void","version":"2.0","x-component":"Grid.Col","x-uid":"szna28ip2nc"}},"type":"void","version":"2.0","x-component":"Grid.Row","x-uid":"vg4yjr3ws2v"},"wrap":null}},"resourceName":"uiSchemas"},"header":{"x-hostname":"cmreport.dsti.gov.sl","x-locale":"en-US","x-role":"admin","x-timezone":"-00:00"}},"reqId":"2f478c0e-1625-4c5c-b548-129e8b3ab1ad","res":{"status":200},"responseTime":52,"timestamp":"2023-09-11T13:31:00.223Z"}
{"level":"info","message":"BEGIN: POST /api/uiSchemas:insertAdjacent/4bhxlpl778e?position=beforeEnd","reqId":"ed3a5514-058d-4c40-b45f-6cbbbd7e83ef","timestamp":"2023-09-11T13:31:01.158Z"}
{"can":{"action":"insertAdjacent","resource":"uiSchemas","role":"admin"},"level":"info","message":"ctx permission","reqId":"ed3a5514-058d-4c40-b45f-6cbbbd7e83ef","timestamp":"2023-09-11T13:31:01.170Z"}
{"level":"info","message":"acl params","reqId":"ed3a5514-058d-4c40-b45f-6cbbbd7e83ef","timestamp":"2023-09-11T13:31:01.171Z"}
{"level":"info","message":"acl parsedParams","reqId":"ed3a5514-058d-4c40-b45f-6cbbbd7e83ef","timestamp":"2023-09-11T13:31:01.171Z"}
{"level":"info","message":"END: POST /api/uiSchemas:insertAdjacent/4bhxlpl778e?position=beforeEnd","req":{"action":{"actionName":"insertAdjacent","params":{"actionName":"insertAdjacent","filterByTk":"4bhxlpl778e","position":"beforeEnd","resourceIndex":"4bhxlpl778e","resourceName":"uiSchemas","values":{"schema":{"_isJSONSchemaObject":true,"name":"bcqqr3w5kcs","properties":{"iey0jr6pe44":{"_isJSONSchemaObject":true,"name":"iey0jr6pe44","properties":{"fundingSources":{"_isJSONSchemaObject":true,"name":"fundingSources","type":"string","version":"2.0","x-collection-field":"100days.fundingSources","x-component":"CollectionField","x-component-props":{},"x-decorator":"FormItem","x-designer":"FormItem.Designer","x-uid":"4o0uztxezdr"}},"type":"void","version":"2.0","x-component":"Grid.Col","x-uid":"2w6bvc0veel"}},"type":"void","version":"2.0","x-component":"Grid.Row","x-uid":"t2a0ai320nb"},"wrap":null}},"resourceName":"uiSchemas"},"header":{"x-hostname":"cmreport.dsti.gov.sl","x-locale":"en-US","x-role":"admin","x-timezone":"-00:00"}},"reqId":"ed3a5514-058d-4c40-b45f-6cbbbd7e83ef","res":{"status":200},"responseTime":58,"timestamp":"2023-09-11T13:31:01.216Z"}
{"level":"info","message":"BEGIN: POST /api/uiSchemas:insertAdjacent/4bhxlpl778e?position=beforeEnd","reqId":"d733c7e7-8dd6-403c-abcc-e6b290a94c55","timestamp":"2023-09-11T13:31:02.657Z"}
{"can":{"action":"insertAdjacent","resource":"uiSchemas","role":"admin"},"level":"info","message":"ctx permission","reqId":"d733c7e7-8dd6-403c-abcc-e6b290a94c55","timestamp":"2023-09-11T13:31:02.684Z"}
{"level":"info","message":"acl params","reqId":"d733c7e7-8dd6-403c-abcc-e6b290a94c55","timestamp":"2023-09-11T13:31:02.684Z"}
{"level":"info","message":"acl parsedParams","reqId":"d733c7e7-8dd6-403c-abcc-e6b290a94c55","timestamp":"2023-09-11T13:31:02.684Z"}
{"level":"info","message":"END: POST /api/uiSchemas:insertAdjacent/4bhxlpl778e?position=beforeEnd","req":{"action":{"actionName":"insertAdjacent","params":{"actionName":"insertAdjacent","filterByTk":"4bhxlpl778e","position":"beforeEnd","resourceIndex":"4bhxlpl778e","resourceName":"uiSchemas","values":{"schema":{"_isJSONSchemaObject":true,"name":"2gigpdkyg9y","properties":{"j0966sp9mx0":{"_isJSONSchemaObject":true,"name":"j0966sp9mx0","properties":{"location":{"_isJSONSchemaObject":true,"name":"location","type":"string","version":"2.0","x-collection-field":"100days.location","x-component":"CollectionField","x-component-props":{},"x-decorator":"FormItem","x-designer":"FormItem.Designer","x-uid":"dyaajsrkhvv"}},"type":"void","version":"2.0","x-component":"Grid.Col","x-uid":"wbucfkuyy77"}},"type":"void","version":"2.0","x-component":"Grid.Row","x-uid":"bfrlxyb51j9"},"wrap":null}},"resourceName":"uiSchemas"},"header":{"x-hostname":"cmreport.dsti.gov.sl","x-locale":"en-US","x-role":"admin","x-timezone":"-00:00"}},"reqId":"d733c7e7-8dd6-403c-abcc-e6b290a94c55","res":{"status":200},"responseTime":52,"timestamp":"2023-09-11T13:31:02.709Z"}
{"level":"info","message":"BEGIN: GET /api/collections:list?pageSize=50&sort%5B%5D=sort&appends%5B%5D=fields&appends%5B%5D=category&filter=%7B%22hidden%22%3A%7B%22%24isFalsy%22%3Atrue%7D%7D","reqId":"09c32d48-2970-4597-ab4e-c08c366d4b94","timestamp":"2023-09-11T13:32:53.149Z"}
{"can":{"action":"list","resource":"collections","role":"admin"},"level":"info","message":"ctx permission","reqId":"09c32d48-2970-4597-ab4e-c08c366d4b94","skip":true,"timestamp":"2023-09-11T13:32:53.165Z"}
{"level":"info","message":"acl params","reqId":"09c32d48-2970-4597-ab4e-c08c366d4b94","timestamp":"2023-09-11T13:32:53.165Z"}
{"level":"info","message":"acl parsedParams","reqId":"09c32d48-2970-4597-ab4e-c08c366d4b94","timestamp":"2023-09-11T13:32:53.165Z"}
{"level":"info","message":"END: GET /api/collections:list?pageSize=50&sort%5B%5D=sort&appends%5B%5D=fields&appends%5B%5D=category&filter=%7B%22hidden%22%3A%7B%22%24isFalsy%22%3Atrue%7D%7D","req":{"action":{"actionName":"list","params":{"actionName":"list","appends":["fields","category"],"filter":{"hidden":{"$isFalsy":true}},"pageSize":"50","resourceName":"collections","sort":["sort"]},"resourceName":"collections"},"header":{"x-hostname":"cmreport.dsti.gov.sl","x-locale":"en-US","x-role":"admin","x-timezone":"-00:00"}},"reqId":"09c32d48-2970-4597-ab4e-c08c366d4b94","res":{"status":200},"responseTime":48,"timestamp":"2023-09-11T13:32:53.197Z"}
{"level":"info","message":"BEGIN: GET /api/collections/100days/fields:list?paginate=false&sort%5B%5D=sort&filter=%7B%22%24or%22%3A%5B%7B%22interface.%24not%22%3Anull%7D%2C%7B%22options.source.%24notEmpty%22%3Atrue%7D%5D%7D","reqId":"9ca9ae2b-3e6a-47a3-9a1c-a7e6d9ffd5d8","timestamp":"2023-09-11T13:33:03.323Z"}
{"can":{"action":"list","resource":"collections.fields","role":"admin"},"level":"info","message":"ctx permission","reqId":"9ca9ae2b-3e6a-47a3-9a1c-a7e6d9ffd5d8","timestamp":"2023-09-11T13:33:03.333Z"}
{"level":"info","message":"acl params","reqId":"9ca9ae2b-3e6a-47a3-9a1c-a7e6d9ffd5d8","timestamp":"2023-09-11T13:33:03.333Z"}
{"level":"info","message":"acl parsedParams","reqId":"9ca9ae2b-3e6a-47a3-9a1c-a7e6d9ffd5d8","timestamp":"2023-09-11T13:33:03.334Z"}
{"level":"info","message":"END: GET /api/collections/100days/fields:list?paginate=false&sort%5B%5D=sort&filter=%7B%22%24or%22%3A%5B%7B%22interface.%24not%22%3Anull%7D%2C%7B%22options.source.%24notEmpty%22%3Atrue%7D%5D%7D","req":{"action":{"actionName":"list","params":{"actionName":"list","associatedIndex":"100days","associatedName":"collections","filter":{"$or":[{"interface":{"$not":null}},{"options":{"source":{"$notEmpty":true}}}]},"paginate":"false","resourceName":"fields","sort":["sort"]},"resourceName":"collections.fields","resourceOf":"100days"},"header":{"x-hostname":"cmreport.dsti.gov.sl","x-locale":"en-US","x-role":"admin","x-timezone":"-00:00"}},"reqId":"9ca9ae2b-3e6a-47a3-9a1c-a7e6d9ffd5d8","res":{"status":200},"responseTime":19,"timestamp":"2023-09-11T13:33:03.342Z"}
