{"level":"info","message":"BEGIN: GET /api/uiSchemas:getProperties/ic05qq3jmex","reqId":"147695b2-007a-46fb-96e5-4999e955c29f","timestamp":"2024-02-27T13:13:08.963Z"}
{"can":{"action":"getProperties","resource":"uiSchemas","role":"root"},"level":"info","message":"ctx permission","reqId":"147695b2-007a-46fb-96e5-4999e955c29f","skip":true,"timestamp":"2024-02-27T13:13:09.005Z"}
{"level":"info","message":"acl params","reqId":"147695b2-007a-46fb-96e5-4999e955c29f","timestamp":"2024-02-27T13:13:09.013Z"}
{"level":"info","message":"acl parsedParams","reqId":"147695b2-007a-46fb-96e5-4999e955c29f","timestamp":"2024-02-27T13:13:09.014Z"}
{"level":"info","message":"END: GET /api/uiSchemas:getProperties/ic05qq3jmex","req":{"action":{"actionName":"getProperties","params":{"actionName":"getProperties","filterByTk":"ic05qq3jmex","resourceIndex":"ic05qq3jmex","resourceName":"uiSchemas"},"resourceName":"uiSchemas"},"header":{"x-hostname":"cmreport.dsti.gov.sl","x-locale":"en-US","x-role":"root","x-timezone":"-00:00"}},"reqId":"147695b2-007a-46fb-96e5-4999e955c29f","res":{"status":200},"responseTime":153,"timestamp":"2024-02-27T13:13:09.117Z"}
{"level":"info","message":"BEGIN: GET /api/uiSchemas:getProperties/oopw0n6z5d0","reqId":"3b3dad71-aa22-4bb1-ada1-e706d7883360","timestamp":"2024-02-27T13:13:19.863Z"}
{"can":{"action":"getProperties","resource":"uiSchemas","role":"root"},"level":"info","message":"ctx permission","reqId":"3b3dad71-aa22-4bb1-ada1-e706d7883360","skip":true,"timestamp":"2024-02-27T13:13:19.882Z"}
{"level":"info","message":"acl params","reqId":"3b3dad71-aa22-4bb1-ada1-e706d7883360","timestamp":"2024-02-27T13:13:19.889Z"}
{"level":"info","message":"acl parsedParams","reqId":"3b3dad71-aa22-4bb1-ada1-e706d7883360","timestamp":"2024-02-27T13:13:19.889Z"}
{"level":"info","message":"END: GET /api/uiSchemas:getProperties/oopw0n6z5d0","req":{"action":{"actionName":"getProperties","params":{"actionName":"getProperties","filterByTk":"oopw0n6z5d0","resourceIndex":"oopw0n6z5d0","resourceName":"uiSchemas"},"resourceName":"uiSchemas"},"header":{"x-hostname":"cmreport.dsti.gov.sl","x-locale":"en-US","x-role":"root","x-timezone":"-00:00"}},"reqId":"3b3dad71-aa22-4bb1-ada1-e706d7883360","res":{"status":200},"responseTime":27,"timestamp":"2024-02-27T13:13:19.890Z"}
{"level":"info","message":"BEGIN: GET /api/uiSchemas:getProperties/eqwnnbj18xt","reqId":"156ed171-82e4-4612-9616-562b9b6a4f2a","timestamp":"2024-02-27T13:13:25.097Z"}
{"can":{"action":"getProperties","resource":"uiSchemas","role":"root"},"level":"info","message":"ctx permission","reqId":"156ed171-82e4-4612-9616-562b9b6a4f2a","skip":true,"timestamp":"2024-02-27T13:13:25.118Z"}
{"level":"info","message":"acl params","reqId":"156ed171-82e4-4612-9616-562b9b6a4f2a","timestamp":"2024-02-27T13:13:25.118Z"}
{"level":"info","message":"acl parsedParams","reqId":"156ed171-82e4-4612-9616-562b9b6a4f2a","timestamp":"2024-02-27T13:13:25.119Z"}
{"level":"info","message":"END: GET /api/uiSchemas:getProperties/eqwnnbj18xt","req":{"action":{"actionName":"getProperties","params":{"actionName":"getProperties","filterByTk":"eqwnnbj18xt","resourceIndex":"eqwnnbj18xt","resourceName":"uiSchemas"},"resourceName":"uiSchemas"},"header":{"x-hostname":"cmreport.dsti.gov.sl","x-locale":"en-US","x-role":"root","x-timezone":"-00:00"}},"reqId":"156ed171-82e4-4612-9616-562b9b6a4f2a","res":{"status":200},"responseTime":108,"timestamp":"2024-02-27T13:13:25.206Z"}
{"level":"info","message":"BEGIN: GET /api/devices:list?pageSize=20&appends%5B%5D=make&appends%5B%5D=createdBy&filter=%7B%22%24and%22%3A%5B%7B%22ministry%22%3A%7B%22id%22%3A%7B%22%24eq%22%3A%22%7B%7B%24user.ministry.id%7D%7D%22%7D%7D%7D%5D%7D","reqId":"dd5b72b9-ee9a-4f73-9022-8449eeb60ea0","timestamp":"2024-02-27T13:13:25.573Z"}
{"can":null,"level":"info","message":"ctx permission","reqId":"dd5b72b9-ee9a-4f73-9022-8449eeb60ea0","skip":true,"timestamp":"2024-02-27T13:13:25.611Z"}
{"level":"info","message":"acl params","reqId":"dd5b72b9-ee9a-4f73-9022-8449eeb60ea0","timestamp":"2024-02-27T13:13:25.612Z"}
{"level":"info","message":"acl parsedParams","reqId":"dd5b72b9-ee9a-4f73-9022-8449eeb60ea0","timestamp":"2024-02-27T13:13:25.612Z"}
{"level":"info","message":"filter-parse: ","reqId":"dd5b72b9-ee9a-4f73-9022-8449eeb60ea0","timestamp":"2024-02-27T13:13:25.613Z","userFields":["ministry.id"]}
{"$user":{"ministry":{"id":1}},"level":"info","message":"filter-parse: ","reqId":"dd5b72b9-ee9a-4f73-9022-8449eeb60ea0","timestamp":"2024-02-27T13:13:25.636Z"}
{"level":"info","message":"END: GET /api/devices:list?pageSize=20&appends%5B%5D=make&appends%5B%5D=createdBy&filter=%7B%22%24and%22%3A%5B%7B%22ministry%22%3A%7B%22id%22%3A%7B%22%24eq%22%3A%22%7B%7B%24user.ministry.id%7D%7D%22%7D%7D%7D%5D%7D","req":{"action":{"actionName":"list","params":{"actionName":"list","appends":["make","createdBy"],"filter":{"$and":[{"ministry":{"id":{"$eq":1}}}]},"pageSize":"20","resourceName":"devices"},"resourceName":"devices"},"header":{"x-hostname":"cmreport.dsti.gov.sl","x-locale":"en-US","x-role":"root","x-timezone":"-00:00"}},"reqId":"dd5b72b9-ee9a-4f73-9022-8449eeb60ea0","res":{"status":200},"responseTime":121,"timestamp":"2024-02-27T13:13:25.694Z"}
{"level":"info","message":"BEGIN: GET /api/uiSchemas:getProperties/uqpfv0hu4rf","reqId":"23c89959-54ba-4de5-81b4-6fc5e51f54a9","timestamp":"2024-02-27T13:13:30.410Z"}
{"can":{"action":"getProperties","resource":"uiSchemas","role":"root"},"level":"info","message":"ctx permission","reqId":"23c89959-54ba-4de5-81b4-6fc5e51f54a9","skip":true,"timestamp":"2024-02-27T13:13:30.428Z"}
{"level":"info","message":"acl params","reqId":"23c89959-54ba-4de5-81b4-6fc5e51f54a9","timestamp":"2024-02-27T13:13:30.432Z"}
{"level":"info","message":"acl parsedParams","reqId":"23c89959-54ba-4de5-81b4-6fc5e51f54a9","timestamp":"2024-02-27T13:13:30.433Z"}
{"level":"info","message":"END: GET /api/uiSchemas:getProperties/uqpfv0hu4rf","req":{"action":{"actionName":"getProperties","params":{"actionName":"getProperties","filterByTk":"uqpfv0hu4rf","resourceIndex":"uqpfv0hu4rf","resourceName":"uiSchemas"},"resourceName":"uiSchemas"},"header":{"x-hostname":"cmreport.dsti.gov.sl","x-locale":"en-US","x-role":"root","x-timezone":"-00:00"}},"reqId":"23c89959-54ba-4de5-81b4-6fc5e51f54a9","res":{"status":200},"responseTime":59,"timestamp":"2024-02-27T13:13:30.469Z"}
{"level":"info","message":"BEGIN: GET /api/devices:list?pageSize=20&appends%5B%5D=ministry&appends%5B%5D=make&appends%5B%5D=createdBy","reqId":"0bf04481-c02c-4e11-a5ff-07c54882dfba","timestamp":"2024-02-27T13:13:30.723Z"}
{"can":null,"level":"info","message":"ctx permission","reqId":"0bf04481-c02c-4e11-a5ff-07c54882dfba","skip":true,"timestamp":"2024-02-27T13:13:30.742Z"}
{"level":"info","message":"acl params","reqId":"0bf04481-c02c-4e11-a5ff-07c54882dfba","timestamp":"2024-02-27T13:13:30.749Z"}
{"level":"info","message":"acl parsedParams","reqId":"0bf04481-c02c-4e11-a5ff-07c54882dfba","timestamp":"2024-02-27T13:13:30.749Z"}
{"level":"info","message":"END: GET /api/devices:list?pageSize=20&appends%5B%5D=ministry&appends%5B%5D=make&appends%5B%5D=createdBy","req":{"action":{"actionName":"list","params":{"actionName":"list","appends":["ministry","make","createdBy"],"pageSize":"20","resourceName":"devices"},"resourceName":"devices"},"header":{"x-hostname":"cmreport.dsti.gov.sl","x-locale":"en-US","x-role":"root","x-timezone":"-00:00"}},"reqId":"0bf04481-c02c-4e11-a5ff-07c54882dfba","res":{"status":200},"responseTime":111,"timestamp":"2024-02-27T13:13:30.834Z"}
{"level":"info","message":"BEGIN: GET /api/uiSchemas:getProperties/nbfn7fddp3g","reqId":"dc96200e-77ff-49c5-a363-0931da7957af","timestamp":"2024-02-27T13:13:55.342Z"}
{"can":{"action":"getProperties","resource":"uiSchemas","role":"root"},"level":"info","message":"ctx permission","reqId":"dc96200e-77ff-49c5-a363-0931da7957af","skip":true,"timestamp":"2024-02-27T13:13:55.369Z"}
{"level":"info","message":"acl params","reqId":"dc96200e-77ff-49c5-a363-0931da7957af","timestamp":"2024-02-27T13:13:55.370Z"}
{"level":"info","message":"acl parsedParams","reqId":"dc96200e-77ff-49c5-a363-0931da7957af","timestamp":"2024-02-27T13:13:55.370Z"}
{"level":"info","message":"END: GET /api/uiSchemas:getProperties/nbfn7fddp3g","req":{"action":{"actionName":"getProperties","params":{"actionName":"getProperties","filterByTk":"nbfn7fddp3g","resourceIndex":"nbfn7fddp3g","resourceName":"uiSchemas"},"resourceName":"uiSchemas"},"header":{"x-hostname":"cmreport.dsti.gov.sl","x-locale":"en-US","x-role":"root","x-timezone":"-00:00"}},"reqId":"dc96200e-77ff-49c5-a363-0931da7957af","res":{"status":200},"responseTime":131,"timestamp":"2024-02-27T13:13:55.473Z"}
{"level":"info","message":"BEGIN: GET /api/solutions:list?pageSize=20&appends%5B%5D=ministry&appends%5B%5D=fundingSources&appends%5B%5D=vendor&appends%5B%5D=createdBy","reqId":"2fb7f861-7145-478c-b022-b52c4a383493","timestamp":"2024-02-27T13:13:55.822Z"}
{"can":null,"level":"info","message":"ctx permission","reqId":"2fb7f861-7145-478c-b022-b52c4a383493","skip":true,"timestamp":"2024-02-27T13:13:55.847Z"}
{"level":"info","message":"acl params","reqId":"2fb7f861-7145-478c-b022-b52c4a383493","timestamp":"2024-02-27T13:13:55.848Z"}
{"level":"info","message":"acl parsedParams","reqId":"2fb7f861-7145-478c-b022-b52c4a383493","timestamp":"2024-02-27T13:13:55.848Z"}
{"level":"info","message":"END: GET /api/solutions:list?pageSize=20&appends%5B%5D=ministry&appends%5B%5D=fundingSources&appends%5B%5D=vendor&appends%5B%5D=createdBy","req":{"action":{"actionName":"list","params":{"actionName":"list","appends":["ministry","fundingSources","vendor","createdBy"],"pageSize":"20","resourceName":"solutions"},"resourceName":"solutions"},"header":{"x-hostname":"cmreport.dsti.gov.sl","x-locale":"en-US","x-role":"root","x-timezone":"-00:00"}},"reqId":"2fb7f861-7145-478c-b022-b52c4a383493","res":{"status":200},"responseTime":127,"timestamp":"2024-02-27T13:13:55.949Z"}
{"level":"info","message":"BEGIN: GET /api/uiSchemas:getProperties/oopw0n6z5d0","reqId":"b50925d5-aaf1-4f0d-a0fd-0f26c60ce5bc","timestamp":"2024-02-27T13:14:17.128Z"}
{"can":{"action":"getProperties","resource":"uiSchemas","role":"root"},"level":"info","message":"ctx permission","reqId":"b50925d5-aaf1-4f0d-a0fd-0f26c60ce5bc","skip":true,"timestamp":"2024-02-27T13:14:17.176Z"}
{"level":"info","message":"acl params","reqId":"b50925d5-aaf1-4f0d-a0fd-0f26c60ce5bc","timestamp":"2024-02-27T13:14:17.185Z"}
{"level":"info","message":"acl parsedParams","reqId":"b50925d5-aaf1-4f0d-a0fd-0f26c60ce5bc","timestamp":"2024-02-27T13:14:17.185Z"}
{"level":"info","message":"END: GET /api/uiSchemas:getProperties/oopw0n6z5d0","req":{"action":{"actionName":"getProperties","params":{"actionName":"getProperties","filterByTk":"oopw0n6z5d0","resourceIndex":"oopw0n6z5d0","resourceName":"uiSchemas"},"resourceName":"uiSchemas"},"header":{"x-hostname":"cmreport.dsti.gov.sl","x-locale":"en-US","x-role":"root","x-timezone":"-00:00"}},"reqId":"b50925d5-aaf1-4f0d-a0fd-0f26c60ce5bc","res":{"status":200},"responseTime":57,"timestamp":"2024-02-27T13:14:17.185Z"}
{"level":"info","message":"BEGIN: GET /api/uiSchemas:getProperties/em9zzoi7f8n","reqId":"0973b82f-c60a-4bfe-94b9-21cfe575e716","timestamp":"2024-02-27T13:14:18.109Z"}
{"can":{"action":"getProperties","resource":"uiSchemas","role":"root"},"level":"info","message":"ctx permission","reqId":"0973b82f-c60a-4bfe-94b9-21cfe575e716","skip":true,"timestamp":"2024-02-27T13:14:18.128Z"}
{"level":"info","message":"acl params","reqId":"0973b82f-c60a-4bfe-94b9-21cfe575e716","timestamp":"2024-02-27T13:14:18.133Z"}
{"level":"info","message":"acl parsedParams","reqId":"0973b82f-c60a-4bfe-94b9-21cfe575e716","timestamp":"2024-02-27T13:14:18.133Z"}
{"level":"info","message":"END: GET /api/uiSchemas:getProperties/em9zzoi7f8n","req":{"action":{"actionName":"getProperties","params":{"actionName":"getProperties","filterByTk":"em9zzoi7f8n","resourceIndex":"em9zzoi7f8n","resourceName":"uiSchemas"},"resourceName":"uiSchemas"},"header":{"x-hostname":"cmreport.dsti.gov.sl","x-locale":"en-US","x-role":"root","x-timezone":"-00:00"}},"reqId":"0973b82f-c60a-4bfe-94b9-21cfe575e716","res":{"status":200},"responseTime":61,"timestamp":"2024-02-27T13:14:18.170Z"}
{"level":"info","message":"BEGIN: GET /api/priorityProject:list?pageSize=20&appends%5B%5D=ministry&appends%5B%5D=coreFeatures","reqId":"331fcd18-1c95-45e7-a1d8-916545d6ccce","timestamp":"2024-02-27T13:14:18.559Z"}
{"can":null,"level":"info","message":"ctx permission","reqId":"331fcd18-1c95-45e7-a1d8-916545d6ccce","skip":true,"timestamp":"2024-02-27T13:14:18.597Z"}
{"level":"info","message":"acl params","reqId":"331fcd18-1c95-45e7-a1d8-916545d6ccce","timestamp":"2024-02-27T13:14:18.599Z"}
{"level":"info","message":"acl parsedParams","reqId":"331fcd18-1c95-45e7-a1d8-916545d6ccce","timestamp":"2024-02-27T13:14:18.605Z"}
{"level":"info","message":"END: GET /api/priorityProject:list?pageSize=20&appends%5B%5D=ministry&appends%5B%5D=coreFeatures","req":{"action":{"actionName":"list","params":{"actionName":"list","appends":["ministry","coreFeatures"],"pageSize":"20","resourceName":"priorityProject"},"resourceName":"priorityProject"},"header":{"x-hostname":"cmreport.dsti.gov.sl","x-locale":"en-US","x-role":"root","x-timezone":"-00:00"}},"reqId":"331fcd18-1c95-45e7-a1d8-916545d6ccce","res":{"status":200},"responseTime":330,"timestamp":"2024-02-27T13:14:18.889Z"}
